[1.530s] Invoking command in '/home/carloso/ros2_ws_23_2/build/launch_pkg_gYY': PYTHONPATH=/home/carloso/ros2_ws_23_2/build/launch_pkg_gYY/prefix_override:/home/carloso/ros2_ws_23_2/install/launch_pkg_gYY/lib/python3.10/site-packages:${PYTHONPATH} /usr/bin/python3 setup.py develop --editable --build-directory /home/carloso/ros2_ws_23_2/build/launch_pkg_gYY/build --no-deps install_data
[1.797s] running develop
[1.797s] /usr/lib/python3/dist-packages/setuptools/command/easy_install.py:158: EasyInstallDeprecationWarning: easy_install command is deprecated. Use build and pip and other standards-based tools.
[1.797s]   warnings.warn(
[1.798s] /usr/lib/python3/dist-packages/setuptools/command/install.py:34: SetuptoolsDeprecationWarning: setup.py install is deprecated. Use build and pip and other standards-based tools.
[1.798s]   warnings.warn(
[1.985s] running egg_info
[1.985s] writing launch_pkg_gYY.egg-info/PKG-INFO
[1.985s] writing dependency_links to launch_pkg_gYY.egg-info/dependency_links.txt
[1.985s] writing entry points to launch_pkg_gYY.egg-info/entry_points.txt
[1.985s] writing requirements to launch_pkg_gYY.egg-info/requires.txt
[1.985s] writing top-level names to launch_pkg_gYY.egg-info/top_level.txt
[1.988s] reading manifest file 'launch_pkg_gYY.egg-info/SOURCES.txt'
[1.989s] writing manifest file 'launch_pkg_gYY.egg-info/SOURCES.txt'
[1.992s] running build_ext
[1.992s] Creating /home/carloso/ros2_ws_23_2/install/launch_pkg_gYY/lib/python3.10/site-packages/launch-pkg-gYY.egg-link (link to .)
[1.993s] 
[1.993s] Installed /home/carloso/ros2_ws_23_2/build/launch_pkg_gYY
[1.993s] running install_data
[2.056s] Invoked command in '/home/carloso/ros2_ws_23_2/build/launch_pkg_gYY' returned '0': PYTHONPATH=/home/carloso/ros2_ws_23_2/build/launch_pkg_gYY/prefix_override:/home/carloso/ros2_ws_23_2/install/launch_pkg_gYY/lib/python3.10/site-packages:${PYTHONPATH} /usr/bin/python3 setup.py develop --editable --build-directory /home/carloso/ros2_ws_23_2/build/launch_pkg_gYY/build --no-deps install_data
