[0.719s] DEBUG:colcon:Command line arguments: ['/usr/bin/colcon', 'build', '--symlink-install']
[0.720s] DEBUG:colcon:Parsed command line arguments: Namespace(log_base=None, log_level=None, verb_name='build', build_base='build', install_base='install', merge_install=False, symlink_install=True, test_result_base=None, continue_on_error=False, executor='parallel', parallel_workers=8, event_handlers=None, ignore_user_meta=False, metas=['./colcon.meta'], base_paths=['.'], packages_ignore=None, packages_ignore_regex=None, paths=None, packages_up_to=None, packages_up_to_regex=None, packages_above=None, packages_above_and_dependencies=None, packages_above_depth=None, packages_select_by_dep=None, packages_skip_by_dep=None, packages_skip_up_to=None, packages_select_build_failed=False, packages_skip_build_finished=False, packages_select_test_failures=False, packages_skip_test_passed=False, packages_select=None, packages_skip=None, packages_select_regex=None, packages_skip_regex=None, packages_start=None, packages_end=None, allow_overriding=[], cmake_args=None, cmake_target=None, cmake_target_skip_unavailable=False, cmake_clean_cache=False, cmake_clean_first=False, cmake_force_configure=False, ament_cmake_args=None, catkin_cmake_args=None, catkin_skip_building_tests=False, verb_parser=<colcon_defaults.argument_parser.defaults.DefaultArgumentsDecorator object at 0x7f00012d7d60>, verb_extension=<colcon_core.verb.build.BuildVerb object at 0x7f0001a23d00>, main=<bound method BuildVerb.main of <colcon_core.verb.build.BuildVerb object at 0x7f0001a23d00>>)
[0.807s] Level 1:colcon.colcon_core.package_discovery:discover_packages(colcon_meta) check parameters
[0.807s] Level 1:colcon.colcon_core.package_discovery:discover_packages(recursive) check parameters
[0.807s] Level 1:colcon.colcon_core.package_discovery:discover_packages(ignore) check parameters
[0.807s] Level 1:colcon.colcon_core.package_discovery:discover_packages(path) check parameters
[0.807s] Level 1:colcon.colcon_core.package_discovery:discover_packages(colcon_meta) discover
[0.807s] Level 1:colcon.colcon_core.package_discovery:discover_packages(recursive) discover
[0.807s] INFO:colcon.colcon_core.package_discovery:Crawling recursively for packages in '/home/carloso/ros2_ws_23_2'
[0.808s] Level 1:colcon.colcon_core.package_identification:_identify(.) by extensions ['ignore', 'ignore_ament_install']
[0.808s] Level 1:colcon.colcon_core.package_identification:_identify(.) by extension 'ignore'
[0.808s] Level 1:colcon.colcon_core.package_identification:_identify(.) by extension 'ignore_ament_install'
[0.808s] Level 1:colcon.colcon_core.package_identification:_identify(.) by extensions ['colcon_pkg']
[0.808s] Level 1:colcon.colcon_core.package_identification:_identify(.) by extension 'colcon_pkg'
[0.808s] Level 1:colcon.colcon_core.package_identification:_identify(.) by extensions ['colcon_meta']
[0.808s] Level 1:colcon.colcon_core.package_identification:_identify(.) by extension 'colcon_meta'
[0.808s] Level 1:colcon.colcon_core.package_identification:_identify(.) by extensions ['ros']
[0.808s] Level 1:colcon.colcon_core.package_identification:_identify(.) by extension 'ros'
[0.822s] Level 1:colcon.colcon_core.package_identification:_identify(.) by extensions ['cmake', 'python']
[0.822s] Level 1:colcon.colcon_core.package_identification:_identify(.) by extension 'cmake'
[0.822s] Level 1:colcon.colcon_core.package_identification:_identify(.) by extension 'python'
[0.822s] Level 1:colcon.colcon_core.package_identification:_identify(.) by extensions ['python_setup_py']
[0.822s] Level 1:colcon.colcon_core.package_identification:_identify(.) by extension 'python_setup_py'
[0.822s] Level 1:colcon.colcon_core.package_identification:_identify(build) by extensions ['ignore', 'ignore_ament_install']
[0.822s] Level 1:colcon.colcon_core.package_identification:_identify(build) by extension 'ignore'
[0.822s] Level 1:colcon.colcon_core.package_identification:_identify(build) ignored
[0.822s] Level 1:colcon.colcon_core.package_identification:_identify(install) by extensions ['ignore', 'ignore_ament_install']
[0.823s] Level 1:colcon.colcon_core.package_identification:_identify(install) by extension 'ignore'
[0.823s] Level 1:colcon.colcon_core.package_identification:_identify(install) ignored
[0.823s] Level 1:colcon.colcon_core.package_identification:_identify(log) by extensions ['ignore', 'ignore_ament_install']
[0.823s] Level 1:colcon.colcon_core.package_identification:_identify(log) by extension 'ignore'
[0.823s] Level 1:colcon.colcon_core.package_identification:_identify(log) ignored
[0.823s] Level 1:colcon.colcon_core.package_identification:_identify(src) by extensions ['ignore', 'ignore_ament_install']
[0.823s] Level 1:colcon.colcon_core.package_identification:_identify(src) by extension 'ignore'
[0.823s] Level 1:colcon.colcon_core.package_identification:_identify(src) by extension 'ignore_ament_install'
[0.823s] Level 1:colcon.colcon_core.package_identification:_identify(src) by extensions ['colcon_pkg']
[0.823s] Level 1:colcon.colcon_core.package_identification:_identify(src) by extension 'colcon_pkg'
[0.823s] Level 1:colcon.colcon_core.package_identification:_identify(src) by extensions ['colcon_meta']
[0.823s] Level 1:colcon.colcon_core.package_identification:_identify(src) by extension 'colcon_meta'
[0.823s] Level 1:colcon.colcon_core.package_identification:_identify(src) by extensions ['ros']
[0.823s] Level 1:colcon.colcon_core.package_identification:_identify(src) by extension 'ros'
[0.823s] Level 1:colcon.colcon_core.package_identification:_identify(src) by extensions ['cmake', 'python']
[0.823s] Level 1:colcon.colcon_core.package_identification:_identify(src) by extension 'cmake'
[0.824s] Level 1:colcon.colcon_core.package_identification:_identify(src) by extension 'python'
[0.824s] Level 1:colcon.colcon_core.package_identification:_identify(src) by extensions ['python_setup_py']
[0.824s] Level 1:colcon.colcon_core.package_identification:_identify(src) by extension 'python_setup_py'
[0.824s] Level 1:colcon.colcon_core.package_identification:_identify(src/f1_12th_simulator_g01) by extensions ['ignore', 'ignore_ament_install']
[0.824s] Level 1:colcon.colcon_core.package_identification:_identify(src/f1_12th_simulator_g01) by extension 'ignore'
[0.824s] Level 1:colcon.colcon_core.package_identification:_identify(src/f1_12th_simulator_g01) by extension 'ignore_ament_install'
[0.824s] Level 1:colcon.colcon_core.package_identification:_identify(src/f1_12th_simulator_g01) by extensions ['colcon_pkg']
[0.824s] Level 1:colcon.colcon_core.package_identification:_identify(src/f1_12th_simulator_g01) by extension 'colcon_pkg'
[0.824s] Level 1:colcon.colcon_core.package_identification:_identify(src/f1_12th_simulator_g01) by extensions ['colcon_meta']
[0.824s] Level 1:colcon.colcon_core.package_identification:_identify(src/f1_12th_simulator_g01) by extension 'colcon_meta'
[0.824s] Level 1:colcon.colcon_core.package_identification:_identify(src/f1_12th_simulator_g01) by extensions ['ros']
[0.824s] Level 1:colcon.colcon_core.package_identification:_identify(src/f1_12th_simulator_g01) by extension 'ros'
[0.826s] DEBUG:colcon.colcon_core.package_identification:Package 'src/f1_12th_simulator_g01' with type 'ros.ament_cmake' and name 'f1_12th_simulator_g01'
[0.826s] Level 1:colcon.colcon_core.package_identification:_identify(src/joy_tester) by extensions ['ignore', 'ignore_ament_install']
[0.826s] Level 1:colcon.colcon_core.package_identification:_identify(src/joy_tester) by extension 'ignore'
[0.827s] Level 1:colcon.colcon_core.package_identification:_identify(src/joy_tester) by extension 'ignore_ament_install'
[0.827s] Level 1:colcon.colcon_core.package_identification:_identify(src/joy_tester) by extensions ['colcon_pkg']
[0.827s] Level 1:colcon.colcon_core.package_identification:_identify(src/joy_tester) by extension 'colcon_pkg'
[0.827s] Level 1:colcon.colcon_core.package_identification:_identify(src/joy_tester) by extensions ['colcon_meta']
[0.827s] Level 1:colcon.colcon_core.package_identification:_identify(src/joy_tester) by extension 'colcon_meta'
[0.827s] Level 1:colcon.colcon_core.package_identification:_identify(src/joy_tester) by extensions ['ros']
[0.827s] Level 1:colcon.colcon_core.package_identification:_identify(src/joy_tester) by extension 'ros'
[0.828s] DEBUG:colcon.colcon_core.package_identification:Package 'src/joy_tester' with type 'ros.ament_python' and name 'joy_tester'
[0.828s] Level 1:colcon.colcon_core.package_identification:_identify(src/launch_pkg_gYY) by extensions ['ignore', 'ignore_ament_install']
[0.828s] Level 1:colcon.colcon_core.package_identification:_identify(src/launch_pkg_gYY) by extension 'ignore'
[0.828s] Level 1:colcon.colcon_core.package_identification:_identify(src/launch_pkg_gYY) by extension 'ignore_ament_install'
[0.829s] Level 1:colcon.colcon_core.package_identification:_identify(src/launch_pkg_gYY) by extensions ['colcon_pkg']
[0.829s] Level 1:colcon.colcon_core.package_identification:_identify(src/launch_pkg_gYY) by extension 'colcon_pkg'
[0.829s] Level 1:colcon.colcon_core.package_identification:_identify(src/launch_pkg_gYY) by extensions ['colcon_meta']
[0.829s] Level 1:colcon.colcon_core.package_identification:_identify(src/launch_pkg_gYY) by extension 'colcon_meta'
[0.829s] Level 1:colcon.colcon_core.package_identification:_identify(src/launch_pkg_gYY) by extensions ['ros']
[0.829s] Level 1:colcon.colcon_core.package_identification:_identify(src/launch_pkg_gYY) by extension 'ros'
[0.829s] DEBUG:colcon.colcon_core.package_identification:Package 'src/launch_pkg_gYY' with type 'ros.ament_python' and name 'launch_pkg_gYY'
[0.830s] Level 1:colcon.colcon_core.package_identification:_identify(src/sim_car) by extensions ['ignore', 'ignore_ament_install']
[0.830s] Level 1:colcon.colcon_core.package_identification:_identify(src/sim_car) by extension 'ignore'
[0.830s] Level 1:colcon.colcon_core.package_identification:_identify(src/sim_car) by extension 'ignore_ament_install'
[0.830s] Level 1:colcon.colcon_core.package_identification:_identify(src/sim_car) by extensions ['colcon_pkg']
[0.830s] Level 1:colcon.colcon_core.package_identification:_identify(src/sim_car) by extension 'colcon_pkg'
[0.830s] Level 1:colcon.colcon_core.package_identification:_identify(src/sim_car) by extensions ['colcon_meta']
[0.830s] Level 1:colcon.colcon_core.package_identification:_identify(src/sim_car) by extension 'colcon_meta'
[0.830s] Level 1:colcon.colcon_core.package_identification:_identify(src/sim_car) by extensions ['ros']
[0.830s] Level 1:colcon.colcon_core.package_identification:_identify(src/sim_car) by extension 'ros'
[0.830s] Level 1:colcon.colcon_core.package_identification:_identify(src/sim_car) by extensions ['cmake', 'python']
[0.830s] Level 1:colcon.colcon_core.package_identification:_identify(src/sim_car) by extension 'cmake'
[0.830s] Level 1:colcon.colcon_core.package_identification:_identify(src/sim_car) by extension 'python'
[0.830s] Level 1:colcon.colcon_core.package_identification:_identify(src/sim_car) by extensions ['python_setup_py']
[0.830s] Level 1:colcon.colcon_core.package_identification:_identify(src/sim_car) by extension 'python_setup_py'
[0.830s] Level 1:colcon.colcon_core.package_identification:_identify(src/sim_car/car_description) by extensions ['ignore', 'ignore_ament_install']
[0.830s] Level 1:colcon.colcon_core.package_identification:_identify(src/sim_car/car_description) by extension 'ignore'
[0.830s] Level 1:colcon.colcon_core.package_identification:_identify(src/sim_car/car_description) by extension 'ignore_ament_install'
[0.831s] Level 1:colcon.colcon_core.package_identification:_identify(src/sim_car/car_description) by extensions ['colcon_pkg']
[0.831s] Level 1:colcon.colcon_core.package_identification:_identify(src/sim_car/car_description) by extension 'colcon_pkg'
[0.831s] Level 1:colcon.colcon_core.package_identification:_identify(src/sim_car/car_description) by extensions ['colcon_meta']
[0.831s] Level 1:colcon.colcon_core.package_identification:_identify(src/sim_car/car_description) by extension 'colcon_meta'
[0.831s] Level 1:colcon.colcon_core.package_identification:_identify(src/sim_car/car_description) by extensions ['ros']
[0.831s] Level 1:colcon.colcon_core.package_identification:_identify(src/sim_car/car_description) by extension 'ros'
[0.831s] DEBUG:colcon.colcon_core.package_identification:Package 'src/sim_car/car_description' with type 'ros.ament_cmake' and name 'sim_car'
[0.831s] Level 1:colcon.colcon_core.package_identification:_identify(src/sim_car/car_gazebo_plugin) by extensions ['ignore', 'ignore_ament_install']
[0.832s] Level 1:colcon.colcon_core.package_identification:_identify(src/sim_car/car_gazebo_plugin) by extension 'ignore'
[0.832s] Level 1:colcon.colcon_core.package_identification:_identify(src/sim_car/car_gazebo_plugin) by extension 'ignore_ament_install'
[0.832s] Level 1:colcon.colcon_core.package_identification:_identify(src/sim_car/car_gazebo_plugin) by extensions ['colcon_pkg']
[0.832s] Level 1:colcon.colcon_core.package_identification:_identify(src/sim_car/car_gazebo_plugin) by extension 'colcon_pkg'
[0.832s] Level 1:colcon.colcon_core.package_identification:_identify(src/sim_car/car_gazebo_plugin) by extensions ['colcon_meta']
[0.832s] Level 1:colcon.colcon_core.package_identification:_identify(src/sim_car/car_gazebo_plugin) by extension 'colcon_meta'
[0.832s] Level 1:colcon.colcon_core.package_identification:_identify(src/sim_car/car_gazebo_plugin) by extensions ['ros']
[0.832s] Level 1:colcon.colcon_core.package_identification:_identify(src/sim_car/car_gazebo_plugin) by extension 'ros'
[0.833s] DEBUG:colcon.colcon_core.package_identification:Package 'src/sim_car/car_gazebo_plugin' with type 'ros.ament_cmake' and name 'car_gazebo_plugin'
[0.833s] Level 1:colcon.colcon_core.package_identification:_identify(src/sim_car/lxd) by extensions ['ignore', 'ignore_ament_install']
[0.833s] Level 1:colcon.colcon_core.package_identification:_identify(src/sim_car/lxd) by extension 'ignore'
[0.833s] Level 1:colcon.colcon_core.package_identification:_identify(src/sim_car/lxd) by extension 'ignore_ament_install'
[0.833s] Level 1:colcon.colcon_core.package_identification:_identify(src/sim_car/lxd) by extensions ['colcon_pkg']
[0.833s] Level 1:colcon.colcon_core.package_identification:_identify(src/sim_car/lxd) by extension 'colcon_pkg'
[0.833s] Level 1:colcon.colcon_core.package_identification:_identify(src/sim_car/lxd) by extensions ['colcon_meta']
[0.833s] Level 1:colcon.colcon_core.package_identification:_identify(src/sim_car/lxd) by extension 'colcon_meta'
[0.833s] Level 1:colcon.colcon_core.package_identification:_identify(src/sim_car/lxd) by extensions ['ros']
[0.833s] Level 1:colcon.colcon_core.package_identification:_identify(src/sim_car/lxd) by extension 'ros'
[0.833s] Level 1:colcon.colcon_core.package_identification:_identify(src/sim_car/lxd) by extensions ['cmake', 'python']
[0.833s] Level 1:colcon.colcon_core.package_identification:_identify(src/sim_car/lxd) by extension 'cmake'
[0.833s] Level 1:colcon.colcon_core.package_identification:_identify(src/sim_car/lxd) by extension 'python'
[0.833s] Level 1:colcon.colcon_core.package_identification:_identify(src/sim_car/lxd) by extensions ['python_setup_py']
[0.833s] Level 1:colcon.colcon_core.package_identification:_identify(src/sim_car/lxd) by extension 'python_setup_py'
[0.833s] Level 1:colcon.colcon_core.package_identification:_identify(src/sim_car/web) by extensions ['ignore', 'ignore_ament_install']
[0.833s] Level 1:colcon.colcon_core.package_identification:_identify(src/sim_car/web) by extension 'ignore'
[0.833s] Level 1:colcon.colcon_core.package_identification:_identify(src/sim_car/web) by extension 'ignore_ament_install'
[0.834s] Level 1:colcon.colcon_core.package_identification:_identify(src/sim_car/web) by extensions ['colcon_pkg']
[0.834s] Level 1:colcon.colcon_core.package_identification:_identify(src/sim_car/web) by extension 'colcon_pkg'
[0.834s] Level 1:colcon.colcon_core.package_identification:_identify(src/sim_car/web) by extensions ['colcon_meta']
[0.834s] Level 1:colcon.colcon_core.package_identification:_identify(src/sim_car/web) by extension 'colcon_meta'
[0.834s] Level 1:colcon.colcon_core.package_identification:_identify(src/sim_car/web) by extensions ['ros']
[0.834s] Level 1:colcon.colcon_core.package_identification:_identify(src/sim_car/web) by extension 'ros'
[0.834s] Level 1:colcon.colcon_core.package_identification:_identify(src/sim_car/web) by extensions ['cmake', 'python']
[0.834s] Level 1:colcon.colcon_core.package_identification:_identify(src/sim_car/web) by extension 'cmake'
[0.834s] Level 1:colcon.colcon_core.package_identification:_identify(src/sim_car/web) by extension 'python'
[0.834s] Level 1:colcon.colcon_core.package_identification:_identify(src/sim_car/web) by extensions ['python_setup_py']
[0.834s] Level 1:colcon.colcon_core.package_identification:_identify(src/sim_car/web) by extension 'python_setup_py'
[0.834s] Level 1:colcon.colcon_core.package_identification:_identify(src/turtle_move_pkg_gYY) by extensions ['ignore', 'ignore_ament_install']
[0.834s] Level 1:colcon.colcon_core.package_identification:_identify(src/turtle_move_pkg_gYY) by extension 'ignore'
[0.834s] Level 1:colcon.colcon_core.package_identification:_identify(src/turtle_move_pkg_gYY) by extension 'ignore_ament_install'
[0.834s] Level 1:colcon.colcon_core.package_identification:_identify(src/turtle_move_pkg_gYY) by extensions ['colcon_pkg']
[0.834s] Level 1:colcon.colcon_core.package_identification:_identify(src/turtle_move_pkg_gYY) by extension 'colcon_pkg'
[0.834s] Level 1:colcon.colcon_core.package_identification:_identify(src/turtle_move_pkg_gYY) by extensions ['colcon_meta']
[0.834s] Level 1:colcon.colcon_core.package_identification:_identify(src/turtle_move_pkg_gYY) by extension 'colcon_meta'
[0.834s] Level 1:colcon.colcon_core.package_identification:_identify(src/turtle_move_pkg_gYY) by extensions ['ros']
[0.834s] Level 1:colcon.colcon_core.package_identification:_identify(src/turtle_move_pkg_gYY) by extension 'ros'
[0.835s] DEBUG:colcon.colcon_core.package_identification:Package 'src/turtle_move_pkg_gYY' with type 'ros.ament_python' and name 'turtle_move_pkg_gYY'
[0.835s] Level 1:colcon.colcon_core.package_discovery:discover_packages(recursive) using defaults
[0.835s] Level 1:colcon.colcon_core.package_discovery:discover_packages(ignore) discover
[0.835s] Level 1:colcon.colcon_core.package_discovery:discover_packages(ignore) using defaults
[0.835s] Level 1:colcon.colcon_core.package_discovery:discover_packages(path) discover
[0.835s] Level 1:colcon.colcon_core.package_discovery:discover_packages(path) using defaults
[0.908s] Level 1:colcon.colcon_core.package_discovery:discover_packages(prefix_path) check parameters
[0.908s] Level 1:colcon.colcon_core.package_discovery:discover_packages(prefix_path) discover
[0.917s] DEBUG:colcon.colcon_installed_package_information.package_discovery:Found 6 installed packages in /home/carloso/ros2_ws_23_2/install
[0.920s] DEBUG:colcon.colcon_installed_package_information.package_discovery:Found 391 installed packages in /opt/ros/humble
[0.923s] Level 1:colcon.colcon_core.package_discovery:discover_packages(prefix_path) using defaults
[0.995s] Level 5:colcon.colcon_core.verb:set package 'car_gazebo_plugin' build argument 'cmake_args' from command line to 'None'
[0.995s] Level 5:colcon.colcon_core.verb:set package 'car_gazebo_plugin' build argument 'cmake_target' from command line to 'None'
[0.995s] Level 5:colcon.colcon_core.verb:set package 'car_gazebo_plugin' build argument 'cmake_target_skip_unavailable' from command line to 'False'
[0.995s] Level 5:colcon.colcon_core.verb:set package 'car_gazebo_plugin' build argument 'cmake_clean_cache' from command line to 'False'
[0.995s] Level 5:colcon.colcon_core.verb:set package 'car_gazebo_plugin' build argument 'cmake_clean_first' from command line to 'False'
[0.995s] Level 5:colcon.colcon_core.verb:set package 'car_gazebo_plugin' build argument 'cmake_force_configure' from command line to 'False'
[0.995s] Level 5:colcon.colcon_core.verb:set package 'car_gazebo_plugin' build argument 'ament_cmake_args' from command line to 'None'
[0.995s] Level 5:colcon.colcon_core.verb:set package 'car_gazebo_plugin' build argument 'catkin_cmake_args' from command line to 'None'
[0.995s] Level 5:colcon.colcon_core.verb:set package 'car_gazebo_plugin' build argument 'catkin_skip_building_tests' from command line to 'False'
[0.995s] DEBUG:colcon.colcon_core.verb:Building package 'car_gazebo_plugin' with the following arguments: {'ament_cmake_args': None, 'build_base': '/home/carloso/ros2_ws_23_2/build/car_gazebo_plugin', 'catkin_cmake_args': None, 'catkin_skip_building_tests': False, 'cmake_args': None, 'cmake_clean_cache': False, 'cmake_clean_first': False, 'cmake_force_configure': False, 'cmake_target': None, 'cmake_target_skip_unavailable': False, 'install_base': '/home/carloso/ros2_ws_23_2/install/car_gazebo_plugin', 'merge_install': False, 'path': '/home/carloso/ros2_ws_23_2/src/sim_car/car_gazebo_plugin', 'symlink_install': True, 'test_result_base': None}
[0.996s] Level 5:colcon.colcon_core.verb:set package 'f1_12th_simulator_g01' build argument 'cmake_args' from command line to 'None'
[0.996s] Level 5:colcon.colcon_core.verb:set package 'f1_12th_simulator_g01' build argument 'cmake_target' from command line to 'None'
[0.996s] Level 5:colcon.colcon_core.verb:set package 'f1_12th_simulator_g01' build argument 'cmake_target_skip_unavailable' from command line to 'False'
[0.996s] Level 5:colcon.colcon_core.verb:set package 'f1_12th_simulator_g01' build argument 'cmake_clean_cache' from command line to 'False'
[0.996s] Level 5:colcon.colcon_core.verb:set package 'f1_12th_simulator_g01' build argument 'cmake_clean_first' from command line to 'False'
[0.996s] Level 5:colcon.colcon_core.verb:set package 'f1_12th_simulator_g01' build argument 'cmake_force_configure' from command line to 'False'
[0.996s] Level 5:colcon.colcon_core.verb:set package 'f1_12th_simulator_g01' build argument 'ament_cmake_args' from command line to 'None'
[0.996s] Level 5:colcon.colcon_core.verb:set package 'f1_12th_simulator_g01' build argument 'catkin_cmake_args' from command line to 'None'
[0.996s] Level 5:colcon.colcon_core.verb:set package 'f1_12th_simulator_g01' build argument 'catkin_skip_building_tests' from command line to 'False'
[0.996s] DEBUG:colcon.colcon_core.verb:Building package 'f1_12th_simulator_g01' with the following arguments: {'ament_cmake_args': None, 'build_base': '/home/carloso/ros2_ws_23_2/build/f1_12th_simulator_g01', 'catkin_cmake_args': None, 'catkin_skip_building_tests': False, 'cmake_args': None, 'cmake_clean_cache': False, 'cmake_clean_first': False, 'cmake_force_configure': False, 'cmake_target': None, 'cmake_target_skip_unavailable': False, 'install_base': '/home/carloso/ros2_ws_23_2/install/f1_12th_simulator_g01', 'merge_install': False, 'path': '/home/carloso/ros2_ws_23_2/src/f1_12th_simulator_g01', 'symlink_install': True, 'test_result_base': None}
[0.997s] Level 5:colcon.colcon_core.verb:set package 'joy_tester' build argument 'cmake_args' from command line to 'None'
[0.997s] Level 5:colcon.colcon_core.verb:set package 'joy_tester' build argument 'cmake_target' from command line to 'None'
[0.997s] Level 5:colcon.colcon_core.verb:set package 'joy_tester' build argument 'cmake_target_skip_unavailable' from command line to 'False'
[0.997s] Level 5:colcon.colcon_core.verb:set package 'joy_tester' build argument 'cmake_clean_cache' from command line to 'False'
[0.997s] Level 5:colcon.colcon_core.verb:set package 'joy_tester' build argument 'cmake_clean_first' from command line to 'False'
[0.997s] Level 5:colcon.colcon_core.verb:set package 'joy_tester' build argument 'cmake_force_configure' from command line to 'False'
[0.997s] Level 5:colcon.colcon_core.verb:set package 'joy_tester' build argument 'ament_cmake_args' from command line to 'None'
[0.997s] Level 5:colcon.colcon_core.verb:set package 'joy_tester' build argument 'catkin_cmake_args' from command line to 'None'
[0.997s] Level 5:colcon.colcon_core.verb:set package 'joy_tester' build argument 'catkin_skip_building_tests' from command line to 'False'
[0.997s] DEBUG:colcon.colcon_core.verb:Building package 'joy_tester' with the following arguments: {'ament_cmake_args': None, 'build_base': '/home/carloso/ros2_ws_23_2/build/joy_tester', 'catkin_cmake_args': None, 'catkin_skip_building_tests': False, 'cmake_args': None, 'cmake_clean_cache': False, 'cmake_clean_first': False, 'cmake_force_configure': False, 'cmake_target': None, 'cmake_target_skip_unavailable': False, 'install_base': '/home/carloso/ros2_ws_23_2/install/joy_tester', 'merge_install': False, 'path': '/home/carloso/ros2_ws_23_2/src/joy_tester', 'symlink_install': True, 'test_result_base': None}
[0.998s] Level 5:colcon.colcon_core.verb:set package 'launch_pkg_gYY' build argument 'cmake_args' from command line to 'None'
[0.998s] Level 5:colcon.colcon_core.verb:set package 'launch_pkg_gYY' build argument 'cmake_target' from command line to 'None'
[0.998s] Level 5:colcon.colcon_core.verb:set package 'launch_pkg_gYY' build argument 'cmake_target_skip_unavailable' from command line to 'False'
[0.998s] Level 5:colcon.colcon_core.verb:set package 'launch_pkg_gYY' build argument 'cmake_clean_cache' from command line to 'False'
[0.998s] Level 5:colcon.colcon_core.verb:set package 'launch_pkg_gYY' build argument 'cmake_clean_first' from command line to 'False'
[0.998s] Level 5:colcon.colcon_core.verb:set package 'launch_pkg_gYY' build argument 'cmake_force_configure' from command line to 'False'
[0.998s] Level 5:colcon.colcon_core.verb:set package 'launch_pkg_gYY' build argument 'ament_cmake_args' from command line to 'None'
[0.998s] Level 5:colcon.colcon_core.verb:set package 'launch_pkg_gYY' build argument 'catkin_cmake_args' from command line to 'None'
[0.998s] Level 5:colcon.colcon_core.verb:set package 'launch_pkg_gYY' build argument 'catkin_skip_building_tests' from command line to 'False'
[0.998s] DEBUG:colcon.colcon_core.verb:Building package 'launch_pkg_gYY' with the following arguments: {'ament_cmake_args': None, 'build_base': '/home/carloso/ros2_ws_23_2/build/launch_pkg_gYY', 'catkin_cmake_args': None, 'catkin_skip_building_tests': False, 'cmake_args': None, 'cmake_clean_cache': False, 'cmake_clean_first': False, 'cmake_force_configure': False, 'cmake_target': None, 'cmake_target_skip_unavailable': False, 'install_base': '/home/carloso/ros2_ws_23_2/install/launch_pkg_gYY', 'merge_install': False, 'path': '/home/carloso/ros2_ws_23_2/src/launch_pkg_gYY', 'symlink_install': True, 'test_result_base': None}
[0.999s] Level 5:colcon.colcon_core.verb:set package 'sim_car' build argument 'cmake_args' from command line to 'None'
[0.999s] Level 5:colcon.colcon_core.verb:set package 'sim_car' build argument 'cmake_target' from command line to 'None'
[0.999s] Level 5:colcon.colcon_core.verb:set package 'sim_car' build argument 'cmake_target_skip_unavailable' from command line to 'False'
[0.999s] Level 5:colcon.colcon_core.verb:set package 'sim_car' build argument 'cmake_clean_cache' from command line to 'False'
[0.999s] Level 5:colcon.colcon_core.verb:set package 'sim_car' build argument 'cmake_clean_first' from command line to 'False'
[0.999s] Level 5:colcon.colcon_core.verb:set package 'sim_car' build argument 'cmake_force_configure' from command line to 'False'
[0.999s] Level 5:colcon.colcon_core.verb:set package 'sim_car' build argument 'ament_cmake_args' from command line to 'None'
[0.999s] Level 5:colcon.colcon_core.verb:set package 'sim_car' build argument 'catkin_cmake_args' from command line to 'None'
[0.999s] Level 5:colcon.colcon_core.verb:set package 'sim_car' build argument 'catkin_skip_building_tests' from command line to 'False'
[0.999s] DEBUG:colcon.colcon_core.verb:Building package 'sim_car' with the following arguments: {'ament_cmake_args': None, 'build_base': '/home/carloso/ros2_ws_23_2/build/sim_car', 'catkin_cmake_args': None, 'catkin_skip_building_tests': False, 'cmake_args': None, 'cmake_clean_cache': False, 'cmake_clean_first': False, 'cmake_force_configure': False, 'cmake_target': None, 'cmake_target_skip_unavailable': False, 'install_base': '/home/carloso/ros2_ws_23_2/install/sim_car', 'merge_install': False, 'path': '/home/carloso/ros2_ws_23_2/src/sim_car/car_description', 'symlink_install': True, 'test_result_base': None}
[1.000s] Level 5:colcon.colcon_core.verb:set package 'turtle_move_pkg_gYY' build argument 'cmake_args' from command line to 'None'
[1.000s] Level 5:colcon.colcon_core.verb:set package 'turtle_move_pkg_gYY' build argument 'cmake_target' from command line to 'None'
[1.000s] Level 5:colcon.colcon_core.verb:set package 'turtle_move_pkg_gYY' build argument 'cmake_target_skip_unavailable' from command line to 'False'
[1.000s] Level 5:colcon.colcon_core.verb:set package 'turtle_move_pkg_gYY' build argument 'cmake_clean_cache' from command line to 'False'
[1.000s] Level 5:colcon.colcon_core.verb:set package 'turtle_move_pkg_gYY' build argument 'cmake_clean_first' from command line to 'False'
[1.000s] Level 5:colcon.colcon_core.verb:set package 'turtle_move_pkg_gYY' build argument 'cmake_force_configure' from command line to 'False'
[1.000s] Level 5:colcon.colcon_core.verb:set package 'turtle_move_pkg_gYY' build argument 'ament_cmake_args' from command line to 'None'
[1.000s] Level 5:colcon.colcon_core.verb:set package 'turtle_move_pkg_gYY' build argument 'catkin_cmake_args' from command line to 'None'
[1.000s] Level 5:colcon.colcon_core.verb:set package 'turtle_move_pkg_gYY' build argument 'catkin_skip_building_tests' from command line to 'False'
[1.000s] DEBUG:colcon.colcon_core.verb:Building package 'turtle_move_pkg_gYY' with the following arguments: {'ament_cmake_args': None, 'build_base': '/home/carloso/ros2_ws_23_2/build/turtle_move_pkg_gYY', 'catkin_cmake_args': None, 'catkin_skip_building_tests': False, 'cmake_args': None, 'cmake_clean_cache': False, 'cmake_clean_first': False, 'cmake_force_configure': False, 'cmake_target': None, 'cmake_target_skip_unavailable': False, 'install_base': '/home/carloso/ros2_ws_23_2/install/turtle_move_pkg_gYY', 'merge_install': False, 'path': '/home/carloso/ros2_ws_23_2/src/turtle_move_pkg_gYY', 'symlink_install': True, 'test_result_base': None}
[1.001s] INFO:colcon.colcon_core.executor:Executing jobs using 'parallel' executor
[1.004s] DEBUG:colcon.colcon_parallel_executor.executor.parallel:run_until_complete
[1.004s] INFO:colcon.colcon_ros.task.ament_cmake.build:Building ROS package in '/home/carloso/ros2_ws_23_2/src/sim_car/car_gazebo_plugin' with build type 'ament_cmake'
[1.004s] INFO:colcon.colcon_cmake.task.cmake.build:Building CMake package in '/home/carloso/ros2_ws_23_2/src/sim_car/car_gazebo_plugin'
[1.015s] INFO:colcon.colcon_core.plugin_system:Skipping extension 'colcon_core.shell.bat': Not used on non-Windows systems
[1.015s] INFO:colcon.colcon_core.shell:Skip shell extension 'powershell' for command environment: Not usable outside of PowerShell
[1.015s] DEBUG:colcon.colcon_core.shell:Skip shell extension 'dsv' for command environment
[1.021s] INFO:colcon.colcon_ros.task.ament_cmake.build:Building ROS package in '/home/carloso/ros2_ws_23_2/src/f1_12th_simulator_g01' with build type 'ament_cmake'
[1.021s] INFO:colcon.colcon_cmake.task.cmake.build:Building CMake package in '/home/carloso/ros2_ws_23_2/src/f1_12th_simulator_g01'
[1.022s] INFO:colcon.colcon_core.shell:Skip shell extension 'powershell' for command environment: Not usable outside of PowerShell
[1.022s] DEBUG:colcon.colcon_core.shell:Skip shell extension 'dsv' for command environment
[1.027s] INFO:colcon.colcon_ros.task.ament_python.build:Building ROS package in '/home/carloso/ros2_ws_23_2/src/joy_tester' with build type 'ament_python'
[1.027s] Level 1:colcon.colcon_core.shell:create_environment_hook('joy_tester', 'ament_prefix_path')
[1.028s] INFO:colcon.colcon_core.shell:Creating environment hook '/home/carloso/ros2_ws_23_2/install/joy_tester/share/joy_tester/hook/ament_prefix_path.ps1'
[1.030s] INFO:colcon.colcon_core.shell:Creating environment descriptor '/home/carloso/ros2_ws_23_2/install/joy_tester/share/joy_tester/hook/ament_prefix_path.dsv'
[1.030s] INFO:colcon.colcon_core.shell:Creating environment hook '/home/carloso/ros2_ws_23_2/install/joy_tester/share/joy_tester/hook/ament_prefix_path.sh'
[1.033s] INFO:colcon.colcon_core.shell:Skip shell extension 'powershell' for command environment: Not usable outside of PowerShell
[1.033s] DEBUG:colcon.colcon_core.shell:Skip shell extension 'dsv' for command environment
[1.039s] INFO:colcon.colcon_ros.task.ament_python.build:Building ROS package in '/home/carloso/ros2_ws_23_2/src/launch_pkg_gYY' with build type 'ament_python'
[1.039s] Level 1:colcon.colcon_core.shell:create_environment_hook('launch_pkg_gYY', 'ament_prefix_path')
[1.040s] INFO:colcon.colcon_core.shell:Creating environment hook '/home/carloso/ros2_ws_23_2/install/launch_pkg_gYY/share/launch_pkg_gYY/hook/ament_prefix_path.ps1'
[1.041s] INFO:colcon.colcon_core.shell:Creating environment descriptor '/home/carloso/ros2_ws_23_2/install/launch_pkg_gYY/share/launch_pkg_gYY/hook/ament_prefix_path.dsv'
[1.041s] INFO:colcon.colcon_core.shell:Creating environment hook '/home/carloso/ros2_ws_23_2/install/launch_pkg_gYY/share/launch_pkg_gYY/hook/ament_prefix_path.sh'
[1.042s] INFO:colcon.colcon_core.shell:Skip shell extension 'powershell' for command environment: Not usable outside of PowerShell
[1.043s] DEBUG:colcon.colcon_core.shell:Skip shell extension 'dsv' for command environment
[1.047s] INFO:colcon.colcon_ros.task.ament_cmake.build:Building ROS package in '/home/carloso/ros2_ws_23_2/src/sim_car/car_description' with build type 'ament_cmake'
[1.047s] INFO:colcon.colcon_cmake.task.cmake.build:Building CMake package in '/home/carloso/ros2_ws_23_2/src/sim_car/car_description'
[1.048s] INFO:colcon.colcon_core.shell:Skip shell extension 'powershell' for command environment: Not usable outside of PowerShell
[1.048s] DEBUG:colcon.colcon_core.shell:Skip shell extension 'dsv' for command environment
[1.053s] INFO:colcon.colcon_ros.task.ament_python.build:Building ROS package in '/home/carloso/ros2_ws_23_2/src/turtle_move_pkg_gYY' with build type 'ament_python'
[1.053s] Level 1:colcon.colcon_core.shell:create_environment_hook('turtle_move_pkg_gYY', 'ament_prefix_path')
[1.055s] INFO:colcon.colcon_core.shell:Creating environment hook '/home/carloso/ros2_ws_23_2/install/turtle_move_pkg_gYY/share/turtle_move_pkg_gYY/hook/ament_prefix_path.ps1'
[1.055s] INFO:colcon.colcon_core.shell:Creating environment descriptor '/home/carloso/ros2_ws_23_2/install/turtle_move_pkg_gYY/share/turtle_move_pkg_gYY/hook/ament_prefix_path.dsv'
[1.056s] INFO:colcon.colcon_core.shell:Creating environment hook '/home/carloso/ros2_ws_23_2/install/turtle_move_pkg_gYY/share/turtle_move_pkg_gYY/hook/ament_prefix_path.sh'
[1.057s] INFO:colcon.colcon_core.shell:Skip shell extension 'powershell' for command environment: Not usable outside of PowerShell
[1.057s] DEBUG:colcon.colcon_core.shell:Skip shell extension 'dsv' for command environment
[1.071s] DEBUG:colcon.colcon_core.event_handler.log_command:Invoking command in '/home/carloso/ros2_ws_23_2/build/car_gazebo_plugin': CMAKE_PREFIX_PATH=${CMAKE_PREFIX_PATH}:/home/carloso/ros2_ws_23_2/install/turtle_move_pkg_gYY:/home/carloso/ros2_ws_23_2/install/launch_pkg_gYY:/home/carloso/ros2_ws_23_2/install/joy_tester:/opt/ros/humble /usr/bin/cmake --build /home/carloso/ros2_ws_23_2/build/car_gazebo_plugin -- -j8 -l8
[1.077s] DEBUG:colcon.colcon_core.event_handler.log_command:Invoking command in '/home/carloso/ros2_ws_23_2/build/f1_12th_simulator_g01': CMAKE_PREFIX_PATH=${CMAKE_PREFIX_PATH}:/home/carloso/ros2_ws_23_2/install/turtle_move_pkg_gYY:/home/carloso/ros2_ws_23_2/install/launch_pkg_gYY:/home/carloso/ros2_ws_23_2/install/joy_tester:/opt/ros/humble /usr/bin/cmake --build /home/carloso/ros2_ws_23_2/build/f1_12th_simulator_g01 -- -j8 -l8
[1.357s] INFO:colcon.colcon_core.task.python.build:Building Python package in '/home/carloso/ros2_ws_23_2/src/joy_tester'
[1.358s] INFO:colcon.colcon_core.shell:Skip shell extension 'powershell' for command environment: Not usable outside of PowerShell
[1.358s] DEBUG:colcon.colcon_core.shell:Skip shell extension 'dsv' for command environment
[1.613s] INFO:colcon.colcon_core.task.python.build:Building Python package in '/home/carloso/ros2_ws_23_2/src/launch_pkg_gYY'
[1.614s] INFO:colcon.colcon_core.shell:Skip shell extension 'powershell' for command environment: Not usable outside of PowerShell
[1.614s] DEBUG:colcon.colcon_core.shell:Skip shell extension 'dsv' for command environment
[1.625s] DEBUG:colcon.colcon_core.event_handler.log_command:Invoking command in '/home/carloso/ros2_ws_23_2/build/sim_car': CMAKE_PREFIX_PATH=${CMAKE_PREFIX_PATH}:/home/carloso/ros2_ws_23_2/install/turtle_move_pkg_gYY:/home/carloso/ros2_ws_23_2/install/launch_pkg_gYY:/home/carloso/ros2_ws_23_2/install/joy_tester:/opt/ros/humble /usr/bin/cmake --build /home/carloso/ros2_ws_23_2/build/sim_car -- -j8 -l8
[1.875s] INFO:colcon.colcon_core.task.python.build:Building Python package in '/home/carloso/ros2_ws_23_2/src/turtle_move_pkg_gYY'
[1.877s] INFO:colcon.colcon_core.shell:Skip shell extension 'powershell' for command environment: Not usable outside of PowerShell
[1.877s] DEBUG:colcon.colcon_core.shell:Skip shell extension 'dsv' for command environment
[1.882s] DEBUG:colcon.colcon_core.event_handler.log_command:Invoked command in '/home/carloso/ros2_ws_23_2/build/car_gazebo_plugin' returned '0': CMAKE_PREFIX_PATH=${CMAKE_PREFIX_PATH}:/home/carloso/ros2_ws_23_2/install/turtle_move_pkg_gYY:/home/carloso/ros2_ws_23_2/install/launch_pkg_gYY:/home/carloso/ros2_ws_23_2/install/joy_tester:/opt/ros/humble /usr/bin/cmake --build /home/carloso/ros2_ws_23_2/build/car_gazebo_plugin -- -j8 -l8
[1.883s] DEBUG:colcon.colcon_core.event_handler.log_command:Invoked command in '/home/carloso/ros2_ws_23_2/build/f1_12th_simulator_g01' returned '0': CMAKE_PREFIX_PATH=${CMAKE_PREFIX_PATH}:/home/carloso/ros2_ws_23_2/install/turtle_move_pkg_gYY:/home/carloso/ros2_ws_23_2/install/launch_pkg_gYY:/home/carloso/ros2_ws_23_2/install/joy_tester:/opt/ros/humble /usr/bin/cmake --build /home/carloso/ros2_ws_23_2/build/f1_12th_simulator_g01 -- -j8 -l8
[1.889s] DEBUG:colcon.colcon_core.event_handler.log_command:Invoked command in '/home/carloso/ros2_ws_23_2/build/sim_car' returned '0': CMAKE_PREFIX_PATH=${CMAKE_PREFIX_PATH}:/home/carloso/ros2_ws_23_2/install/turtle_move_pkg_gYY:/home/carloso/ros2_ws_23_2/install/launch_pkg_gYY:/home/carloso/ros2_ws_23_2/install/joy_tester:/opt/ros/humble /usr/bin/cmake --build /home/carloso/ros2_ws_23_2/build/sim_car -- -j8 -l8
[1.917s] DEBUG:colcon.colcon_core.event_handler.log_command:Invoking command in '/home/carloso/ros2_ws_23_2/build/f1_12th_simulator_g01': CMAKE_PREFIX_PATH=${CMAKE_PREFIX_PATH}:/home/carloso/ros2_ws_23_2/install/turtle_move_pkg_gYY:/home/carloso/ros2_ws_23_2/install/launch_pkg_gYY:/home/carloso/ros2_ws_23_2/install/joy_tester:/opt/ros/humble /usr/bin/cmake --install /home/carloso/ros2_ws_23_2/build/f1_12th_simulator_g01
[1.920s] DEBUG:colcon.colcon_core.event_handler.log_command:Invoking command in '/home/carloso/ros2_ws_23_2/build/sim_car': CMAKE_PREFIX_PATH=${CMAKE_PREFIX_PATH}:/home/carloso/ros2_ws_23_2/install/turtle_move_pkg_gYY:/home/carloso/ros2_ws_23_2/install/launch_pkg_gYY:/home/carloso/ros2_ws_23_2/install/joy_tester:/opt/ros/humble /usr/bin/cmake --install /home/carloso/ros2_ws_23_2/build/sim_car
[1.923s] DEBUG:colcon.colcon_core.event_handler.log_command:Invoking command in '/home/carloso/ros2_ws_23_2/build/car_gazebo_plugin': CMAKE_PREFIX_PATH=${CMAKE_PREFIX_PATH}:/home/carloso/ros2_ws_23_2/install/turtle_move_pkg_gYY:/home/carloso/ros2_ws_23_2/install/launch_pkg_gYY:/home/carloso/ros2_ws_23_2/install/joy_tester:/opt/ros/humble /usr/bin/cmake --install /home/carloso/ros2_ws_23_2/build/car_gazebo_plugin
[1.952s] Level 1:colcon.colcon_core.environment:create_environment_scripts_only(f1_12th_simulator_g01)
[1.954s] DEBUG:colcon.colcon_core.event_handler.log_command:Invoked command in '/home/carloso/ros2_ws_23_2/build/f1_12th_simulator_g01' returned '0': CMAKE_PREFIX_PATH=${CMAKE_PREFIX_PATH}:/home/carloso/ros2_ws_23_2/install/turtle_move_pkg_gYY:/home/carloso/ros2_ws_23_2/install/launch_pkg_gYY:/home/carloso/ros2_ws_23_2/install/joy_tester:/opt/ros/humble /usr/bin/cmake --install /home/carloso/ros2_ws_23_2/build/f1_12th_simulator_g01
[1.970s] Level 1:colcon.colcon_core.environment:checking '/home/carloso/ros2_ws_23_2/install/f1_12th_simulator_g01' for CMake module files
[1.971s] Level 1:colcon.colcon_core.environment:checking '/home/carloso/ros2_ws_23_2/install/f1_12th_simulator_g01' for CMake config files
[1.971s] Level 1:colcon.colcon_core.shell:create_environment_hook('f1_12th_simulator_g01', 'cmake_prefix_path')
[1.972s] INFO:colcon.colcon_core.shell:Creating environment hook '/home/carloso/ros2_ws_23_2/install/f1_12th_simulator_g01/share/f1_12th_simulator_g01/hook/cmake_prefix_path.ps1'
[1.973s] INFO:colcon.colcon_core.shell:Creating environment descriptor '/home/carloso/ros2_ws_23_2/install/f1_12th_simulator_g01/share/f1_12th_simulator_g01/hook/cmake_prefix_path.dsv'
[1.973s] INFO:colcon.colcon_core.shell:Creating environment hook '/home/carloso/ros2_ws_23_2/install/f1_12th_simulator_g01/share/f1_12th_simulator_g01/hook/cmake_prefix_path.sh'
[1.974s] Level 1:colcon.colcon_core.environment:checking '/home/carloso/ros2_ws_23_2/install/f1_12th_simulator_g01/bin'
[1.974s] Level 1:colcon.colcon_core.environment:checking '/home/carloso/ros2_ws_23_2/install/f1_12th_simulator_g01/lib/pkgconfig/f1_12th_simulator_g01.pc'
[1.974s] Level 1:colcon.colcon_core.environment:checking '/home/carloso/ros2_ws_23_2/install/f1_12th_simulator_g01/lib/python3.10/site-packages'
[1.974s] Level 1:colcon.colcon_core.environment:checking '/home/carloso/ros2_ws_23_2/install/f1_12th_simulator_g01/bin'
[1.975s] INFO:colcon.colcon_core.shell:Creating package script '/home/carloso/ros2_ws_23_2/install/f1_12th_simulator_g01/share/f1_12th_simulator_g01/package.ps1'
[1.977s] INFO:colcon.colcon_core.shell:Creating package descriptor '/home/carloso/ros2_ws_23_2/install/f1_12th_simulator_g01/share/f1_12th_simulator_g01/package.dsv'
[1.978s] INFO:colcon.colcon_core.shell:Creating package script '/home/carloso/ros2_ws_23_2/install/f1_12th_simulator_g01/share/f1_12th_simulator_g01/package.sh'
[1.979s] INFO:colcon.colcon_core.shell:Creating package script '/home/carloso/ros2_ws_23_2/install/f1_12th_simulator_g01/share/f1_12th_simulator_g01/package.bash'
[1.980s] INFO:colcon.colcon_core.shell:Creating package script '/home/carloso/ros2_ws_23_2/install/f1_12th_simulator_g01/share/f1_12th_simulator_g01/package.zsh'
[1.981s] Level 1:colcon.colcon_core.environment:create_file_with_runtime_dependencies(/home/carloso/ros2_ws_23_2/install/f1_12th_simulator_g01/share/colcon-core/packages/f1_12th_simulator_g01)
[1.983s] Level 1:colcon.colcon_core.environment:create_environment_scripts_only(car_gazebo_plugin)
[1.987s] Level 1:colcon.colcon_core.environment:checking '/home/carloso/ros2_ws_23_2/install/car_gazebo_plugin' for CMake module files
[1.988s] DEBUG:colcon.colcon_core.event_handler.log_command:Invoked command in '/home/carloso/ros2_ws_23_2/build/car_gazebo_plugin' returned '0': CMAKE_PREFIX_PATH=${CMAKE_PREFIX_PATH}:/home/carloso/ros2_ws_23_2/install/turtle_move_pkg_gYY:/home/carloso/ros2_ws_23_2/install/launch_pkg_gYY:/home/carloso/ros2_ws_23_2/install/joy_tester:/opt/ros/humble /usr/bin/cmake --install /home/carloso/ros2_ws_23_2/build/car_gazebo_plugin
[1.988s] Level 1:colcon.colcon_core.environment:checking '/home/carloso/ros2_ws_23_2/install/car_gazebo_plugin' for CMake config files
[1.989s] Level 1:colcon.colcon_core.shell:create_environment_hook('car_gazebo_plugin', 'cmake_prefix_path')
[1.991s] INFO:colcon.colcon_core.shell:Creating environment hook '/home/carloso/ros2_ws_23_2/install/car_gazebo_plugin/share/car_gazebo_plugin/hook/cmake_prefix_path.ps1'
[1.991s] INFO:colcon.colcon_core.shell:Creating environment descriptor '/home/carloso/ros2_ws_23_2/install/car_gazebo_plugin/share/car_gazebo_plugin/hook/cmake_prefix_path.dsv'
[1.992s] INFO:colcon.colcon_core.shell:Creating environment hook '/home/carloso/ros2_ws_23_2/install/car_gazebo_plugin/share/car_gazebo_plugin/hook/cmake_prefix_path.sh'
[1.993s] Level 1:colcon.colcon_core.environment:checking '/home/carloso/ros2_ws_23_2/install/car_gazebo_plugin/bin'
[1.993s] Level 1:colcon.colcon_core.environment:checking '/home/carloso/ros2_ws_23_2/install/car_gazebo_plugin/lib/pkgconfig/car_gazebo_plugin.pc'
[1.993s] Level 1:colcon.colcon_core.environment:checking '/home/carloso/ros2_ws_23_2/install/car_gazebo_plugin/lib/python3.10/site-packages'
[1.993s] Level 1:colcon.colcon_core.environment:checking '/home/carloso/ros2_ws_23_2/install/car_gazebo_plugin/bin'
[1.996s] INFO:colcon.colcon_core.shell:Creating package script '/home/carloso/ros2_ws_23_2/install/car_gazebo_plugin/share/car_gazebo_plugin/package.ps1'
[1.996s] INFO:colcon.colcon_core.shell:Creating package descriptor '/home/carloso/ros2_ws_23_2/install/car_gazebo_plugin/share/car_gazebo_plugin/package.dsv'
[1.997s] INFO:colcon.colcon_core.shell:Creating package script '/home/carloso/ros2_ws_23_2/install/car_gazebo_plugin/share/car_gazebo_plugin/package.sh'
[1.997s] INFO:colcon.colcon_core.shell:Creating package script '/home/carloso/ros2_ws_23_2/install/car_gazebo_plugin/share/car_gazebo_plugin/package.bash'
[1.998s] INFO:colcon.colcon_core.shell:Creating package script '/home/carloso/ros2_ws_23_2/install/car_gazebo_plugin/share/car_gazebo_plugin/package.zsh'
[1.998s] Level 1:colcon.colcon_core.environment:create_file_with_runtime_dependencies(/home/carloso/ros2_ws_23_2/install/car_gazebo_plugin/share/colcon-core/packages/car_gazebo_plugin)
[2.000s] Level 1:colcon.colcon_core.environment:create_environment_scripts_only(sim_car)
[2.003s] Level 1:colcon.colcon_core.environment:checking '/home/carloso/ros2_ws_23_2/install/sim_car' for CMake module files
[2.004s] DEBUG:colcon.colcon_core.event_handler.log_command:Invoked command in '/home/carloso/ros2_ws_23_2/build/sim_car' returned '0': CMAKE_PREFIX_PATH=${CMAKE_PREFIX_PATH}:/home/carloso/ros2_ws_23_2/install/turtle_move_pkg_gYY:/home/carloso/ros2_ws_23_2/install/launch_pkg_gYY:/home/carloso/ros2_ws_23_2/install/joy_tester:/opt/ros/humble /usr/bin/cmake --install /home/carloso/ros2_ws_23_2/build/sim_car
[2.005s] Level 1:colcon.colcon_core.environment:checking '/home/carloso/ros2_ws_23_2/install/sim_car' for CMake config files
[2.005s] Level 1:colcon.colcon_core.shell:create_environment_hook('sim_car', 'cmake_prefix_path')
[2.007s] INFO:colcon.colcon_core.shell:Creating environment hook '/home/carloso/ros2_ws_23_2/install/sim_car/share/sim_car/hook/cmake_prefix_path.ps1'
[2.008s] INFO:colcon.colcon_core.shell:Creating environment descriptor '/home/carloso/ros2_ws_23_2/install/sim_car/share/sim_car/hook/cmake_prefix_path.dsv'
[2.008s] INFO:colcon.colcon_core.shell:Creating environment hook '/home/carloso/ros2_ws_23_2/install/sim_car/share/sim_car/hook/cmake_prefix_path.sh'
[2.009s] Level 1:colcon.colcon_core.environment:checking '/home/carloso/ros2_ws_23_2/install/sim_car/lib'
[2.009s] Level 1:colcon.colcon_core.environment:checking '/home/carloso/ros2_ws_23_2/install/sim_car/bin'
[2.009s] Level 1:colcon.colcon_core.environment:checking '/home/carloso/ros2_ws_23_2/install/sim_car/lib/pkgconfig/sim_car.pc'
[2.009s] Level 1:colcon.colcon_core.environment:checking '/home/carloso/ros2_ws_23_2/install/sim_car/lib/python3.10/site-packages'
[2.010s] Level 1:colcon.colcon_core.environment:checking '/home/carloso/ros2_ws_23_2/install/sim_car/bin'
[2.011s] INFO:colcon.colcon_core.shell:Creating package script '/home/carloso/ros2_ws_23_2/install/sim_car/share/sim_car/package.ps1'
[2.012s] INFO:colcon.colcon_core.shell:Creating package descriptor '/home/carloso/ros2_ws_23_2/install/sim_car/share/sim_car/package.dsv'
[2.012s] INFO:colcon.colcon_core.shell:Creating package script '/home/carloso/ros2_ws_23_2/install/sim_car/share/sim_car/package.sh'
[2.013s] INFO:colcon.colcon_core.shell:Creating package script '/home/carloso/ros2_ws_23_2/install/sim_car/share/sim_car/package.bash'
[2.013s] INFO:colcon.colcon_core.shell:Creating package script '/home/carloso/ros2_ws_23_2/install/sim_car/share/sim_car/package.zsh'
[2.013s] Level 1:colcon.colcon_core.environment:create_file_with_runtime_dependencies(/home/carloso/ros2_ws_23_2/install/sim_car/share/colcon-core/packages/sim_car)
[2.019s] Level 1:colcon.colcon_core.environment:create_environment_scripts_only(f1_12th_simulator_g01)
[2.022s] Level 1:colcon.colcon_core.environment:checking '/home/carloso/ros2_ws_23_2/install/f1_12th_simulator_g01' for CMake module files
[2.023s] Level 1:colcon.colcon_core.environment:checking '/home/carloso/ros2_ws_23_2/install/f1_12th_simulator_g01' for CMake config files
[2.024s] Level 1:colcon.colcon_core.shell:create_environment_hook('f1_12th_simulator_g01', 'cmake_prefix_path')
[2.026s] INFO:colcon.colcon_core.shell:Creating environment hook '/home/carloso/ros2_ws_23_2/install/f1_12th_simulator_g01/share/f1_12th_simulator_g01/hook/cmake_prefix_path.ps1'
[2.027s] INFO:colcon.colcon_core.shell:Creating environment descriptor '/home/carloso/ros2_ws_23_2/install/f1_12th_simulator_g01/share/f1_12th_simulator_g01/hook/cmake_prefix_path.dsv'
[2.027s] INFO:colcon.colcon_core.shell:Creating environment hook '/home/carloso/ros2_ws_23_2/install/f1_12th_simulator_g01/share/f1_12th_simulator_g01/hook/cmake_prefix_path.sh'
[2.028s] Level 1:colcon.colcon_core.environment:checking '/home/carloso/ros2_ws_23_2/install/f1_12th_simulator_g01/bin'
[2.028s] Level 1:colcon.colcon_core.environment:checking '/home/carloso/ros2_ws_23_2/install/f1_12th_simulator_g01/lib/pkgconfig/f1_12th_simulator_g01.pc'
[2.029s] Level 1:colcon.colcon_core.environment:checking '/home/carloso/ros2_ws_23_2/install/f1_12th_simulator_g01/lib/python3.10/site-packages'
[2.029s] Level 1:colcon.colcon_core.environment:checking '/home/carloso/ros2_ws_23_2/install/f1_12th_simulator_g01/bin'
[2.032s] INFO:colcon.colcon_core.shell:Creating package script '/home/carloso/ros2_ws_23_2/install/f1_12th_simulator_g01/share/f1_12th_simulator_g01/package.ps1'
[2.033s] INFO:colcon.colcon_core.shell:Creating package descriptor '/home/carloso/ros2_ws_23_2/install/f1_12th_simulator_g01/share/f1_12th_simulator_g01/package.dsv'
[2.033s] INFO:colcon.colcon_core.shell:Creating package script '/home/carloso/ros2_ws_23_2/install/f1_12th_simulator_g01/share/f1_12th_simulator_g01/package.sh'
[2.034s] INFO:colcon.colcon_core.shell:Creating package script '/home/carloso/ros2_ws_23_2/install/f1_12th_simulator_g01/share/f1_12th_simulator_g01/package.bash'
[2.034s] INFO:colcon.colcon_core.shell:Creating package script '/home/carloso/ros2_ws_23_2/install/f1_12th_simulator_g01/share/f1_12th_simulator_g01/package.zsh'
[2.034s] Level 1:colcon.colcon_core.environment:create_file_with_runtime_dependencies(/home/carloso/ros2_ws_23_2/install/f1_12th_simulator_g01/share/colcon-core/packages/f1_12th_simulator_g01)
[2.037s] Level 1:colcon.colcon_core.environment:create_environment_scripts_only(car_gazebo_plugin)
[2.040s] Level 1:colcon.colcon_core.environment:checking '/home/carloso/ros2_ws_23_2/install/car_gazebo_plugin' for CMake module files
[2.041s] Level 1:colcon.colcon_core.environment:checking '/home/carloso/ros2_ws_23_2/install/car_gazebo_plugin' for CMake config files
[2.041s] Level 1:colcon.colcon_core.shell:create_environment_hook('car_gazebo_plugin', 'cmake_prefix_path')
[2.043s] INFO:colcon.colcon_core.shell:Creating environment hook '/home/carloso/ros2_ws_23_2/install/car_gazebo_plugin/share/car_gazebo_plugin/hook/cmake_prefix_path.ps1'
[2.044s] INFO:colcon.colcon_core.shell:Creating environment descriptor '/home/carloso/ros2_ws_23_2/install/car_gazebo_plugin/share/car_gazebo_plugin/hook/cmake_prefix_path.dsv'
[2.044s] INFO:colcon.colcon_core.shell:Creating environment hook '/home/carloso/ros2_ws_23_2/install/car_gazebo_plugin/share/car_gazebo_plugin/hook/cmake_prefix_path.sh'
[2.045s] Level 1:colcon.colcon_core.environment:checking '/home/carloso/ros2_ws_23_2/install/car_gazebo_plugin/bin'
[2.045s] Level 1:colcon.colcon_core.environment:checking '/home/carloso/ros2_ws_23_2/install/car_gazebo_plugin/lib/pkgconfig/car_gazebo_plugin.pc'
[2.045s] Level 1:colcon.colcon_core.environment:checking '/home/carloso/ros2_ws_23_2/install/car_gazebo_plugin/lib/python3.10/site-packages'
[2.045s] Level 1:colcon.colcon_core.environment:checking '/home/carloso/ros2_ws_23_2/install/car_gazebo_plugin/bin'
[2.047s] INFO:colcon.colcon_core.shell:Creating package script '/home/carloso/ros2_ws_23_2/install/car_gazebo_plugin/share/car_gazebo_plugin/package.ps1'
[2.047s] INFO:colcon.colcon_core.shell:Creating package descriptor '/home/carloso/ros2_ws_23_2/install/car_gazebo_plugin/share/car_gazebo_plugin/package.dsv'
[2.048s] INFO:colcon.colcon_core.shell:Creating package script '/home/carloso/ros2_ws_23_2/install/car_gazebo_plugin/share/car_gazebo_plugin/package.sh'
[2.048s] INFO:colcon.colcon_core.shell:Creating package script '/home/carloso/ros2_ws_23_2/install/car_gazebo_plugin/share/car_gazebo_plugin/package.bash'
[2.049s] INFO:colcon.colcon_core.shell:Creating package script '/home/carloso/ros2_ws_23_2/install/car_gazebo_plugin/share/car_gazebo_plugin/package.zsh'
[2.049s] Level 1:colcon.colcon_core.environment:create_file_with_runtime_dependencies(/home/carloso/ros2_ws_23_2/install/car_gazebo_plugin/share/colcon-core/packages/car_gazebo_plugin)
[2.052s] Level 1:colcon.colcon_core.environment:create_environment_scripts_only(sim_car)
[2.054s] Level 1:colcon.colcon_core.environment:checking '/home/carloso/ros2_ws_23_2/install/sim_car' for CMake module files
[2.055s] Level 1:colcon.colcon_core.environment:checking '/home/carloso/ros2_ws_23_2/install/sim_car' for CMake config files
[2.055s] Level 1:colcon.colcon_core.shell:create_environment_hook('sim_car', 'cmake_prefix_path')
[2.056s] INFO:colcon.colcon_core.shell:Creating environment hook '/home/carloso/ros2_ws_23_2/install/sim_car/share/sim_car/hook/cmake_prefix_path.ps1'
[2.057s] INFO:colcon.colcon_core.shell:Creating environment descriptor '/home/carloso/ros2_ws_23_2/install/sim_car/share/sim_car/hook/cmake_prefix_path.dsv'
[2.057s] INFO:colcon.colcon_core.shell:Creating environment hook '/home/carloso/ros2_ws_23_2/install/sim_car/share/sim_car/hook/cmake_prefix_path.sh'
[2.058s] Level 1:colcon.colcon_core.environment:checking '/home/carloso/ros2_ws_23_2/install/sim_car/lib'
[2.058s] Level 1:colcon.colcon_core.environment:checking '/home/carloso/ros2_ws_23_2/install/sim_car/bin'
[2.058s] Level 1:colcon.colcon_core.environment:checking '/home/carloso/ros2_ws_23_2/install/sim_car/lib/pkgconfig/sim_car.pc'
[2.058s] Level 1:colcon.colcon_core.environment:checking '/home/carloso/ros2_ws_23_2/install/sim_car/lib/python3.10/site-packages'
[2.059s] Level 1:colcon.colcon_core.environment:checking '/home/carloso/ros2_ws_23_2/install/sim_car/bin'
[2.061s] INFO:colcon.colcon_core.shell:Creating package script '/home/carloso/ros2_ws_23_2/install/sim_car/share/sim_car/package.ps1'
[2.061s] INFO:colcon.colcon_core.shell:Creating package descriptor '/home/carloso/ros2_ws_23_2/install/sim_car/share/sim_car/package.dsv'
[2.062s] INFO:colcon.colcon_core.shell:Creating package script '/home/carloso/ros2_ws_23_2/install/sim_car/share/sim_car/package.sh'
[2.062s] INFO:colcon.colcon_core.shell:Creating package script '/home/carloso/ros2_ws_23_2/install/sim_car/share/sim_car/package.bash'
[2.063s] INFO:colcon.colcon_core.shell:Creating package script '/home/carloso/ros2_ws_23_2/install/sim_car/share/sim_car/package.zsh'
[2.063s] Level 1:colcon.colcon_core.environment:create_file_with_runtime_dependencies(/home/carloso/ros2_ws_23_2/install/sim_car/share/colcon-core/packages/sim_car)
[2.715s] DEBUG:colcon.colcon_core.event_handler.log_command:Invoking command in '/home/carloso/ros2_ws_23_2/build/turtle_move_pkg_gYY': PYTHONPATH=/home/carloso/ros2_ws_23_2/build/turtle_move_pkg_gYY/prefix_override:/home/carloso/ros2_ws_23_2/install/turtle_move_pkg_gYY/lib/python3.10/site-packages:${PYTHONPATH} /usr/bin/python3 setup.py develop --editable --build-directory /home/carloso/ros2_ws_23_2/build/turtle_move_pkg_gYY/build --no-deps install_data
[2.717s] DEBUG:colcon.colcon_core.event_handler.log_command:Invoking command in '/home/carloso/ros2_ws_23_2/build/joy_tester': PYTHONPATH=/home/carloso/ros2_ws_23_2/build/joy_tester/prefix_override:/home/carloso/ros2_ws_23_2/install/joy_tester/lib/python3.10/site-packages:${PYTHONPATH} /usr/bin/python3 setup.py develop --editable --build-directory /home/carloso/ros2_ws_23_2/build/joy_tester/build --no-deps install_data
[2.721s] DEBUG:colcon.colcon_core.event_handler.log_command:Invoking command in '/home/carloso/ros2_ws_23_2/build/launch_pkg_gYY': PYTHONPATH=/home/carloso/ros2_ws_23_2/build/launch_pkg_gYY/prefix_override:/home/carloso/ros2_ws_23_2/install/launch_pkg_gYY/lib/python3.10/site-packages:${PYTHONPATH} /usr/bin/python3 setup.py develop --editable --build-directory /home/carloso/ros2_ws_23_2/build/launch_pkg_gYY/build --no-deps install_data
[3.176s] Level 1:colcon.colcon_core.shell:create_environment_hook('turtle_move_pkg_gYY', 'pythonpath_develop')
[3.177s] INFO:colcon.colcon_core.shell:Creating environment hook '/home/carloso/ros2_ws_23_2/build/turtle_move_pkg_gYY/share/turtle_move_pkg_gYY/hook/pythonpath_develop.ps1'
[3.178s] DEBUG:colcon.colcon_core.event_handler.log_command:Invoked command in '/home/carloso/ros2_ws_23_2/build/turtle_move_pkg_gYY' returned '0': PYTHONPATH=/home/carloso/ros2_ws_23_2/build/turtle_move_pkg_gYY/prefix_override:/home/carloso/ros2_ws_23_2/install/turtle_move_pkg_gYY/lib/python3.10/site-packages:${PYTHONPATH} /usr/bin/python3 setup.py develop --editable --build-directory /home/carloso/ros2_ws_23_2/build/turtle_move_pkg_gYY/build --no-deps install_data
[3.178s] INFO:colcon.colcon_core.shell:Creating environment descriptor '/home/carloso/ros2_ws_23_2/build/turtle_move_pkg_gYY/share/turtle_move_pkg_gYY/hook/pythonpath_develop.dsv'
[3.179s] INFO:colcon.colcon_core.shell:Creating environment hook '/home/carloso/ros2_ws_23_2/build/turtle_move_pkg_gYY/share/turtle_move_pkg_gYY/hook/pythonpath_develop.sh'
[3.181s] Level 1:colcon.colcon_core.environment:checking '/home/carloso/ros2_ws_23_2/install/turtle_move_pkg_gYY' for CMake module files
[3.182s] Level 1:colcon.colcon_core.environment:checking '/home/carloso/ros2_ws_23_2/install/turtle_move_pkg_gYY' for CMake config files
[3.182s] Level 1:colcon.colcon_core.environment:checking '/home/carloso/ros2_ws_23_2/install/turtle_move_pkg_gYY/lib'
[3.182s] Level 1:colcon.colcon_core.environment:checking '/home/carloso/ros2_ws_23_2/install/turtle_move_pkg_gYY/bin'
[3.182s] Level 1:colcon.colcon_core.environment:checking '/home/carloso/ros2_ws_23_2/install/turtle_move_pkg_gYY/lib/pkgconfig/turtle_move_pkg_gYY.pc'
[3.182s] Level 1:colcon.colcon_core.environment:checking '/home/carloso/ros2_ws_23_2/install/turtle_move_pkg_gYY/lib/python3.10/site-packages'
[3.182s] Level 1:colcon.colcon_core.shell:create_environment_hook('turtle_move_pkg_gYY', 'pythonpath')
[3.183s] INFO:colcon.colcon_core.shell:Creating environment hook '/home/carloso/ros2_ws_23_2/install/turtle_move_pkg_gYY/share/turtle_move_pkg_gYY/hook/pythonpath.ps1'
[3.184s] INFO:colcon.colcon_core.shell:Creating environment descriptor '/home/carloso/ros2_ws_23_2/install/turtle_move_pkg_gYY/share/turtle_move_pkg_gYY/hook/pythonpath.dsv'
[3.184s] INFO:colcon.colcon_core.shell:Creating environment hook '/home/carloso/ros2_ws_23_2/install/turtle_move_pkg_gYY/share/turtle_move_pkg_gYY/hook/pythonpath.sh'
[3.185s] Level 1:colcon.colcon_core.environment:checking '/home/carloso/ros2_ws_23_2/install/turtle_move_pkg_gYY/bin'
[3.185s] Level 1:colcon.colcon_core.environment:create_environment_scripts_only(turtle_move_pkg_gYY)
[3.186s] INFO:colcon.colcon_core.shell:Creating package script '/home/carloso/ros2_ws_23_2/install/turtle_move_pkg_gYY/share/turtle_move_pkg_gYY/package.ps1'
[3.186s] INFO:colcon.colcon_core.shell:Creating package descriptor '/home/carloso/ros2_ws_23_2/install/turtle_move_pkg_gYY/share/turtle_move_pkg_gYY/package.dsv'
[3.187s] INFO:colcon.colcon_core.shell:Creating package script '/home/carloso/ros2_ws_23_2/install/turtle_move_pkg_gYY/share/turtle_move_pkg_gYY/package.sh'
[3.187s] INFO:colcon.colcon_core.shell:Creating package script '/home/carloso/ros2_ws_23_2/install/turtle_move_pkg_gYY/share/turtle_move_pkg_gYY/package.bash'
[3.187s] INFO:colcon.colcon_core.shell:Creating package script '/home/carloso/ros2_ws_23_2/install/turtle_move_pkg_gYY/share/turtle_move_pkg_gYY/package.zsh'
[3.187s] Level 1:colcon.colcon_core.environment:create_file_with_runtime_dependencies(/home/carloso/ros2_ws_23_2/install/turtle_move_pkg_gYY/share/colcon-core/packages/turtle_move_pkg_gYY)
[3.189s] Level 1:colcon.colcon_core.shell:create_environment_hook('launch_pkg_gYY', 'pythonpath_develop')
[3.191s] INFO:colcon.colcon_core.shell:Creating environment hook '/home/carloso/ros2_ws_23_2/build/launch_pkg_gYY/share/launch_pkg_gYY/hook/pythonpath_develop.ps1'
[3.192s] DEBUG:colcon.colcon_core.event_handler.log_command:Invoked command in '/home/carloso/ros2_ws_23_2/build/launch_pkg_gYY' returned '0': PYTHONPATH=/home/carloso/ros2_ws_23_2/build/launch_pkg_gYY/prefix_override:/home/carloso/ros2_ws_23_2/install/launch_pkg_gYY/lib/python3.10/site-packages:${PYTHONPATH} /usr/bin/python3 setup.py develop --editable --build-directory /home/carloso/ros2_ws_23_2/build/launch_pkg_gYY/build --no-deps install_data
[3.192s] INFO:colcon.colcon_core.shell:Creating environment descriptor '/home/carloso/ros2_ws_23_2/build/launch_pkg_gYY/share/launch_pkg_gYY/hook/pythonpath_develop.dsv'
[3.192s] INFO:colcon.colcon_core.shell:Creating environment hook '/home/carloso/ros2_ws_23_2/build/launch_pkg_gYY/share/launch_pkg_gYY/hook/pythonpath_develop.sh'
[3.194s] Level 1:colcon.colcon_core.environment:checking '/home/carloso/ros2_ws_23_2/install/launch_pkg_gYY' for CMake module files
[3.195s] Level 1:colcon.colcon_core.environment:checking '/home/carloso/ros2_ws_23_2/install/launch_pkg_gYY' for CMake config files
[3.195s] Level 1:colcon.colcon_core.environment:checking '/home/carloso/ros2_ws_23_2/install/launch_pkg_gYY/lib'
[3.195s] Level 1:colcon.colcon_core.environment:checking '/home/carloso/ros2_ws_23_2/install/launch_pkg_gYY/bin'
[3.195s] Level 1:colcon.colcon_core.environment:checking '/home/carloso/ros2_ws_23_2/install/launch_pkg_gYY/lib/pkgconfig/launch_pkg_gYY.pc'
[3.195s] Level 1:colcon.colcon_core.environment:checking '/home/carloso/ros2_ws_23_2/install/launch_pkg_gYY/lib/python3.10/site-packages'
[3.195s] Level 1:colcon.colcon_core.shell:create_environment_hook('launch_pkg_gYY', 'pythonpath')
[3.196s] INFO:colcon.colcon_core.shell:Creating environment hook '/home/carloso/ros2_ws_23_2/install/launch_pkg_gYY/share/launch_pkg_gYY/hook/pythonpath.ps1'
[3.197s] INFO:colcon.colcon_core.shell:Creating environment descriptor '/home/carloso/ros2_ws_23_2/install/launch_pkg_gYY/share/launch_pkg_gYY/hook/pythonpath.dsv'
[3.197s] INFO:colcon.colcon_core.shell:Creating environment hook '/home/carloso/ros2_ws_23_2/install/launch_pkg_gYY/share/launch_pkg_gYY/hook/pythonpath.sh'
[3.197s] Level 1:colcon.colcon_core.environment:checking '/home/carloso/ros2_ws_23_2/install/launch_pkg_gYY/bin'
[3.197s] Level 1:colcon.colcon_core.environment:create_environment_scripts_only(launch_pkg_gYY)
[3.199s] INFO:colcon.colcon_core.shell:Creating package script '/home/carloso/ros2_ws_23_2/install/launch_pkg_gYY/share/launch_pkg_gYY/package.ps1'
[3.199s] INFO:colcon.colcon_core.shell:Creating package descriptor '/home/carloso/ros2_ws_23_2/install/launch_pkg_gYY/share/launch_pkg_gYY/package.dsv'
[3.200s] INFO:colcon.colcon_core.shell:Creating package script '/home/carloso/ros2_ws_23_2/install/launch_pkg_gYY/share/launch_pkg_gYY/package.sh'
[3.200s] INFO:colcon.colcon_core.shell:Creating package script '/home/carloso/ros2_ws_23_2/install/launch_pkg_gYY/share/launch_pkg_gYY/package.bash'
[3.201s] INFO:colcon.colcon_core.shell:Creating package script '/home/carloso/ros2_ws_23_2/install/launch_pkg_gYY/share/launch_pkg_gYY/package.zsh'
[3.201s] Level 1:colcon.colcon_core.environment:create_file_with_runtime_dependencies(/home/carloso/ros2_ws_23_2/install/launch_pkg_gYY/share/colcon-core/packages/launch_pkg_gYY)
[3.201s] Level 1:colcon.colcon_core.shell:create_environment_hook('joy_tester', 'pythonpath_develop')
[3.203s] INFO:colcon.colcon_core.shell:Creating environment hook '/home/carloso/ros2_ws_23_2/build/joy_tester/share/joy_tester/hook/pythonpath_develop.ps1'
[3.203s] INFO:colcon.colcon_core.shell:Creating environment descriptor '/home/carloso/ros2_ws_23_2/build/joy_tester/share/joy_tester/hook/pythonpath_develop.dsv'
[3.204s] DEBUG:colcon.colcon_core.event_handler.log_command:Invoked command in '/home/carloso/ros2_ws_23_2/build/joy_tester' returned '0': PYTHONPATH=/home/carloso/ros2_ws_23_2/build/joy_tester/prefix_override:/home/carloso/ros2_ws_23_2/install/joy_tester/lib/python3.10/site-packages:${PYTHONPATH} /usr/bin/python3 setup.py develop --editable --build-directory /home/carloso/ros2_ws_23_2/build/joy_tester/build --no-deps install_data
[3.204s] INFO:colcon.colcon_core.shell:Creating environment hook '/home/carloso/ros2_ws_23_2/build/joy_tester/share/joy_tester/hook/pythonpath_develop.sh'
[3.206s] Level 1:colcon.colcon_core.environment:checking '/home/carloso/ros2_ws_23_2/install/joy_tester' for CMake module files
[3.207s] Level 1:colcon.colcon_core.environment:checking '/home/carloso/ros2_ws_23_2/install/joy_tester' for CMake config files
[3.207s] Level 1:colcon.colcon_core.environment:checking '/home/carloso/ros2_ws_23_2/install/joy_tester/lib'
[3.207s] Level 1:colcon.colcon_core.environment:checking '/home/carloso/ros2_ws_23_2/install/joy_tester/bin'
[3.207s] Level 1:colcon.colcon_core.environment:checking '/home/carloso/ros2_ws_23_2/install/joy_tester/lib/pkgconfig/joy_tester.pc'
[3.207s] Level 1:colcon.colcon_core.environment:checking '/home/carloso/ros2_ws_23_2/install/joy_tester/lib/python3.10/site-packages'
[3.207s] Level 1:colcon.colcon_core.shell:create_environment_hook('joy_tester', 'pythonpath')
[3.208s] INFO:colcon.colcon_core.shell:Creating environment hook '/home/carloso/ros2_ws_23_2/install/joy_tester/share/joy_tester/hook/pythonpath.ps1'
[3.209s] INFO:colcon.colcon_core.shell:Creating environment descriptor '/home/carloso/ros2_ws_23_2/install/joy_tester/share/joy_tester/hook/pythonpath.dsv'
[3.209s] INFO:colcon.colcon_core.shell:Creating environment hook '/home/carloso/ros2_ws_23_2/install/joy_tester/share/joy_tester/hook/pythonpath.sh'
[3.209s] Level 1:colcon.colcon_core.environment:checking '/home/carloso/ros2_ws_23_2/install/joy_tester/bin'
[3.209s] Level 1:colcon.colcon_core.environment:create_environment_scripts_only(joy_tester)
[3.211s] INFO:colcon.colcon_core.shell:Creating package script '/home/carloso/ros2_ws_23_2/install/joy_tester/share/joy_tester/package.ps1'
[3.211s] INFO:colcon.colcon_core.shell:Creating package descriptor '/home/carloso/ros2_ws_23_2/install/joy_tester/share/joy_tester/package.dsv'
[3.212s] INFO:colcon.colcon_core.shell:Creating package script '/home/carloso/ros2_ws_23_2/install/joy_tester/share/joy_tester/package.sh'
[3.212s] INFO:colcon.colcon_core.shell:Creating package script '/home/carloso/ros2_ws_23_2/install/joy_tester/share/joy_tester/package.bash'
[3.212s] INFO:colcon.colcon_core.shell:Creating package script '/home/carloso/ros2_ws_23_2/install/joy_tester/share/joy_tester/package.zsh'
[3.213s] Level 1:colcon.colcon_core.environment:create_file_with_runtime_dependencies(/home/carloso/ros2_ws_23_2/install/joy_tester/share/colcon-core/packages/joy_tester)
[3.213s] DEBUG:colcon.colcon_parallel_executor.executor.parallel:closing loop
[3.213s] DEBUG:colcon.colcon_parallel_executor.executor.parallel:loop closed
[3.213s] DEBUG:colcon.colcon_parallel_executor.executor.parallel:run_until_complete finished with '0'
[3.213s] DEBUG:colcon.colcon_core.event_reactor:joining thread
[3.221s] INFO:colcon.colcon_core.plugin_system:Skipping extension 'colcon_notification.desktop_notification.terminal_notifier': Not used on non-Darwin systems
[3.221s] INFO:colcon.colcon_core.plugin_system:Skipping extension 'colcon_notification.desktop_notification.win32': Not used on non-Windows systems
[3.221s] INFO:colcon.colcon_notification.desktop_notification:Sending desktop notification using 'notify2'
[3.235s] DEBUG:colcon.colcon_core.event_reactor:joined thread
[3.236s] INFO:colcon.colcon_core.shell:Creating prefix script '/home/carloso/ros2_ws_23_2/install/local_setup.ps1'
[3.237s] INFO:colcon.colcon_core.shell:Creating prefix util module '/home/carloso/ros2_ws_23_2/install/_local_setup_util_ps1.py'
[3.239s] INFO:colcon.colcon_core.shell:Creating prefix chain script '/home/carloso/ros2_ws_23_2/install/setup.ps1'
[3.241s] INFO:colcon.colcon_core.shell:Creating prefix script '/home/carloso/ros2_ws_23_2/install/local_setup.sh'
[3.242s] INFO:colcon.colcon_core.shell:Creating prefix util module '/home/carloso/ros2_ws_23_2/install/_local_setup_util_sh.py'
[3.243s] INFO:colcon.colcon_core.shell:Creating prefix chain script '/home/carloso/ros2_ws_23_2/install/setup.sh'
[3.245s] INFO:colcon.colcon_core.shell:Creating prefix script '/home/carloso/ros2_ws_23_2/install/local_setup.bash'
[3.246s] INFO:colcon.colcon_core.shell:Creating prefix chain script '/home/carloso/ros2_ws_23_2/install/setup.bash'
[3.249s] INFO:colcon.colcon_core.shell:Creating prefix script '/home/carloso/ros2_ws_23_2/install/local_setup.zsh'
[3.250s] INFO:colcon.colcon_core.shell:Creating prefix chain script '/home/carloso/ros2_ws_23_2/install/setup.zsh'
