[10.370s] Invoking command in '/home/carloso/ros2_ws_23_2/build/launch_pkg_gYY': PYTHONPATH=/home/carloso/ros2_ws_23_2/build/launch_pkg_gYY/prefix_override:/home/carloso/ros2_ws_23_2/install/launch_pkg_gYY/lib/python3.10/site-packages:${PYTHONPATH} /usr/bin/python3 setup.py develop --editable --build-directory /home/carloso/ros2_ws_23_2/build/launch_pkg_gYY/build --no-deps install_data
[12.234s] running develop
[12.239s] /usr/lib/python3/dist-packages/setuptools/command/easy_install.py:158: EasyInstallDeprecationWarning: easy_install command is deprecated. Use build and pip and other standards-based tools.
[12.241s]   warnings.warn(
[12.246s] /usr/lib/python3/dist-packages/setuptools/command/install.py:34: SetuptoolsDeprecationWarning: setup.py install is deprecated. Use build and pip and other standards-based tools.
[12.246s]   warnings.warn(
[13.545s] running egg_info
[13.546s] writing launch_pkg_gYY.egg-info/PKG-INFO
[13.546s] writing dependency_links to launch_pkg_gYY.egg-info/dependency_links.txt
[13.546s] writing entry points to launch_pkg_gYY.egg-info/entry_points.txt
[13.547s] writing requirements to launch_pkg_gYY.egg-info/requires.txt
[13.547s] writing top-level names to launch_pkg_gYY.egg-info/top_level.txt
[13.553s] reading manifest file 'launch_pkg_gYY.egg-info/SOURCES.txt'
[13.568s] writing manifest file 'launch_pkg_gYY.egg-info/SOURCES.txt'
[13.572s] running build_ext
[13.572s] Creating /home/carloso/ros2_ws_23_2/install/launch_pkg_gYY/lib/python3.10/site-packages/launch-pkg-gYY.egg-link (link to .)
[13.573s] 
[13.574s] Installed /home/carloso/ros2_ws_23_2/build/launch_pkg_gYY
[13.574s] running install_data
[13.806s] Invoked command in '/home/carloso/ros2_ws_23_2/build/launch_pkg_gYY' returned '0': PYTHONPATH=/home/carloso/ros2_ws_23_2/build/launch_pkg_gYY/prefix_override:/home/carloso/ros2_ws_23_2/install/launch_pkg_gYY/lib/python3.10/site-packages:${PYTHONPATH} /usr/bin/python3 setup.py develop --editable --build-directory /home/carloso/ros2_ws_23_2/build/launch_pkg_gYY/build --no-deps install_data
