[1.174s] Invoking command in '/home/carloso/ros2_ws_23_2/build/launch_pkg_gYY': PYTHONPATH=/home/carloso/ros2_ws_23_2/build/launch_pkg_gYY/prefix_override:/home/carloso/ros2_ws_23_2/install/launch_pkg_gYY/lib/python3.10/site-packages:${PYTHONPATH} /usr/bin/python3 setup.py develop --editable --build-directory /home/carloso/ros2_ws_23_2/build/launch_pkg_gYY/build --no-deps install_data
[1.424s] running develop
[1.424s] /usr/lib/python3/dist-packages/setuptools/command/easy_install.py:158: EasyInstallDeprecationWarning: easy_install command is deprecated. Use build and pip and other standards-based tools.
[1.424s]   warnings.warn(
[1.426s] /usr/lib/python3/dist-packages/setuptools/command/install.py:34: SetuptoolsDeprecationWarning: setup.py install is deprecated. Use build and pip and other standards-based tools.
[1.426s]   warnings.warn(
[1.586s] running egg_info
[1.586s] writing launch_pkg_gYY.egg-info/PKG-INFO
[1.587s] writing dependency_links to launch_pkg_gYY.egg-info/dependency_links.txt
[1.587s] writing entry points to launch_pkg_gYY.egg-info/entry_points.txt
[1.587s] writing requirements to launch_pkg_gYY.egg-info/requires.txt
[1.587s] writing top-level names to launch_pkg_gYY.egg-info/top_level.txt
[1.590s] reading manifest file 'launch_pkg_gYY.egg-info/SOURCES.txt'
[1.591s] writing manifest file 'launch_pkg_gYY.egg-info/SOURCES.txt'
[1.592s] running build_ext
[1.592s] Creating /home/carloso/ros2_ws_23_2/install/launch_pkg_gYY/lib/python3.10/site-packages/launch-pkg-gYY.egg-link (link to .)
[1.593s] 
[1.593s] Installed /home/carloso/ros2_ws_23_2/build/launch_pkg_gYY
[1.593s] running install_data
[1.619s] Invoked command in '/home/carloso/ros2_ws_23_2/build/launch_pkg_gYY' returned '0': PYTHONPATH=/home/carloso/ros2_ws_23_2/build/launch_pkg_gYY/prefix_override:/home/carloso/ros2_ws_23_2/install/launch_pkg_gYY/lib/python3.10/site-packages:${PYTHONPATH} /usr/bin/python3 setup.py develop --editable --build-directory /home/carloso/ros2_ws_23_2/build/launch_pkg_gYY/build --no-deps install_data
