running develop
/usr/lib/python3/dist-packages/setuptools/command/easy_install.py:158: EasyInstallDeprecationWarning: easy_install command is deprecated. Use build and pip and other standards-based tools.
  warnings.warn(
/usr/lib/python3/dist-packages/setuptools/command/install.py:34: SetuptoolsDeprecationWarning: setup.py install is deprecated. Use build and pip and other standards-based tools.
  warnings.warn(
/usr/lib/python3/dist-packages/setuptools/command/easy_install.py:355: UserWarning: Unbuilt egg for launch-pkg-gYY 0.0.0 (/home/carloso/ros2_ws_23_2/build/launch_pkg_gYY)
  self.local_index = Environment(self.shadow_path + sys.path)
running egg_info
writing turtle_move_pkg_gYY.egg-info/PKG-INFO
writing dependency_links to turtle_move_pkg_gYY.egg-info/dependency_links.txt
writing entry points to turtle_move_pkg_gYY.egg-info/entry_points.txt
writing requirements to turtle_move_pkg_gYY.egg-info/requires.txt
writing top-level names to turtle_move_pkg_gYY.egg-info/top_level.txt
reading manifest file 'turtle_move_pkg_gYY.egg-info/SOURCES.txt'
writing manifest file 'turtle_move_pkg_gYY.egg-info/SOURCES.txt'
running build_ext
Creating /home/carloso/ros2_ws_23_2/install/turtle_move_pkg_gYY/lib/python3.10/site-packages/turtle-move-pkg-gYY.egg-link (link to .)
Installing turtle_move_node_gYY script to /home/carloso/ros2_ws_23_2/install/turtle_move_pkg_gYY/lib/turtle_move_pkg_gYY

Installed /home/carloso/ros2_ws_23_2/build/turtle_move_pkg_gYY
running install_data
