[0.164s] Invoking command in '/home/carloso/ros2_ws_23_2/build/f1_12th_simulator_g01': CMAKE_PREFIX_PATH=${CMAKE_PREFIX_PATH}:/home/carloso/ros2_ws_23_2/install/joy_tester:/opt/ros/humble /usr/bin/cmake --build /home/carloso/ros2_ws_23_2/build/f1_12th_simulator_g01 -- -j8 -l8
[1.302s] Invoked command in '/home/carloso/ros2_ws_23_2/build/f1_12th_simulator_g01' returned '0': CMAKE_PREFIX_PATH=${CMAKE_PREFIX_PATH}:/home/carloso/ros2_ws_23_2/install/joy_tester:/opt/ros/humble /usr/bin/cmake --build /home/carloso/ros2_ws_23_2/build/f1_12th_simulator_g01 -- -j8 -l8
[1.429s] Invoking command in '/home/carloso/ros2_ws_23_2/build/f1_12th_simulator_g01': CMAKE_PREFIX_PATH=${CMAKE_PREFIX_PATH}:/home/carloso/ros2_ws_23_2/install/joy_tester:/opt/ros/humble /usr/bin/cmake --install /home/carloso/ros2_ws_23_2/build/f1_12th_simulator_g01
[1.459s] -- Install configuration: ""
[1.460s] -- Execute custom install script
[1.462s] -- Up-to-date symlink: /home/carloso/ros2_ws_23_2/install/f1_12th_simulator_g01/share/f1_12th_simulator_g01/config/empty.yaml
[1.462s] -- Up-to-date symlink: /home/carloso/ros2_ws_23_2/install/f1_12th_simulator_g01/share/f1_12th_simulator_g01/config/joystick.yaml
[1.462s] -- Up-to-date symlink: /home/carloso/ros2_ws_23_2/install/f1_12th_simulator_g01/share/f1_12th_simulator_g01/description/gazebo_control.xacro
[1.463s] -- Up-to-date symlink: /home/carloso/ros2_ws_23_2/install/f1_12th_simulator_g01/share/f1_12th_simulator_g01/description/inertial_macros.xacro
[1.463s] -- Up-to-date symlink: /home/carloso/ros2_ws_23_2/install/f1_12th_simulator_g01/share/f1_12th_simulator_g01/description/lidar.xacro
[1.463s] -- Up-to-date symlink: /home/carloso/ros2_ws_23_2/install/f1_12th_simulator_g01/share/f1_12th_simulator_g01/description/properties.xacro
[1.464s] -- Up-to-date symlink: /home/carloso/ros2_ws_23_2/install/f1_12th_simulator_g01/share/f1_12th_simulator_g01/description/robot.urdf.xacro
[1.464s] -- Up-to-date symlink: /home/carloso/ros2_ws_23_2/install/f1_12th_simulator_g01/share/f1_12th_simulator_g01/description/robot_core.xacro
[1.467s] -- Symlinking: /home/carloso/ros2_ws_23_2/install/f1_12th_simulator_g01/share/f1_12th_simulator_g01/launch/joystick_launch.py
[1.501s] -- Up-to-date symlink: /home/carloso/ros2_ws_23_2/install/f1_12th_simulator_g01/share/f1_12th_simulator_g01/launch/launch_sim.launch.py
[1.501s] -- Up-to-date symlink: /home/carloso/ros2_ws_23_2/install/f1_12th_simulator_g01/share/f1_12th_simulator_g01/launch/rsp.launch.py
[1.501s] -- Up-to-date symlink: /home/carloso/ros2_ws_23_2/install/f1_12th_simulator_g01/share/f1_12th_simulator_g01/worlds/empty.world
[1.502s] -- Up-to-date symlink: /home/carloso/ros2_ws_23_2/install/f1_12th_simulator_g01/share/ament_index/resource_index/package_run_dependencies/f1_12th_simulator_g01
[1.503s] -- Up-to-date symlink: /home/carloso/ros2_ws_23_2/install/f1_12th_simulator_g01/share/ament_index/resource_index/parent_prefix_path/f1_12th_simulator_g01
[1.503s] -- Up-to-date symlink: /home/carloso/ros2_ws_23_2/install/f1_12th_simulator_g01/share/f1_12th_simulator_g01/environment/ament_prefix_path.sh
[1.503s] -- Up-to-date symlink: /home/carloso/ros2_ws_23_2/install/f1_12th_simulator_g01/share/f1_12th_simulator_g01/environment/ament_prefix_path.dsv
[1.504s] -- Up-to-date symlink: /home/carloso/ros2_ws_23_2/install/f1_12th_simulator_g01/share/f1_12th_simulator_g01/environment/path.sh
[1.504s] -- Up-to-date symlink: /home/carloso/ros2_ws_23_2/install/f1_12th_simulator_g01/share/f1_12th_simulator_g01/environment/path.dsv
[1.505s] -- Up-to-date symlink: /home/carloso/ros2_ws_23_2/install/f1_12th_simulator_g01/share/f1_12th_simulator_g01/local_setup.bash
[1.510s] -- Up-to-date symlink: /home/carloso/ros2_ws_23_2/install/f1_12th_simulator_g01/share/f1_12th_simulator_g01/local_setup.sh
[1.512s] -- Up-to-date symlink: /home/carloso/ros2_ws_23_2/install/f1_12th_simulator_g01/share/f1_12th_simulator_g01/local_setup.zsh
[1.512s] -- Up-to-date symlink: /home/carloso/ros2_ws_23_2/install/f1_12th_simulator_g01/share/f1_12th_simulator_g01/local_setup.dsv
[1.513s] -- Symlinking: /home/carloso/ros2_ws_23_2/install/f1_12th_simulator_g01/share/f1_12th_simulator_g01/package.dsv
[1.548s] -- Up-to-date symlink: /home/carloso/ros2_ws_23_2/install/f1_12th_simulator_g01/share/ament_index/resource_index/packages/f1_12th_simulator_g01
[1.551s] -- Up-to-date symlink: /home/carloso/ros2_ws_23_2/install/f1_12th_simulator_g01/share/f1_12th_simulator_g01/cmake/f1_12th_simulator_g01Config.cmake
[1.552s] -- Up-to-date symlink: /home/carloso/ros2_ws_23_2/install/f1_12th_simulator_g01/share/f1_12th_simulator_g01/cmake/f1_12th_simulator_g01Config-version.cmake
[1.552s] -- Up-to-date symlink: /home/carloso/ros2_ws_23_2/install/f1_12th_simulator_g01/share/f1_12th_simulator_g01/package.xml
[1.563s] Invoked command in '/home/carloso/ros2_ws_23_2/build/f1_12th_simulator_g01' returned '0': CMAKE_PREFIX_PATH=${CMAKE_PREFIX_PATH}:/home/carloso/ros2_ws_23_2/install/joy_tester:/opt/ros/humble /usr/bin/cmake --install /home/carloso/ros2_ws_23_2/build/f1_12th_simulator_g01
