[1.628s] Invoking command in '/home/carloso/ros2_ws_23_2/build/scrips_node': PYTHONPATH=/home/carloso/ros2_ws_23_2/build/scrips_node/prefix_override:/home/carloso/ros2_ws_23_2/install/scrips_node/lib/python3.10/site-packages:${PYTHONPATH} /usr/bin/python3 setup.py develop --editable --build-directory /home/carloso/ros2_ws_23_2/build/scrips_node/build --no-deps install_data
[1.949s] running develop
[1.949s] /usr/lib/python3/dist-packages/setuptools/command/easy_install.py:158: EasyInstallDeprecationWarning: easy_install command is deprecated. Use build and pip and other standards-based tools.
[1.949s]   warnings.warn(
[1.950s] /usr/lib/python3/dist-packages/setuptools/command/install.py:34: SetuptoolsDeprecationWarning: setup.py install is deprecated. Use build and pip and other standards-based tools.
[1.950s]   warnings.warn(
[2.154s] running egg_info
[2.155s] writing scrips_node.egg-info/PKG-INFO
[2.155s] writing dependency_links to scrips_node.egg-info/dependency_links.txt
[2.155s] writing entry points to scrips_node.egg-info/entry_points.txt
[2.155s] writing requirements to scrips_node.egg-info/requires.txt
[2.155s] writing top-level names to scrips_node.egg-info/top_level.txt
[2.157s] reading manifest file 'scrips_node.egg-info/SOURCES.txt'
[2.158s] writing manifest file 'scrips_node.egg-info/SOURCES.txt'
[2.159s] running build_ext
[2.159s] Creating /home/carloso/ros2_ws_23_2/install/scrips_node/lib/python3.10/site-packages/scrips-node.egg-link (link to .)
[2.160s] Installing ackerman_node script to /home/carloso/ros2_ws_23_2/install/scrips_node/lib/scrips_node
[2.161s] 
[2.161s] Installed /home/carloso/ros2_ws_23_2/build/scrips_node
[2.161s] running install_data
[2.201s] Invoked command in '/home/carloso/ros2_ws_23_2/build/scrips_node' returned '0': PYTHONPATH=/home/carloso/ros2_ws_23_2/build/scrips_node/prefix_override:/home/carloso/ros2_ws_23_2/install/scrips_node/lib/python3.10/site-packages:${PYTHONPATH} /usr/bin/python3 setup.py develop --editable --build-directory /home/carloso/ros2_ws_23_2/build/scrips_node/build --no-deps install_data
