[0.017s] Invoking command in '/home/carloso/ros2_ws_23_2/build/sim_car': CMAKE_PREFIX_PATH=${CMAKE_PREFIX_PATH}:/home/carloso/ros2_ws_23_2/install/turtle_move_pkg_gYY:/home/carloso/ros2_ws_23_2/install/launch_pkg_gYY:/home/carloso/ros2_ws_23_2/install/joy_tester:/opt/ros/humble /usr/bin/cmake /home/carloso/ros2_ws_23_2/src/sim_car/car_description -DAMENT_CMAKE_SYMLINK_INSTALL=1 -DCMAKE_INSTALL_PREFIX=/home/carloso/ros2_ws_23_2/install/sim_car
[0.333s] -- The C compiler identification is GNU 11.4.0
[0.609s] -- The CXX compiler identification is GNU 11.4.0
[0.628s] -- Detecting C compiler ABI info
[0.781s] -- Detecting C compiler ABI info - done
[0.788s] -- Check for working C compiler: /usr/bin/cc - skipped
[0.789s] -- Detecting C compile features
[0.789s] -- Detecting C compile features - done
[0.794s] -- Detecting CXX compiler ABI info
[0.879s] -- Detecting CXX compiler ABI info - done
[0.893s] -- Check for working CXX compiler: /usr/bin/c++ - skipped
[0.893s] -- Detecting CXX compile features
[0.894s] -- Detecting CXX compile features - done
[0.897s] -- Found ament_cmake: 1.3.5 (/opt/ros/humble/share/ament_cmake/cmake)
[1.076s] -- Found Python3: /usr/bin/python3.10 (found version "3.10.12") found components: Interpreter 
[1.161s] -- Override CMake install command with custom implementation using symlinks instead of copying resources
[1.294s] -- Found rclcpp: 16.0.5 (/opt/ros/humble/share/rclcpp/cmake)
[1.426s] -- Found rosidl_generator_c: 3.1.5 (/opt/ros/humble/share/rosidl_generator_c/cmake)
[1.438s] -- Found rosidl_adapter: 3.1.5 (/opt/ros/humble/share/rosidl_adapter/cmake)
[1.457s] -- Found rosidl_generator_cpp: 3.1.5 (/opt/ros/humble/share/rosidl_generator_cpp/cmake)
[1.488s] -- Using all available rosidl_typesupport_c: rosidl_typesupport_fastrtps_c;rosidl_typesupport_introspection_c
[1.530s] -- Using all available rosidl_typesupport_cpp: rosidl_typesupport_fastrtps_cpp;rosidl_typesupport_introspection_cpp
[1.643s] -- Found rmw_implementation_cmake: 6.1.1 (/opt/ros/humble/share/rmw_implementation_cmake/cmake)
[1.653s] -- Found rmw_fastrtps_cpp: 6.2.3 (/opt/ros/humble/share/rmw_fastrtps_cpp/cmake)
[1.803s] -- Found OpenSSL: /usr/lib/x86_64-linux-gnu/libcrypto.so (found version "3.0.2")  
[1.842s] -- Found FastRTPS: /opt/ros/humble/include  
[1.898s] -- Using RMW implementation 'rmw_fastrtps_cpp' as default
[1.915s] -- Looking for pthread.h
[1.979s] -- Looking for pthread.h - found
[1.979s] -- Performing Test CMAKE_HAVE_LIBC_PTHREAD
[2.050s] -- Performing Test CMAKE_HAVE_LIBC_PTHREAD - Success
[2.052s] -- Found Threads: TRUE  
[2.257s] -- Found rclpy: 3.3.9 (/opt/ros/humble/share/rclpy/cmake)
[2.259s] -- Found ament_lint_auto: 0.12.7 (/opt/ros/humble/share/ament_lint_auto/cmake)
[2.338s] -- Added test 'flake8' to check Python code syntax and style conventions
[2.339s] -- Added test 'lint_cmake' to check CMake code style
[2.339s] -- Added test 'pep257' to check Python code against some of the docstring style conventions in PEP 257
[2.341s] -- Added test 'xmllint' to check XML markup files
[2.343s] -- Configuring done
[2.347s] -- Generating done
[2.349s] -- Build files have been written to: /home/carloso/ros2_ws_23_2/build/sim_car
[2.357s] Invoked command in '/home/carloso/ros2_ws_23_2/build/sim_car' returned '0': CMAKE_PREFIX_PATH=${CMAKE_PREFIX_PATH}:/home/carloso/ros2_ws_23_2/install/turtle_move_pkg_gYY:/home/carloso/ros2_ws_23_2/install/launch_pkg_gYY:/home/carloso/ros2_ws_23_2/install/joy_tester:/opt/ros/humble /usr/bin/cmake /home/carloso/ros2_ws_23_2/src/sim_car/car_description -DAMENT_CMAKE_SYMLINK_INSTALL=1 -DCMAKE_INSTALL_PREFIX=/home/carloso/ros2_ws_23_2/install/sim_car
[2.359s] Invoking command in '/home/carloso/ros2_ws_23_2/build/sim_car': CMAKE_PREFIX_PATH=${CMAKE_PREFIX_PATH}:/home/carloso/ros2_ws_23_2/install/turtle_move_pkg_gYY:/home/carloso/ros2_ws_23_2/install/launch_pkg_gYY:/home/carloso/ros2_ws_23_2/install/joy_tester:/opt/ros/humble /usr/bin/cmake --build /home/carloso/ros2_ws_23_2/build/sim_car -- -j8 -l8
[2.395s] Invoked command in '/home/carloso/ros2_ws_23_2/build/sim_car' returned '0': CMAKE_PREFIX_PATH=${CMAKE_PREFIX_PATH}:/home/carloso/ros2_ws_23_2/install/turtle_move_pkg_gYY:/home/carloso/ros2_ws_23_2/install/launch_pkg_gYY:/home/carloso/ros2_ws_23_2/install/joy_tester:/opt/ros/humble /usr/bin/cmake --build /home/carloso/ros2_ws_23_2/build/sim_car -- -j8 -l8
[2.416s] Invoking command in '/home/carloso/ros2_ws_23_2/build/sim_car': CMAKE_PREFIX_PATH=${CMAKE_PREFIX_PATH}:/home/carloso/ros2_ws_23_2/install/turtle_move_pkg_gYY:/home/carloso/ros2_ws_23_2/install/launch_pkg_gYY:/home/carloso/ros2_ws_23_2/install/joy_tester:/opt/ros/humble /usr/bin/cmake --install /home/carloso/ros2_ws_23_2/build/sim_car
[2.425s] -- Install configuration: ""
[2.425s] -- Execute custom install script
[2.425s] -- Symlinking: /home/carloso/ros2_ws_23_2/install/sim_car/lib/sim_car//convert_xacro.py
[2.433s] -- Symlinking: /home/carloso/ros2_ws_23_2/install/sim_car/lib/sim_car//spawn_bot.py
[2.441s] -- Symlinking: /home/carloso/ros2_ws_23_2/install/sim_car/lib/sim_car//sentry.py
[2.449s] -- Symlinking: /home/carloso/ros2_ws_23_2/install/sim_car/share/sim_car//launch/all.launch.py
[2.457s] -- Symlinking: /home/carloso/ros2_ws_23_2/install/sim_car/share/sim_car//launch/blue2.py
[2.465s] -- Symlinking: /home/carloso/ros2_ws_23_2/install/sim_car/share/sim_car//launch/blue_launch.py
[2.473s] -- Symlinking: /home/carloso/ros2_ws_23_2/install/sim_car/share/sim_car//launch/bringup.launch.py
[2.480s] -- Symlinking: /home/carloso/ros2_ws_23_2/install/sim_car/share/sim_car//launch/bringup.launch2.py
[2.488s] -- Symlinking: /home/carloso/ros2_ws_23_2/install/sim_car/share/sim_car//launch/spawn_car.launch.py
[2.497s] -- Symlinking: /home/carloso/ros2_ws_23_2/install/sim_car/share/sim_car//launch/spawn_red_crash.launch.py
[2.505s] -- Symlinking: /home/carloso/ros2_ws_23_2/install/sim_car/share/sim_car//launch/spawn_world.launch.py
[2.513s] -- Symlinking: /home/carloso/ros2_ws_23_2/install/sim_car/share/sim_car//config/blue_params.yaml
[2.522s] -- Symlinking: /home/carloso/ros2_ws_23_2/install/sim_car/share/sim_car//config/nav2_params.yaml
[2.531s] -- Symlinking: /home/carloso/ros2_ws_23_2/install/sim_car/share/sim_car//config/red-crash.rviz
[2.539s] -- Symlinking: /home/carloso/ros2_ws_23_2/install/sim_car/share/sim_car//config/teleop_twist_joy.yaml
[2.548s] -- Symlinking: /home/carloso/ros2_ws_23_2/install/sim_car/share/sim_car//robot/car.urdf.xacro
[2.556s] -- Symlinking: /home/carloso/ros2_ws_23_2/install/sim_car/share/sim_car//robot/red_crash.urdf.xacro
[2.563s] -- Symlinking: /home/carloso/ros2_ws_23_2/install/sim_car/share/sim_car//worlds/empty.world
[2.571s] -- Symlinking: /home/carloso/ros2_ws_23_2/install/sim_car/share/sim_car//worlds/simple.world
[2.580s] -- Symlinking: /home/carloso/ros2_ws_23_2/install/sim_car/share/sim_car//worlds/simple_world_maps/map_1669268298.pgm
[2.589s] -- Symlinking: /home/carloso/ros2_ws_23_2/install/sim_car/share/sim_car//worlds/simple_world_maps/map_1669268298.yaml
[2.598s] -- Symlinking: /home/carloso/ros2_ws_23_2/install/sim_car/share/sim_car//worlds/simple_world_maps/map_1669312051.pgm
[2.607s] -- Symlinking: /home/carloso/ros2_ws_23_2/install/sim_car/share/sim_car//worlds/simple_world_maps/map_1669312051.yaml
[2.616s] -- Symlinking: /home/carloso/ros2_ws_23_2/install/sim_car/share/sim_car//scripts/convert_xacro.py
[2.625s] -- Symlinking: /home/carloso/ros2_ws_23_2/install/sim_car/share/sim_car//scripts/play.html
[2.635s] -- Symlinking: /home/carloso/ros2_ws_23_2/install/sim_car/share/sim_car//scripts/sentry.py
[2.643s] -- Symlinking: /home/carloso/ros2_ws_23_2/install/sim_car/share/sim_car//scripts/spawn_bot.py
[2.652s] -- Symlinking: /home/carloso/ros2_ws_23_2/install/sim_car/share/sim_car//params/intentionally_empty
[2.660s] -- Symlinking: /home/carloso/ros2_ws_23_2/install/sim_car/share/sim_car//behavior_trees/navigate_w_replanning_time2.xml
[2.668s] -- Symlinking: /home/carloso/ros2_ws_23_2/install/sim_car/share/ament_index/resource_index/package_run_dependencies/sim_car
[2.676s] -- Symlinking: /home/carloso/ros2_ws_23_2/install/sim_car/share/ament_index/resource_index/parent_prefix_path/sim_car
[2.685s] -- Symlinking: /home/carloso/ros2_ws_23_2/install/sim_car/share/sim_car/environment/ament_prefix_path.sh
[2.693s] -- Symlinking: /home/carloso/ros2_ws_23_2/install/sim_car/share/sim_car/environment/ament_prefix_path.dsv
[2.702s] -- Symlinking: /home/carloso/ros2_ws_23_2/install/sim_car/share/sim_car/environment/path.sh
[2.710s] -- Symlinking: /home/carloso/ros2_ws_23_2/install/sim_car/share/sim_car/environment/path.dsv
[2.718s] -- Symlinking: /home/carloso/ros2_ws_23_2/install/sim_car/share/sim_car/local_setup.bash
[2.728s] -- Symlinking: /home/carloso/ros2_ws_23_2/install/sim_car/share/sim_car/local_setup.sh
[2.736s] -- Symlinking: /home/carloso/ros2_ws_23_2/install/sim_car/share/sim_car/local_setup.zsh
[2.744s] -- Symlinking: /home/carloso/ros2_ws_23_2/install/sim_car/share/sim_car/local_setup.dsv
[2.752s] -- Symlinking: /home/carloso/ros2_ws_23_2/install/sim_car/share/sim_car/package.dsv
[2.760s] -- Symlinking: /home/carloso/ros2_ws_23_2/install/sim_car/share/ament_index/resource_index/packages/sim_car
[2.768s] -- Symlinking: /home/carloso/ros2_ws_23_2/install/sim_car/share/sim_car/cmake/sim_carConfig.cmake
[2.775s] -- Symlinking: /home/carloso/ros2_ws_23_2/install/sim_car/share/sim_car/cmake/sim_carConfig-version.cmake
[2.784s] -- Symlinking: /home/carloso/ros2_ws_23_2/install/sim_car/share/sim_car/package.xml
[2.795s] Invoked command in '/home/carloso/ros2_ws_23_2/build/sim_car' returned '0': CMAKE_PREFIX_PATH=${CMAKE_PREFIX_PATH}:/home/carloso/ros2_ws_23_2/install/turtle_move_pkg_gYY:/home/carloso/ros2_ws_23_2/install/launch_pkg_gYY:/home/carloso/ros2_ws_23_2/install/joy_tester:/opt/ros/humble /usr/bin/cmake --install /home/carloso/ros2_ws_23_2/build/sim_car
