[1.247s] DEBUG:colcon:Command line arguments: ['/usr/bin/colcon', 'build', '--symlink-install']
[1.248s] DEBUG:colcon:Parsed command line arguments: Namespace(log_base=None, log_level=None, verb_name='build', build_base='build', install_base='install', merge_install=False, symlink_install=True, test_result_base=None, continue_on_error=False, executor='parallel', parallel_workers=8, event_handlers=None, ignore_user_meta=False, metas=['./colcon.meta'], base_paths=['.'], packages_ignore=None, packages_ignore_regex=None, paths=None, packages_up_to=None, packages_up_to_regex=None, packages_above=None, packages_above_and_dependencies=None, packages_above_depth=None, packages_select_by_dep=None, packages_skip_by_dep=None, packages_skip_up_to=None, packages_select_build_failed=False, packages_skip_build_finished=False, packages_select_test_failures=False, packages_skip_test_passed=False, packages_select=None, packages_skip=None, packages_select_regex=None, packages_skip_regex=None, packages_start=None, packages_end=None, allow_overriding=[], cmake_args=None, cmake_target=None, cmake_target_skip_unavailable=False, cmake_clean_cache=False, cmake_clean_first=False, cmake_force_configure=False, ament_cmake_args=None, catkin_cmake_args=None, catkin_skip_building_tests=False, verb_parser=<colcon_defaults.argument_parser.defaults.DefaultArgumentsDecorator object at 0x7f89403df6a0>, verb_extension=<colcon_core.verb.build.BuildVerb object at 0x7f8940bc62c0>, main=<bound method BuildVerb.main of <colcon_core.verb.build.BuildVerb object at 0x7f8940bc62c0>>)
[1.422s] Level 1:colcon.colcon_core.package_discovery:discover_packages(colcon_meta) check parameters
[1.424s] Level 1:colcon.colcon_core.package_discovery:discover_packages(recursive) check parameters
[1.424s] Level 1:colcon.colcon_core.package_discovery:discover_packages(ignore) check parameters
[1.425s] Level 1:colcon.colcon_core.package_discovery:discover_packages(path) check parameters
[1.426s] Level 1:colcon.colcon_core.package_discovery:discover_packages(colcon_meta) discover
[1.427s] Level 1:colcon.colcon_core.package_discovery:discover_packages(recursive) discover
[1.428s] INFO:colcon.colcon_core.package_discovery:Crawling recursively for packages in '/home/carloso/ros2_ws_23_2'
[1.429s] Level 1:colcon.colcon_core.package_identification:_identify(.) by extensions ['ignore', 'ignore_ament_install']
[1.429s] Level 1:colcon.colcon_core.package_identification:_identify(.) by extension 'ignore'
[1.429s] Level 1:colcon.colcon_core.package_identification:_identify(.) by extension 'ignore_ament_install'
[1.429s] Level 1:colcon.colcon_core.package_identification:_identify(.) by extensions ['colcon_pkg']
[1.429s] Level 1:colcon.colcon_core.package_identification:_identify(.) by extension 'colcon_pkg'
[1.429s] Level 1:colcon.colcon_core.package_identification:_identify(.) by extensions ['colcon_meta']
[1.429s] Level 1:colcon.colcon_core.package_identification:_identify(.) by extension 'colcon_meta'
[1.429s] Level 1:colcon.colcon_core.package_identification:_identify(.) by extensions ['ros']
[1.429s] Level 1:colcon.colcon_core.package_identification:_identify(.) by extension 'ros'
[1.469s] Level 1:colcon.colcon_core.package_identification:_identify(.) by extensions ['cmake', 'python']
[1.470s] Level 1:colcon.colcon_core.package_identification:_identify(.) by extension 'cmake'
[1.470s] Level 1:colcon.colcon_core.package_identification:_identify(.) by extension 'python'
[1.470s] Level 1:colcon.colcon_core.package_identification:_identify(.) by extensions ['python_setup_py']
[1.470s] Level 1:colcon.colcon_core.package_identification:_identify(.) by extension 'python_setup_py'
[1.471s] Level 1:colcon.colcon_core.package_identification:_identify(build) by extensions ['ignore', 'ignore_ament_install']
[1.471s] Level 1:colcon.colcon_core.package_identification:_identify(build) by extension 'ignore'
[1.472s] Level 1:colcon.colcon_core.package_identification:_identify(build) ignored
[1.472s] Level 1:colcon.colcon_core.package_identification:_identify(install) by extensions ['ignore', 'ignore_ament_install']
[1.473s] Level 1:colcon.colcon_core.package_identification:_identify(install) by extension 'ignore'
[1.473s] Level 1:colcon.colcon_core.package_identification:_identify(install) ignored
[1.473s] Level 1:colcon.colcon_core.package_identification:_identify(log) by extensions ['ignore', 'ignore_ament_install']
[1.473s] Level 1:colcon.colcon_core.package_identification:_identify(log) by extension 'ignore'
[1.473s] Level 1:colcon.colcon_core.package_identification:_identify(log) ignored
[1.474s] Level 1:colcon.colcon_core.package_identification:_identify(src) by extensions ['ignore', 'ignore_ament_install']
[1.474s] Level 1:colcon.colcon_core.package_identification:_identify(src) by extension 'ignore'
[1.474s] Level 1:colcon.colcon_core.package_identification:_identify(src) by extension 'ignore_ament_install'
[1.474s] Level 1:colcon.colcon_core.package_identification:_identify(src) by extensions ['colcon_pkg']
[1.474s] Level 1:colcon.colcon_core.package_identification:_identify(src) by extension 'colcon_pkg'
[1.474s] Level 1:colcon.colcon_core.package_identification:_identify(src) by extensions ['colcon_meta']
[1.474s] Level 1:colcon.colcon_core.package_identification:_identify(src) by extension 'colcon_meta'
[1.475s] Level 1:colcon.colcon_core.package_identification:_identify(src) by extensions ['ros']
[1.475s] Level 1:colcon.colcon_core.package_identification:_identify(src) by extension 'ros'
[1.475s] Level 1:colcon.colcon_core.package_identification:_identify(src) by extensions ['cmake', 'python']
[1.475s] Level 1:colcon.colcon_core.package_identification:_identify(src) by extension 'cmake'
[1.475s] Level 1:colcon.colcon_core.package_identification:_identify(src) by extension 'python'
[1.475s] Level 1:colcon.colcon_core.package_identification:_identify(src) by extensions ['python_setup_py']
[1.475s] Level 1:colcon.colcon_core.package_identification:_identify(src) by extension 'python_setup_py'
[1.476s] Level 1:colcon.colcon_core.package_identification:_identify(src/f1_12th_simulator_g01) by extensions ['ignore', 'ignore_ament_install']
[1.478s] Level 1:colcon.colcon_core.package_identification:_identify(src/f1_12th_simulator_g01) by extension 'ignore'
[1.479s] Level 1:colcon.colcon_core.package_identification:_identify(src/f1_12th_simulator_g01) by extension 'ignore_ament_install'
[1.481s] Level 1:colcon.colcon_core.package_identification:_identify(src/f1_12th_simulator_g01) by extensions ['colcon_pkg']
[1.482s] Level 1:colcon.colcon_core.package_identification:_identify(src/f1_12th_simulator_g01) by extension 'colcon_pkg'
[1.482s] Level 1:colcon.colcon_core.package_identification:_identify(src/f1_12th_simulator_g01) by extensions ['colcon_meta']
[1.482s] Level 1:colcon.colcon_core.package_identification:_identify(src/f1_12th_simulator_g01) by extension 'colcon_meta'
[1.483s] Level 1:colcon.colcon_core.package_identification:_identify(src/f1_12th_simulator_g01) by extensions ['ros']
[1.483s] Level 1:colcon.colcon_core.package_identification:_identify(src/f1_12th_simulator_g01) by extension 'ros'
[1.491s] DEBUG:colcon.colcon_core.package_identification:Package 'src/f1_12th_simulator_g01' with type 'ros.ament_cmake' and name 'f1_12th_simulator_g01'
[1.492s] Level 1:colcon.colcon_core.package_identification:_identify(src/joy_tester) by extensions ['ignore', 'ignore_ament_install']
[1.492s] Level 1:colcon.colcon_core.package_identification:_identify(src/joy_tester) by extension 'ignore'
[1.492s] Level 1:colcon.colcon_core.package_identification:_identify(src/joy_tester) by extension 'ignore_ament_install'
[1.492s] Level 1:colcon.colcon_core.package_identification:_identify(src/joy_tester) by extensions ['colcon_pkg']
[1.492s] Level 1:colcon.colcon_core.package_identification:_identify(src/joy_tester) by extension 'colcon_pkg'
[1.492s] Level 1:colcon.colcon_core.package_identification:_identify(src/joy_tester) by extensions ['colcon_meta']
[1.492s] Level 1:colcon.colcon_core.package_identification:_identify(src/joy_tester) by extension 'colcon_meta'
[1.493s] Level 1:colcon.colcon_core.package_identification:_identify(src/joy_tester) by extensions ['ros']
[1.493s] Level 1:colcon.colcon_core.package_identification:_identify(src/joy_tester) by extension 'ros'
[1.494s] DEBUG:colcon.colcon_core.package_identification:Package 'src/joy_tester' with type 'ros.ament_python' and name 'joy_tester'
[1.495s] Level 1:colcon.colcon_core.package_discovery:discover_packages(recursive) using defaults
[1.496s] Level 1:colcon.colcon_core.package_discovery:discover_packages(ignore) discover
[1.497s] Level 1:colcon.colcon_core.package_discovery:discover_packages(ignore) using defaults
[1.498s] Level 1:colcon.colcon_core.package_discovery:discover_packages(path) discover
[1.499s] Level 1:colcon.colcon_core.package_discovery:discover_packages(path) using defaults
[1.591s] Level 1:colcon.colcon_core.package_discovery:discover_packages(prefix_path) check parameters
[1.591s] Level 1:colcon.colcon_core.package_discovery:discover_packages(prefix_path) discover
[1.603s] DEBUG:colcon.colcon_installed_package_information.package_discovery:Found 1 installed packages in /home/carloso/ros2_ws_23_2/install
[1.607s] DEBUG:colcon.colcon_installed_package_information.package_discovery:Found 390 installed packages in /opt/ros/humble
[1.611s] Level 1:colcon.colcon_core.package_discovery:discover_packages(prefix_path) using defaults
[1.879s] Level 5:colcon.colcon_core.verb:set package 'f1_12th_simulator_g01' build argument 'cmake_args' from command line to 'None'
[1.880s] Level 5:colcon.colcon_core.verb:set package 'f1_12th_simulator_g01' build argument 'cmake_target' from command line to 'None'
[1.880s] Level 5:colcon.colcon_core.verb:set package 'f1_12th_simulator_g01' build argument 'cmake_target_skip_unavailable' from command line to 'False'
[1.880s] Level 5:colcon.colcon_core.verb:set package 'f1_12th_simulator_g01' build argument 'cmake_clean_cache' from command line to 'False'
[1.880s] Level 5:colcon.colcon_core.verb:set package 'f1_12th_simulator_g01' build argument 'cmake_clean_first' from command line to 'False'
[1.880s] Level 5:colcon.colcon_core.verb:set package 'f1_12th_simulator_g01' build argument 'cmake_force_configure' from command line to 'False'
[1.880s] Level 5:colcon.colcon_core.verb:set package 'f1_12th_simulator_g01' build argument 'ament_cmake_args' from command line to 'None'
[1.880s] Level 5:colcon.colcon_core.verb:set package 'f1_12th_simulator_g01' build argument 'catkin_cmake_args' from command line to 'None'
[1.880s] Level 5:colcon.colcon_core.verb:set package 'f1_12th_simulator_g01' build argument 'catkin_skip_building_tests' from command line to 'False'
[1.880s] DEBUG:colcon.colcon_core.verb:Building package 'f1_12th_simulator_g01' with the following arguments: {'ament_cmake_args': None, 'build_base': '/home/carloso/ros2_ws_23_2/build/f1_12th_simulator_g01', 'catkin_cmake_args': None, 'catkin_skip_building_tests': False, 'cmake_args': None, 'cmake_clean_cache': False, 'cmake_clean_first': False, 'cmake_force_configure': False, 'cmake_target': None, 'cmake_target_skip_unavailable': False, 'install_base': '/home/carloso/ros2_ws_23_2/install/f1_12th_simulator_g01', 'merge_install': False, 'path': '/home/carloso/ros2_ws_23_2/src/f1_12th_simulator_g01', 'symlink_install': True, 'test_result_base': None}
[1.884s] Level 5:colcon.colcon_core.verb:set package 'joy_tester' build argument 'cmake_args' from command line to 'None'
[1.884s] Level 5:colcon.colcon_core.verb:set package 'joy_tester' build argument 'cmake_target' from command line to 'None'
[1.884s] Level 5:colcon.colcon_core.verb:set package 'joy_tester' build argument 'cmake_target_skip_unavailable' from command line to 'False'
[1.884s] Level 5:colcon.colcon_core.verb:set package 'joy_tester' build argument 'cmake_clean_cache' from command line to 'False'
[1.884s] Level 5:colcon.colcon_core.verb:set package 'joy_tester' build argument 'cmake_clean_first' from command line to 'False'
[1.884s] Level 5:colcon.colcon_core.verb:set package 'joy_tester' build argument 'cmake_force_configure' from command line to 'False'
[1.884s] Level 5:colcon.colcon_core.verb:set package 'joy_tester' build argument 'ament_cmake_args' from command line to 'None'
[1.884s] Level 5:colcon.colcon_core.verb:set package 'joy_tester' build argument 'catkin_cmake_args' from command line to 'None'
[1.884s] Level 5:colcon.colcon_core.verb:set package 'joy_tester' build argument 'catkin_skip_building_tests' from command line to 'False'
[1.884s] DEBUG:colcon.colcon_core.verb:Building package 'joy_tester' with the following arguments: {'ament_cmake_args': None, 'build_base': '/home/carloso/ros2_ws_23_2/build/joy_tester', 'catkin_cmake_args': None, 'catkin_skip_building_tests': False, 'cmake_args': None, 'cmake_clean_cache': False, 'cmake_clean_first': False, 'cmake_force_configure': False, 'cmake_target': None, 'cmake_target_skip_unavailable': False, 'install_base': '/home/carloso/ros2_ws_23_2/install/joy_tester', 'merge_install': False, 'path': '/home/carloso/ros2_ws_23_2/src/joy_tester', 'symlink_install': True, 'test_result_base': None}
[1.888s] INFO:colcon.colcon_core.executor:Executing jobs using 'parallel' executor
[1.899s] DEBUG:colcon.colcon_parallel_executor.executor.parallel:run_until_complete
[1.901s] INFO:colcon.colcon_ros.task.ament_cmake.build:Building ROS package in '/home/carloso/ros2_ws_23_2/src/f1_12th_simulator_g01' with build type 'ament_cmake'
[1.902s] INFO:colcon.colcon_cmake.task.cmake.build:Building CMake package in '/home/carloso/ros2_ws_23_2/src/f1_12th_simulator_g01'
[1.920s] INFO:colcon.colcon_core.plugin_system:Skipping extension 'colcon_core.shell.bat': Not used on non-Windows systems
[1.921s] INFO:colcon.colcon_core.shell:Skip shell extension 'powershell' for command environment: Not usable outside of PowerShell
[1.923s] DEBUG:colcon.colcon_core.shell:Skip shell extension 'dsv' for command environment
[1.946s] INFO:colcon.colcon_ros.task.ament_python.build:Building ROS package in '/home/carloso/ros2_ws_23_2/src/joy_tester' with build type 'ament_python'
[1.947s] Level 1:colcon.colcon_core.shell:create_environment_hook('joy_tester', 'ament_prefix_path')
[1.952s] INFO:colcon.colcon_core.shell:Creating environment hook '/home/carloso/ros2_ws_23_2/install/joy_tester/share/joy_tester/hook/ament_prefix_path.ps1'
[1.955s] INFO:colcon.colcon_core.shell:Creating environment descriptor '/home/carloso/ros2_ws_23_2/install/joy_tester/share/joy_tester/hook/ament_prefix_path.dsv'
[1.957s] INFO:colcon.colcon_core.shell:Creating environment hook '/home/carloso/ros2_ws_23_2/install/joy_tester/share/joy_tester/hook/ament_prefix_path.sh'
[1.966s] INFO:colcon.colcon_core.shell:Skip shell extension 'powershell' for command environment: Not usable outside of PowerShell
[1.967s] DEBUG:colcon.colcon_core.shell:Skip shell extension 'dsv' for command environment
[2.008s] DEBUG:colcon.colcon_core.event_handler.log_command:Invoking command in '/home/carloso/ros2_ws_23_2/build/f1_12th_simulator_g01': CMAKE_PREFIX_PATH=${CMAKE_PREFIX_PATH}:/opt/ros/humble /usr/bin/cmake --build /home/carloso/ros2_ws_23_2/build/f1_12th_simulator_g01 -- -j8 -l8
[3.102s] INFO:colcon.colcon_core.task.python.build:Building Python package in '/home/carloso/ros2_ws_23_2/src/joy_tester'
[3.104s] INFO:colcon.colcon_core.shell:Skip shell extension 'powershell' for command environment: Not usable outside of PowerShell
[3.105s] DEBUG:colcon.colcon_core.shell:Skip shell extension 'dsv' for command environment
[3.134s] DEBUG:colcon.colcon_core.event_handler.log_command:Invoked command in '/home/carloso/ros2_ws_23_2/build/f1_12th_simulator_g01' returned '0': CMAKE_PREFIX_PATH=${CMAKE_PREFIX_PATH}:/opt/ros/humble /usr/bin/cmake --build /home/carloso/ros2_ws_23_2/build/f1_12th_simulator_g01 -- -j8 -l8
[3.267s] DEBUG:colcon.colcon_core.event_handler.log_command:Invoking command in '/home/carloso/ros2_ws_23_2/build/f1_12th_simulator_g01': CMAKE_PREFIX_PATH=${CMAKE_PREFIX_PATH}:/opt/ros/humble /usr/bin/cmake --install /home/carloso/ros2_ws_23_2/build/f1_12th_simulator_g01
[3.356s] Level 1:colcon.colcon_core.environment:create_environment_scripts_only(f1_12th_simulator_g01)
[3.364s] DEBUG:colcon.colcon_core.event_handler.log_command:Invoked command in '/home/carloso/ros2_ws_23_2/build/f1_12th_simulator_g01' returned '0': CMAKE_PREFIX_PATH=${CMAKE_PREFIX_PATH}:/opt/ros/humble /usr/bin/cmake --install /home/carloso/ros2_ws_23_2/build/f1_12th_simulator_g01
[3.382s] Level 1:colcon.colcon_core.environment:checking '/home/carloso/ros2_ws_23_2/install/f1_12th_simulator_g01' for CMake module files
[3.384s] Level 1:colcon.colcon_core.environment:checking '/home/carloso/ros2_ws_23_2/install/f1_12th_simulator_g01' for CMake config files
[3.386s] Level 1:colcon.colcon_core.shell:create_environment_hook('f1_12th_simulator_g01', 'cmake_prefix_path')
[3.390s] INFO:colcon.colcon_core.shell:Creating environment hook '/home/carloso/ros2_ws_23_2/install/f1_12th_simulator_g01/share/f1_12th_simulator_g01/hook/cmake_prefix_path.ps1'
[3.392s] INFO:colcon.colcon_core.shell:Creating environment descriptor '/home/carloso/ros2_ws_23_2/install/f1_12th_simulator_g01/share/f1_12th_simulator_g01/hook/cmake_prefix_path.dsv'
[3.395s] INFO:colcon.colcon_core.shell:Creating environment hook '/home/carloso/ros2_ws_23_2/install/f1_12th_simulator_g01/share/f1_12th_simulator_g01/hook/cmake_prefix_path.sh'
[3.401s] Level 1:colcon.colcon_core.environment:checking '/home/carloso/ros2_ws_23_2/install/f1_12th_simulator_g01/bin'
[3.402s] Level 1:colcon.colcon_core.environment:checking '/home/carloso/ros2_ws_23_2/install/f1_12th_simulator_g01/lib/pkgconfig/f1_12th_simulator_g01.pc'
[3.402s] Level 1:colcon.colcon_core.environment:checking '/home/carloso/ros2_ws_23_2/install/f1_12th_simulator_g01/lib/python3.10/site-packages'
[3.403s] Level 1:colcon.colcon_core.environment:checking '/home/carloso/ros2_ws_23_2/install/f1_12th_simulator_g01/bin'
[3.407s] INFO:colcon.colcon_core.shell:Creating package script '/home/carloso/ros2_ws_23_2/install/f1_12th_simulator_g01/share/f1_12th_simulator_g01/package.ps1'
[3.411s] INFO:colcon.colcon_core.shell:Creating package descriptor '/home/carloso/ros2_ws_23_2/install/f1_12th_simulator_g01/share/f1_12th_simulator_g01/package.dsv'
[3.412s] INFO:colcon.colcon_core.shell:Creating package script '/home/carloso/ros2_ws_23_2/install/f1_12th_simulator_g01/share/f1_12th_simulator_g01/package.sh'
[3.418s] INFO:colcon.colcon_core.shell:Creating package script '/home/carloso/ros2_ws_23_2/install/f1_12th_simulator_g01/share/f1_12th_simulator_g01/package.bash'
[3.421s] INFO:colcon.colcon_core.shell:Creating package script '/home/carloso/ros2_ws_23_2/install/f1_12th_simulator_g01/share/f1_12th_simulator_g01/package.zsh'
[3.424s] Level 1:colcon.colcon_core.environment:create_file_with_runtime_dependencies(/home/carloso/ros2_ws_23_2/install/f1_12th_simulator_g01/share/colcon-core/packages/f1_12th_simulator_g01)
[3.516s] Level 1:colcon.colcon_core.environment:create_environment_scripts_only(f1_12th_simulator_g01)
[3.524s] Level 1:colcon.colcon_core.environment:checking '/home/carloso/ros2_ws_23_2/install/f1_12th_simulator_g01' for CMake module files
[3.525s] Level 1:colcon.colcon_core.environment:checking '/home/carloso/ros2_ws_23_2/install/f1_12th_simulator_g01' for CMake config files
[3.526s] Level 1:colcon.colcon_core.shell:create_environment_hook('f1_12th_simulator_g01', 'cmake_prefix_path')
[3.533s] INFO:colcon.colcon_core.shell:Creating environment hook '/home/carloso/ros2_ws_23_2/install/f1_12th_simulator_g01/share/f1_12th_simulator_g01/hook/cmake_prefix_path.ps1'
[3.535s] INFO:colcon.colcon_core.shell:Creating environment descriptor '/home/carloso/ros2_ws_23_2/install/f1_12th_simulator_g01/share/f1_12th_simulator_g01/hook/cmake_prefix_path.dsv'
[3.538s] INFO:colcon.colcon_core.shell:Creating environment hook '/home/carloso/ros2_ws_23_2/install/f1_12th_simulator_g01/share/f1_12th_simulator_g01/hook/cmake_prefix_path.sh'
[3.541s] Level 1:colcon.colcon_core.environment:checking '/home/carloso/ros2_ws_23_2/install/f1_12th_simulator_g01/bin'
[3.541s] Level 1:colcon.colcon_core.environment:checking '/home/carloso/ros2_ws_23_2/install/f1_12th_simulator_g01/lib/pkgconfig/f1_12th_simulator_g01.pc'
[3.542s] Level 1:colcon.colcon_core.environment:checking '/home/carloso/ros2_ws_23_2/install/f1_12th_simulator_g01/lib/python3.10/site-packages'
[3.542s] Level 1:colcon.colcon_core.environment:checking '/home/carloso/ros2_ws_23_2/install/f1_12th_simulator_g01/bin'
[3.550s] INFO:colcon.colcon_core.shell:Creating package script '/home/carloso/ros2_ws_23_2/install/f1_12th_simulator_g01/share/f1_12th_simulator_g01/package.ps1'
[3.552s] INFO:colcon.colcon_core.shell:Creating package descriptor '/home/carloso/ros2_ws_23_2/install/f1_12th_simulator_g01/share/f1_12th_simulator_g01/package.dsv'
[3.554s] INFO:colcon.colcon_core.shell:Creating package script '/home/carloso/ros2_ws_23_2/install/f1_12th_simulator_g01/share/f1_12th_simulator_g01/package.sh'
[3.558s] INFO:colcon.colcon_core.shell:Creating package script '/home/carloso/ros2_ws_23_2/install/f1_12th_simulator_g01/share/f1_12th_simulator_g01/package.bash'
[3.561s] INFO:colcon.colcon_core.shell:Creating package script '/home/carloso/ros2_ws_23_2/install/f1_12th_simulator_g01/share/f1_12th_simulator_g01/package.zsh'
[3.565s] Level 1:colcon.colcon_core.environment:create_file_with_runtime_dependencies(/home/carloso/ros2_ws_23_2/install/f1_12th_simulator_g01/share/colcon-core/packages/f1_12th_simulator_g01)
[5.024s] DEBUG:colcon.colcon_core.event_handler.log_command:Invoking command in '/home/carloso/ros2_ws_23_2/build/joy_tester': PYTHONPATH=/home/carloso/ros2_ws_23_2/build/joy_tester/prefix_override:/home/carloso/ros2_ws_23_2/install/joy_tester/lib/python3.10/site-packages:${PYTHONPATH} /usr/bin/python3 setup.py develop --editable --build-directory /home/carloso/ros2_ws_23_2/build/joy_tester/build --no-deps install_data
[7.118s] Level 1:colcon.colcon_core.shell:create_environment_hook('joy_tester', 'pythonpath_develop')
[7.125s] INFO:colcon.colcon_core.shell:Creating environment hook '/home/carloso/ros2_ws_23_2/build/joy_tester/share/joy_tester/hook/pythonpath_develop.ps1'
[7.127s] DEBUG:colcon.colcon_core.event_handler.log_command:Invoked command in '/home/carloso/ros2_ws_23_2/build/joy_tester' returned '0': PYTHONPATH=/home/carloso/ros2_ws_23_2/build/joy_tester/prefix_override:/home/carloso/ros2_ws_23_2/install/joy_tester/lib/python3.10/site-packages:${PYTHONPATH} /usr/bin/python3 setup.py develop --editable --build-directory /home/carloso/ros2_ws_23_2/build/joy_tester/build --no-deps install_data
[7.130s] INFO:colcon.colcon_core.shell:Creating environment descriptor '/home/carloso/ros2_ws_23_2/build/joy_tester/share/joy_tester/hook/pythonpath_develop.dsv'
[7.131s] INFO:colcon.colcon_core.shell:Creating environment hook '/home/carloso/ros2_ws_23_2/build/joy_tester/share/joy_tester/hook/pythonpath_develop.sh'
[7.138s] Level 1:colcon.colcon_core.environment:checking '/home/carloso/ros2_ws_23_2/install/joy_tester' for CMake module files
[7.140s] Level 1:colcon.colcon_core.environment:checking '/home/carloso/ros2_ws_23_2/install/joy_tester' for CMake config files
[7.141s] Level 1:colcon.colcon_core.environment:checking '/home/carloso/ros2_ws_23_2/install/joy_tester/lib'
[7.142s] Level 1:colcon.colcon_core.environment:checking '/home/carloso/ros2_ws_23_2/install/joy_tester/bin'
[7.142s] Level 1:colcon.colcon_core.environment:checking '/home/carloso/ros2_ws_23_2/install/joy_tester/lib/pkgconfig/joy_tester.pc'
[7.143s] Level 1:colcon.colcon_core.environment:checking '/home/carloso/ros2_ws_23_2/install/joy_tester/lib/python3.10/site-packages'
[7.143s] Level 1:colcon.colcon_core.shell:create_environment_hook('joy_tester', 'pythonpath')
[7.148s] INFO:colcon.colcon_core.shell:Creating environment hook '/home/carloso/ros2_ws_23_2/install/joy_tester/share/joy_tester/hook/pythonpath.ps1'
[7.150s] INFO:colcon.colcon_core.shell:Creating environment descriptor '/home/carloso/ros2_ws_23_2/install/joy_tester/share/joy_tester/hook/pythonpath.dsv'
[7.152s] INFO:colcon.colcon_core.shell:Creating environment hook '/home/carloso/ros2_ws_23_2/install/joy_tester/share/joy_tester/hook/pythonpath.sh'
[7.153s] Level 1:colcon.colcon_core.environment:checking '/home/carloso/ros2_ws_23_2/install/joy_tester/bin'
[7.153s] Level 1:colcon.colcon_core.environment:create_environment_scripts_only(joy_tester)
[7.163s] INFO:colcon.colcon_core.shell:Creating package script '/home/carloso/ros2_ws_23_2/install/joy_tester/share/joy_tester/package.ps1'
[7.166s] INFO:colcon.colcon_core.shell:Creating package descriptor '/home/carloso/ros2_ws_23_2/install/joy_tester/share/joy_tester/package.dsv'
[7.169s] INFO:colcon.colcon_core.shell:Creating package script '/home/carloso/ros2_ws_23_2/install/joy_tester/share/joy_tester/package.sh'
[7.171s] INFO:colcon.colcon_core.shell:Creating package script '/home/carloso/ros2_ws_23_2/install/joy_tester/share/joy_tester/package.bash'
[7.172s] INFO:colcon.colcon_core.shell:Creating package script '/home/carloso/ros2_ws_23_2/install/joy_tester/share/joy_tester/package.zsh'
[7.177s] Level 1:colcon.colcon_core.environment:create_file_with_runtime_dependencies(/home/carloso/ros2_ws_23_2/install/joy_tester/share/colcon-core/packages/joy_tester)
[7.179s] DEBUG:colcon.colcon_parallel_executor.executor.parallel:closing loop
[7.180s] DEBUG:colcon.colcon_parallel_executor.executor.parallel:loop closed
[7.181s] DEBUG:colcon.colcon_parallel_executor.executor.parallel:run_until_complete finished with '0'
[7.182s] DEBUG:colcon.colcon_core.event_reactor:joining thread
[7.218s] INFO:colcon.colcon_core.plugin_system:Skipping extension 'colcon_notification.desktop_notification.terminal_notifier': Not used on non-Darwin systems
[7.219s] INFO:colcon.colcon_core.plugin_system:Skipping extension 'colcon_notification.desktop_notification.win32': Not used on non-Windows systems
[7.219s] INFO:colcon.colcon_notification.desktop_notification:Sending desktop notification using 'notify2'
[7.324s] DEBUG:colcon.colcon_core.event_reactor:joined thread
[7.329s] INFO:colcon.colcon_core.shell:Creating prefix script '/home/carloso/ros2_ws_23_2/install/local_setup.ps1'
[7.333s] INFO:colcon.colcon_core.shell:Creating prefix util module '/home/carloso/ros2_ws_23_2/install/_local_setup_util_ps1.py'
[7.339s] INFO:colcon.colcon_core.shell:Creating prefix chain script '/home/carloso/ros2_ws_23_2/install/setup.ps1'
[7.345s] INFO:colcon.colcon_core.shell:Creating prefix script '/home/carloso/ros2_ws_23_2/install/local_setup.sh'
[7.346s] INFO:colcon.colcon_core.shell:Creating prefix util module '/home/carloso/ros2_ws_23_2/install/_local_setup_util_sh.py'
[7.353s] INFO:colcon.colcon_core.shell:Creating prefix chain script '/home/carloso/ros2_ws_23_2/install/setup.sh'
[7.358s] INFO:colcon.colcon_core.shell:Creating prefix script '/home/carloso/ros2_ws_23_2/install/local_setup.bash'
[7.361s] INFO:colcon.colcon_core.shell:Creating prefix chain script '/home/carloso/ros2_ws_23_2/install/setup.bash'
[7.369s] INFO:colcon.colcon_core.shell:Creating prefix script '/home/carloso/ros2_ws_23_2/install/local_setup.zsh'
[7.370s] INFO:colcon.colcon_core.shell:Creating prefix chain script '/home/carloso/ros2_ws_23_2/install/setup.zsh'
