[0.272s] Invoking command in '/home/carloso/ros2_ws_23_2/build/sim_car': CMAKE_PREFIX_PATH=${CMAKE_PREFIX_PATH}:/home/carloso/ros2_ws_23_2/install/turtle_move_pkg_gYY:/home/carloso/ros2_ws_23_2/install/joy_tester:/opt/ros/humble /usr/bin/cmake /home/carloso/ros2_ws_23_2/src/sim_car/car_description -DAMENT_CMAKE_SYMLINK_INSTALL=1 -DCMAKE_INSTALL_PREFIX=/home/carloso/ros2_ws_23_2/install/sim_car
[0.324s] -- The C compiler identification is GNU 11.4.0
[0.374s] -- The CXX compiler identification is GNU 11.4.0
[0.381s] -- Detecting C compiler ABI info
[0.453s] -- Detecting C compiler ABI info - done
[0.460s] -- Check for working C compiler: /usr/bin/cc - skipped
[0.460s] -- Detecting C compile features
[0.461s] -- Detecting C compile features - done
[0.463s] -- Detecting CXX compiler ABI info
[0.546s] -- Detecting CXX compiler ABI info - done
[0.555s] -- Check for working CXX compiler: /usr/bin/c++ - skipped
[0.555s] -- Detecting CXX compile features
[0.556s] -- Detecting CXX compile features - done
[0.559s] -- Found ament_cmake: 1.3.5 (/opt/ros/humble/share/ament_cmake/cmake)
[0.761s] -- Found Python3: /usr/bin/python3.10 (found version "3.10.12") found components: Interpreter 
[0.824s] -- Override CMake install command with custom implementation using symlinks instead of copying resources
[0.855s] -- Found rclcpp: 16.0.5 (/opt/ros/humble/share/rclcpp/cmake)
[0.901s] -- Found rosidl_generator_c: 3.1.5 (/opt/ros/humble/share/rosidl_generator_c/cmake)
[0.907s] -- Found rosidl_adapter: 3.1.5 (/opt/ros/humble/share/rosidl_adapter/cmake)
[0.917s] -- Found rosidl_generator_cpp: 3.1.5 (/opt/ros/humble/share/rosidl_generator_cpp/cmake)
[0.933s] -- Using all available rosidl_typesupport_c: rosidl_typesupport_fastrtps_c;rosidl_typesupport_introspection_c
[0.958s] -- Using all available rosidl_typesupport_cpp: rosidl_typesupport_fastrtps_cpp;rosidl_typesupport_introspection_cpp
[1.037s] -- Found rmw_implementation_cmake: 6.1.1 (/opt/ros/humble/share/rmw_implementation_cmake/cmake)
[1.042s] -- Found rmw_fastrtps_cpp: 6.2.3 (/opt/ros/humble/share/rmw_fastrtps_cpp/cmake)
[1.161s] -- Found OpenSSL: /usr/lib/x86_64-linux-gnu/libcrypto.so (found version "3.0.2")  
[1.189s] -- Found FastRTPS: /opt/ros/humble/include  
[1.237s] -- Using RMW implementation 'rmw_fastrtps_cpp' as default
[1.247s] -- Looking for pthread.h
[1.315s] -- Looking for pthread.h - found
[1.315s] -- Performing Test CMAKE_HAVE_LIBC_PTHREAD
[1.386s] -- Performing Test CMAKE_HAVE_LIBC_PTHREAD - Success
[1.387s] -- Found Threads: TRUE  
[1.569s] -- Found rclpy: 3.3.9 (/opt/ros/humble/share/rclpy/cmake)
[1.571s] -- Found ament_lint_auto: 0.12.7 (/opt/ros/humble/share/ament_lint_auto/cmake)
[1.654s] -- Added test 'flake8' to check Python code syntax and style conventions
[1.655s] -- Added test 'lint_cmake' to check CMake code style
[1.656s] -- Added test 'pep257' to check Python code against some of the docstring style conventions in PEP 257
[1.658s] -- Added test 'xmllint' to check XML markup files
[1.660s] -- Configuring done
[1.666s] -- Generating done
[1.668s] -- Build files have been written to: /home/carloso/ros2_ws_23_2/build/sim_car
[1.678s] Invoked command in '/home/carloso/ros2_ws_23_2/build/sim_car' returned '0': CMAKE_PREFIX_PATH=${CMAKE_PREFIX_PATH}:/home/carloso/ros2_ws_23_2/install/turtle_move_pkg_gYY:/home/carloso/ros2_ws_23_2/install/joy_tester:/opt/ros/humble /usr/bin/cmake /home/carloso/ros2_ws_23_2/src/sim_car/car_description -DAMENT_CMAKE_SYMLINK_INSTALL=1 -DCMAKE_INSTALL_PREFIX=/home/carloso/ros2_ws_23_2/install/sim_car
[1.679s] Invoking command in '/home/carloso/ros2_ws_23_2/build/sim_car': CMAKE_PREFIX_PATH=${CMAKE_PREFIX_PATH}:/home/carloso/ros2_ws_23_2/install/turtle_move_pkg_gYY:/home/carloso/ros2_ws_23_2/install/joy_tester:/opt/ros/humble /usr/bin/cmake --build /home/carloso/ros2_ws_23_2/build/sim_car -- -j8 -l8
[1.716s] Invoked command in '/home/carloso/ros2_ws_23_2/build/sim_car' returned '0': CMAKE_PREFIX_PATH=${CMAKE_PREFIX_PATH}:/home/carloso/ros2_ws_23_2/install/turtle_move_pkg_gYY:/home/carloso/ros2_ws_23_2/install/joy_tester:/opt/ros/humble /usr/bin/cmake --build /home/carloso/ros2_ws_23_2/build/sim_car -- -j8 -l8
[1.739s] Invoking command in '/home/carloso/ros2_ws_23_2/build/sim_car': CMAKE_PREFIX_PATH=${CMAKE_PREFIX_PATH}:/home/carloso/ros2_ws_23_2/install/turtle_move_pkg_gYY:/home/carloso/ros2_ws_23_2/install/joy_tester:/opt/ros/humble /usr/bin/cmake --install /home/carloso/ros2_ws_23_2/build/sim_car
[1.745s] -- Install configuration: ""
[1.746s] -- Execute custom install script
[1.746s] -- Symlinking: /home/carloso/ros2_ws_23_2/install/sim_car/lib/sim_car//convert_xacro.py
[1.754s] -- Symlinking: /home/carloso/ros2_ws_23_2/install/sim_car/lib/sim_car//spawn_bot.py
[1.762s] -- Symlinking: /home/carloso/ros2_ws_23_2/install/sim_car/lib/sim_car//sentry.py
[1.771s] -- Symlinking: /home/carloso/ros2_ws_23_2/install/sim_car/share/sim_car//launch/all.launch.py
[1.779s] -- Symlinking: /home/carloso/ros2_ws_23_2/install/sim_car/share/sim_car//launch/blue2.py
[1.788s] -- Symlinking: /home/carloso/ros2_ws_23_2/install/sim_car/share/sim_car//launch/blue_launch.py
[1.796s] -- Symlinking: /home/carloso/ros2_ws_23_2/install/sim_car/share/sim_car//launch/bringup.launch.py
[1.804s] -- Symlinking: /home/carloso/ros2_ws_23_2/install/sim_car/share/sim_car//launch/bringup.launch2.py
[1.813s] -- Symlinking: /home/carloso/ros2_ws_23_2/install/sim_car/share/sim_car//launch/spawn_car.launch.py
[1.821s] -- Symlinking: /home/carloso/ros2_ws_23_2/install/sim_car/share/sim_car//launch/spawn_red_crash.launch.py
[1.829s] -- Symlinking: /home/carloso/ros2_ws_23_2/install/sim_car/share/sim_car//launch/spawn_world.launch.py
[1.837s] -- Symlinking: /home/carloso/ros2_ws_23_2/install/sim_car/share/sim_car//config/blue_params.yaml
[1.845s] -- Symlinking: /home/carloso/ros2_ws_23_2/install/sim_car/share/sim_car//config/nav2_params.yaml
[1.853s] -- Symlinking: /home/carloso/ros2_ws_23_2/install/sim_car/share/sim_car//config/red-crash.rviz
[1.861s] -- Symlinking: /home/carloso/ros2_ws_23_2/install/sim_car/share/sim_car//config/teleop_twist_joy.yaml
[1.870s] -- Symlinking: /home/carloso/ros2_ws_23_2/install/sim_car/share/sim_car//robot/car.urdf.xacro
[1.878s] -- Symlinking: /home/carloso/ros2_ws_23_2/install/sim_car/share/sim_car//robot/red_crash.urdf.xacro
[1.886s] -- Symlinking: /home/carloso/ros2_ws_23_2/install/sim_car/share/sim_car//worlds/empty.world
[1.895s] -- Symlinking: /home/carloso/ros2_ws_23_2/install/sim_car/share/sim_car//worlds/simple.world
[1.903s] -- Symlinking: /home/carloso/ros2_ws_23_2/install/sim_car/share/sim_car//worlds/simple_world_maps/map_1669268298.pgm
[1.912s] -- Symlinking: /home/carloso/ros2_ws_23_2/install/sim_car/share/sim_car//worlds/simple_world_maps/map_1669268298.yaml
[1.920s] -- Symlinking: /home/carloso/ros2_ws_23_2/install/sim_car/share/sim_car//worlds/simple_world_maps/map_1669312051.pgm
[1.928s] -- Symlinking: /home/carloso/ros2_ws_23_2/install/sim_car/share/sim_car//worlds/simple_world_maps/map_1669312051.yaml
[1.937s] -- Symlinking: /home/carloso/ros2_ws_23_2/install/sim_car/share/sim_car//scripts/convert_xacro.py
[1.945s] -- Symlinking: /home/carloso/ros2_ws_23_2/install/sim_car/share/sim_car//scripts/play.html
[1.953s] -- Symlinking: /home/carloso/ros2_ws_23_2/install/sim_car/share/sim_car//scripts/sentry.py
[1.962s] -- Symlinking: /home/carloso/ros2_ws_23_2/install/sim_car/share/sim_car//scripts/spawn_bot.py
[1.970s] -- Symlinking: /home/carloso/ros2_ws_23_2/install/sim_car/share/sim_car//params/intentionally_empty
[1.978s] -- Symlinking: /home/carloso/ros2_ws_23_2/install/sim_car/share/sim_car//behavior_trees/navigate_w_replanning_time2.xml
[1.986s] -- Symlinking: /home/carloso/ros2_ws_23_2/install/sim_car/share/ament_index/resource_index/package_run_dependencies/sim_car
[1.994s] -- Symlinking: /home/carloso/ros2_ws_23_2/install/sim_car/share/ament_index/resource_index/parent_prefix_path/sim_car
[2.002s] -- Symlinking: /home/carloso/ros2_ws_23_2/install/sim_car/share/sim_car/environment/ament_prefix_path.sh
[2.011s] -- Symlinking: /home/carloso/ros2_ws_23_2/install/sim_car/share/sim_car/environment/ament_prefix_path.dsv
[2.019s] -- Symlinking: /home/carloso/ros2_ws_23_2/install/sim_car/share/sim_car/environment/path.sh
[2.027s] -- Symlinking: /home/carloso/ros2_ws_23_2/install/sim_car/share/sim_car/environment/path.dsv
[2.035s] -- Symlinking: /home/carloso/ros2_ws_23_2/install/sim_car/share/sim_car/local_setup.bash
[2.043s] -- Symlinking: /home/carloso/ros2_ws_23_2/install/sim_car/share/sim_car/local_setup.sh
[2.051s] -- Symlinking: /home/carloso/ros2_ws_23_2/install/sim_car/share/sim_car/local_setup.zsh
[2.059s] -- Symlinking: /home/carloso/ros2_ws_23_2/install/sim_car/share/sim_car/local_setup.dsv
[2.067s] -- Symlinking: /home/carloso/ros2_ws_23_2/install/sim_car/share/sim_car/package.dsv
[2.075s] -- Symlinking: /home/carloso/ros2_ws_23_2/install/sim_car/share/ament_index/resource_index/packages/sim_car
[2.083s] -- Symlinking: /home/carloso/ros2_ws_23_2/install/sim_car/share/sim_car/cmake/sim_carConfig.cmake
[2.091s] -- Symlinking: /home/carloso/ros2_ws_23_2/install/sim_car/share/sim_car/cmake/sim_carConfig-version.cmake
[2.098s] -- Symlinking: /home/carloso/ros2_ws_23_2/install/sim_car/share/sim_car/package.xml
[2.110s] Invoked command in '/home/carloso/ros2_ws_23_2/build/sim_car' returned '0': CMAKE_PREFIX_PATH=${CMAKE_PREFIX_PATH}:/home/carloso/ros2_ws_23_2/install/turtle_move_pkg_gYY:/home/carloso/ros2_ws_23_2/install/joy_tester:/opt/ros/humble /usr/bin/cmake --install /home/carloso/ros2_ws_23_2/build/sim_car
