[0.037s] Invoking command in '/home/carloso/ros2_ws_23_2/build/f1_12th_simulator_g01': CMAKE_PREFIX_PATH=${CMAKE_PREFIX_PATH}:/home/carloso/ros2_ws_23_2/install/turtle_move_pkg_gYY:/home/carloso/ros2_ws_23_2/install/joy_tester:/opt/ros/humble /usr/bin/cmake --build /home/carloso/ros2_ws_23_2/build/f1_12th_simulator_g01 -- -j8 -l8
[0.289s] -- Found ament_cmake: 1.3.5 (/opt/ros/humble/share/ament_cmake/cmake)
[0.289s] -- Override CMake install command with custom implementation using symlinks instead of copying resources
[0.318s] -- Found ament_lint_auto: 0.12.7 (/opt/ros/humble/share/ament_lint_auto/cmake)
[0.402s] -- Added test 'copyright' to check source files copyright and LICENSE
[0.411s] -- Added test 'flake8' to check Python code syntax and style conventions
[0.412s] -- Added test 'lint_cmake' to check CMake code style
[0.413s] -- Added test 'pep257' to check Python code against some of the docstring style conventions in PEP 257
[0.418s] -- Added test 'xmllint' to check XML markup files
[0.424s] -- Configuring done
[0.439s] -- Generating done
[0.441s] -- Build files have been written to: /home/carloso/ros2_ws_23_2/build/f1_12th_simulator_g01
[0.539s] Invoked command in '/home/carloso/ros2_ws_23_2/build/f1_12th_simulator_g01' returned '0': CMAKE_PREFIX_PATH=${CMAKE_PREFIX_PATH}:/home/carloso/ros2_ws_23_2/install/turtle_move_pkg_gYY:/home/carloso/ros2_ws_23_2/install/joy_tester:/opt/ros/humble /usr/bin/cmake --build /home/carloso/ros2_ws_23_2/build/f1_12th_simulator_g01 -- -j8 -l8
[0.571s] Invoking command in '/home/carloso/ros2_ws_23_2/build/f1_12th_simulator_g01': CMAKE_PREFIX_PATH=${CMAKE_PREFIX_PATH}:/home/carloso/ros2_ws_23_2/install/turtle_move_pkg_gYY:/home/carloso/ros2_ws_23_2/install/joy_tester:/opt/ros/humble /usr/bin/cmake --install /home/carloso/ros2_ws_23_2/build/f1_12th_simulator_g01
[0.580s] -- Install configuration: ""
[0.580s] -- Execute custom install script
[0.581s] -- Up-to-date symlink: /home/carloso/ros2_ws_23_2/install/f1_12th_simulator_g01/share/f1_12th_simulator_g01/config/empty.yaml
[0.582s] -- Up-to-date symlink: /home/carloso/ros2_ws_23_2/install/f1_12th_simulator_g01/share/f1_12th_simulator_g01/config/joystick.yaml
[0.582s] -- Up-to-date symlink: /home/carloso/ros2_ws_23_2/install/f1_12th_simulator_g01/share/f1_12th_simulator_g01/config/mapper_params_online_async.yaml
[0.583s] -- Up-to-date symlink: /home/carloso/ros2_ws_23_2/install/f1_12th_simulator_g01/share/f1_12th_simulator_g01/description/gazebo_control.xacro
[0.583s] -- Up-to-date symlink: /home/carloso/ros2_ws_23_2/install/f1_12th_simulator_g01/share/f1_12th_simulator_g01/description/inertial_macros.xacro
[0.584s] -- Up-to-date symlink: /home/carloso/ros2_ws_23_2/install/f1_12th_simulator_g01/share/f1_12th_simulator_g01/description/lidar.xacro
[0.584s] -- Up-to-date symlink: /home/carloso/ros2_ws_23_2/install/f1_12th_simulator_g01/share/f1_12th_simulator_g01/description/properties.xacro
[0.585s] -- Up-to-date symlink: /home/carloso/ros2_ws_23_2/install/f1_12th_simulator_g01/share/f1_12th_simulator_g01/description/robot.urdf.xacro
[0.585s] -- Up-to-date symlink: /home/carloso/ros2_ws_23_2/install/f1_12th_simulator_g01/share/f1_12th_simulator_g01/description/robot_core.xacro
[0.585s] -- Symlinking: /home/carloso/ros2_ws_23_2/install/f1_12th_simulator_g01/share/f1_12th_simulator_g01/description/rviz_model.rviz
[0.594s] -- Up-to-date symlink: /home/carloso/ros2_ws_23_2/install/f1_12th_simulator_g01/share/f1_12th_simulator_g01/launch/joystick.launch.py
[0.594s] -- Up-to-date symlink: /home/carloso/ros2_ws_23_2/install/f1_12th_simulator_g01/share/f1_12th_simulator_g01/launch/launch_sim.launch.py
[0.594s] -- Up-to-date symlink: /home/carloso/ros2_ws_23_2/install/f1_12th_simulator_g01/share/f1_12th_simulator_g01/launch/rsp.launch.py
[0.595s] -- Symlinking: /home/carloso/ros2_ws_23_2/install/f1_12th_simulator_g01/share/f1_12th_simulator_g01/worlds/BigRoom.world
[0.603s] -- Symlinking: /home/carloso/ros2_ws_23_2/install/f1_12th_simulator_g01/share/f1_12th_simulator_g01/worlds/Room2.world
[0.611s] -- Up-to-date symlink: /home/carloso/ros2_ws_23_2/install/f1_12th_simulator_g01/share/f1_12th_simulator_g01/worlds/empty.world
[0.612s] -- Symlinking: /home/carloso/ros2_ws_23_2/install/f1_12th_simulator_g01/share/f1_12th_simulator_g01/worlds/room3.world
[0.620s] -- Up-to-date symlink: /home/carloso/ros2_ws_23_2/install/f1_12th_simulator_g01/share/ament_index/resource_index/package_run_dependencies/f1_12th_simulator_g01
[0.621s] -- Up-to-date symlink: /home/carloso/ros2_ws_23_2/install/f1_12th_simulator_g01/share/ament_index/resource_index/parent_prefix_path/f1_12th_simulator_g01
[0.621s] -- Up-to-date symlink: /home/carloso/ros2_ws_23_2/install/f1_12th_simulator_g01/share/f1_12th_simulator_g01/environment/ament_prefix_path.sh
[0.621s] -- Up-to-date symlink: /home/carloso/ros2_ws_23_2/install/f1_12th_simulator_g01/share/f1_12th_simulator_g01/environment/ament_prefix_path.dsv
[0.622s] -- Up-to-date symlink: /home/carloso/ros2_ws_23_2/install/f1_12th_simulator_g01/share/f1_12th_simulator_g01/environment/path.sh
[0.622s] -- Up-to-date symlink: /home/carloso/ros2_ws_23_2/install/f1_12th_simulator_g01/share/f1_12th_simulator_g01/environment/path.dsv
[0.622s] -- Up-to-date symlink: /home/carloso/ros2_ws_23_2/install/f1_12th_simulator_g01/share/f1_12th_simulator_g01/local_setup.bash
[0.623s] -- Up-to-date symlink: /home/carloso/ros2_ws_23_2/install/f1_12th_simulator_g01/share/f1_12th_simulator_g01/local_setup.sh
[0.623s] -- Up-to-date symlink: /home/carloso/ros2_ws_23_2/install/f1_12th_simulator_g01/share/f1_12th_simulator_g01/local_setup.zsh
[0.624s] -- Up-to-date symlink: /home/carloso/ros2_ws_23_2/install/f1_12th_simulator_g01/share/f1_12th_simulator_g01/local_setup.dsv
[0.624s] -- Symlinking: /home/carloso/ros2_ws_23_2/install/f1_12th_simulator_g01/share/f1_12th_simulator_g01/package.dsv
[0.634s] -- Up-to-date symlink: /home/carloso/ros2_ws_23_2/install/f1_12th_simulator_g01/share/ament_index/resource_index/packages/f1_12th_simulator_g01
[0.634s] -- Up-to-date symlink: /home/carloso/ros2_ws_23_2/install/f1_12th_simulator_g01/share/f1_12th_simulator_g01/cmake/f1_12th_simulator_g01Config.cmake
[0.635s] -- Up-to-date symlink: /home/carloso/ros2_ws_23_2/install/f1_12th_simulator_g01/share/f1_12th_simulator_g01/cmake/f1_12th_simulator_g01Config-version.cmake
[0.635s] -- Up-to-date symlink: /home/carloso/ros2_ws_23_2/install/f1_12th_simulator_g01/share/f1_12th_simulator_g01/package.xml
[0.638s] Invoked command in '/home/carloso/ros2_ws_23_2/build/f1_12th_simulator_g01' returned '0': CMAKE_PREFIX_PATH=${CMAKE_PREFIX_PATH}:/home/carloso/ros2_ws_23_2/install/turtle_move_pkg_gYY:/home/carloso/ros2_ws_23_2/install/joy_tester:/opt/ros/humble /usr/bin/cmake --install /home/carloso/ros2_ws_23_2/build/f1_12th_simulator_g01
