[7.718s] Invoking command in '/home/carloso/ros2_ws_23_2/build/turtle_move_pkg_gYY': PYTHONPATH=/home/carloso/ros2_ws_23_2/build/turtle_move_pkg_gYY/prefix_override:/home/carloso/ros2_ws_23_2/install/turtle_move_pkg_gYY/lib/python3.10/site-packages:${PYTHONPATH} /usr/bin/python3 setup.py develop --editable --build-directory /home/carloso/ros2_ws_23_2/build/turtle_move_pkg_gYY/build --no-deps install_data
[9.818s] running develop
[9.825s] /usr/lib/python3/dist-packages/setuptools/command/easy_install.py:158: EasyInstallDeprecationWarning: easy_install command is deprecated. Use build and pip and other standards-based tools.
[9.826s]   warnings.warn(
[9.840s] /usr/lib/python3/dist-packages/setuptools/command/install.py:34: SetuptoolsDeprecationWarning: setup.py install is deprecated. Use build and pip and other standards-based tools.
[9.841s]   warnings.warn(
[11.495s] running egg_info
[11.497s] writing turtle_move_pkg_gYY.egg-info/PKG-INFO
[11.498s] writing dependency_links to turtle_move_pkg_gYY.egg-info/dependency_links.txt
[11.504s] writing entry points to turtle_move_pkg_gYY.egg-info/entry_points.txt
[11.520s] writing requirements to turtle_move_pkg_gYY.egg-info/requires.txt
[11.522s] writing top-level names to turtle_move_pkg_gYY.egg-info/top_level.txt
[11.529s] reading manifest file 'turtle_move_pkg_gYY.egg-info/SOURCES.txt'
[11.531s] writing manifest file 'turtle_move_pkg_gYY.egg-info/SOURCES.txt'
[11.537s] running build_ext
[11.537s] Creating /home/carloso/ros2_ws_23_2/install/turtle_move_pkg_gYY/lib/python3.10/site-packages/turtle-move-pkg-gYY.egg-link (link to .)
[11.546s] Installing turtle_move_node_gYY script to /home/carloso/ros2_ws_23_2/install/turtle_move_pkg_gYY/lib/turtle_move_pkg_gYY
[11.549s] 
[11.549s] Installed /home/carloso/ros2_ws_23_2/build/turtle_move_pkg_gYY
[11.550s] running install_data
[11.991s] Invoked command in '/home/carloso/ros2_ws_23_2/build/turtle_move_pkg_gYY' returned '0': PYTHONPATH=/home/carloso/ros2_ws_23_2/build/turtle_move_pkg_gYY/prefix_override:/home/carloso/ros2_ws_23_2/install/turtle_move_pkg_gYY/lib/python3.10/site-packages:${PYTHONPATH} /usr/bin/python3 setup.py develop --editable --build-directory /home/carloso/ros2_ws_23_2/build/turtle_move_pkg_gYY/build --no-deps install_data
