[0.842s] Invoking command in '/home/carloso/ros2_ws_23_2/build/turtle_move_pkg_gYY': PYTHONPATH=/home/carloso/ros2_ws_23_2/build/turtle_move_pkg_gYY/prefix_override:/home/carloso/ros2_ws_23_2/install/turtle_move_pkg_gYY/lib/python3.10/site-packages:${PYTHONPATH} /usr/bin/python3 setup.py develop --editable --build-directory /home/carloso/ros2_ws_23_2/build/turtle_move_pkg_gYY/build --no-deps install_data
[1.077s] running develop
[1.077s] /usr/lib/python3/dist-packages/setuptools/command/easy_install.py:158: EasyInstallDeprecationWarning: easy_install command is deprecated. Use build and pip and other standards-based tools.
[1.077s]   warnings.warn(
[1.078s] /usr/lib/python3/dist-packages/setuptools/command/install.py:34: SetuptoolsDeprecationWarning: setup.py install is deprecated. Use build and pip and other standards-based tools.
[1.078s]   warnings.warn(
[1.232s] running egg_info
[1.232s] creating turtle_move_pkg_gYY.egg-info
[1.233s] writing turtle_move_pkg_gYY.egg-info/PKG-INFO
[1.233s] writing dependency_links to turtle_move_pkg_gYY.egg-info/dependency_links.txt
[1.233s] writing entry points to turtle_move_pkg_gYY.egg-info/entry_points.txt
[1.233s] writing requirements to turtle_move_pkg_gYY.egg-info/requires.txt
[1.233s] writing top-level names to turtle_move_pkg_gYY.egg-info/top_level.txt
[1.233s] writing manifest file 'turtle_move_pkg_gYY.egg-info/SOURCES.txt'
[1.235s] reading manifest file 'turtle_move_pkg_gYY.egg-info/SOURCES.txt'
[1.236s] writing manifest file 'turtle_move_pkg_gYY.egg-info/SOURCES.txt'
[1.237s] running build_ext
[1.237s] Creating /home/carloso/ros2_ws_23_2/install/turtle_move_pkg_gYY/lib/python3.10/site-packages/turtle-move-pkg-gYY.egg-link (link to .)
[1.238s] 
[1.238s] Installed /home/carloso/ros2_ws_23_2/build/turtle_move_pkg_gYY
[1.238s] running install_data
[1.239s] creating /home/carloso/ros2_ws_23_2/install/turtle_move_pkg_gYY/share/ament_index
[1.239s] creating /home/carloso/ros2_ws_23_2/install/turtle_move_pkg_gYY/share/ament_index/resource_index
[1.239s] creating /home/carloso/ros2_ws_23_2/install/turtle_move_pkg_gYY/share/ament_index/resource_index/packages
[1.239s] copying resource/turtle_move_pkg_gYY -> /home/carloso/ros2_ws_23_2/install/turtle_move_pkg_gYY/share/ament_index/resource_index/packages
[1.239s] copying package.xml -> /home/carloso/ros2_ws_23_2/install/turtle_move_pkg_gYY/share/turtle_move_pkg_gYY
[1.270s] Invoked command in '/home/carloso/ros2_ws_23_2/build/turtle_move_pkg_gYY' returned '0': PYTHONPATH=/home/carloso/ros2_ws_23_2/build/turtle_move_pkg_gYY/prefix_override:/home/carloso/ros2_ws_23_2/install/turtle_move_pkg_gYY/lib/python3.10/site-packages:${PYTHONPATH} /usr/bin/python3 setup.py develop --editable --build-directory /home/carloso/ros2_ws_23_2/build/turtle_move_pkg_gYY/build --no-deps install_data
