[0.025s] Invoking command in '/home/carloso/ros2_ws_23_2/build/car_gazebo_plugin': CMAKE_PREFIX_PATH=${CMAKE_PREFIX_PATH}:/home/carloso/ros2_ws_23_2/install/turtle_move_pkg_gYY:/home/carloso/ros2_ws_23_2/install/launch_pkg_gYY:/home/carloso/ros2_ws_23_2/install/joy_tester:/opt/ros/humble /usr/bin/cmake --build /home/carloso/ros2_ws_23_2/build/car_gazebo_plugin -- -j8 -l8
[0.073s] [35m[1mConsolidate compiler generated dependencies of target car_gazebo_plugin[0m
[0.115s] [100%] Built target car_gazebo_plugin
[0.125s] Invoked command in '/home/carloso/ros2_ws_23_2/build/car_gazebo_plugin' returned '0': CMAKE_PREFIX_PATH=${CMAKE_PREFIX_PATH}:/home/carloso/ros2_ws_23_2/install/turtle_move_pkg_gYY:/home/carloso/ros2_ws_23_2/install/launch_pkg_gYY:/home/carloso/ros2_ws_23_2/install/joy_tester:/opt/ros/humble /usr/bin/cmake --build /home/carloso/ros2_ws_23_2/build/car_gazebo_plugin -- -j8 -l8
[0.157s] Invoking command in '/home/carloso/ros2_ws_23_2/build/car_gazebo_plugin': CMAKE_PREFIX_PATH=${CMAKE_PREFIX_PATH}:/home/carloso/ros2_ws_23_2/install/turtle_move_pkg_gYY:/home/carloso/ros2_ws_23_2/install/launch_pkg_gYY:/home/carloso/ros2_ws_23_2/install/joy_tester:/opt/ros/humble /usr/bin/cmake --install /home/carloso/ros2_ws_23_2/build/car_gazebo_plugin
[0.167s] -- Install configuration: ""
[0.167s] -- Execute custom install script
[0.167s] -- Up-to-date symlink: /home/carloso/ros2_ws_23_2/install/car_gazebo_plugin/share/car_gazebo_plugin/libcar_gazebo_plugin.so
[0.168s] -- Up-to-date symlink: /home/carloso/ros2_ws_23_2/install/car_gazebo_plugin/share/ament_index/resource_index/package_run_dependencies/car_gazebo_plugin
[0.168s] -- Up-to-date symlink: /home/carloso/ros2_ws_23_2/install/car_gazebo_plugin/share/ament_index/resource_index/parent_prefix_path/car_gazebo_plugin
[0.168s] -- Up-to-date symlink: /home/carloso/ros2_ws_23_2/install/car_gazebo_plugin/share/car_gazebo_plugin/environment/ament_prefix_path.sh
[0.168s] -- Up-to-date symlink: /home/carloso/ros2_ws_23_2/install/car_gazebo_plugin/share/car_gazebo_plugin/environment/ament_prefix_path.dsv
[0.168s] -- Up-to-date symlink: /home/carloso/ros2_ws_23_2/install/car_gazebo_plugin/share/car_gazebo_plugin/environment/path.sh
[0.169s] -- Up-to-date symlink: /home/carloso/ros2_ws_23_2/install/car_gazebo_plugin/share/car_gazebo_plugin/environment/path.dsv
[0.169s] -- Up-to-date symlink: /home/carloso/ros2_ws_23_2/install/car_gazebo_plugin/share/car_gazebo_plugin/local_setup.bash
[0.169s] -- Up-to-date symlink: /home/carloso/ros2_ws_23_2/install/car_gazebo_plugin/share/car_gazebo_plugin/local_setup.sh
[0.169s] -- Up-to-date symlink: /home/carloso/ros2_ws_23_2/install/car_gazebo_plugin/share/car_gazebo_plugin/local_setup.zsh
[0.169s] -- Up-to-date symlink: /home/carloso/ros2_ws_23_2/install/car_gazebo_plugin/share/car_gazebo_plugin/local_setup.dsv
[0.170s] -- Symlinking: /home/carloso/ros2_ws_23_2/install/car_gazebo_plugin/share/car_gazebo_plugin/package.dsv
[0.177s] -- Up-to-date symlink: /home/carloso/ros2_ws_23_2/install/car_gazebo_plugin/share/ament_index/resource_index/packages/car_gazebo_plugin
[0.177s] -- Up-to-date symlink: /home/carloso/ros2_ws_23_2/install/car_gazebo_plugin/share/car_gazebo_plugin/cmake/car_gazebo_pluginConfig.cmake
[0.177s] -- Up-to-date symlink: /home/carloso/ros2_ws_23_2/install/car_gazebo_plugin/share/car_gazebo_plugin/cmake/car_gazebo_pluginConfig-version.cmake
[0.177s] -- Up-to-date symlink: /home/carloso/ros2_ws_23_2/install/car_gazebo_plugin/share/car_gazebo_plugin/package.xml
[0.192s] Invoked command in '/home/carloso/ros2_ws_23_2/build/car_gazebo_plugin' returned '0': CMAKE_PREFIX_PATH=${CMAKE_PREFIX_PATH}:/home/carloso/ros2_ws_23_2/install/turtle_move_pkg_gYY:/home/carloso/ros2_ws_23_2/install/launch_pkg_gYY:/home/carloso/ros2_ws_23_2/install/joy_tester:/opt/ros/humble /usr/bin/cmake --install /home/carloso/ros2_ws_23_2/build/car_gazebo_plugin
