[1.848s] Invoking command in '/home/carloso/ros2_ws_23_2/build/scrips_node': PYTHONPATH=/home/carloso/ros2_ws_23_2/build/scrips_node/prefix_override:/home/carloso/ros2_ws_23_2/install/scrips_node/lib/python3.10/site-packages:${PYTHONPATH} /usr/bin/python3 setup.py develop --editable --build-directory /home/carloso/ros2_ws_23_2/build/scrips_node/build --no-deps install_data
[2.177s] running develop
[2.177s] /usr/lib/python3/dist-packages/setuptools/command/easy_install.py:158: EasyInstallDeprecationWarning: easy_install command is deprecated. Use build and pip and other standards-based tools.
[2.177s]   warnings.warn(
[2.179s] /usr/lib/python3/dist-packages/setuptools/command/install.py:34: SetuptoolsDeprecationWarning: setup.py install is deprecated. Use build and pip and other standards-based tools.
[2.179s]   warnings.warn(
[2.398s] running egg_info
[2.399s] writing scrips_node.egg-info/PKG-INFO
[2.399s] writing dependency_links to scrips_node.egg-info/dependency_links.txt
[2.399s] writing entry points to scrips_node.egg-info/entry_points.txt
[2.399s] writing requirements to scrips_node.egg-info/requires.txt
[2.399s] writing top-level names to scrips_node.egg-info/top_level.txt
[2.402s] reading manifest file 'scrips_node.egg-info/SOURCES.txt'
[2.403s] writing manifest file 'scrips_node.egg-info/SOURCES.txt'
[2.405s] running build_ext
[2.405s] Creating /home/carloso/ros2_ws_23_2/install/scrips_node/lib/python3.10/site-packages/scrips-node.egg-link (link to .)
[2.406s] Installing scrips_node script to /home/carloso/ros2_ws_23_2/install/scrips_node/lib/scrips_node
[2.406s] 
[2.406s] Installed /home/carloso/ros2_ws_23_2/build/scrips_node
[2.406s] running install_data
[2.447s] Invoked command in '/home/carloso/ros2_ws_23_2/build/scrips_node' returned '0': PYTHONPATH=/home/carloso/ros2_ws_23_2/build/scrips_node/prefix_override:/home/carloso/ros2_ws_23_2/install/scrips_node/lib/python3.10/site-packages:${PYTHONPATH} /usr/bin/python3 setup.py develop --editable --build-directory /home/carloso/ros2_ws_23_2/build/scrips_node/build --no-deps install_data
