[0.291s] DEBUG:colcon:Command line arguments: ['/usr/bin/colcon', 'build', '--symlink-install']
[0.292s] DEBUG:colcon:Parsed command line arguments: Namespace(log_base=None, log_level=None, verb_name='build', build_base='build', install_base='install', merge_install=False, symlink_install=True, test_result_base=None, continue_on_error=False, executor='parallel', parallel_workers=8, event_handlers=None, ignore_user_meta=False, metas=['./colcon.meta'], base_paths=['.'], packages_ignore=None, packages_ignore_regex=None, paths=None, packages_up_to=None, packages_up_to_regex=None, packages_above=None, packages_above_and_dependencies=None, packages_above_depth=None, packages_select_by_dep=None, packages_skip_by_dep=None, packages_skip_up_to=None, packages_select_build_failed=False, packages_skip_build_finished=False, packages_select_test_failures=False, packages_skip_test_passed=False, packages_select=None, packages_skip=None, packages_select_regex=None, packages_skip_regex=None, packages_start=None, packages_end=None, allow_overriding=[], cmake_args=None, cmake_target=None, cmake_target_skip_unavailable=False, cmake_clean_cache=False, cmake_clean_first=False, cmake_force_configure=False, ament_cmake_args=None, catkin_cmake_args=None, catkin_skip_building_tests=False, verb_parser=<colcon_defaults.argument_parser.defaults.DefaultArgumentsDecorator object at 0x7f53d07e3dc0>, verb_extension=<colcon_core.verb.build.BuildVerb object at 0x7f53d0fafdc0>, main=<bound method BuildVerb.main of <colcon_core.verb.build.BuildVerb object at 0x7f53d0fafdc0>>)
[0.319s] Level 1:colcon.colcon_core.package_discovery:discover_packages(colcon_meta) check parameters
[0.319s] Level 1:colcon.colcon_core.package_discovery:discover_packages(recursive) check parameters
[0.319s] Level 1:colcon.colcon_core.package_discovery:discover_packages(ignore) check parameters
[0.319s] Level 1:colcon.colcon_core.package_discovery:discover_packages(path) check parameters
[0.319s] Level 1:colcon.colcon_core.package_discovery:discover_packages(colcon_meta) discover
[0.319s] Level 1:colcon.colcon_core.package_discovery:discover_packages(recursive) discover
[0.320s] INFO:colcon.colcon_core.package_discovery:Crawling recursively for packages in '/home/carloso/ros2_ws_23_2'
[0.320s] Level 1:colcon.colcon_core.package_identification:_identify(.) by extensions ['ignore', 'ignore_ament_install']
[0.320s] Level 1:colcon.colcon_core.package_identification:_identify(.) by extension 'ignore'
[0.320s] Level 1:colcon.colcon_core.package_identification:_identify(.) by extension 'ignore_ament_install'
[0.320s] Level 1:colcon.colcon_core.package_identification:_identify(.) by extensions ['colcon_pkg']
[0.320s] Level 1:colcon.colcon_core.package_identification:_identify(.) by extension 'colcon_pkg'
[0.320s] Level 1:colcon.colcon_core.package_identification:_identify(.) by extensions ['colcon_meta']
[0.320s] Level 1:colcon.colcon_core.package_identification:_identify(.) by extension 'colcon_meta'
[0.320s] Level 1:colcon.colcon_core.package_identification:_identify(.) by extensions ['ros']
[0.320s] Level 1:colcon.colcon_core.package_identification:_identify(.) by extension 'ros'
[0.330s] Level 1:colcon.colcon_core.package_identification:_identify(.) by extensions ['cmake', 'python']
[0.330s] Level 1:colcon.colcon_core.package_identification:_identify(.) by extension 'cmake'
[0.330s] Level 1:colcon.colcon_core.package_identification:_identify(.) by extension 'python'
[0.330s] Level 1:colcon.colcon_core.package_identification:_identify(.) by extensions ['python_setup_py']
[0.330s] Level 1:colcon.colcon_core.package_identification:_identify(.) by extension 'python_setup_py'
[0.330s] Level 1:colcon.colcon_core.package_identification:_identify(build) by extensions ['ignore', 'ignore_ament_install']
[0.330s] Level 1:colcon.colcon_core.package_identification:_identify(build) by extension 'ignore'
[0.330s] Level 1:colcon.colcon_core.package_identification:_identify(build) ignored
[0.330s] Level 1:colcon.colcon_core.package_identification:_identify(install) by extensions ['ignore', 'ignore_ament_install']
[0.330s] Level 1:colcon.colcon_core.package_identification:_identify(install) by extension 'ignore'
[0.330s] Level 1:colcon.colcon_core.package_identification:_identify(install) ignored
[0.330s] Level 1:colcon.colcon_core.package_identification:_identify(log) by extensions ['ignore', 'ignore_ament_install']
[0.330s] Level 1:colcon.colcon_core.package_identification:_identify(log) by extension 'ignore'
[0.330s] Level 1:colcon.colcon_core.package_identification:_identify(log) ignored
[0.331s] Level 1:colcon.colcon_core.package_identification:_identify(src) by extensions ['ignore', 'ignore_ament_install']
[0.331s] Level 1:colcon.colcon_core.package_identification:_identify(src) by extension 'ignore'
[0.331s] Level 1:colcon.colcon_core.package_identification:_identify(src) by extension 'ignore_ament_install'
[0.331s] Level 1:colcon.colcon_core.package_identification:_identify(src) by extensions ['colcon_pkg']
[0.331s] Level 1:colcon.colcon_core.package_identification:_identify(src) by extension 'colcon_pkg'
[0.331s] Level 1:colcon.colcon_core.package_identification:_identify(src) by extensions ['colcon_meta']
[0.331s] Level 1:colcon.colcon_core.package_identification:_identify(src) by extension 'colcon_meta'
[0.331s] Level 1:colcon.colcon_core.package_identification:_identify(src) by extensions ['ros']
[0.331s] Level 1:colcon.colcon_core.package_identification:_identify(src) by extension 'ros'
[0.331s] Level 1:colcon.colcon_core.package_identification:_identify(src) by extensions ['cmake', 'python']
[0.331s] Level 1:colcon.colcon_core.package_identification:_identify(src) by extension 'cmake'
[0.331s] Level 1:colcon.colcon_core.package_identification:_identify(src) by extension 'python'
[0.331s] Level 1:colcon.colcon_core.package_identification:_identify(src) by extensions ['python_setup_py']
[0.331s] Level 1:colcon.colcon_core.package_identification:_identify(src) by extension 'python_setup_py'
[0.331s] Level 1:colcon.colcon_core.package_identification:_identify(src/f1_12th_simulator_g01) by extensions ['ignore', 'ignore_ament_install']
[0.331s] Level 1:colcon.colcon_core.package_identification:_identify(src/f1_12th_simulator_g01) by extension 'ignore'
[0.331s] Level 1:colcon.colcon_core.package_identification:_identify(src/f1_12th_simulator_g01) by extension 'ignore_ament_install'
[0.331s] Level 1:colcon.colcon_core.package_identification:_identify(src/f1_12th_simulator_g01) by extensions ['colcon_pkg']
[0.331s] Level 1:colcon.colcon_core.package_identification:_identify(src/f1_12th_simulator_g01) by extension 'colcon_pkg'
[0.331s] Level 1:colcon.colcon_core.package_identification:_identify(src/f1_12th_simulator_g01) by extensions ['colcon_meta']
[0.331s] Level 1:colcon.colcon_core.package_identification:_identify(src/f1_12th_simulator_g01) by extension 'colcon_meta'
[0.332s] Level 1:colcon.colcon_core.package_identification:_identify(src/f1_12th_simulator_g01) by extensions ['ros']
[0.332s] Level 1:colcon.colcon_core.package_identification:_identify(src/f1_12th_simulator_g01) by extension 'ros'
[0.333s] DEBUG:colcon.colcon_core.package_identification:Package 'src/f1_12th_simulator_g01' with type 'ros.ament_cmake' and name 'f1_12th_simulator_g01'
[0.334s] Level 1:colcon.colcon_core.package_identification:_identify(src/joy_tester) by extensions ['ignore', 'ignore_ament_install']
[0.334s] Level 1:colcon.colcon_core.package_identification:_identify(src/joy_tester) by extension 'ignore'
[0.334s] Level 1:colcon.colcon_core.package_identification:_identify(src/joy_tester) by extension 'ignore_ament_install'
[0.334s] Level 1:colcon.colcon_core.package_identification:_identify(src/joy_tester) by extensions ['colcon_pkg']
[0.334s] Level 1:colcon.colcon_core.package_identification:_identify(src/joy_tester) by extension 'colcon_pkg'
[0.334s] Level 1:colcon.colcon_core.package_identification:_identify(src/joy_tester) by extensions ['colcon_meta']
[0.334s] Level 1:colcon.colcon_core.package_identification:_identify(src/joy_tester) by extension 'colcon_meta'
[0.334s] Level 1:colcon.colcon_core.package_identification:_identify(src/joy_tester) by extensions ['ros']
[0.334s] Level 1:colcon.colcon_core.package_identification:_identify(src/joy_tester) by extension 'ros'
[0.335s] DEBUG:colcon.colcon_core.package_identification:Package 'src/joy_tester' with type 'ros.ament_python' and name 'joy_tester'
[0.335s] Level 1:colcon.colcon_core.package_identification:_identify(src/launch_pkg_gYY) by extensions ['ignore', 'ignore_ament_install']
[0.335s] Level 1:colcon.colcon_core.package_identification:_identify(src/launch_pkg_gYY) by extension 'ignore'
[0.335s] Level 1:colcon.colcon_core.package_identification:_identify(src/launch_pkg_gYY) by extension 'ignore_ament_install'
[0.335s] Level 1:colcon.colcon_core.package_identification:_identify(src/launch_pkg_gYY) by extensions ['colcon_pkg']
[0.335s] Level 1:colcon.colcon_core.package_identification:_identify(src/launch_pkg_gYY) by extension 'colcon_pkg'
[0.335s] Level 1:colcon.colcon_core.package_identification:_identify(src/launch_pkg_gYY) by extensions ['colcon_meta']
[0.335s] Level 1:colcon.colcon_core.package_identification:_identify(src/launch_pkg_gYY) by extension 'colcon_meta'
[0.335s] Level 1:colcon.colcon_core.package_identification:_identify(src/launch_pkg_gYY) by extensions ['ros']
[0.335s] Level 1:colcon.colcon_core.package_identification:_identify(src/launch_pkg_gYY) by extension 'ros'
[0.335s] DEBUG:colcon.colcon_core.package_identification:Package 'src/launch_pkg_gYY' with type 'ros.ament_python' and name 'launch_pkg_gYY'
[0.335s] Level 1:colcon.colcon_core.package_identification:_identify(src/sim_car) by extensions ['ignore', 'ignore_ament_install']
[0.336s] Level 1:colcon.colcon_core.package_identification:_identify(src/sim_car) by extension 'ignore'
[0.336s] Level 1:colcon.colcon_core.package_identification:_identify(src/sim_car) by extension 'ignore_ament_install'
[0.336s] Level 1:colcon.colcon_core.package_identification:_identify(src/sim_car) by extensions ['colcon_pkg']
[0.336s] Level 1:colcon.colcon_core.package_identification:_identify(src/sim_car) by extension 'colcon_pkg'
[0.336s] Level 1:colcon.colcon_core.package_identification:_identify(src/sim_car) by extensions ['colcon_meta']
[0.336s] Level 1:colcon.colcon_core.package_identification:_identify(src/sim_car) by extension 'colcon_meta'
[0.336s] Level 1:colcon.colcon_core.package_identification:_identify(src/sim_car) by extensions ['ros']
[0.336s] Level 1:colcon.colcon_core.package_identification:_identify(src/sim_car) by extension 'ros'
[0.336s] Level 1:colcon.colcon_core.package_identification:_identify(src/sim_car) by extensions ['cmake', 'python']
[0.336s] Level 1:colcon.colcon_core.package_identification:_identify(src/sim_car) by extension 'cmake'
[0.336s] Level 1:colcon.colcon_core.package_identification:_identify(src/sim_car) by extension 'python'
[0.336s] Level 1:colcon.colcon_core.package_identification:_identify(src/sim_car) by extensions ['python_setup_py']
[0.336s] Level 1:colcon.colcon_core.package_identification:_identify(src/sim_car) by extension 'python_setup_py'
[0.336s] Level 1:colcon.colcon_core.package_identification:_identify(src/sim_car/car_description) by extensions ['ignore', 'ignore_ament_install']
[0.336s] Level 1:colcon.colcon_core.package_identification:_identify(src/sim_car/car_description) by extension 'ignore'
[0.336s] Level 1:colcon.colcon_core.package_identification:_identify(src/sim_car/car_description) by extension 'ignore_ament_install'
[0.336s] Level 1:colcon.colcon_core.package_identification:_identify(src/sim_car/car_description) by extensions ['colcon_pkg']
[0.336s] Level 1:colcon.colcon_core.package_identification:_identify(src/sim_car/car_description) by extension 'colcon_pkg'
[0.336s] Level 1:colcon.colcon_core.package_identification:_identify(src/sim_car/car_description) by extensions ['colcon_meta']
[0.337s] Level 1:colcon.colcon_core.package_identification:_identify(src/sim_car/car_description) by extension 'colcon_meta'
[0.337s] Level 1:colcon.colcon_core.package_identification:_identify(src/sim_car/car_description) by extensions ['ros']
[0.337s] Level 1:colcon.colcon_core.package_identification:_identify(src/sim_car/car_description) by extension 'ros'
[0.337s] DEBUG:colcon.colcon_core.package_identification:Package 'src/sim_car/car_description' with type 'ros.ament_cmake' and name 'sim_car'
[0.337s] Level 1:colcon.colcon_core.package_identification:_identify(src/sim_car/car_gazebo_plugin) by extensions ['ignore', 'ignore_ament_install']
[0.337s] Level 1:colcon.colcon_core.package_identification:_identify(src/sim_car/car_gazebo_plugin) by extension 'ignore'
[0.338s] Level 1:colcon.colcon_core.package_identification:_identify(src/sim_car/car_gazebo_plugin) by extension 'ignore_ament_install'
[0.338s] Level 1:colcon.colcon_core.package_identification:_identify(src/sim_car/car_gazebo_plugin) by extensions ['colcon_pkg']
[0.338s] Level 1:colcon.colcon_core.package_identification:_identify(src/sim_car/car_gazebo_plugin) by extension 'colcon_pkg'
[0.338s] Level 1:colcon.colcon_core.package_identification:_identify(src/sim_car/car_gazebo_plugin) by extensions ['colcon_meta']
[0.338s] Level 1:colcon.colcon_core.package_identification:_identify(src/sim_car/car_gazebo_plugin) by extension 'colcon_meta'
[0.338s] Level 1:colcon.colcon_core.package_identification:_identify(src/sim_car/car_gazebo_plugin) by extensions ['ros']
[0.338s] Level 1:colcon.colcon_core.package_identification:_identify(src/sim_car/car_gazebo_plugin) by extension 'ros'
[0.338s] DEBUG:colcon.colcon_core.package_identification:Package 'src/sim_car/car_gazebo_plugin' with type 'ros.ament_cmake' and name 'car_gazebo_plugin'
[0.339s] Level 1:colcon.colcon_core.package_identification:_identify(src/sim_car/lxd) by extensions ['ignore', 'ignore_ament_install']
[0.339s] Level 1:colcon.colcon_core.package_identification:_identify(src/sim_car/lxd) by extension 'ignore'
[0.339s] Level 1:colcon.colcon_core.package_identification:_identify(src/sim_car/lxd) by extension 'ignore_ament_install'
[0.339s] Level 1:colcon.colcon_core.package_identification:_identify(src/sim_car/lxd) by extensions ['colcon_pkg']
[0.339s] Level 1:colcon.colcon_core.package_identification:_identify(src/sim_car/lxd) by extension 'colcon_pkg'
[0.339s] Level 1:colcon.colcon_core.package_identification:_identify(src/sim_car/lxd) by extensions ['colcon_meta']
[0.339s] Level 1:colcon.colcon_core.package_identification:_identify(src/sim_car/lxd) by extension 'colcon_meta'
[0.339s] Level 1:colcon.colcon_core.package_identification:_identify(src/sim_car/lxd) by extensions ['ros']
[0.339s] Level 1:colcon.colcon_core.package_identification:_identify(src/sim_car/lxd) by extension 'ros'
[0.339s] Level 1:colcon.colcon_core.package_identification:_identify(src/sim_car/lxd) by extensions ['cmake', 'python']
[0.339s] Level 1:colcon.colcon_core.package_identification:_identify(src/sim_car/lxd) by extension 'cmake'
[0.339s] Level 1:colcon.colcon_core.package_identification:_identify(src/sim_car/lxd) by extension 'python'
[0.339s] Level 1:colcon.colcon_core.package_identification:_identify(src/sim_car/lxd) by extensions ['python_setup_py']
[0.339s] Level 1:colcon.colcon_core.package_identification:_identify(src/sim_car/lxd) by extension 'python_setup_py'
[0.339s] Level 1:colcon.colcon_core.package_identification:_identify(src/sim_car/web) by extensions ['ignore', 'ignore_ament_install']
[0.339s] Level 1:colcon.colcon_core.package_identification:_identify(src/sim_car/web) by extension 'ignore'
[0.339s] Level 1:colcon.colcon_core.package_identification:_identify(src/sim_car/web) by extension 'ignore_ament_install'
[0.339s] Level 1:colcon.colcon_core.package_identification:_identify(src/sim_car/web) by extensions ['colcon_pkg']
[0.339s] Level 1:colcon.colcon_core.package_identification:_identify(src/sim_car/web) by extension 'colcon_pkg'
[0.339s] Level 1:colcon.colcon_core.package_identification:_identify(src/sim_car/web) by extensions ['colcon_meta']
[0.339s] Level 1:colcon.colcon_core.package_identification:_identify(src/sim_car/web) by extension 'colcon_meta'
[0.339s] Level 1:colcon.colcon_core.package_identification:_identify(src/sim_car/web) by extensions ['ros']
[0.340s] Level 1:colcon.colcon_core.package_identification:_identify(src/sim_car/web) by extension 'ros'
[0.340s] Level 1:colcon.colcon_core.package_identification:_identify(src/sim_car/web) by extensions ['cmake', 'python']
[0.340s] Level 1:colcon.colcon_core.package_identification:_identify(src/sim_car/web) by extension 'cmake'
[0.340s] Level 1:colcon.colcon_core.package_identification:_identify(src/sim_car/web) by extension 'python'
[0.340s] Level 1:colcon.colcon_core.package_identification:_identify(src/sim_car/web) by extensions ['python_setup_py']
[0.340s] Level 1:colcon.colcon_core.package_identification:_identify(src/sim_car/web) by extension 'python_setup_py'
[0.340s] Level 1:colcon.colcon_core.package_identification:_identify(src/turtle_move_pkg_gYY) by extensions ['ignore', 'ignore_ament_install']
[0.340s] Level 1:colcon.colcon_core.package_identification:_identify(src/turtle_move_pkg_gYY) by extension 'ignore'
[0.340s] Level 1:colcon.colcon_core.package_identification:_identify(src/turtle_move_pkg_gYY) by extension 'ignore_ament_install'
[0.340s] Level 1:colcon.colcon_core.package_identification:_identify(src/turtle_move_pkg_gYY) by extensions ['colcon_pkg']
[0.340s] Level 1:colcon.colcon_core.package_identification:_identify(src/turtle_move_pkg_gYY) by extension 'colcon_pkg'
[0.340s] Level 1:colcon.colcon_core.package_identification:_identify(src/turtle_move_pkg_gYY) by extensions ['colcon_meta']
[0.340s] Level 1:colcon.colcon_core.package_identification:_identify(src/turtle_move_pkg_gYY) by extension 'colcon_meta'
[0.340s] Level 1:colcon.colcon_core.package_identification:_identify(src/turtle_move_pkg_gYY) by extensions ['ros']
[0.340s] Level 1:colcon.colcon_core.package_identification:_identify(src/turtle_move_pkg_gYY) by extension 'ros'
[0.341s] DEBUG:colcon.colcon_core.package_identification:Package 'src/turtle_move_pkg_gYY' with type 'ros.ament_python' and name 'turtle_move_pkg_gYY'
[0.341s] Level 1:colcon.colcon_core.package_discovery:discover_packages(recursive) using defaults
[0.341s] Level 1:colcon.colcon_core.package_discovery:discover_packages(ignore) discover
[0.341s] Level 1:colcon.colcon_core.package_discovery:discover_packages(ignore) using defaults
[0.341s] Level 1:colcon.colcon_core.package_discovery:discover_packages(path) discover
[0.341s] Level 1:colcon.colcon_core.package_discovery:discover_packages(path) using defaults
[0.363s] Level 1:colcon.colcon_core.package_discovery:discover_packages(prefix_path) check parameters
[0.363s] Level 1:colcon.colcon_core.package_discovery:discover_packages(prefix_path) discover
[0.366s] DEBUG:colcon.colcon_installed_package_information.package_discovery:Found 6 installed packages in /home/carloso/ros2_ws_23_2/install
[0.368s] DEBUG:colcon.colcon_installed_package_information.package_discovery:Found 391 installed packages in /opt/ros/humble
[0.369s] Level 1:colcon.colcon_core.package_discovery:discover_packages(prefix_path) using defaults
[0.437s] Level 5:colcon.colcon_core.verb:set package 'car_gazebo_plugin' build argument 'cmake_args' from command line to 'None'
[0.437s] Level 5:colcon.colcon_core.verb:set package 'car_gazebo_plugin' build argument 'cmake_target' from command line to 'None'
[0.437s] Level 5:colcon.colcon_core.verb:set package 'car_gazebo_plugin' build argument 'cmake_target_skip_unavailable' from command line to 'False'
[0.437s] Level 5:colcon.colcon_core.verb:set package 'car_gazebo_plugin' build argument 'cmake_clean_cache' from command line to 'False'
[0.437s] Level 5:colcon.colcon_core.verb:set package 'car_gazebo_plugin' build argument 'cmake_clean_first' from command line to 'False'
[0.437s] Level 5:colcon.colcon_core.verb:set package 'car_gazebo_plugin' build argument 'cmake_force_configure' from command line to 'False'
[0.437s] Level 5:colcon.colcon_core.verb:set package 'car_gazebo_plugin' build argument 'ament_cmake_args' from command line to 'None'
[0.437s] Level 5:colcon.colcon_core.verb:set package 'car_gazebo_plugin' build argument 'catkin_cmake_args' from command line to 'None'
[0.437s] Level 5:colcon.colcon_core.verb:set package 'car_gazebo_plugin' build argument 'catkin_skip_building_tests' from command line to 'False'
[0.437s] DEBUG:colcon.colcon_core.verb:Building package 'car_gazebo_plugin' with the following arguments: {'ament_cmake_args': None, 'build_base': '/home/carloso/ros2_ws_23_2/build/car_gazebo_plugin', 'catkin_cmake_args': None, 'catkin_skip_building_tests': False, 'cmake_args': None, 'cmake_clean_cache': False, 'cmake_clean_first': False, 'cmake_force_configure': False, 'cmake_target': None, 'cmake_target_skip_unavailable': False, 'install_base': '/home/carloso/ros2_ws_23_2/install/car_gazebo_plugin', 'merge_install': False, 'path': '/home/carloso/ros2_ws_23_2/src/sim_car/car_gazebo_plugin', 'symlink_install': True, 'test_result_base': None}
[0.438s] Level 5:colcon.colcon_core.verb:set package 'f1_12th_simulator_g01' build argument 'cmake_args' from command line to 'None'
[0.438s] Level 5:colcon.colcon_core.verb:set package 'f1_12th_simulator_g01' build argument 'cmake_target' from command line to 'None'
[0.438s] Level 5:colcon.colcon_core.verb:set package 'f1_12th_simulator_g01' build argument 'cmake_target_skip_unavailable' from command line to 'False'
[0.438s] Level 5:colcon.colcon_core.verb:set package 'f1_12th_simulator_g01' build argument 'cmake_clean_cache' from command line to 'False'
[0.438s] Level 5:colcon.colcon_core.verb:set package 'f1_12th_simulator_g01' build argument 'cmake_clean_first' from command line to 'False'
[0.438s] Level 5:colcon.colcon_core.verb:set package 'f1_12th_simulator_g01' build argument 'cmake_force_configure' from command line to 'False'
[0.438s] Level 5:colcon.colcon_core.verb:set package 'f1_12th_simulator_g01' build argument 'ament_cmake_args' from command line to 'None'
[0.438s] Level 5:colcon.colcon_core.verb:set package 'f1_12th_simulator_g01' build argument 'catkin_cmake_args' from command line to 'None'
[0.438s] Level 5:colcon.colcon_core.verb:set package 'f1_12th_simulator_g01' build argument 'catkin_skip_building_tests' from command line to 'False'
[0.438s] DEBUG:colcon.colcon_core.verb:Building package 'f1_12th_simulator_g01' with the following arguments: {'ament_cmake_args': None, 'build_base': '/home/carloso/ros2_ws_23_2/build/f1_12th_simulator_g01', 'catkin_cmake_args': None, 'catkin_skip_building_tests': False, 'cmake_args': None, 'cmake_clean_cache': False, 'cmake_clean_first': False, 'cmake_force_configure': False, 'cmake_target': None, 'cmake_target_skip_unavailable': False, 'install_base': '/home/carloso/ros2_ws_23_2/install/f1_12th_simulator_g01', 'merge_install': False, 'path': '/home/carloso/ros2_ws_23_2/src/f1_12th_simulator_g01', 'symlink_install': True, 'test_result_base': None}
[0.439s] Level 5:colcon.colcon_core.verb:set package 'joy_tester' build argument 'cmake_args' from command line to 'None'
[0.439s] Level 5:colcon.colcon_core.verb:set package 'joy_tester' build argument 'cmake_target' from command line to 'None'
[0.439s] Level 5:colcon.colcon_core.verb:set package 'joy_tester' build argument 'cmake_target_skip_unavailable' from command line to 'False'
[0.439s] Level 5:colcon.colcon_core.verb:set package 'joy_tester' build argument 'cmake_clean_cache' from command line to 'False'
[0.439s] Level 5:colcon.colcon_core.verb:set package 'joy_tester' build argument 'cmake_clean_first' from command line to 'False'
[0.439s] Level 5:colcon.colcon_core.verb:set package 'joy_tester' build argument 'cmake_force_configure' from command line to 'False'
[0.439s] Level 5:colcon.colcon_core.verb:set package 'joy_tester' build argument 'ament_cmake_args' from command line to 'None'
[0.440s] Level 5:colcon.colcon_core.verb:set package 'joy_tester' build argument 'catkin_cmake_args' from command line to 'None'
[0.440s] Level 5:colcon.colcon_core.verb:set package 'joy_tester' build argument 'catkin_skip_building_tests' from command line to 'False'
[0.440s] DEBUG:colcon.colcon_core.verb:Building package 'joy_tester' with the following arguments: {'ament_cmake_args': None, 'build_base': '/home/carloso/ros2_ws_23_2/build/joy_tester', 'catkin_cmake_args': None, 'catkin_skip_building_tests': False, 'cmake_args': None, 'cmake_clean_cache': False, 'cmake_clean_first': False, 'cmake_force_configure': False, 'cmake_target': None, 'cmake_target_skip_unavailable': False, 'install_base': '/home/carloso/ros2_ws_23_2/install/joy_tester', 'merge_install': False, 'path': '/home/carloso/ros2_ws_23_2/src/joy_tester', 'symlink_install': True, 'test_result_base': None}
[0.440s] Level 5:colcon.colcon_core.verb:set package 'launch_pkg_gYY' build argument 'cmake_args' from command line to 'None'
[0.440s] Level 5:colcon.colcon_core.verb:set package 'launch_pkg_gYY' build argument 'cmake_target' from command line to 'None'
[0.440s] Level 5:colcon.colcon_core.verb:set package 'launch_pkg_gYY' build argument 'cmake_target_skip_unavailable' from command line to 'False'
[0.440s] Level 5:colcon.colcon_core.verb:set package 'launch_pkg_gYY' build argument 'cmake_clean_cache' from command line to 'False'
[0.441s] Level 5:colcon.colcon_core.verb:set package 'launch_pkg_gYY' build argument 'cmake_clean_first' from command line to 'False'
[0.441s] Level 5:colcon.colcon_core.verb:set package 'launch_pkg_gYY' build argument 'cmake_force_configure' from command line to 'False'
[0.441s] Level 5:colcon.colcon_core.verb:set package 'launch_pkg_gYY' build argument 'ament_cmake_args' from command line to 'None'
[0.441s] Level 5:colcon.colcon_core.verb:set package 'launch_pkg_gYY' build argument 'catkin_cmake_args' from command line to 'None'
[0.441s] Level 5:colcon.colcon_core.verb:set package 'launch_pkg_gYY' build argument 'catkin_skip_building_tests' from command line to 'False'
[0.441s] DEBUG:colcon.colcon_core.verb:Building package 'launch_pkg_gYY' with the following arguments: {'ament_cmake_args': None, 'build_base': '/home/carloso/ros2_ws_23_2/build/launch_pkg_gYY', 'catkin_cmake_args': None, 'catkin_skip_building_tests': False, 'cmake_args': None, 'cmake_clean_cache': False, 'cmake_clean_first': False, 'cmake_force_configure': False, 'cmake_target': None, 'cmake_target_skip_unavailable': False, 'install_base': '/home/carloso/ros2_ws_23_2/install/launch_pkg_gYY', 'merge_install': False, 'path': '/home/carloso/ros2_ws_23_2/src/launch_pkg_gYY', 'symlink_install': True, 'test_result_base': None}
[0.441s] Level 5:colcon.colcon_core.verb:set package 'sim_car' build argument 'cmake_args' from command line to 'None'
[0.441s] Level 5:colcon.colcon_core.verb:set package 'sim_car' build argument 'cmake_target' from command line to 'None'
[0.442s] Level 5:colcon.colcon_core.verb:set package 'sim_car' build argument 'cmake_target_skip_unavailable' from command line to 'False'
[0.442s] Level 5:colcon.colcon_core.verb:set package 'sim_car' build argument 'cmake_clean_cache' from command line to 'False'
[0.442s] Level 5:colcon.colcon_core.verb:set package 'sim_car' build argument 'cmake_clean_first' from command line to 'False'
[0.442s] Level 5:colcon.colcon_core.verb:set package 'sim_car' build argument 'cmake_force_configure' from command line to 'False'
[0.442s] Level 5:colcon.colcon_core.verb:set package 'sim_car' build argument 'ament_cmake_args' from command line to 'None'
[0.442s] Level 5:colcon.colcon_core.verb:set package 'sim_car' build argument 'catkin_cmake_args' from command line to 'None'
[0.442s] Level 5:colcon.colcon_core.verb:set package 'sim_car' build argument 'catkin_skip_building_tests' from command line to 'False'
[0.442s] DEBUG:colcon.colcon_core.verb:Building package 'sim_car' with the following arguments: {'ament_cmake_args': None, 'build_base': '/home/carloso/ros2_ws_23_2/build/sim_car', 'catkin_cmake_args': None, 'catkin_skip_building_tests': False, 'cmake_args': None, 'cmake_clean_cache': False, 'cmake_clean_first': False, 'cmake_force_configure': False, 'cmake_target': None, 'cmake_target_skip_unavailable': False, 'install_base': '/home/carloso/ros2_ws_23_2/install/sim_car', 'merge_install': False, 'path': '/home/carloso/ros2_ws_23_2/src/sim_car/car_description', 'symlink_install': True, 'test_result_base': None}
[0.443s] Level 5:colcon.colcon_core.verb:set package 'turtle_move_pkg_gYY' build argument 'cmake_args' from command line to 'None'
[0.443s] Level 5:colcon.colcon_core.verb:set package 'turtle_move_pkg_gYY' build argument 'cmake_target' from command line to 'None'
[0.443s] Level 5:colcon.colcon_core.verb:set package 'turtle_move_pkg_gYY' build argument 'cmake_target_skip_unavailable' from command line to 'False'
[0.443s] Level 5:colcon.colcon_core.verb:set package 'turtle_move_pkg_gYY' build argument 'cmake_clean_cache' from command line to 'False'
[0.443s] Level 5:colcon.colcon_core.verb:set package 'turtle_move_pkg_gYY' build argument 'cmake_clean_first' from command line to 'False'
[0.443s] Level 5:colcon.colcon_core.verb:set package 'turtle_move_pkg_gYY' build argument 'cmake_force_configure' from command line to 'False'
[0.443s] Level 5:colcon.colcon_core.verb:set package 'turtle_move_pkg_gYY' build argument 'ament_cmake_args' from command line to 'None'
[0.443s] Level 5:colcon.colcon_core.verb:set package 'turtle_move_pkg_gYY' build argument 'catkin_cmake_args' from command line to 'None'
[0.443s] Level 5:colcon.colcon_core.verb:set package 'turtle_move_pkg_gYY' build argument 'catkin_skip_building_tests' from command line to 'False'
[0.443s] DEBUG:colcon.colcon_core.verb:Building package 'turtle_move_pkg_gYY' with the following arguments: {'ament_cmake_args': None, 'build_base': '/home/carloso/ros2_ws_23_2/build/turtle_move_pkg_gYY', 'catkin_cmake_args': None, 'catkin_skip_building_tests': False, 'cmake_args': None, 'cmake_clean_cache': False, 'cmake_clean_first': False, 'cmake_force_configure': False, 'cmake_target': None, 'cmake_target_skip_unavailable': False, 'install_base': '/home/carloso/ros2_ws_23_2/install/turtle_move_pkg_gYY', 'merge_install': False, 'path': '/home/carloso/ros2_ws_23_2/src/turtle_move_pkg_gYY', 'symlink_install': True, 'test_result_base': None}
[0.443s] INFO:colcon.colcon_core.executor:Executing jobs using 'parallel' executor
[0.446s] DEBUG:colcon.colcon_parallel_executor.executor.parallel:run_until_complete
[0.446s] INFO:colcon.colcon_ros.task.ament_cmake.build:Building ROS package in '/home/carloso/ros2_ws_23_2/src/sim_car/car_gazebo_plugin' with build type 'ament_cmake'
[0.447s] INFO:colcon.colcon_cmake.task.cmake.build:Building CMake package in '/home/carloso/ros2_ws_23_2/src/sim_car/car_gazebo_plugin'
[0.450s] INFO:colcon.colcon_core.plugin_system:Skipping extension 'colcon_core.shell.bat': Not used on non-Windows systems
[0.451s] INFO:colcon.colcon_core.shell:Skip shell extension 'powershell' for command environment: Not usable outside of PowerShell
[0.451s] DEBUG:colcon.colcon_core.shell:Skip shell extension 'dsv' for command environment
[0.455s] INFO:colcon.colcon_ros.task.ament_cmake.build:Building ROS package in '/home/carloso/ros2_ws_23_2/src/f1_12th_simulator_g01' with build type 'ament_cmake'
[0.455s] INFO:colcon.colcon_cmake.task.cmake.build:Building CMake package in '/home/carloso/ros2_ws_23_2/src/f1_12th_simulator_g01'
[0.456s] INFO:colcon.colcon_core.shell:Skip shell extension 'powershell' for command environment: Not usable outside of PowerShell
[0.456s] DEBUG:colcon.colcon_core.shell:Skip shell extension 'dsv' for command environment
[0.461s] INFO:colcon.colcon_ros.task.ament_python.build:Building ROS package in '/home/carloso/ros2_ws_23_2/src/joy_tester' with build type 'ament_python'
[0.461s] Level 1:colcon.colcon_core.shell:create_environment_hook('joy_tester', 'ament_prefix_path')
[0.462s] INFO:colcon.colcon_core.shell:Creating environment hook '/home/carloso/ros2_ws_23_2/install/joy_tester/share/joy_tester/hook/ament_prefix_path.ps1'
[0.463s] INFO:colcon.colcon_core.shell:Creating environment descriptor '/home/carloso/ros2_ws_23_2/install/joy_tester/share/joy_tester/hook/ament_prefix_path.dsv'
[0.463s] INFO:colcon.colcon_core.shell:Creating environment hook '/home/carloso/ros2_ws_23_2/install/joy_tester/share/joy_tester/hook/ament_prefix_path.sh'
[0.465s] INFO:colcon.colcon_core.shell:Skip shell extension 'powershell' for command environment: Not usable outside of PowerShell
[0.465s] DEBUG:colcon.colcon_core.shell:Skip shell extension 'dsv' for command environment
[0.469s] INFO:colcon.colcon_ros.task.ament_python.build:Building ROS package in '/home/carloso/ros2_ws_23_2/src/launch_pkg_gYY' with build type 'ament_python'
[0.469s] Level 1:colcon.colcon_core.shell:create_environment_hook('launch_pkg_gYY', 'ament_prefix_path')
[0.471s] INFO:colcon.colcon_core.shell:Creating environment hook '/home/carloso/ros2_ws_23_2/install/launch_pkg_gYY/share/launch_pkg_gYY/hook/ament_prefix_path.ps1'
[0.471s] INFO:colcon.colcon_core.shell:Creating environment descriptor '/home/carloso/ros2_ws_23_2/install/launch_pkg_gYY/share/launch_pkg_gYY/hook/ament_prefix_path.dsv'
[0.472s] INFO:colcon.colcon_core.shell:Creating environment hook '/home/carloso/ros2_ws_23_2/install/launch_pkg_gYY/share/launch_pkg_gYY/hook/ament_prefix_path.sh'
[0.473s] INFO:colcon.colcon_core.shell:Skip shell extension 'powershell' for command environment: Not usable outside of PowerShell
[0.473s] DEBUG:colcon.colcon_core.shell:Skip shell extension 'dsv' for command environment
[0.477s] INFO:colcon.colcon_ros.task.ament_cmake.build:Building ROS package in '/home/carloso/ros2_ws_23_2/src/sim_car/car_description' with build type 'ament_cmake'
[0.477s] INFO:colcon.colcon_cmake.task.cmake.build:Building CMake package in '/home/carloso/ros2_ws_23_2/src/sim_car/car_description'
[0.479s] INFO:colcon.colcon_core.shell:Skip shell extension 'powershell' for command environment: Not usable outside of PowerShell
[0.479s] DEBUG:colcon.colcon_core.shell:Skip shell extension 'dsv' for command environment
[0.483s] INFO:colcon.colcon_ros.task.ament_python.build:Building ROS package in '/home/carloso/ros2_ws_23_2/src/turtle_move_pkg_gYY' with build type 'ament_python'
[0.483s] Level 1:colcon.colcon_core.shell:create_environment_hook('turtle_move_pkg_gYY', 'ament_prefix_path')
[0.485s] INFO:colcon.colcon_core.shell:Creating environment hook '/home/carloso/ros2_ws_23_2/install/turtle_move_pkg_gYY/share/turtle_move_pkg_gYY/hook/ament_prefix_path.ps1'
[0.485s] INFO:colcon.colcon_core.shell:Creating environment descriptor '/home/carloso/ros2_ws_23_2/install/turtle_move_pkg_gYY/share/turtle_move_pkg_gYY/hook/ament_prefix_path.dsv'
[0.486s] INFO:colcon.colcon_core.shell:Creating environment hook '/home/carloso/ros2_ws_23_2/install/turtle_move_pkg_gYY/share/turtle_move_pkg_gYY/hook/ament_prefix_path.sh'
[0.487s] INFO:colcon.colcon_core.shell:Skip shell extension 'powershell' for command environment: Not usable outside of PowerShell
[0.487s] DEBUG:colcon.colcon_core.shell:Skip shell extension 'dsv' for command environment
[0.496s] DEBUG:colcon.colcon_core.event_handler.log_command:Invoking command in '/home/carloso/ros2_ws_23_2/build/car_gazebo_plugin': CMAKE_PREFIX_PATH=${CMAKE_PREFIX_PATH}:/home/carloso/ros2_ws_23_2/install/turtle_move_pkg_gYY:/home/carloso/ros2_ws_23_2/install/launch_pkg_gYY:/home/carloso/ros2_ws_23_2/install/joy_tester:/opt/ros/humble /usr/bin/cmake --build /home/carloso/ros2_ws_23_2/build/car_gazebo_plugin -- -j8 -l8
[0.500s] DEBUG:colcon.colcon_core.event_handler.log_command:Invoking command in '/home/carloso/ros2_ws_23_2/build/f1_12th_simulator_g01': CMAKE_PREFIX_PATH=${CMAKE_PREFIX_PATH}:/home/carloso/ros2_ws_23_2/install/turtle_move_pkg_gYY:/home/carloso/ros2_ws_23_2/install/launch_pkg_gYY:/home/carloso/ros2_ws_23_2/install/joy_tester:/opt/ros/humble /usr/bin/cmake --build /home/carloso/ros2_ws_23_2/build/f1_12th_simulator_g01 -- -j8 -l8
[0.741s] INFO:colcon.colcon_core.task.python.build:Building Python package in '/home/carloso/ros2_ws_23_2/src/joy_tester'
[0.742s] INFO:colcon.colcon_core.shell:Skip shell extension 'powershell' for command environment: Not usable outside of PowerShell
[0.742s] DEBUG:colcon.colcon_core.shell:Skip shell extension 'dsv' for command environment
[0.993s] INFO:colcon.colcon_core.task.python.build:Building Python package in '/home/carloso/ros2_ws_23_2/src/launch_pkg_gYY'
[0.994s] INFO:colcon.colcon_core.shell:Skip shell extension 'powershell' for command environment: Not usable outside of PowerShell
[0.994s] DEBUG:colcon.colcon_core.shell:Skip shell extension 'dsv' for command environment
[1.002s] DEBUG:colcon.colcon_core.event_handler.log_command:Invoking command in '/home/carloso/ros2_ws_23_2/build/sim_car': CMAKE_PREFIX_PATH=${CMAKE_PREFIX_PATH}:/home/carloso/ros2_ws_23_2/install/turtle_move_pkg_gYY:/home/carloso/ros2_ws_23_2/install/launch_pkg_gYY:/home/carloso/ros2_ws_23_2/install/joy_tester:/opt/ros/humble /usr/bin/cmake --build /home/carloso/ros2_ws_23_2/build/sim_car -- -j8 -l8
[1.240s] INFO:colcon.colcon_core.task.python.build:Building Python package in '/home/carloso/ros2_ws_23_2/src/turtle_move_pkg_gYY'
[1.241s] INFO:colcon.colcon_core.shell:Skip shell extension 'powershell' for command environment: Not usable outside of PowerShell
[1.241s] DEBUG:colcon.colcon_core.shell:Skip shell extension 'dsv' for command environment
[1.246s] DEBUG:colcon.colcon_core.event_handler.log_command:Invoked command in '/home/carloso/ros2_ws_23_2/build/f1_12th_simulator_g01' returned '0': CMAKE_PREFIX_PATH=${CMAKE_PREFIX_PATH}:/home/carloso/ros2_ws_23_2/install/turtle_move_pkg_gYY:/home/carloso/ros2_ws_23_2/install/launch_pkg_gYY:/home/carloso/ros2_ws_23_2/install/joy_tester:/opt/ros/humble /usr/bin/cmake --build /home/carloso/ros2_ws_23_2/build/f1_12th_simulator_g01 -- -j8 -l8
[1.247s] DEBUG:colcon.colcon_core.event_handler.log_command:Invoked command in '/home/carloso/ros2_ws_23_2/build/car_gazebo_plugin' returned '0': CMAKE_PREFIX_PATH=${CMAKE_PREFIX_PATH}:/home/carloso/ros2_ws_23_2/install/turtle_move_pkg_gYY:/home/carloso/ros2_ws_23_2/install/launch_pkg_gYY:/home/carloso/ros2_ws_23_2/install/joy_tester:/opt/ros/humble /usr/bin/cmake --build /home/carloso/ros2_ws_23_2/build/car_gazebo_plugin -- -j8 -l8
[1.253s] DEBUG:colcon.colcon_core.event_handler.log_command:Invoked command in '/home/carloso/ros2_ws_23_2/build/sim_car' returned '0': CMAKE_PREFIX_PATH=${CMAKE_PREFIX_PATH}:/home/carloso/ros2_ws_23_2/install/turtle_move_pkg_gYY:/home/carloso/ros2_ws_23_2/install/launch_pkg_gYY:/home/carloso/ros2_ws_23_2/install/joy_tester:/opt/ros/humble /usr/bin/cmake --build /home/carloso/ros2_ws_23_2/build/sim_car -- -j8 -l8
[1.283s] DEBUG:colcon.colcon_core.event_handler.log_command:Invoking command in '/home/carloso/ros2_ws_23_2/build/f1_12th_simulator_g01': CMAKE_PREFIX_PATH=${CMAKE_PREFIX_PATH}:/home/carloso/ros2_ws_23_2/install/turtle_move_pkg_gYY:/home/carloso/ros2_ws_23_2/install/launch_pkg_gYY:/home/carloso/ros2_ws_23_2/install/joy_tester:/opt/ros/humble /usr/bin/cmake --install /home/carloso/ros2_ws_23_2/build/f1_12th_simulator_g01
[1.287s] DEBUG:colcon.colcon_core.event_handler.log_command:Invoking command in '/home/carloso/ros2_ws_23_2/build/car_gazebo_plugin': CMAKE_PREFIX_PATH=${CMAKE_PREFIX_PATH}:/home/carloso/ros2_ws_23_2/install/turtle_move_pkg_gYY:/home/carloso/ros2_ws_23_2/install/launch_pkg_gYY:/home/carloso/ros2_ws_23_2/install/joy_tester:/opt/ros/humble /usr/bin/cmake --install /home/carloso/ros2_ws_23_2/build/car_gazebo_plugin
[1.290s] DEBUG:colcon.colcon_core.event_handler.log_command:Invoking command in '/home/carloso/ros2_ws_23_2/build/sim_car': CMAKE_PREFIX_PATH=${CMAKE_PREFIX_PATH}:/home/carloso/ros2_ws_23_2/install/turtle_move_pkg_gYY:/home/carloso/ros2_ws_23_2/install/launch_pkg_gYY:/home/carloso/ros2_ws_23_2/install/joy_tester:/opt/ros/humble /usr/bin/cmake --install /home/carloso/ros2_ws_23_2/build/sim_car
[1.317s] Level 1:colcon.colcon_core.environment:create_environment_scripts_only(f1_12th_simulator_g01)
[1.319s] DEBUG:colcon.colcon_core.event_handler.log_command:Invoked command in '/home/carloso/ros2_ws_23_2/build/f1_12th_simulator_g01' returned '0': CMAKE_PREFIX_PATH=${CMAKE_PREFIX_PATH}:/home/carloso/ros2_ws_23_2/install/turtle_move_pkg_gYY:/home/carloso/ros2_ws_23_2/install/launch_pkg_gYY:/home/carloso/ros2_ws_23_2/install/joy_tester:/opt/ros/humble /usr/bin/cmake --install /home/carloso/ros2_ws_23_2/build/f1_12th_simulator_g01
[1.326s] Level 1:colcon.colcon_core.environment:checking '/home/carloso/ros2_ws_23_2/install/f1_12th_simulator_g01' for CMake module files
[1.327s] Level 1:colcon.colcon_core.environment:checking '/home/carloso/ros2_ws_23_2/install/f1_12th_simulator_g01' for CMake config files
[1.328s] Level 1:colcon.colcon_core.shell:create_environment_hook('f1_12th_simulator_g01', 'cmake_prefix_path')
[1.330s] INFO:colcon.colcon_core.shell:Creating environment hook '/home/carloso/ros2_ws_23_2/install/f1_12th_simulator_g01/share/f1_12th_simulator_g01/hook/cmake_prefix_path.ps1'
[1.330s] INFO:colcon.colcon_core.shell:Creating environment descriptor '/home/carloso/ros2_ws_23_2/install/f1_12th_simulator_g01/share/f1_12th_simulator_g01/hook/cmake_prefix_path.dsv'
[1.331s] INFO:colcon.colcon_core.shell:Creating environment hook '/home/carloso/ros2_ws_23_2/install/f1_12th_simulator_g01/share/f1_12th_simulator_g01/hook/cmake_prefix_path.sh'
[1.332s] Level 1:colcon.colcon_core.environment:checking '/home/carloso/ros2_ws_23_2/install/f1_12th_simulator_g01/bin'
[1.332s] Level 1:colcon.colcon_core.environment:checking '/home/carloso/ros2_ws_23_2/install/f1_12th_simulator_g01/lib/pkgconfig/f1_12th_simulator_g01.pc'
[1.332s] Level 1:colcon.colcon_core.environment:checking '/home/carloso/ros2_ws_23_2/install/f1_12th_simulator_g01/lib/python3.10/site-packages'
[1.332s] Level 1:colcon.colcon_core.environment:checking '/home/carloso/ros2_ws_23_2/install/f1_12th_simulator_g01/bin'
[1.335s] INFO:colcon.colcon_core.shell:Creating package script '/home/carloso/ros2_ws_23_2/install/f1_12th_simulator_g01/share/f1_12th_simulator_g01/package.ps1'
[1.336s] INFO:colcon.colcon_core.shell:Creating package descriptor '/home/carloso/ros2_ws_23_2/install/f1_12th_simulator_g01/share/f1_12th_simulator_g01/package.dsv'
[1.337s] INFO:colcon.colcon_core.shell:Creating package script '/home/carloso/ros2_ws_23_2/install/f1_12th_simulator_g01/share/f1_12th_simulator_g01/package.sh'
[1.338s] INFO:colcon.colcon_core.shell:Creating package script '/home/carloso/ros2_ws_23_2/install/f1_12th_simulator_g01/share/f1_12th_simulator_g01/package.bash'
[1.339s] INFO:colcon.colcon_core.shell:Creating package script '/home/carloso/ros2_ws_23_2/install/f1_12th_simulator_g01/share/f1_12th_simulator_g01/package.zsh'
[1.340s] Level 1:colcon.colcon_core.environment:create_file_with_runtime_dependencies(/home/carloso/ros2_ws_23_2/install/f1_12th_simulator_g01/share/colcon-core/packages/f1_12th_simulator_g01)
[1.342s] Level 1:colcon.colcon_core.environment:create_environment_scripts_only(car_gazebo_plugin)
[1.345s] Level 1:colcon.colcon_core.environment:checking '/home/carloso/ros2_ws_23_2/install/car_gazebo_plugin' for CMake module files
[1.346s] DEBUG:colcon.colcon_core.event_handler.log_command:Invoked command in '/home/carloso/ros2_ws_23_2/build/car_gazebo_plugin' returned '0': CMAKE_PREFIX_PATH=${CMAKE_PREFIX_PATH}:/home/carloso/ros2_ws_23_2/install/turtle_move_pkg_gYY:/home/carloso/ros2_ws_23_2/install/launch_pkg_gYY:/home/carloso/ros2_ws_23_2/install/joy_tester:/opt/ros/humble /usr/bin/cmake --install /home/carloso/ros2_ws_23_2/build/car_gazebo_plugin
[1.347s] Level 1:colcon.colcon_core.environment:checking '/home/carloso/ros2_ws_23_2/install/car_gazebo_plugin' for CMake config files
[1.347s] Level 1:colcon.colcon_core.shell:create_environment_hook('car_gazebo_plugin', 'cmake_prefix_path')
[1.350s] INFO:colcon.colcon_core.shell:Creating environment hook '/home/carloso/ros2_ws_23_2/install/car_gazebo_plugin/share/car_gazebo_plugin/hook/cmake_prefix_path.ps1'
[1.350s] INFO:colcon.colcon_core.shell:Creating environment descriptor '/home/carloso/ros2_ws_23_2/install/car_gazebo_plugin/share/car_gazebo_plugin/hook/cmake_prefix_path.dsv'
[1.351s] INFO:colcon.colcon_core.shell:Creating environment hook '/home/carloso/ros2_ws_23_2/install/car_gazebo_plugin/share/car_gazebo_plugin/hook/cmake_prefix_path.sh'
[1.351s] Level 1:colcon.colcon_core.environment:checking '/home/carloso/ros2_ws_23_2/install/car_gazebo_plugin/bin'
[1.352s] Level 1:colcon.colcon_core.environment:checking '/home/carloso/ros2_ws_23_2/install/car_gazebo_plugin/lib/pkgconfig/car_gazebo_plugin.pc'
[1.352s] Level 1:colcon.colcon_core.environment:checking '/home/carloso/ros2_ws_23_2/install/car_gazebo_plugin/lib/python3.10/site-packages'
[1.352s] Level 1:colcon.colcon_core.environment:checking '/home/carloso/ros2_ws_23_2/install/car_gazebo_plugin/bin'
[1.355s] INFO:colcon.colcon_core.shell:Creating package script '/home/carloso/ros2_ws_23_2/install/car_gazebo_plugin/share/car_gazebo_plugin/package.ps1'
[1.355s] INFO:colcon.colcon_core.shell:Creating package descriptor '/home/carloso/ros2_ws_23_2/install/car_gazebo_plugin/share/car_gazebo_plugin/package.dsv'
[1.356s] INFO:colcon.colcon_core.shell:Creating package script '/home/carloso/ros2_ws_23_2/install/car_gazebo_plugin/share/car_gazebo_plugin/package.sh'
[1.356s] INFO:colcon.colcon_core.shell:Creating package script '/home/carloso/ros2_ws_23_2/install/car_gazebo_plugin/share/car_gazebo_plugin/package.bash'
[1.357s] INFO:colcon.colcon_core.shell:Creating package script '/home/carloso/ros2_ws_23_2/install/car_gazebo_plugin/share/car_gazebo_plugin/package.zsh'
[1.357s] Level 1:colcon.colcon_core.environment:create_file_with_runtime_dependencies(/home/carloso/ros2_ws_23_2/install/car_gazebo_plugin/share/colcon-core/packages/car_gazebo_plugin)
[1.359s] Level 1:colcon.colcon_core.environment:create_environment_scripts_only(sim_car)
[1.362s] Level 1:colcon.colcon_core.environment:checking '/home/carloso/ros2_ws_23_2/install/sim_car' for CMake module files
[1.363s] DEBUG:colcon.colcon_core.event_handler.log_command:Invoked command in '/home/carloso/ros2_ws_23_2/build/sim_car' returned '0': CMAKE_PREFIX_PATH=${CMAKE_PREFIX_PATH}:/home/carloso/ros2_ws_23_2/install/turtle_move_pkg_gYY:/home/carloso/ros2_ws_23_2/install/launch_pkg_gYY:/home/carloso/ros2_ws_23_2/install/joy_tester:/opt/ros/humble /usr/bin/cmake --install /home/carloso/ros2_ws_23_2/build/sim_car
[1.364s] Level 1:colcon.colcon_core.environment:checking '/home/carloso/ros2_ws_23_2/install/sim_car' for CMake config files
[1.365s] Level 1:colcon.colcon_core.shell:create_environment_hook('sim_car', 'cmake_prefix_path')
[1.367s] INFO:colcon.colcon_core.shell:Creating environment hook '/home/carloso/ros2_ws_23_2/install/sim_car/share/sim_car/hook/cmake_prefix_path.ps1'
[1.368s] INFO:colcon.colcon_core.shell:Creating environment descriptor '/home/carloso/ros2_ws_23_2/install/sim_car/share/sim_car/hook/cmake_prefix_path.dsv'
[1.368s] INFO:colcon.colcon_core.shell:Creating environment hook '/home/carloso/ros2_ws_23_2/install/sim_car/share/sim_car/hook/cmake_prefix_path.sh'
[1.369s] Level 1:colcon.colcon_core.environment:checking '/home/carloso/ros2_ws_23_2/install/sim_car/lib'
[1.369s] Level 1:colcon.colcon_core.environment:checking '/home/carloso/ros2_ws_23_2/install/sim_car/bin'
[1.369s] Level 1:colcon.colcon_core.environment:checking '/home/carloso/ros2_ws_23_2/install/sim_car/lib/pkgconfig/sim_car.pc'
[1.369s] Level 1:colcon.colcon_core.environment:checking '/home/carloso/ros2_ws_23_2/install/sim_car/lib/python3.10/site-packages'
[1.370s] Level 1:colcon.colcon_core.environment:checking '/home/carloso/ros2_ws_23_2/install/sim_car/bin'
[1.372s] INFO:colcon.colcon_core.shell:Creating package script '/home/carloso/ros2_ws_23_2/install/sim_car/share/sim_car/package.ps1'
[1.373s] INFO:colcon.colcon_core.shell:Creating package descriptor '/home/carloso/ros2_ws_23_2/install/sim_car/share/sim_car/package.dsv'
[1.373s] INFO:colcon.colcon_core.shell:Creating package script '/home/carloso/ros2_ws_23_2/install/sim_car/share/sim_car/package.sh'
[1.374s] INFO:colcon.colcon_core.shell:Creating package script '/home/carloso/ros2_ws_23_2/install/sim_car/share/sim_car/package.bash'
[1.374s] INFO:colcon.colcon_core.shell:Creating package script '/home/carloso/ros2_ws_23_2/install/sim_car/share/sim_car/package.zsh'
[1.374s] Level 1:colcon.colcon_core.environment:create_file_with_runtime_dependencies(/home/carloso/ros2_ws_23_2/install/sim_car/share/colcon-core/packages/sim_car)
[1.379s] Level 1:colcon.colcon_core.environment:create_environment_scripts_only(f1_12th_simulator_g01)
[1.382s] Level 1:colcon.colcon_core.environment:checking '/home/carloso/ros2_ws_23_2/install/f1_12th_simulator_g01' for CMake module files
[1.383s] Level 1:colcon.colcon_core.environment:checking '/home/carloso/ros2_ws_23_2/install/f1_12th_simulator_g01' for CMake config files
[1.384s] Level 1:colcon.colcon_core.shell:create_environment_hook('f1_12th_simulator_g01', 'cmake_prefix_path')
[1.386s] INFO:colcon.colcon_core.shell:Creating environment hook '/home/carloso/ros2_ws_23_2/install/f1_12th_simulator_g01/share/f1_12th_simulator_g01/hook/cmake_prefix_path.ps1'
[1.387s] INFO:colcon.colcon_core.shell:Creating environment descriptor '/home/carloso/ros2_ws_23_2/install/f1_12th_simulator_g01/share/f1_12th_simulator_g01/hook/cmake_prefix_path.dsv'
[1.387s] INFO:colcon.colcon_core.shell:Creating environment hook '/home/carloso/ros2_ws_23_2/install/f1_12th_simulator_g01/share/f1_12th_simulator_g01/hook/cmake_prefix_path.sh'
[1.388s] Level 1:colcon.colcon_core.environment:checking '/home/carloso/ros2_ws_23_2/install/f1_12th_simulator_g01/bin'
[1.388s] Level 1:colcon.colcon_core.environment:checking '/home/carloso/ros2_ws_23_2/install/f1_12th_simulator_g01/lib/pkgconfig/f1_12th_simulator_g01.pc'
[1.388s] Level 1:colcon.colcon_core.environment:checking '/home/carloso/ros2_ws_23_2/install/f1_12th_simulator_g01/lib/python3.10/site-packages'
[1.389s] Level 1:colcon.colcon_core.environment:checking '/home/carloso/ros2_ws_23_2/install/f1_12th_simulator_g01/bin'
[1.391s] INFO:colcon.colcon_core.shell:Creating package script '/home/carloso/ros2_ws_23_2/install/f1_12th_simulator_g01/share/f1_12th_simulator_g01/package.ps1'
[1.392s] INFO:colcon.colcon_core.shell:Creating package descriptor '/home/carloso/ros2_ws_23_2/install/f1_12th_simulator_g01/share/f1_12th_simulator_g01/package.dsv'
[1.393s] INFO:colcon.colcon_core.shell:Creating package script '/home/carloso/ros2_ws_23_2/install/f1_12th_simulator_g01/share/f1_12th_simulator_g01/package.sh'
[1.393s] INFO:colcon.colcon_core.shell:Creating package script '/home/carloso/ros2_ws_23_2/install/f1_12th_simulator_g01/share/f1_12th_simulator_g01/package.bash'
[1.394s] INFO:colcon.colcon_core.shell:Creating package script '/home/carloso/ros2_ws_23_2/install/f1_12th_simulator_g01/share/f1_12th_simulator_g01/package.zsh'
[1.394s] Level 1:colcon.colcon_core.environment:create_file_with_runtime_dependencies(/home/carloso/ros2_ws_23_2/install/f1_12th_simulator_g01/share/colcon-core/packages/f1_12th_simulator_g01)
[1.398s] Level 1:colcon.colcon_core.environment:create_environment_scripts_only(car_gazebo_plugin)
[1.401s] Level 1:colcon.colcon_core.environment:checking '/home/carloso/ros2_ws_23_2/install/car_gazebo_plugin' for CMake module files
[1.402s] Level 1:colcon.colcon_core.environment:checking '/home/carloso/ros2_ws_23_2/install/car_gazebo_plugin' for CMake config files
[1.402s] Level 1:colcon.colcon_core.shell:create_environment_hook('car_gazebo_plugin', 'cmake_prefix_path')
[1.404s] INFO:colcon.colcon_core.shell:Creating environment hook '/home/carloso/ros2_ws_23_2/install/car_gazebo_plugin/share/car_gazebo_plugin/hook/cmake_prefix_path.ps1'
[1.405s] INFO:colcon.colcon_core.shell:Creating environment descriptor '/home/carloso/ros2_ws_23_2/install/car_gazebo_plugin/share/car_gazebo_plugin/hook/cmake_prefix_path.dsv'
[1.405s] INFO:colcon.colcon_core.shell:Creating environment hook '/home/carloso/ros2_ws_23_2/install/car_gazebo_plugin/share/car_gazebo_plugin/hook/cmake_prefix_path.sh'
[1.406s] Level 1:colcon.colcon_core.environment:checking '/home/carloso/ros2_ws_23_2/install/car_gazebo_plugin/bin'
[1.406s] Level 1:colcon.colcon_core.environment:checking '/home/carloso/ros2_ws_23_2/install/car_gazebo_plugin/lib/pkgconfig/car_gazebo_plugin.pc'
[1.406s] Level 1:colcon.colcon_core.environment:checking '/home/carloso/ros2_ws_23_2/install/car_gazebo_plugin/lib/python3.10/site-packages'
[1.407s] Level 1:colcon.colcon_core.environment:checking '/home/carloso/ros2_ws_23_2/install/car_gazebo_plugin/bin'
[1.409s] INFO:colcon.colcon_core.shell:Creating package script '/home/carloso/ros2_ws_23_2/install/car_gazebo_plugin/share/car_gazebo_plugin/package.ps1'
[1.410s] INFO:colcon.colcon_core.shell:Creating package descriptor '/home/carloso/ros2_ws_23_2/install/car_gazebo_plugin/share/car_gazebo_plugin/package.dsv'
[1.410s] INFO:colcon.colcon_core.shell:Creating package script '/home/carloso/ros2_ws_23_2/install/car_gazebo_plugin/share/car_gazebo_plugin/package.sh'
[1.411s] INFO:colcon.colcon_core.shell:Creating package script '/home/carloso/ros2_ws_23_2/install/car_gazebo_plugin/share/car_gazebo_plugin/package.bash'
[1.412s] INFO:colcon.colcon_core.shell:Creating package script '/home/carloso/ros2_ws_23_2/install/car_gazebo_plugin/share/car_gazebo_plugin/package.zsh'
[1.412s] Level 1:colcon.colcon_core.environment:create_file_with_runtime_dependencies(/home/carloso/ros2_ws_23_2/install/car_gazebo_plugin/share/colcon-core/packages/car_gazebo_plugin)
[1.415s] Level 1:colcon.colcon_core.environment:create_environment_scripts_only(sim_car)
[1.418s] Level 1:colcon.colcon_core.environment:checking '/home/carloso/ros2_ws_23_2/install/sim_car' for CMake module files
[1.420s] Level 1:colcon.colcon_core.environment:checking '/home/carloso/ros2_ws_23_2/install/sim_car' for CMake config files
[1.421s] Level 1:colcon.colcon_core.shell:create_environment_hook('sim_car', 'cmake_prefix_path')
[1.423s] INFO:colcon.colcon_core.shell:Creating environment hook '/home/carloso/ros2_ws_23_2/install/sim_car/share/sim_car/hook/cmake_prefix_path.ps1'
[1.424s] INFO:colcon.colcon_core.shell:Creating environment descriptor '/home/carloso/ros2_ws_23_2/install/sim_car/share/sim_car/hook/cmake_prefix_path.dsv'
[1.424s] INFO:colcon.colcon_core.shell:Creating environment hook '/home/carloso/ros2_ws_23_2/install/sim_car/share/sim_car/hook/cmake_prefix_path.sh'
[1.425s] Level 1:colcon.colcon_core.environment:checking '/home/carloso/ros2_ws_23_2/install/sim_car/lib'
[1.425s] Level 1:colcon.colcon_core.environment:checking '/home/carloso/ros2_ws_23_2/install/sim_car/bin'
[1.425s] Level 1:colcon.colcon_core.environment:checking '/home/carloso/ros2_ws_23_2/install/sim_car/lib/pkgconfig/sim_car.pc'
[1.425s] Level 1:colcon.colcon_core.environment:checking '/home/carloso/ros2_ws_23_2/install/sim_car/lib/python3.10/site-packages'
[1.426s] Level 1:colcon.colcon_core.environment:checking '/home/carloso/ros2_ws_23_2/install/sim_car/bin'
[1.428s] INFO:colcon.colcon_core.shell:Creating package script '/home/carloso/ros2_ws_23_2/install/sim_car/share/sim_car/package.ps1'
[1.429s] INFO:colcon.colcon_core.shell:Creating package descriptor '/home/carloso/ros2_ws_23_2/install/sim_car/share/sim_car/package.dsv'
[1.430s] INFO:colcon.colcon_core.shell:Creating package script '/home/carloso/ros2_ws_23_2/install/sim_car/share/sim_car/package.sh'
[1.430s] INFO:colcon.colcon_core.shell:Creating package script '/home/carloso/ros2_ws_23_2/install/sim_car/share/sim_car/package.bash'
[1.431s] INFO:colcon.colcon_core.shell:Creating package script '/home/carloso/ros2_ws_23_2/install/sim_car/share/sim_car/package.zsh'
[1.431s] Level 1:colcon.colcon_core.environment:create_file_with_runtime_dependencies(/home/carloso/ros2_ws_23_2/install/sim_car/share/colcon-core/packages/sim_car)
[1.647s] DEBUG:colcon.colcon_core.event_handler.log_command:Invoking command in '/home/carloso/ros2_ws_23_2/build/joy_tester': PYTHONPATH=/home/carloso/ros2_ws_23_2/build/joy_tester/prefix_override:/home/carloso/ros2_ws_23_2/install/joy_tester/lib/python3.10/site-packages:${PYTHONPATH} /usr/bin/python3 setup.py develop --editable --build-directory /home/carloso/ros2_ws_23_2/build/joy_tester/build --no-deps install_data
[1.659s] DEBUG:colcon.colcon_core.event_handler.log_command:Invoking command in '/home/carloso/ros2_ws_23_2/build/launch_pkg_gYY': PYTHONPATH=/home/carloso/ros2_ws_23_2/build/launch_pkg_gYY/prefix_override:/home/carloso/ros2_ws_23_2/install/launch_pkg_gYY/lib/python3.10/site-packages:${PYTHONPATH} /usr/bin/python3 setup.py develop --editable --build-directory /home/carloso/ros2_ws_23_2/build/launch_pkg_gYY/build --no-deps install_data
[1.690s] DEBUG:colcon.colcon_core.event_handler.log_command:Invoking command in '/home/carloso/ros2_ws_23_2/build/turtle_move_pkg_gYY': PYTHONPATH=/home/carloso/ros2_ws_23_2/build/turtle_move_pkg_gYY/prefix_override:/home/carloso/ros2_ws_23_2/install/turtle_move_pkg_gYY/lib/python3.10/site-packages:${PYTHONPATH} /usr/bin/python3 setup.py develop --editable --build-directory /home/carloso/ros2_ws_23_2/build/turtle_move_pkg_gYY/build --no-deps install_data
[2.123s] Level 1:colcon.colcon_core.shell:create_environment_hook('joy_tester', 'pythonpath_develop')
[2.125s] INFO:colcon.colcon_core.shell:Creating environment hook '/home/carloso/ros2_ws_23_2/build/joy_tester/share/joy_tester/hook/pythonpath_develop.ps1'
[2.125s] DEBUG:colcon.colcon_core.event_handler.log_command:Invoked command in '/home/carloso/ros2_ws_23_2/build/joy_tester' returned '0': PYTHONPATH=/home/carloso/ros2_ws_23_2/build/joy_tester/prefix_override:/home/carloso/ros2_ws_23_2/install/joy_tester/lib/python3.10/site-packages:${PYTHONPATH} /usr/bin/python3 setup.py develop --editable --build-directory /home/carloso/ros2_ws_23_2/build/joy_tester/build --no-deps install_data
[2.126s] INFO:colcon.colcon_core.shell:Creating environment descriptor '/home/carloso/ros2_ws_23_2/build/joy_tester/share/joy_tester/hook/pythonpath_develop.dsv'
[2.127s] INFO:colcon.colcon_core.shell:Creating environment hook '/home/carloso/ros2_ws_23_2/build/joy_tester/share/joy_tester/hook/pythonpath_develop.sh'
[2.129s] Level 1:colcon.colcon_core.environment:checking '/home/carloso/ros2_ws_23_2/install/joy_tester' for CMake module files
[2.130s] Level 1:colcon.colcon_core.environment:checking '/home/carloso/ros2_ws_23_2/install/joy_tester' for CMake config files
[2.130s] Level 1:colcon.colcon_core.environment:checking '/home/carloso/ros2_ws_23_2/install/joy_tester/lib'
[2.130s] Level 1:colcon.colcon_core.environment:checking '/home/carloso/ros2_ws_23_2/install/joy_tester/bin'
[2.130s] Level 1:colcon.colcon_core.environment:checking '/home/carloso/ros2_ws_23_2/install/joy_tester/lib/pkgconfig/joy_tester.pc'
[2.131s] Level 1:colcon.colcon_core.environment:checking '/home/carloso/ros2_ws_23_2/install/joy_tester/lib/python3.10/site-packages'
[2.131s] Level 1:colcon.colcon_core.shell:create_environment_hook('joy_tester', 'pythonpath')
[2.132s] INFO:colcon.colcon_core.shell:Creating environment hook '/home/carloso/ros2_ws_23_2/install/joy_tester/share/joy_tester/hook/pythonpath.ps1'
[2.132s] INFO:colcon.colcon_core.shell:Creating environment descriptor '/home/carloso/ros2_ws_23_2/install/joy_tester/share/joy_tester/hook/pythonpath.dsv'
[2.133s] INFO:colcon.colcon_core.shell:Creating environment hook '/home/carloso/ros2_ws_23_2/install/joy_tester/share/joy_tester/hook/pythonpath.sh'
[2.133s] Level 1:colcon.colcon_core.environment:checking '/home/carloso/ros2_ws_23_2/install/joy_tester/bin'
[2.133s] Level 1:colcon.colcon_core.environment:create_environment_scripts_only(joy_tester)
[2.134s] INFO:colcon.colcon_core.shell:Creating package script '/home/carloso/ros2_ws_23_2/install/joy_tester/share/joy_tester/package.ps1'
[2.135s] INFO:colcon.colcon_core.shell:Creating package descriptor '/home/carloso/ros2_ws_23_2/install/joy_tester/share/joy_tester/package.dsv'
[2.135s] INFO:colcon.colcon_core.shell:Creating package script '/home/carloso/ros2_ws_23_2/install/joy_tester/share/joy_tester/package.sh'
[2.136s] INFO:colcon.colcon_core.shell:Creating package script '/home/carloso/ros2_ws_23_2/install/joy_tester/share/joy_tester/package.bash'
[2.136s] INFO:colcon.colcon_core.shell:Creating package script '/home/carloso/ros2_ws_23_2/install/joy_tester/share/joy_tester/package.zsh'
[2.136s] Level 1:colcon.colcon_core.environment:create_file_with_runtime_dependencies(/home/carloso/ros2_ws_23_2/install/joy_tester/share/colcon-core/packages/joy_tester)
[2.137s] Level 1:colcon.colcon_core.shell:create_environment_hook('launch_pkg_gYY', 'pythonpath_develop')
[2.139s] INFO:colcon.colcon_core.shell:Creating environment hook '/home/carloso/ros2_ws_23_2/build/launch_pkg_gYY/share/launch_pkg_gYY/hook/pythonpath_develop.ps1'
[2.140s] DEBUG:colcon.colcon_core.event_handler.log_command:Invoked command in '/home/carloso/ros2_ws_23_2/build/launch_pkg_gYY' returned '0': PYTHONPATH=/home/carloso/ros2_ws_23_2/build/launch_pkg_gYY/prefix_override:/home/carloso/ros2_ws_23_2/install/launch_pkg_gYY/lib/python3.10/site-packages:${PYTHONPATH} /usr/bin/python3 setup.py develop --editable --build-directory /home/carloso/ros2_ws_23_2/build/launch_pkg_gYY/build --no-deps install_data
[2.140s] INFO:colcon.colcon_core.shell:Creating environment descriptor '/home/carloso/ros2_ws_23_2/build/launch_pkg_gYY/share/launch_pkg_gYY/hook/pythonpath_develop.dsv'
[2.141s] INFO:colcon.colcon_core.shell:Creating environment hook '/home/carloso/ros2_ws_23_2/build/launch_pkg_gYY/share/launch_pkg_gYY/hook/pythonpath_develop.sh'
[2.143s] Level 1:colcon.colcon_core.environment:checking '/home/carloso/ros2_ws_23_2/install/launch_pkg_gYY' for CMake module files
[2.143s] Level 1:colcon.colcon_core.environment:checking '/home/carloso/ros2_ws_23_2/install/launch_pkg_gYY' for CMake config files
[2.143s] Level 1:colcon.colcon_core.environment:checking '/home/carloso/ros2_ws_23_2/install/launch_pkg_gYY/lib'
[2.144s] Level 1:colcon.colcon_core.environment:checking '/home/carloso/ros2_ws_23_2/install/launch_pkg_gYY/bin'
[2.144s] Level 1:colcon.colcon_core.environment:checking '/home/carloso/ros2_ws_23_2/install/launch_pkg_gYY/lib/pkgconfig/launch_pkg_gYY.pc'
[2.144s] Level 1:colcon.colcon_core.environment:checking '/home/carloso/ros2_ws_23_2/install/launch_pkg_gYY/lib/python3.10/site-packages'
[2.144s] Level 1:colcon.colcon_core.shell:create_environment_hook('launch_pkg_gYY', 'pythonpath')
[2.145s] INFO:colcon.colcon_core.shell:Creating environment hook '/home/carloso/ros2_ws_23_2/install/launch_pkg_gYY/share/launch_pkg_gYY/hook/pythonpath.ps1'
[2.145s] INFO:colcon.colcon_core.shell:Creating environment descriptor '/home/carloso/ros2_ws_23_2/install/launch_pkg_gYY/share/launch_pkg_gYY/hook/pythonpath.dsv'
[2.146s] INFO:colcon.colcon_core.shell:Creating environment hook '/home/carloso/ros2_ws_23_2/install/launch_pkg_gYY/share/launch_pkg_gYY/hook/pythonpath.sh'
[2.146s] Level 1:colcon.colcon_core.environment:checking '/home/carloso/ros2_ws_23_2/install/launch_pkg_gYY/bin'
[2.146s] Level 1:colcon.colcon_core.environment:create_environment_scripts_only(launch_pkg_gYY)
[2.148s] INFO:colcon.colcon_core.shell:Creating package script '/home/carloso/ros2_ws_23_2/install/launch_pkg_gYY/share/launch_pkg_gYY/package.ps1'
[2.148s] INFO:colcon.colcon_core.shell:Creating package descriptor '/home/carloso/ros2_ws_23_2/install/launch_pkg_gYY/share/launch_pkg_gYY/package.dsv'
[2.149s] INFO:colcon.colcon_core.shell:Creating package script '/home/carloso/ros2_ws_23_2/install/launch_pkg_gYY/share/launch_pkg_gYY/package.sh'
[2.149s] INFO:colcon.colcon_core.shell:Creating package script '/home/carloso/ros2_ws_23_2/install/launch_pkg_gYY/share/launch_pkg_gYY/package.bash'
[2.150s] INFO:colcon.colcon_core.shell:Creating package script '/home/carloso/ros2_ws_23_2/install/launch_pkg_gYY/share/launch_pkg_gYY/package.zsh'
[2.150s] Level 1:colcon.colcon_core.environment:create_file_with_runtime_dependencies(/home/carloso/ros2_ws_23_2/install/launch_pkg_gYY/share/colcon-core/packages/launch_pkg_gYY)
[2.156s] Level 1:colcon.colcon_core.shell:create_environment_hook('turtle_move_pkg_gYY', 'pythonpath_develop')
[2.157s] INFO:colcon.colcon_core.shell:Creating environment hook '/home/carloso/ros2_ws_23_2/build/turtle_move_pkg_gYY/share/turtle_move_pkg_gYY/hook/pythonpath_develop.ps1'
[2.157s] DEBUG:colcon.colcon_core.event_handler.log_command:Invoked command in '/home/carloso/ros2_ws_23_2/build/turtle_move_pkg_gYY' returned '0': PYTHONPATH=/home/carloso/ros2_ws_23_2/build/turtle_move_pkg_gYY/prefix_override:/home/carloso/ros2_ws_23_2/install/turtle_move_pkg_gYY/lib/python3.10/site-packages:${PYTHONPATH} /usr/bin/python3 setup.py develop --editable --build-directory /home/carloso/ros2_ws_23_2/build/turtle_move_pkg_gYY/build --no-deps install_data
[2.158s] INFO:colcon.colcon_core.shell:Creating environment descriptor '/home/carloso/ros2_ws_23_2/build/turtle_move_pkg_gYY/share/turtle_move_pkg_gYY/hook/pythonpath_develop.dsv'
[2.158s] INFO:colcon.colcon_core.shell:Creating environment hook '/home/carloso/ros2_ws_23_2/build/turtle_move_pkg_gYY/share/turtle_move_pkg_gYY/hook/pythonpath_develop.sh'
[2.160s] Level 1:colcon.colcon_core.environment:checking '/home/carloso/ros2_ws_23_2/install/turtle_move_pkg_gYY' for CMake module files
[2.160s] Level 1:colcon.colcon_core.environment:checking '/home/carloso/ros2_ws_23_2/install/turtle_move_pkg_gYY' for CMake config files
[2.161s] Level 1:colcon.colcon_core.environment:checking '/home/carloso/ros2_ws_23_2/install/turtle_move_pkg_gYY/lib'
[2.161s] Level 1:colcon.colcon_core.environment:checking '/home/carloso/ros2_ws_23_2/install/turtle_move_pkg_gYY/bin'
[2.161s] Level 1:colcon.colcon_core.environment:checking '/home/carloso/ros2_ws_23_2/install/turtle_move_pkg_gYY/lib/pkgconfig/turtle_move_pkg_gYY.pc'
[2.161s] Level 1:colcon.colcon_core.environment:checking '/home/carloso/ros2_ws_23_2/install/turtle_move_pkg_gYY/lib/python3.10/site-packages'
[2.161s] Level 1:colcon.colcon_core.shell:create_environment_hook('turtle_move_pkg_gYY', 'pythonpath')
[2.162s] INFO:colcon.colcon_core.shell:Creating environment hook '/home/carloso/ros2_ws_23_2/install/turtle_move_pkg_gYY/share/turtle_move_pkg_gYY/hook/pythonpath.ps1'
[2.162s] INFO:colcon.colcon_core.shell:Creating environment descriptor '/home/carloso/ros2_ws_23_2/install/turtle_move_pkg_gYY/share/turtle_move_pkg_gYY/hook/pythonpath.dsv'
[2.162s] INFO:colcon.colcon_core.shell:Creating environment hook '/home/carloso/ros2_ws_23_2/install/turtle_move_pkg_gYY/share/turtle_move_pkg_gYY/hook/pythonpath.sh'
[2.163s] Level 1:colcon.colcon_core.environment:checking '/home/carloso/ros2_ws_23_2/install/turtle_move_pkg_gYY/bin'
[2.163s] Level 1:colcon.colcon_core.environment:create_environment_scripts_only(turtle_move_pkg_gYY)
[2.164s] INFO:colcon.colcon_core.shell:Creating package script '/home/carloso/ros2_ws_23_2/install/turtle_move_pkg_gYY/share/turtle_move_pkg_gYY/package.ps1'
[2.165s] INFO:colcon.colcon_core.shell:Creating package descriptor '/home/carloso/ros2_ws_23_2/install/turtle_move_pkg_gYY/share/turtle_move_pkg_gYY/package.dsv'
[2.165s] INFO:colcon.colcon_core.shell:Creating package script '/home/carloso/ros2_ws_23_2/install/turtle_move_pkg_gYY/share/turtle_move_pkg_gYY/package.sh'
[2.166s] INFO:colcon.colcon_core.shell:Creating package script '/home/carloso/ros2_ws_23_2/install/turtle_move_pkg_gYY/share/turtle_move_pkg_gYY/package.bash'
[2.166s] INFO:colcon.colcon_core.shell:Creating package script '/home/carloso/ros2_ws_23_2/install/turtle_move_pkg_gYY/share/turtle_move_pkg_gYY/package.zsh'
[2.166s] Level 1:colcon.colcon_core.environment:create_file_with_runtime_dependencies(/home/carloso/ros2_ws_23_2/install/turtle_move_pkg_gYY/share/colcon-core/packages/turtle_move_pkg_gYY)
[2.166s] DEBUG:colcon.colcon_parallel_executor.executor.parallel:closing loop
[2.167s] DEBUG:colcon.colcon_parallel_executor.executor.parallel:loop closed
[2.167s] DEBUG:colcon.colcon_parallel_executor.executor.parallel:run_until_complete finished with '0'
[2.167s] DEBUG:colcon.colcon_core.event_reactor:joining thread
[2.173s] INFO:colcon.colcon_core.plugin_system:Skipping extension 'colcon_notification.desktop_notification.terminal_notifier': Not used on non-Darwin systems
[2.173s] INFO:colcon.colcon_core.plugin_system:Skipping extension 'colcon_notification.desktop_notification.win32': Not used on non-Windows systems
[2.173s] INFO:colcon.colcon_notification.desktop_notification:Sending desktop notification using 'notify2'
[2.183s] DEBUG:colcon.colcon_core.event_reactor:joined thread
[2.185s] INFO:colcon.colcon_core.shell:Creating prefix script '/home/carloso/ros2_ws_23_2/install/local_setup.ps1'
[2.186s] INFO:colcon.colcon_core.shell:Creating prefix util module '/home/carloso/ros2_ws_23_2/install/_local_setup_util_ps1.py'
[2.187s] INFO:colcon.colcon_core.shell:Creating prefix chain script '/home/carloso/ros2_ws_23_2/install/setup.ps1'
[2.189s] INFO:colcon.colcon_core.shell:Creating prefix script '/home/carloso/ros2_ws_23_2/install/local_setup.sh'
[2.189s] INFO:colcon.colcon_core.shell:Creating prefix util module '/home/carloso/ros2_ws_23_2/install/_local_setup_util_sh.py'
[2.190s] INFO:colcon.colcon_core.shell:Creating prefix chain script '/home/carloso/ros2_ws_23_2/install/setup.sh'
[2.191s] INFO:colcon.colcon_core.shell:Creating prefix script '/home/carloso/ros2_ws_23_2/install/local_setup.bash'
[2.192s] INFO:colcon.colcon_core.shell:Creating prefix chain script '/home/carloso/ros2_ws_23_2/install/setup.bash'
[2.195s] INFO:colcon.colcon_core.shell:Creating prefix script '/home/carloso/ros2_ws_23_2/install/local_setup.zsh'
[2.195s] INFO:colcon.colcon_core.shell:Creating prefix chain script '/home/carloso/ros2_ws_23_2/install/setup.zsh'
