[1.548s] Invoking command in '/home/carloso/ros2_ws_23_2/build/sim_car': CMAKE_PREFIX_PATH=${CMAKE_PREFIX_PATH}:/home/carloso/ros2_ws_23_2/install/turtle_move_pkg_gYY:/home/carloso/ros2_ws_23_2/install/launch_pkg_gYY:/home/carloso/ros2_ws_23_2/install/joy_tester:/opt/ros/humble /usr/bin/cmake --build /home/carloso/ros2_ws_23_2/build/sim_car -- -j8 -l8
[2.242s] Invoked command in '/home/carloso/ros2_ws_23_2/build/sim_car' returned '0': CMAKE_PREFIX_PATH=${CMAKE_PREFIX_PATH}:/home/carloso/ros2_ws_23_2/install/turtle_move_pkg_gYY:/home/carloso/ros2_ws_23_2/install/launch_pkg_gYY:/home/carloso/ros2_ws_23_2/install/joy_tester:/opt/ros/humble /usr/bin/cmake --build /home/carloso/ros2_ws_23_2/build/sim_car -- -j8 -l8
[2.291s] Invoking command in '/home/carloso/ros2_ws_23_2/build/sim_car': CMAKE_PREFIX_PATH=${CMAKE_PREFIX_PATH}:/home/carloso/ros2_ws_23_2/install/turtle_move_pkg_gYY:/home/carloso/ros2_ws_23_2/install/launch_pkg_gYY:/home/carloso/ros2_ws_23_2/install/joy_tester:/opt/ros/humble /usr/bin/cmake --install /home/carloso/ros2_ws_23_2/build/sim_car
[2.311s] -- Install configuration: ""
[2.312s] -- Execute custom install script
[2.313s] -- Up-to-date symlink: /home/carloso/ros2_ws_23_2/install/sim_car/lib/sim_car//convert_xacro.py
[2.313s] -- Up-to-date symlink: /home/carloso/ros2_ws_23_2/install/sim_car/lib/sim_car//spawn_bot.py
[2.313s] -- Up-to-date symlink: /home/carloso/ros2_ws_23_2/install/sim_car/lib/sim_car//sentry.py
[2.321s] -- Up-to-date symlink: /home/carloso/ros2_ws_23_2/install/sim_car/share/sim_car//launch/all.launch.py
[2.321s] -- Up-to-date symlink: /home/carloso/ros2_ws_23_2/install/sim_car/share/sim_car//launch/blue2.py
[2.321s] -- Up-to-date symlink: /home/carloso/ros2_ws_23_2/install/sim_car/share/sim_car//launch/blue_launch.py
[2.321s] -- Up-to-date symlink: /home/carloso/ros2_ws_23_2/install/sim_car/share/sim_car//launch/bringup.launch.py
[2.322s] -- Up-to-date symlink: /home/carloso/ros2_ws_23_2/install/sim_car/share/sim_car//launch/bringup.launch2.py
[2.322s] -- Up-to-date symlink: /home/carloso/ros2_ws_23_2/install/sim_car/share/sim_car//launch/spawn_car.launch.py
[2.322s] -- Up-to-date symlink: /home/carloso/ros2_ws_23_2/install/sim_car/share/sim_car//launch/spawn_red_crash.launch.py
[2.322s] -- Up-to-date symlink: /home/carloso/ros2_ws_23_2/install/sim_car/share/sim_car//launch/spawn_world.launch.py
[2.323s] -- Up-to-date symlink: /home/carloso/ros2_ws_23_2/install/sim_car/share/sim_car//config/blue_params.yaml
[2.323s] -- Up-to-date symlink: /home/carloso/ros2_ws_23_2/install/sim_car/share/sim_car//config/nav2_params.yaml
[2.323s] -- Up-to-date symlink: /home/carloso/ros2_ws_23_2/install/sim_car/share/sim_car//config/red-crash.rviz
[2.323s] -- Up-to-date symlink: /home/carloso/ros2_ws_23_2/install/sim_car/share/sim_car//config/teleop_twist_joy.yaml
[2.324s] -- Up-to-date symlink: /home/carloso/ros2_ws_23_2/install/sim_car/share/sim_car//robot/car.urdf.xacro
[2.324s] -- Up-to-date symlink: /home/carloso/ros2_ws_23_2/install/sim_car/share/sim_car//robot/red_crash.urdf.xacro
[2.324s] -- Up-to-date symlink: /home/carloso/ros2_ws_23_2/install/sim_car/share/sim_car//worlds/empty.world
[2.324s] -- Up-to-date symlink: /home/carloso/ros2_ws_23_2/install/sim_car/share/sim_car//worlds/simple.world
[2.324s] -- Up-to-date symlink: /home/carloso/ros2_ws_23_2/install/sim_car/share/sim_car//worlds/simple_world_maps/map_1669268298.pgm
[2.325s] -- Up-to-date symlink: /home/carloso/ros2_ws_23_2/install/sim_car/share/sim_car//worlds/simple_world_maps/map_1669268298.yaml
[2.325s] -- Up-to-date symlink: /home/carloso/ros2_ws_23_2/install/sim_car/share/sim_car//worlds/simple_world_maps/map_1669312051.pgm
[2.325s] -- Up-to-date symlink: /home/carloso/ros2_ws_23_2/install/sim_car/share/sim_car//worlds/simple_world_maps/map_1669312051.yaml
[2.326s] -- Up-to-date symlink: /home/carloso/ros2_ws_23_2/install/sim_car/share/sim_car//scripts/convert_xacro.py
[2.326s] -- Up-to-date symlink: /home/carloso/ros2_ws_23_2/install/sim_car/share/sim_car//scripts/play.html
[2.326s] -- Up-to-date symlink: /home/carloso/ros2_ws_23_2/install/sim_car/share/sim_car//scripts/sentry.py
[2.326s] -- Up-to-date symlink: /home/carloso/ros2_ws_23_2/install/sim_car/share/sim_car//scripts/spawn_bot.py
[2.326s] -- Up-to-date symlink: /home/carloso/ros2_ws_23_2/install/sim_car/share/sim_car//params/intentionally_empty
[2.327s] -- Up-to-date symlink: /home/carloso/ros2_ws_23_2/install/sim_car/share/sim_car//behavior_trees/navigate_w_replanning_time2.xml
[2.327s] -- Up-to-date symlink: /home/carloso/ros2_ws_23_2/install/sim_car/share/ament_index/resource_index/package_run_dependencies/sim_car
[2.327s] -- Up-to-date symlink: /home/carloso/ros2_ws_23_2/install/sim_car/share/ament_index/resource_index/parent_prefix_path/sim_car
[2.327s] -- Up-to-date symlink: /home/carloso/ros2_ws_23_2/install/sim_car/share/sim_car/environment/ament_prefix_path.sh
[2.327s] -- Up-to-date symlink: /home/carloso/ros2_ws_23_2/install/sim_car/share/sim_car/environment/ament_prefix_path.dsv
[2.327s] -- Up-to-date symlink: /home/carloso/ros2_ws_23_2/install/sim_car/share/sim_car/environment/path.sh
[2.327s] -- Up-to-date symlink: /home/carloso/ros2_ws_23_2/install/sim_car/share/sim_car/environment/path.dsv
[2.328s] -- Up-to-date symlink: /home/carloso/ros2_ws_23_2/install/sim_car/share/sim_car/local_setup.bash
[2.328s] -- Up-to-date symlink: /home/carloso/ros2_ws_23_2/install/sim_car/share/sim_car/local_setup.sh
[2.329s] -- Up-to-date symlink: /home/carloso/ros2_ws_23_2/install/sim_car/share/sim_car/local_setup.zsh
[2.329s] -- Up-to-date symlink: /home/carloso/ros2_ws_23_2/install/sim_car/share/sim_car/local_setup.dsv
[2.329s] -- Symlinking: /home/carloso/ros2_ws_23_2/install/sim_car/share/sim_car/package.dsv
[2.367s] -- Up-to-date symlink: /home/carloso/ros2_ws_23_2/install/sim_car/share/ament_index/resource_index/packages/sim_car
[2.367s] -- Up-to-date symlink: /home/carloso/ros2_ws_23_2/install/sim_car/share/sim_car/cmake/sim_carConfig.cmake
[2.368s] -- Up-to-date symlink: /home/carloso/ros2_ws_23_2/install/sim_car/share/sim_car/cmake/sim_carConfig-version.cmake
[2.377s] -- Up-to-date symlink: /home/carloso/ros2_ws_23_2/install/sim_car/share/sim_car/package.xml
[2.413s] Invoked command in '/home/carloso/ros2_ws_23_2/build/sim_car' returned '0': CMAKE_PREFIX_PATH=${CMAKE_PREFIX_PATH}:/home/carloso/ros2_ws_23_2/install/turtle_move_pkg_gYY:/home/carloso/ros2_ws_23_2/install/launch_pkg_gYY:/home/carloso/ros2_ws_23_2/install/joy_tester:/opt/ros/humble /usr/bin/cmake --install /home/carloso/ros2_ws_23_2/build/sim_car
