running develop
/usr/lib/python3/dist-packages/setuptools/command/easy_install.py:158: EasyInstallDeprecationWarning: easy_install command is deprecated. Use build and pip and other standards-based tools.
  warnings.warn(
/usr/lib/python3/dist-packages/setuptools/command/install.py:34: SetuptoolsDeprecationWarning: setup.py install is deprecated. Use build and pip and other standards-based tools.
  warnings.warn(
running egg_info
writing launch_pkg_gYY.egg-info/PKG-INFO
writing dependency_links to launch_pkg_gYY.egg-info/dependency_links.txt
writing entry points to launch_pkg_gYY.egg-info/entry_points.txt
writing requirements to launch_pkg_gYY.egg-info/requires.txt
writing top-level names to launch_pkg_gYY.egg-info/top_level.txt
reading manifest file 'launch_pkg_gYY.egg-info/SOURCES.txt'
writing manifest file 'launch_pkg_gYY.egg-info/SOURCES.txt'
running build_ext
Creating /home/carloso/ros2_ws_23_2/install/launch_pkg_gYY/lib/python3.10/site-packages/launch-pkg-gYY.egg-link (link to .)

Installed /home/carloso/ros2_ws_23_2/build/launch_pkg_gYY
running install_data
copying resource/launch_pkg_gYY -> /home/carloso/ros2_ws_23_2/install/launch_pkg_gYY/share/ament_index/resource_index/packages
copying package.xml -> /home/carloso/ros2_ws_23_2/install/launch_pkg_gYY/share/launch_pkg_gYY
creating /home/carloso/ros2_ws_23_2/install/launch_pkg_gYY/share/launch_pkg_gYY/launch
copying launch/talker_listener.launch.py -> /home/carloso/ros2_ws_23_2/install/launch_pkg_gYY/share/launch_pkg_gYY/launch
