[1.148s] Invoking command in '/home/carloso/ros2_ws_23_2/build/launch_pkg_gYY': PYTHONPATH=/home/carloso/ros2_ws_23_2/build/launch_pkg_gYY/prefix_override:/home/carloso/ros2_ws_23_2/install/launch_pkg_gYY/lib/python3.10/site-packages:${PYTHONPATH} /usr/bin/python3 setup.py develop --editable --build-directory /home/carloso/ros2_ws_23_2/build/launch_pkg_gYY/build --no-deps install_data
[1.397s] running develop
[1.398s] /usr/lib/python3/dist-packages/setuptools/command/easy_install.py:158: EasyInstallDeprecationWarning: easy_install command is deprecated. Use build and pip and other standards-based tools.
[1.398s]   warnings.warn(
[1.399s] /usr/lib/python3/dist-packages/setuptools/command/install.py:34: SetuptoolsDeprecationWarning: setup.py install is deprecated. Use build and pip and other standards-based tools.
[1.399s]   warnings.warn(
[1.559s] running egg_info
[1.559s] writing launch_pkg_gYY.egg-info/PKG-INFO
[1.559s] writing dependency_links to launch_pkg_gYY.egg-info/dependency_links.txt
[1.559s] writing entry points to launch_pkg_gYY.egg-info/entry_points.txt
[1.559s] writing requirements to launch_pkg_gYY.egg-info/requires.txt
[1.560s] writing top-level names to launch_pkg_gYY.egg-info/top_level.txt
[1.561s] reading manifest file 'launch_pkg_gYY.egg-info/SOURCES.txt'
[1.561s] writing manifest file 'launch_pkg_gYY.egg-info/SOURCES.txt'
[1.562s] running build_ext
[1.563s] Creating /home/carloso/ros2_ws_23_2/install/launch_pkg_gYY/lib/python3.10/site-packages/launch-pkg-gYY.egg-link (link to .)
[1.563s] 
[1.563s] Installed /home/carloso/ros2_ws_23_2/build/launch_pkg_gYY
[1.564s] running install_data
[1.564s] copying resource/launch_pkg_gYY -> /home/carloso/ros2_ws_23_2/install/launch_pkg_gYY/share/ament_index/resource_index/packages
[1.564s] copying package.xml -> /home/carloso/ros2_ws_23_2/install/launch_pkg_gYY/share/launch_pkg_gYY
[1.564s] creating /home/carloso/ros2_ws_23_2/install/launch_pkg_gYY/share/launch_pkg_gYY/launch
[1.564s] copying launch/talker_listener.launch.py -> /home/carloso/ros2_ws_23_2/install/launch_pkg_gYY/share/launch_pkg_gYY/launch
[1.590s] Invoked command in '/home/carloso/ros2_ws_23_2/build/launch_pkg_gYY' returned '0': PYTHONPATH=/home/carloso/ros2_ws_23_2/build/launch_pkg_gYY/prefix_override:/home/carloso/ros2_ws_23_2/install/launch_pkg_gYY/lib/python3.10/site-packages:${PYTHONPATH} /usr/bin/python3 setup.py develop --editable --build-directory /home/carloso/ros2_ws_23_2/build/launch_pkg_gYY/build --no-deps install_data
