[0.932s] Invoking command in '/home/carloso/ros2_ws_23_2/build/turtle_move_pkg_gYY': PYTHONPATH=/home/carloso/ros2_ws_23_2/build/turtle_move_pkg_gYY/prefix_override:/home/carloso/ros2_ws_23_2/install/turtle_move_pkg_gYY/lib/python3.10/site-packages:${PYTHONPATH} /usr/bin/python3 setup.py develop --editable --build-directory /home/carloso/ros2_ws_23_2/build/turtle_move_pkg_gYY/build --no-deps install_data
[1.257s] running develop
[1.257s] /usr/lib/python3/dist-packages/setuptools/command/easy_install.py:158: EasyInstallDeprecationWarning: easy_install command is deprecated. Use build and pip and other standards-based tools.
[1.257s]   warnings.warn(
[1.259s] /usr/lib/python3/dist-packages/setuptools/command/install.py:34: SetuptoolsDeprecationWarning: setup.py install is deprecated. Use build and pip and other standards-based tools.
[1.259s]   warnings.warn(
[1.432s] running egg_info
[1.432s] writing turtle_move_pkg_gYY.egg-info/PKG-INFO
[1.433s] writing dependency_links to turtle_move_pkg_gYY.egg-info/dependency_links.txt
[1.433s] writing entry points to turtle_move_pkg_gYY.egg-info/entry_points.txt
[1.433s] writing requirements to turtle_move_pkg_gYY.egg-info/requires.txt
[1.433s] writing top-level names to turtle_move_pkg_gYY.egg-info/top_level.txt
[1.436s] reading manifest file 'turtle_move_pkg_gYY.egg-info/SOURCES.txt'
[1.437s] writing manifest file 'turtle_move_pkg_gYY.egg-info/SOURCES.txt'
[1.438s] running build_ext
[1.438s] Creating /home/carloso/ros2_ws_23_2/install/turtle_move_pkg_gYY/lib/python3.10/site-packages/turtle-move-pkg-gYY.egg-link (link to .)
[1.439s] Installing turtle_move_node_gYY script to /home/carloso/ros2_ws_23_2/install/turtle_move_pkg_gYY/lib/turtle_move_pkg_gYY
[1.440s] 
[1.440s] Installed /home/carloso/ros2_ws_23_2/build/turtle_move_pkg_gYY
[1.440s] running install_data
[1.490s] Invoked command in '/home/carloso/ros2_ws_23_2/build/turtle_move_pkg_gYY' returned '0': PYTHONPATH=/home/carloso/ros2_ws_23_2/build/turtle_move_pkg_gYY/prefix_override:/home/carloso/ros2_ws_23_2/install/turtle_move_pkg_gYY/lib/python3.10/site-packages:${PYTHONPATH} /usr/bin/python3 setup.py develop --editable --build-directory /home/carloso/ros2_ws_23_2/build/turtle_move_pkg_gYY/build --no-deps install_data
