[1.687s] Invoking command in '/home/carloso/ros2_ws_23_2/build/scrips_node': PYTHONPATH=/home/carloso/ros2_ws_23_2/build/scrips_node/prefix_override:/home/carloso/ros2_ws_23_2/install/scrips_node/lib/python3.10/site-packages:${PYTHONPATH} /usr/bin/python3 setup.py develop --editable --build-directory /home/carloso/ros2_ws_23_2/build/scrips_node/build --no-deps install_data
[2.025s] running develop
[2.026s] /usr/lib/python3/dist-packages/setuptools/command/easy_install.py:158: EasyInstallDeprecationWarning: easy_install command is deprecated. Use build and pip and other standards-based tools.
[2.026s]   warnings.warn(
[2.027s] /usr/lib/python3/dist-packages/setuptools/command/install.py:34: SetuptoolsDeprecationWarning: setup.py install is deprecated. Use build and pip and other standards-based tools.
[2.027s]   warnings.warn(
[2.253s] running egg_info
[2.253s] writing scrips_node.egg-info/PKG-INFO
[2.254s] writing dependency_links to scrips_node.egg-info/dependency_links.txt
[2.254s] writing entry points to scrips_node.egg-info/entry_points.txt
[2.254s] writing requirements to scrips_node.egg-info/requires.txt
[2.254s] writing top-level names to scrips_node.egg-info/top_level.txt
[2.256s] reading manifest file 'scrips_node.egg-info/SOURCES.txt'
[2.257s] writing manifest file 'scrips_node.egg-info/SOURCES.txt'
[2.259s] running build_ext
[2.259s] Creating /home/carloso/ros2_ws_23_2/install/scrips_node/lib/python3.10/site-packages/scrips-node.egg-link (link to .)
[2.260s] Installing ackerman_node script to /home/carloso/ros2_ws_23_2/install/scrips_node/lib/scrips_node
[2.261s] Installing laser_node script to /home/carloso/ros2_ws_23_2/install/scrips_node/lib/scrips_node
[2.261s] 
[2.261s] Installed /home/carloso/ros2_ws_23_2/build/scrips_node
[2.262s] running install_data
[2.315s] Invoked command in '/home/carloso/ros2_ws_23_2/build/scrips_node' returned '0': PYTHONPATH=/home/carloso/ros2_ws_23_2/build/scrips_node/prefix_override:/home/carloso/ros2_ws_23_2/install/scrips_node/lib/python3.10/site-packages:${PYTHONPATH} /usr/bin/python3 setup.py develop --editable --build-directory /home/carloso/ros2_ws_23_2/build/scrips_node/build --no-deps install_data
