running develop
running egg_info
creating turtle_move_pkg_gYY.egg-info
writing turtle_move_pkg_gYY.egg-info/PKG-INFO
writing dependency_links to turtle_move_pkg_gYY.egg-info/dependency_links.txt
writing entry points to turtle_move_pkg_gYY.egg-info/entry_points.txt
writing requirements to turtle_move_pkg_gYY.egg-info/requires.txt
writing top-level names to turtle_move_pkg_gYY.egg-info/top_level.txt
writing manifest file 'turtle_move_pkg_gYY.egg-info/SOURCES.txt'
reading manifest file 'turtle_move_pkg_gYY.egg-info/SOURCES.txt'
writing manifest file 'turtle_move_pkg_gYY.egg-info/SOURCES.txt'
running build_ext
Creating /home/carloso/ros2_ws_23_2/install/turtle_move_pkg_gYY/lib/python3.10/site-packages/turtle-move-pkg-gYY.egg-link (link to .)
Installing turtle_move_node_gYY script to /home/carloso/ros2_ws_23_2/install/turtle_move_pkg_gYY/lib/turtle_move_pkg_gYY

Installed /home/carloso/ros2_ws_23_2/build/turtle_move_pkg_gYY
running install_data
creating /home/carloso/ros2_ws_23_2/install/turtle_move_pkg_gYY/share/ament_index
creating /home/carloso/ros2_ws_23_2/install/turtle_move_pkg_gYY/share/ament_index/resource_index
creating /home/carloso/ros2_ws_23_2/install/turtle_move_pkg_gYY/share/ament_index/resource_index/packages
copying resource/turtle_move_pkg_gYY -> /home/carloso/ros2_ws_23_2/install/turtle_move_pkg_gYY/share/ament_index/resource_index/packages
copying package.xml -> /home/carloso/ros2_ws_23_2/install/turtle_move_pkg_gYY/share/turtle_move_pkg_gYY
