[1.150s] Invoking command in '/home/carloso/ros2_ws_23_2/build/turtle_move_pkg_gYY': PYTHONPATH=/home/carloso/ros2_ws_23_2/build/turtle_move_pkg_gYY/prefix_override:/home/carloso/ros2_ws_23_2/install/turtle_move_pkg_gYY/lib/python3.10/site-packages:${PYTHONPATH} /usr/bin/python3 setup.py develop --editable --build-directory /home/carloso/ros2_ws_23_2/build/turtle_move_pkg_gYY/build --no-deps install_data
[1.405s] running develop
[1.406s] /usr/lib/python3/dist-packages/setuptools/command/easy_install.py:158: EasyInstallDeprecationWarning: easy_install command is deprecated. Use build and pip and other standards-based tools.
[1.406s]   warnings.warn(
[1.407s] /usr/lib/python3/dist-packages/setuptools/command/install.py:34: SetuptoolsDeprecationWarning: setup.py install is deprecated. Use build and pip and other standards-based tools.
[1.407s]   warnings.warn(
[1.581s] running egg_info
[1.581s] creating turtle_move_pkg_gYY.egg-info
[1.582s] writing turtle_move_pkg_gYY.egg-info/PKG-INFO
[1.582s] writing dependency_links to turtle_move_pkg_gYY.egg-info/dependency_links.txt
[1.582s] writing entry points to turtle_move_pkg_gYY.egg-info/entry_points.txt
[1.582s] writing requirements to turtle_move_pkg_gYY.egg-info/requires.txt
[1.582s] writing top-level names to turtle_move_pkg_gYY.egg-info/top_level.txt
[1.582s] writing manifest file 'turtle_move_pkg_gYY.egg-info/SOURCES.txt'
[1.585s] reading manifest file 'turtle_move_pkg_gYY.egg-info/SOURCES.txt'
[1.585s] writing manifest file 'turtle_move_pkg_gYY.egg-info/SOURCES.txt'
[1.587s] running build_ext
[1.590s] Creating /home/carloso/ros2_ws_23_2/install/turtle_move_pkg_gYY/lib/python3.10/site-packages/turtle-move-pkg-gYY.egg-link (link to .)
[1.591s] Installing turtle_move_node_gYY script to /home/carloso/ros2_ws_23_2/install/turtle_move_pkg_gYY/lib/turtle_move_pkg_gYY
[1.591s] 
[1.592s] Installed /home/carloso/ros2_ws_23_2/build/turtle_move_pkg_gYY
[1.592s] running install_data
[1.592s] creating /home/carloso/ros2_ws_23_2/install/turtle_move_pkg_gYY/share/ament_index
[1.593s] creating /home/carloso/ros2_ws_23_2/install/turtle_move_pkg_gYY/share/ament_index/resource_index
[1.593s] creating /home/carloso/ros2_ws_23_2/install/turtle_move_pkg_gYY/share/ament_index/resource_index/packages
[1.593s] copying resource/turtle_move_pkg_gYY -> /home/carloso/ros2_ws_23_2/install/turtle_move_pkg_gYY/share/ament_index/resource_index/packages
[1.594s] copying package.xml -> /home/carloso/ros2_ws_23_2/install/turtle_move_pkg_gYY/share/turtle_move_pkg_gYY
[1.640s] Invoked command in '/home/carloso/ros2_ws_23_2/build/turtle_move_pkg_gYY' returned '0': PYTHONPATH=/home/carloso/ros2_ws_23_2/build/turtle_move_pkg_gYY/prefix_override:/home/carloso/ros2_ws_23_2/install/turtle_move_pkg_gYY/lib/python3.10/site-packages:${PYTHONPATH} /usr/bin/python3 setup.py develop --editable --build-directory /home/carloso/ros2_ws_23_2/build/turtle_move_pkg_gYY/build --no-deps install_data
