[2.951s] Invoking command in '/home/carloso/ros2_ws_23_2/build/scrips_node': PYTHONPATH=/home/carloso/ros2_ws_23_2/build/scrips_node/prefix_override:/home/carloso/ros2_ws_23_2/install/scrips_node/lib/python3.10/site-packages:${PYTHONPATH} /usr/bin/python3 setup.py develop --editable --build-directory /home/carloso/ros2_ws_23_2/build/scrips_node/build --no-deps install_data
[3.592s] running develop
[3.593s] /usr/lib/python3/dist-packages/setuptools/command/easy_install.py:158: EasyInstallDeprecationWarning: easy_install command is deprecated. Use build and pip and other standards-based tools.
[3.595s]   warnings.warn(
[3.601s] /usr/lib/python3/dist-packages/setuptools/command/install.py:34: SetuptoolsDeprecationWarning: setup.py install is deprecated. Use build and pip and other standards-based tools.
[3.601s]   warnings.warn(
[4.010s] running egg_info
[4.012s] writing scrips_node.egg-info/PKG-INFO
[4.014s] writing dependency_links to scrips_node.egg-info/dependency_links.txt
[4.015s] writing entry points to scrips_node.egg-info/entry_points.txt
[4.016s] writing requirements to scrips_node.egg-info/requires.txt
[4.017s] writing top-level names to scrips_node.egg-info/top_level.txt
[4.024s] reading manifest file 'scrips_node.egg-info/SOURCES.txt'
[4.024s] writing manifest file 'scrips_node.egg-info/SOURCES.txt'
[4.029s] running build_ext
[4.032s] Creating /home/carloso/ros2_ws_23_2/install/scrips_node/lib/python3.10/site-packages/scrips-node.egg-link (link to .)
[4.034s] Installing ackerman_node script to /home/carloso/ros2_ws_23_2/install/scrips_node/lib/scrips_node
[4.034s] 
[4.034s] Installed /home/carloso/ros2_ws_23_2/build/scrips_node
[4.034s] running install_data
[4.160s] Invoked command in '/home/carloso/ros2_ws_23_2/build/scrips_node' returned '0': PYTHONPATH=/home/carloso/ros2_ws_23_2/build/scrips_node/prefix_override:/home/carloso/ros2_ws_23_2/install/scrips_node/lib/python3.10/site-packages:${PYTHONPATH} /usr/bin/python3 setup.py develop --editable --build-directory /home/carloso/ros2_ws_23_2/build/scrips_node/build --no-deps install_data
