[2.167s] Invoking command in '/home/carloso/ros2_ws_23_2/build/launch_pkg_gYY': PYTHONPATH=/home/carloso/ros2_ws_23_2/build/launch_pkg_gYY/prefix_override:/home/carloso/ros2_ws_23_2/install/launch_pkg_gYY/lib/python3.10/site-packages:${PYTHONPATH} /usr/bin/python3 setup.py develop --editable --build-directory /home/carloso/ros2_ws_23_2/build/launch_pkg_gYY/build --no-deps install_data
[2.530s] running develop
[2.531s] /usr/lib/python3/dist-packages/setuptools/command/easy_install.py:158: EasyInstallDeprecationWarning: easy_install command is deprecated. Use build and pip and other standards-based tools.
[2.531s]   warnings.warn(
[2.533s] /usr/lib/python3/dist-packages/setuptools/command/install.py:34: SetuptoolsDeprecationWarning: setup.py install is deprecated. Use build and pip and other standards-based tools.
[2.533s]   warnings.warn(
[2.759s] running egg_info
[2.759s] writing launch_pkg_gYY.egg-info/PKG-INFO
[2.759s] writing dependency_links to launch_pkg_gYY.egg-info/dependency_links.txt
[2.759s] writing entry points to launch_pkg_gYY.egg-info/entry_points.txt
[2.759s] writing requirements to launch_pkg_gYY.egg-info/requires.txt
[2.760s] writing top-level names to launch_pkg_gYY.egg-info/top_level.txt
[2.762s] reading manifest file 'launch_pkg_gYY.egg-info/SOURCES.txt'
[2.763s] writing manifest file 'launch_pkg_gYY.egg-info/SOURCES.txt'
[2.765s] running build_ext
[2.765s] Creating /home/carloso/ros2_ws_23_2/install/launch_pkg_gYY/lib/python3.10/site-packages/launch-pkg-gYY.egg-link (link to .)
[2.766s] 
[2.766s] Installed /home/carloso/ros2_ws_23_2/build/launch_pkg_gYY
[2.766s] running install_data
[2.849s] Invoked command in '/home/carloso/ros2_ws_23_2/build/launch_pkg_gYY' returned '0': PYTHONPATH=/home/carloso/ros2_ws_23_2/build/launch_pkg_gYY/prefix_override:/home/carloso/ros2_ws_23_2/install/launch_pkg_gYY/lib/python3.10/site-packages:${PYTHONPATH} /usr/bin/python3 setup.py develop --editable --build-directory /home/carloso/ros2_ws_23_2/build/launch_pkg_gYY/build --no-deps install_data
