[1.999s] Invoking command in '/home/carloso/ros2_ws_23_2/build/scrips_node': PYTHONPATH=/home/carloso/ros2_ws_23_2/build/scrips_node/prefix_override:/home/carloso/ros2_ws_23_2/install/scrips_node/lib/python3.10/site-packages:${PYTHONPATH} /usr/bin/python3 setup.py develop --editable --build-directory /home/carloso/ros2_ws_23_2/build/scrips_node/build --no-deps install_data
[2.390s] running develop
[2.390s] /usr/lib/python3/dist-packages/setuptools/command/easy_install.py:158: EasyInstallDeprecationWarning: easy_install command is deprecated. Use build and pip and other standards-based tools.
[2.390s]   warnings.warn(
[2.392s] /usr/lib/python3/dist-packages/setuptools/command/install.py:34: SetuptoolsDeprecationWarning: setup.py install is deprecated. Use build and pip and other standards-based tools.
[2.392s]   warnings.warn(
[2.623s] running egg_info
[2.624s] writing scrips_node.egg-info/PKG-INFO
[2.624s] writing dependency_links to scrips_node.egg-info/dependency_links.txt
[2.624s] writing entry points to scrips_node.egg-info/entry_points.txt
[2.624s] writing requirements to scrips_node.egg-info/requires.txt
[2.624s] writing top-level names to scrips_node.egg-info/top_level.txt
[2.626s] reading manifest file 'scrips_node.egg-info/SOURCES.txt'
[2.627s] writing manifest file 'scrips_node.egg-info/SOURCES.txt'
[2.628s] running build_ext
[2.628s] Creating /home/carloso/ros2_ws_23_2/install/scrips_node/lib/python3.10/site-packages/scrips-node.egg-link (link to .)
[2.629s] Installing scrips_node script to /home/carloso/ros2_ws_23_2/install/scrips_node/lib/scrips_node
[2.629s] 
[2.629s] Installed /home/carloso/ros2_ws_23_2/build/scrips_node
[2.629s] running install_data
[2.662s] Invoked command in '/home/carloso/ros2_ws_23_2/build/scrips_node' returned '0': PYTHONPATH=/home/carloso/ros2_ws_23_2/build/scrips_node/prefix_override:/home/carloso/ros2_ws_23_2/install/scrips_node/lib/python3.10/site-packages:${PYTHONPATH} /usr/bin/python3 setup.py develop --editable --build-directory /home/carloso/ros2_ws_23_2/build/scrips_node/build --no-deps install_data
