[7.572s] Invoking command in '/home/carloso/ros2_ws_23_2/build/scrips_node': PYTHONPATH=/home/carloso/ros2_ws_23_2/build/scrips_node/prefix_override:/home/carloso/ros2_ws_23_2/install/scrips_node/lib/python3.10/site-packages:${PYTHONPATH} /usr/bin/python3 setup.py develop --editable --build-directory /home/carloso/ros2_ws_23_2/build/scrips_node/build --no-deps install_data
[9.626s] running develop
[9.630s] /usr/lib/python3/dist-packages/setuptools/command/easy_install.py:158: EasyInstallDeprecationWarning: easy_install command is deprecated. Use build and pip and other standards-based tools.
[9.631s]   warnings.warn(
[9.641s] /usr/lib/python3/dist-packages/setuptools/command/install.py:34: SetuptoolsDeprecationWarning: setup.py install is deprecated. Use build and pip and other standards-based tools.
[9.644s]   warnings.warn(
[11.119s] running egg_info
[11.120s] writing scrips_node.egg-info/PKG-INFO
[11.135s] writing dependency_links to scrips_node.egg-info/dependency_links.txt
[11.135s] writing entry points to scrips_node.egg-info/entry_points.txt
[11.135s] writing requirements to scrips_node.egg-info/requires.txt
[11.136s] writing top-level names to scrips_node.egg-info/top_level.txt
[11.150s] reading manifest file 'scrips_node.egg-info/SOURCES.txt'
[11.155s] writing manifest file 'scrips_node.egg-info/SOURCES.txt'
[11.170s] running build_ext
[11.173s] Creating /home/carloso/ros2_ws_23_2/install/scrips_node/lib/python3.10/site-packages/scrips-node.egg-link (link to .)
[11.187s] Installing ackerman_node script to /home/carloso/ros2_ws_23_2/install/scrips_node/lib/scrips_node
[11.187s] Installing laser_node script to /home/carloso/ros2_ws_23_2/install/scrips_node/lib/scrips_node
[11.188s] Installing pidWF_node script to /home/carloso/ros2_ws_23_2/install/scrips_node/lib/scrips_node
[11.192s] 
[11.193s] Installed /home/carloso/ros2_ws_23_2/build/scrips_node
[11.196s] running install_data
[11.618s] Invoked command in '/home/carloso/ros2_ws_23_2/build/scrips_node' returned '0': PYTHONPATH=/home/carloso/ros2_ws_23_2/build/scrips_node/prefix_override:/home/carloso/ros2_ws_23_2/install/scrips_node/lib/python3.10/site-packages:${PYTHONPATH} /usr/bin/python3 setup.py develop --editable --build-directory /home/carloso/ros2_ws_23_2/build/scrips_node/build --no-deps install_data
