[0.028s] Invoking command in '/home/carloso/ros2_ws_23_2/build/f1_12th_simulator_g01': CMAKE_PREFIX_PATH=${CMAKE_PREFIX_PATH}:/home/carloso/ros2_ws_23_2/install/joy_tester:/opt/ros/humble /usr/bin/cmake /home/carloso/ros2_ws_23_2/src/f1_12th_simulator_g01 -DAMENT_CMAKE_SYMLINK_INSTALL=1 -DCMAKE_INSTALL_PREFIX=/home/carloso/ros2_ws_23_2/install/f1_12th_simulator_g01
[0.272s] -- Found ament_cmake: 1.3.5 (/opt/ros/humble/share/ament_cmake/cmake)
[0.272s] -- Override CMake install command with custom implementation using symlinks instead of copying resources
[0.273s] -- Found ament_lint_auto: 0.12.7 (/opt/ros/humble/share/ament_lint_auto/cmake)
[0.274s] -- Added test 'copyright' to check source files copyright and LICENSE
[0.274s] -- Added test 'flake8' to check Python code syntax and style conventions
[0.274s] -- Added test 'lint_cmake' to check CMake code style
[0.275s] -- Added test 'pep257' to check Python code against some of the docstring style conventions in PEP 257
[0.275s] -- Added test 'xmllint' to check XML markup files
[0.275s] -- Configuring done
[0.275s] -- Generating done
[0.275s] -- Build files have been written to: /home/carloso/ros2_ws_23_2/build/f1_12th_simulator_g01
[0.506s] Invoked command in '/home/carloso/ros2_ws_23_2/build/f1_12th_simulator_g01' returned '0': CMAKE_PREFIX_PATH=${CMAKE_PREFIX_PATH}:/home/carloso/ros2_ws_23_2/install/joy_tester:/opt/ros/humble /usr/bin/cmake /home/carloso/ros2_ws_23_2/src/f1_12th_simulator_g01 -DAMENT_CMAKE_SYMLINK_INSTALL=1 -DCMAKE_INSTALL_PREFIX=/home/carloso/ros2_ws_23_2/install/f1_12th_simulator_g01
[0.508s] Invoking command in '/home/carloso/ros2_ws_23_2/build/f1_12th_simulator_g01': CMAKE_PREFIX_PATH=${CMAKE_PREFIX_PATH}:/home/carloso/ros2_ws_23_2/install/joy_tester:/opt/ros/humble /usr/bin/cmake --build /home/carloso/ros2_ws_23_2/build/f1_12th_simulator_g01 -- -j8 -l8
[0.546s] Invoked command in '/home/carloso/ros2_ws_23_2/build/f1_12th_simulator_g01' returned '0': CMAKE_PREFIX_PATH=${CMAKE_PREFIX_PATH}:/home/carloso/ros2_ws_23_2/install/joy_tester:/opt/ros/humble /usr/bin/cmake --build /home/carloso/ros2_ws_23_2/build/f1_12th_simulator_g01 -- -j8 -l8
[0.576s] Invoking command in '/home/carloso/ros2_ws_23_2/build/f1_12th_simulator_g01': CMAKE_PREFIX_PATH=${CMAKE_PREFIX_PATH}:/home/carloso/ros2_ws_23_2/install/joy_tester:/opt/ros/humble /usr/bin/cmake --install /home/carloso/ros2_ws_23_2/build/f1_12th_simulator_g01
[0.582s] -- Install configuration: ""
[0.583s] -- Execute custom install script
[0.583s] -- Up-to-date symlink: /home/carloso/ros2_ws_23_2/install/f1_12th_simulator_g01/share/f1_12th_simulator_g01/config/empty.yaml
[0.583s] -- Up-to-date symlink: /home/carloso/ros2_ws_23_2/install/f1_12th_simulator_g01/share/f1_12th_simulator_g01/config/joystick.yaml
[0.584s] -- Up-to-date symlink: /home/carloso/ros2_ws_23_2/install/f1_12th_simulator_g01/share/f1_12th_simulator_g01/config/mapper_params_online_async.yaml
[0.584s] -- Up-to-date symlink: /home/carloso/ros2_ws_23_2/install/f1_12th_simulator_g01/share/f1_12th_simulator_g01/description/gazebo_control.xacro
[0.584s] -- Up-to-date symlink: /home/carloso/ros2_ws_23_2/install/f1_12th_simulator_g01/share/f1_12th_simulator_g01/description/inertial_macros.xacro
[0.584s] -- Up-to-date symlink: /home/carloso/ros2_ws_23_2/install/f1_12th_simulator_g01/share/f1_12th_simulator_g01/description/lidar.xacro
[0.585s] -- Up-to-date symlink: /home/carloso/ros2_ws_23_2/install/f1_12th_simulator_g01/share/f1_12th_simulator_g01/description/properties.xacro
[0.585s] -- Up-to-date symlink: /home/carloso/ros2_ws_23_2/install/f1_12th_simulator_g01/share/f1_12th_simulator_g01/description/robot.urdf.xacro
[0.585s] -- Up-to-date symlink: /home/carloso/ros2_ws_23_2/install/f1_12th_simulator_g01/share/f1_12th_simulator_g01/description/robot_core.xacro
[0.585s] -- Up-to-date symlink: /home/carloso/ros2_ws_23_2/install/f1_12th_simulator_g01/share/f1_12th_simulator_g01/description/rviz_view_config.rviz
[0.585s] -- Up-to-date symlink: /home/carloso/ros2_ws_23_2/install/f1_12th_simulator_g01/share/f1_12th_simulator_g01/launch/joystick_launch.py
[0.586s] -- Up-to-date symlink: /home/carloso/ros2_ws_23_2/install/f1_12th_simulator_g01/share/f1_12th_simulator_g01/launch/launch_sim.launch.py
[0.586s] -- Up-to-date symlink: /home/carloso/ros2_ws_23_2/install/f1_12th_simulator_g01/share/f1_12th_simulator_g01/launch/rsp.launch.py
[0.586s] -- Up-to-date symlink: /home/carloso/ros2_ws_23_2/install/f1_12th_simulator_g01/share/f1_12th_simulator_g01/worlds/mundo1.world
[0.586s] -- Up-to-date symlink: /home/carloso/ros2_ws_23_2/install/f1_12th_simulator_g01/share/ament_index/resource_index/package_run_dependencies/f1_12th_simulator_g01
[0.587s] -- Up-to-date symlink: /home/carloso/ros2_ws_23_2/install/f1_12th_simulator_g01/share/ament_index/resource_index/parent_prefix_path/f1_12th_simulator_g01
[0.587s] -- Up-to-date symlink: /home/carloso/ros2_ws_23_2/install/f1_12th_simulator_g01/share/f1_12th_simulator_g01/environment/ament_prefix_path.sh
[0.587s] -- Up-to-date symlink: /home/carloso/ros2_ws_23_2/install/f1_12th_simulator_g01/share/f1_12th_simulator_g01/environment/ament_prefix_path.dsv
[0.587s] -- Up-to-date symlink: /home/carloso/ros2_ws_23_2/install/f1_12th_simulator_g01/share/f1_12th_simulator_g01/environment/path.sh
[0.588s] -- Up-to-date symlink: /home/carloso/ros2_ws_23_2/install/f1_12th_simulator_g01/share/f1_12th_simulator_g01/environment/path.dsv
[0.588s] -- Up-to-date symlink: /home/carloso/ros2_ws_23_2/install/f1_12th_simulator_g01/share/f1_12th_simulator_g01/local_setup.bash
[0.588s] -- Up-to-date symlink: /home/carloso/ros2_ws_23_2/install/f1_12th_simulator_g01/share/f1_12th_simulator_g01/local_setup.sh
[0.588s] -- Up-to-date symlink: /home/carloso/ros2_ws_23_2/install/f1_12th_simulator_g01/share/f1_12th_simulator_g01/local_setup.zsh
[0.588s] -- Up-to-date symlink: /home/carloso/ros2_ws_23_2/install/f1_12th_simulator_g01/share/f1_12th_simulator_g01/local_setup.dsv
[0.589s] -- Symlinking: /home/carloso/ros2_ws_23_2/install/f1_12th_simulator_g01/share/f1_12th_simulator_g01/package.dsv
[0.597s] -- Up-to-date symlink: /home/carloso/ros2_ws_23_2/install/f1_12th_simulator_g01/share/ament_index/resource_index/packages/f1_12th_simulator_g01
[0.598s] -- Up-to-date symlink: /home/carloso/ros2_ws_23_2/install/f1_12th_simulator_g01/share/f1_12th_simulator_g01/cmake/f1_12th_simulator_g01Config.cmake
[0.598s] -- Up-to-date symlink: /home/carloso/ros2_ws_23_2/install/f1_12th_simulator_g01/share/f1_12th_simulator_g01/cmake/f1_12th_simulator_g01Config-version.cmake
[0.598s] -- Up-to-date symlink: /home/carloso/ros2_ws_23_2/install/f1_12th_simulator_g01/share/f1_12th_simulator_g01/package.xml
[0.601s] Invoked command in '/home/carloso/ros2_ws_23_2/build/f1_12th_simulator_g01' returned '0': CMAKE_PREFIX_PATH=${CMAKE_PREFIX_PATH}:/home/carloso/ros2_ws_23_2/install/joy_tester:/opt/ros/humble /usr/bin/cmake --install /home/carloso/ros2_ws_23_2/build/f1_12th_simulator_g01
