[2.790s] Invoking command in '/home/carloso/ros2_ws_23_2/build/turtle_move_pkg_gYY': PYTHONPATH=/home/carloso/ros2_ws_23_2/build/turtle_move_pkg_gYY/prefix_override:/home/carloso/ros2_ws_23_2/install/turtle_move_pkg_gYY/lib/python3.10/site-packages:${PYTHONPATH} /usr/bin/python3 setup.py develop --editable --build-directory /home/carloso/ros2_ws_23_2/build/turtle_move_pkg_gYY/build --no-deps install_data
[3.091s] running develop
[3.091s] /usr/lib/python3/dist-packages/setuptools/command/easy_install.py:158: EasyInstallDeprecationWarning: easy_install command is deprecated. Use build and pip and other standards-based tools.
[3.091s]   warnings.warn(
[3.092s] /usr/lib/python3/dist-packages/setuptools/command/install.py:34: SetuptoolsDeprecationWarning: setup.py install is deprecated. Use build and pip and other standards-based tools.
[3.092s]   warnings.warn(
[3.288s] running egg_info
[3.288s] writing turtle_move_pkg_gYY.egg-info/PKG-INFO
[3.288s] writing dependency_links to turtle_move_pkg_gYY.egg-info/dependency_links.txt
[3.289s] writing entry points to turtle_move_pkg_gYY.egg-info/entry_points.txt
[3.289s] writing requirements to turtle_move_pkg_gYY.egg-info/requires.txt
[3.289s] writing top-level names to turtle_move_pkg_gYY.egg-info/top_level.txt
[3.291s] reading manifest file 'turtle_move_pkg_gYY.egg-info/SOURCES.txt'
[3.292s] writing manifest file 'turtle_move_pkg_gYY.egg-info/SOURCES.txt'
[3.294s] running build_ext
[3.294s] Creating /home/carloso/ros2_ws_23_2/install/turtle_move_pkg_gYY/lib/python3.10/site-packages/turtle-move-pkg-gYY.egg-link (link to .)
[3.295s] Installing turtle_move_node_gYY script to /home/carloso/ros2_ws_23_2/install/turtle_move_pkg_gYY/lib/turtle_move_pkg_gYY
[3.295s] 
[3.295s] Installed /home/carloso/ros2_ws_23_2/build/turtle_move_pkg_gYY
[3.295s] running install_data
[3.331s] Invoked command in '/home/carloso/ros2_ws_23_2/build/turtle_move_pkg_gYY' returned '0': PYTHONPATH=/home/carloso/ros2_ws_23_2/build/turtle_move_pkg_gYY/prefix_override:/home/carloso/ros2_ws_23_2/install/turtle_move_pkg_gYY/lib/python3.10/site-packages:${PYTHONPATH} /usr/bin/python3 setup.py develop --editable --build-directory /home/carloso/ros2_ws_23_2/build/turtle_move_pkg_gYY/build --no-deps install_data
