[1.517s] Invoking command in '/home/carloso/ros2_ws_23_2/build/scrips_node': PYTHONPATH=/home/carloso/ros2_ws_23_2/build/scrips_node/prefix_override:/home/carloso/ros2_ws_23_2/install/scrips_node/lib/python3.10/site-packages:${PYTHONPATH} /usr/bin/python3 setup.py develop --editable --build-directory /home/carloso/ros2_ws_23_2/build/scrips_node/build --no-deps install_data
[1.825s] running develop
[1.825s] /usr/lib/python3/dist-packages/setuptools/command/easy_install.py:158: EasyInstallDeprecationWarning: easy_install command is deprecated. Use build and pip and other standards-based tools.
[1.826s]   warnings.warn(
[1.827s] /usr/lib/python3/dist-packages/setuptools/command/install.py:34: SetuptoolsDeprecationWarning: setup.py install is deprecated. Use build and pip and other standards-based tools.
[1.827s]   warnings.warn(
[2.053s] running egg_info
[2.053s] writing scrips_node.egg-info/PKG-INFO
[2.053s] writing dependency_links to scrips_node.egg-info/dependency_links.txt
[2.054s] writing entry points to scrips_node.egg-info/entry_points.txt
[2.055s] writing requirements to scrips_node.egg-info/requires.txt
[2.055s] writing top-level names to scrips_node.egg-info/top_level.txt
[2.058s] reading manifest file 'scrips_node.egg-info/SOURCES.txt'
[2.058s] writing manifest file 'scrips_node.egg-info/SOURCES.txt'
[2.060s] running build_ext
[2.061s] Creating /home/carloso/ros2_ws_23_2/install/scrips_node/lib/python3.10/site-packages/scrips-node.egg-link (link to .)
[2.062s] Installing ackerman_node script to /home/carloso/ros2_ws_23_2/install/scrips_node/lib/scrips_node
[2.062s] Installing laser_node script to /home/carloso/ros2_ws_23_2/install/scrips_node/lib/scrips_node
[2.063s] 
[2.063s] Installed /home/carloso/ros2_ws_23_2/build/scrips_node
[2.063s] running install_data
[2.142s] Invoked command in '/home/carloso/ros2_ws_23_2/build/scrips_node' returned '0': PYTHONPATH=/home/carloso/ros2_ws_23_2/build/scrips_node/prefix_override:/home/carloso/ros2_ws_23_2/install/scrips_node/lib/python3.10/site-packages:${PYTHONPATH} /usr/bin/python3 setup.py develop --editable --build-directory /home/carloso/ros2_ws_23_2/build/scrips_node/build --no-deps install_data
