[0.038s] Invoking command in '/home/carloso/ros2_ws_23_2/build/car_gazebo_plugin': CMAKE_PREFIX_PATH=${CMAKE_PREFIX_PATH}:/home/carloso/ros2_ws_23_2/install/turtle_move_pkg_gYY:/home/carloso/ros2_ws_23_2/install/joy_tester:/opt/ros/humble /usr/bin/cmake /home/carloso/ros2_ws_23_2/src/sim_car/car_gazebo_plugin -DAMENT_CMAKE_SYMLINK_INSTALL=1 -DCMAKE_INSTALL_PREFIX=/home/carloso/ros2_ws_23_2/install/car_gazebo_plugin
[0.296s] -- The C compiler identification is GNU 11.4.0
[0.296s] -- The CXX compiler identification is GNU 11.4.0
[0.296s] -- Detecting C compiler ABI info
[0.297s] -- Detecting C compiler ABI info - done
[0.297s] -- Check for working C compiler: /usr/bin/cc - skipped
[0.298s] -- Detecting C compile features
[0.298s] -- Detecting C compile features - done
[0.298s] -- Detecting CXX compiler ABI info
[0.299s] -- Detecting CXX compiler ABI info - done
[0.301s] -- Check for working CXX compiler: /usr/bin/c++ - skipped
[0.302s] -- Detecting CXX compile features
[0.302s] -- Detecting CXX compile features - done
[0.308s] [33mCMake Warning (dev) at /usr/share/cmake-3.22/Modules/FindPackageHandleStandardArgs.cmake:438 (message):
[0.309s]   The package name passed to `find_package_handle_standard_args` (PkgConfig)
[0.309s]   does not match the name of the calling package (gazebo).  This can lead to
[0.309s]   problems in calling code that expects `find_package` result variables
[0.309s]   (e.g., `_FOUND`) to follow a certain pattern.
[0.309s] Call Stack (most recent call first):
[0.309s]   /usr/share/cmake-3.22/Modules/FindPkgConfig.cmake:99 (find_package_handle_standard_args)
[0.309s]   /usr/lib/x86_64-linux-gnu/cmake/gazebo/gazebo-config.cmake:72 (include)
[0.309s]   CMakeLists.txt:14 (find_package)
[0.310s] This warning is for project developers.  Use -Wno-dev to suppress it.
[0.310s] [0m
[0.310s] -- Found PkgConfig: /usr/bin/pkg-config (found version "0.29.2") 
[0.313s] -- Checking for module 'bullet>=2.82'
[0.324s] --   Found bullet, version 3.05
[0.421s] -- Found fcl: /usr/include (found suitable version "0.7.0", minimum required is "0.5.0") 
[0.476s] -- Found assimp: /usr/include (found version "5.2.0") 
[0.500s] -- Found DART: /usr/include (Required is at least version "6.6") found components: dart 
[0.702s] -- Found Boost: /usr/lib/x86_64-linux-gnu/cmake/Boost-1.74.0/BoostConfig.cmake (found suitable version "1.74.0", minimum required is "1.40.0") found components: thread system filesystem program_options regex iostreams date_time 
[0.722s] -- Found Protobuf: /usr/lib/x86_64-linux-gnu/libprotobuf.so (found version "3.12.4") 
[0.727s] -- Looking for ignition-math6 -- found version 6.12.0
[0.733s] -- Searching for dependencies of ignition-math6
[0.734s] -- Looking for OGRE...
[0.735s] -- OGRE_PREFIX_WATCH changed.
[0.739s] -- Checking for module 'OGRE'
[0.751s] --   Found OGRE, version 1.9.0
[0.780s] -- Found Ogre Ghadamon (1.9.0)
[0.789s] -- Found OGRE: optimized;/usr/lib/x86_64-linux-gnu/libOgreMain.so;debug;/usr/lib/x86_64-linux-gnu/libOgreMain.so
[0.798s] -- Looking for OGRE_Paging...
[0.803s] -- Found OGRE_Paging: optimized;/usr/lib/x86_64-linux-gnu/libOgrePaging.so;debug;/usr/lib/x86_64-linux-gnu/libOgrePaging.so
[0.803s] -- Looking for OGRE_Terrain...
[0.808s] -- Found OGRE_Terrain: optimized;/usr/lib/x86_64-linux-gnu/libOgreTerrain.so;debug;/usr/lib/x86_64-linux-gnu/libOgreTerrain.so
[0.808s] -- Looking for OGRE_Property...
[0.818s] -- Found OGRE_Property: optimized;/usr/lib/x86_64-linux-gnu/libOgreProperty.so;debug;/usr/lib/x86_64-linux-gnu/libOgreProperty.so
[0.818s] -- Looking for OGRE_RTShaderSystem...
[0.823s] -- Found OGRE_RTShaderSystem: optimized;/usr/lib/x86_64-linux-gnu/libOgreRTShaderSystem.so;debug;/usr/lib/x86_64-linux-gnu/libOgreRTShaderSystem.so
[0.823s] -- Looking for OGRE_Volume...
[0.829s] -- Found OGRE_Volume: optimized;/usr/lib/x86_64-linux-gnu/libOgreVolume.so;debug;/usr/lib/x86_64-linux-gnu/libOgreVolume.so
[0.829s] -- Looking for OGRE_Overlay...
[0.834s] -- Found OGRE_Overlay: optimized;/usr/lib/x86_64-linux-gnu/libOgreOverlay.so;debug;/usr/lib/x86_64-linux-gnu/libOgreOverlay.so
[0.968s] -- Looking for ignition-math6 -- found version 6.12.0
[0.971s] -- Looking for ignition-transport8 -- found version 8.2.1
[0.971s] -- Searching for dependencies of ignition-transport8
[0.989s] -- Found Protobuf: /usr/lib/x86_64-linux-gnu/libprotobuf.so (found suitable version "3.12.4", minimum required is "3") 
[1.000s] -- Config-file not installed for ZeroMQ -- checking for pkg-config
[1.004s] -- Checking for module 'libzmq >= 4'
[1.019s] --   Found libzmq , version 4.3.4
[1.059s] -- Found ZeroMQ: TRUE (Required is at least version "4") 
[1.069s] -- Checking for module 'uuid'
[1.086s] --   Found uuid, version 2.37.2
[1.124s] -- Found UUID: TRUE  
[1.127s] -- Looking for ignition-msgs5 -- found version 5.8.1
[1.128s] -- Searching for dependencies of ignition-msgs5
[1.149s] -- Looking for ignition-math6 -- found version 6.12.0
[1.154s] -- Checking for module 'tinyxml2'
[1.170s] --   Found tinyxml2, version 9.0.0
[1.207s] -- Looking for ignition-msgs5 -- found version 5.8.1
[1.210s] -- Looking for ignition-common3 -- found version 3.14.0
[1.211s] -- Searching for dependencies of ignition-common3
[1.211s] -- Looking for dlfcn.h - found
[1.212s] -- Looking for libdl - found
[1.214s] -- Found DL: TRUE  
[1.230s] -- Found tinyobjloader: /usr/lib/x86_64-linux-gnu/cmake/tinyobjloader/tinyobjloader-config.cmake (found version "2.0.0") 
[1.231s] -- Searching for <ignition-common3> component [graphics]
[1.234s] -- Looking for ignition-common3-graphics -- found version 3.14.0
[1.235s] -- Searching for dependencies of ignition-common3-graphics
[1.235s] -- Looking for ignition-math6 -- found version 6.12.0
[1.240s] -- Looking for ignition-fuel_tools4 -- found version 4.4.0
[1.240s] -- Searching for dependencies of ignition-fuel_tools4
[1.334s] -- Found CURL: /usr/lib/x86_64-linux-gnu/libcurl.so (found version "7.81.0")  
[1.346s] -- Checking for module 'jsoncpp'
[1.361s] --   Found jsoncpp, version 1.9.5
[1.396s] -- Found JSONCPP: TRUE  
[1.405s] -- Checking for module 'libzip'
[1.420s] --   Found libzip, version 1.7.3
[1.456s] -- Found ZIP: TRUE  
[1.456s] -- Looking for ignition-common3 -- found version 3.14.0
[1.457s] -- Looking for ignition-math6 -- found version 6.12.0
[1.457s] -- Looking for ignition-msgs5 -- found version 5.8.1
[1.465s] -- Found gazebo_ros: 3.7.0 (/opt/ros/humble/share/gazebo_ros/cmake)
[1.638s] -- Found Python3: /usr/bin/python3.10 (found version "3.10.12") found components: Interpreter 
[1.695s] -- Override CMake install command with custom implementation using symlinks instead of copying resources
[1.772s] -- Found rosidl_generator_c: 3.1.5 (/opt/ros/humble/share/rosidl_generator_c/cmake)
[1.777s] -- Found rosidl_adapter: 3.1.5 (/opt/ros/humble/share/rosidl_adapter/cmake)
[1.786s] -- Found rosidl_generator_cpp: 3.1.5 (/opt/ros/humble/share/rosidl_generator_cpp/cmake)
[1.800s] -- Using all available rosidl_typesupport_c: rosidl_typesupport_fastrtps_c;rosidl_typesupport_introspection_c
[1.821s] -- Using all available rosidl_typesupport_cpp: rosidl_typesupport_fastrtps_cpp;rosidl_typesupport_introspection_cpp
[1.894s] -- Found rmw_implementation_cmake: 6.1.1 (/opt/ros/humble/share/rmw_implementation_cmake/cmake)
[1.897s] -- Found rmw_fastrtps_cpp: 6.2.3 (/opt/ros/humble/share/rmw_fastrtps_cpp/cmake)
[1.997s] -- Found OpenSSL: /usr/lib/x86_64-linux-gnu/libcrypto.so (found version "3.0.2")  
[2.021s] -- Found FastRTPS: /opt/ros/humble/include  
[2.069s] -- Using RMW implementation 'rmw_fastrtps_cpp' as default
[2.079s] -- Found Threads: TRUE  
[2.252s] -- Gazebo version: 11.10
[2.252s] -- Checking for module 'tbb'
[2.271s] --   Found tbb, version 2021.5.0
[2.325s] -- Found gazebo_ros_pkgs: 3.7.0 (/opt/ros/humble/share/gazebo_ros_pkgs/cmake)
[2.327s] -- Found sensor_msgs: 4.2.3 (/opt/ros/humble/share/sensor_msgs/cmake)
[2.468s] -- Found nav_msgs: 4.2.3 (/opt/ros/humble/share/nav_msgs/cmake)
[2.556s] -- Found ackermann_msgs: 2.0.2 (/opt/ros/humble/share/ackermann_msgs/cmake)
[2.600s] -- Found tf2: 0.25.3 (/opt/ros/humble/share/tf2/cmake)
[2.615s] -- Found tf2_ros: 0.25.3 (/opt/ros/humble/share/tf2_ros/cmake)
[2.997s] -- Found ament_lint_auto: 0.12.7 (/opt/ros/humble/share/ament_lint_auto/cmake)
[3.057s] -- Configuring done
[3.088s] -- Generating done
[3.090s] -- Build files have been written to: /home/carloso/ros2_ws_23_2/build/car_gazebo_plugin
[3.104s] Invoked command in '/home/carloso/ros2_ws_23_2/build/car_gazebo_plugin' returned '0': CMAKE_PREFIX_PATH=${CMAKE_PREFIX_PATH}:/home/carloso/ros2_ws_23_2/install/turtle_move_pkg_gYY:/home/carloso/ros2_ws_23_2/install/joy_tester:/opt/ros/humble /usr/bin/cmake /home/carloso/ros2_ws_23_2/src/sim_car/car_gazebo_plugin -DAMENT_CMAKE_SYMLINK_INSTALL=1 -DCMAKE_INSTALL_PREFIX=/home/carloso/ros2_ws_23_2/install/car_gazebo_plugin
[3.104s] Invoking command in '/home/carloso/ros2_ws_23_2/build/car_gazebo_plugin': CMAKE_PREFIX_PATH=${CMAKE_PREFIX_PATH}:/home/carloso/ros2_ws_23_2/install/turtle_move_pkg_gYY:/home/carloso/ros2_ws_23_2/install/joy_tester:/opt/ros/humble /usr/bin/cmake --build /home/carloso/ros2_ws_23_2/build/car_gazebo_plugin -- -j8 -l8
[3.151s] [ 50%] [32mBuilding CXX object CMakeFiles/car_gazebo_plugin.dir/src/car_gazebo_plugin.cpp.o[0m
[31.314s] [100%] [32m[1mLinking CXX shared library libcar_gazebo_plugin.so[0m
[32.950s] [100%] Built target car_gazebo_plugin
[32.960s] Invoked command in '/home/carloso/ros2_ws_23_2/build/car_gazebo_plugin' returned '0': CMAKE_PREFIX_PATH=${CMAKE_PREFIX_PATH}:/home/carloso/ros2_ws_23_2/install/turtle_move_pkg_gYY:/home/carloso/ros2_ws_23_2/install/joy_tester:/opt/ros/humble /usr/bin/cmake --build /home/carloso/ros2_ws_23_2/build/car_gazebo_plugin -- -j8 -l8
[32.984s] Invoking command in '/home/carloso/ros2_ws_23_2/build/car_gazebo_plugin': CMAKE_PREFIX_PATH=${CMAKE_PREFIX_PATH}:/home/carloso/ros2_ws_23_2/install/turtle_move_pkg_gYY:/home/carloso/ros2_ws_23_2/install/joy_tester:/opt/ros/humble /usr/bin/cmake --install /home/carloso/ros2_ws_23_2/build/car_gazebo_plugin
[32.990s] -- Install configuration: ""
[32.990s] -- Execute custom install script
[32.991s] -- Symlinking: /home/carloso/ros2_ws_23_2/install/car_gazebo_plugin/share/car_gazebo_plugin/libcar_gazebo_plugin.so
[32.999s] -- Symlinking: /home/carloso/ros2_ws_23_2/install/car_gazebo_plugin/share/ament_index/resource_index/package_run_dependencies/car_gazebo_plugin
[33.006s] -- Symlinking: /home/carloso/ros2_ws_23_2/install/car_gazebo_plugin/share/ament_index/resource_index/parent_prefix_path/car_gazebo_plugin
[33.015s] -- Symlinking: /home/carloso/ros2_ws_23_2/install/car_gazebo_plugin/share/car_gazebo_plugin/environment/ament_prefix_path.sh
[33.023s] -- Symlinking: /home/carloso/ros2_ws_23_2/install/car_gazebo_plugin/share/car_gazebo_plugin/environment/ament_prefix_path.dsv
[33.031s] -- Symlinking: /home/carloso/ros2_ws_23_2/install/car_gazebo_plugin/share/car_gazebo_plugin/environment/path.sh
[33.038s] -- Symlinking: /home/carloso/ros2_ws_23_2/install/car_gazebo_plugin/share/car_gazebo_plugin/environment/path.dsv
[33.047s] -- Symlinking: /home/carloso/ros2_ws_23_2/install/car_gazebo_plugin/share/car_gazebo_plugin/local_setup.bash
[33.055s] -- Symlinking: /home/carloso/ros2_ws_23_2/install/car_gazebo_plugin/share/car_gazebo_plugin/local_setup.sh
[33.062s] -- Symlinking: /home/carloso/ros2_ws_23_2/install/car_gazebo_plugin/share/car_gazebo_plugin/local_setup.zsh
[33.070s] -- Symlinking: /home/carloso/ros2_ws_23_2/install/car_gazebo_plugin/share/car_gazebo_plugin/local_setup.dsv
[33.078s] -- Symlinking: /home/carloso/ros2_ws_23_2/install/car_gazebo_plugin/share/car_gazebo_plugin/package.dsv
[33.085s] -- Symlinking: /home/carloso/ros2_ws_23_2/install/car_gazebo_plugin/share/ament_index/resource_index/packages/car_gazebo_plugin
[33.093s] -- Symlinking: /home/carloso/ros2_ws_23_2/install/car_gazebo_plugin/share/car_gazebo_plugin/cmake/car_gazebo_pluginConfig.cmake
[33.100s] -- Symlinking: /home/carloso/ros2_ws_23_2/install/car_gazebo_plugin/share/car_gazebo_plugin/cmake/car_gazebo_pluginConfig-version.cmake
[33.108s] -- Symlinking: /home/carloso/ros2_ws_23_2/install/car_gazebo_plugin/share/car_gazebo_plugin/package.xml
[33.119s] Invoked command in '/home/carloso/ros2_ws_23_2/build/car_gazebo_plugin' returned '0': CMAKE_PREFIX_PATH=${CMAKE_PREFIX_PATH}:/home/carloso/ros2_ws_23_2/install/turtle_move_pkg_gYY:/home/carloso/ros2_ws_23_2/install/joy_tester:/opt/ros/humble /usr/bin/cmake --install /home/carloso/ros2_ws_23_2/build/car_gazebo_plugin
