[3.248s] Invoking command in '/home/carloso/ros2_ws_23_2/build/launch_pkg_gYY': PYTHONPATH=/home/carloso/ros2_ws_23_2/build/launch_pkg_gYY/prefix_override:/home/carloso/ros2_ws_23_2/install/launch_pkg_gYY/lib/python3.10/site-packages:${PYTHONPATH} /usr/bin/python3 setup.py develop --editable --build-directory /home/carloso/ros2_ws_23_2/build/launch_pkg_gYY/build --no-deps install_data
[4.003s] running develop
[4.007s] /usr/lib/python3/dist-packages/setuptools/command/easy_install.py:158: EasyInstallDeprecationWarning: easy_install command is deprecated. Use build and pip and other standards-based tools.
[4.008s]   warnings.warn(
[4.012s] /usr/lib/python3/dist-packages/setuptools/command/install.py:34: SetuptoolsDeprecationWarning: setup.py install is deprecated. Use build and pip and other standards-based tools.
[4.012s]   warnings.warn(
[4.523s] running egg_info
[4.524s] writing launch_pkg_gYY.egg-info/PKG-INFO
[4.524s] writing dependency_links to launch_pkg_gYY.egg-info/dependency_links.txt
[4.525s] writing entry points to launch_pkg_gYY.egg-info/entry_points.txt
[4.525s] writing requirements to launch_pkg_gYY.egg-info/requires.txt
[4.525s] writing top-level names to launch_pkg_gYY.egg-info/top_level.txt
[4.528s] reading manifest file 'launch_pkg_gYY.egg-info/SOURCES.txt'
[4.534s] writing manifest file 'launch_pkg_gYY.egg-info/SOURCES.txt'
[4.541s] running build_ext
[4.542s] Creating /home/carloso/ros2_ws_23_2/install/launch_pkg_gYY/lib/python3.10/site-packages/launch-pkg-gYY.egg-link (link to .)
[4.544s] 
[4.544s] Installed /home/carloso/ros2_ws_23_2/build/launch_pkg_gYY
[4.544s] running install_data
[4.753s] Invoked command in '/home/carloso/ros2_ws_23_2/build/launch_pkg_gYY' returned '0': PYTHONPATH=/home/carloso/ros2_ws_23_2/build/launch_pkg_gYY/prefix_override:/home/carloso/ros2_ws_23_2/install/launch_pkg_gYY/lib/python3.10/site-packages:${PYTHONPATH} /usr/bin/python3 setup.py develop --editable --build-directory /home/carloso/ros2_ws_23_2/build/launch_pkg_gYY/build --no-deps install_data
