running develop
/usr/lib/python3/dist-packages/setuptools/command/easy_install.py:158: EasyInstallDeprecationWarning: easy_install command is deprecated. Use build and pip and other standards-based tools.
  warnings.warn(
/usr/lib/python3/dist-packages/setuptools/command/install.py:34: SetuptoolsDeprecationWarning: setup.py install is deprecated. Use build and pip and other standards-based tools.
  warnings.warn(
running egg_info
creating scrips_node.egg-info
writing scrips_node.egg-info/PKG-INFO
writing dependency_links to scrips_node.egg-info/dependency_links.txt
writing entry points to scrips_node.egg-info/entry_points.txt
writing requirements to scrips_node.egg-info/requires.txt
writing top-level names to scrips_node.egg-info/top_level.txt
writing manifest file 'scrips_node.egg-info/SOURCES.txt'
reading manifest file 'scrips_node.egg-info/SOURCES.txt'
writing manifest file 'scrips_node.egg-info/SOURCES.txt'
running build_ext
Creating /home/carloso/ros2_ws_23_2/install/scrips_node/lib/python3.10/site-packages/scrips-node.egg-link (link to .)

Installed /home/carloso/ros2_ws_23_2/build/scrips_node
running install_data
creating /home/carloso/ros2_ws_23_2/install/scrips_node/share/ament_index
creating /home/carloso/ros2_ws_23_2/install/scrips_node/share/ament_index/resource_index
creating /home/carloso/ros2_ws_23_2/install/scrips_node/share/ament_index/resource_index/packages
copying resource/scrips_node -> /home/carloso/ros2_ws_23_2/install/scrips_node/share/ament_index/resource_index/packages
copying package.xml -> /home/carloso/ros2_ws_23_2/install/scrips_node/share/scrips_node
