[9.209s] Invoking command in '/home/carloso/ros2_ws_23_2/build/scrips_node': PYTHONPATH=/home/carloso/ros2_ws_23_2/build/scrips_node/prefix_override:/home/carloso/ros2_ws_23_2/install/scrips_node/lib/python3.10/site-packages:${PYTHONPATH} /usr/bin/python3 setup.py develop --editable --build-directory /home/carloso/ros2_ws_23_2/build/scrips_node/build --no-deps install_data
[11.281s] running develop
[11.285s] /usr/lib/python3/dist-packages/setuptools/command/easy_install.py:158: EasyInstallDeprecationWarning: easy_install command is deprecated. Use build and pip and other standards-based tools.
[11.292s]   warnings.warn(
[11.301s] /usr/lib/python3/dist-packages/setuptools/command/install.py:34: SetuptoolsDeprecationWarning: setup.py install is deprecated. Use build and pip and other standards-based tools.
[11.307s]   warnings.warn(
[12.616s] running egg_info
[12.616s] creating scrips_node.egg-info
[12.617s] writing scrips_node.egg-info/PKG-INFO
[12.632s] writing dependency_links to scrips_node.egg-info/dependency_links.txt
[12.640s] writing entry points to scrips_node.egg-info/entry_points.txt
[12.643s] writing requirements to scrips_node.egg-info/requires.txt
[12.645s] writing top-level names to scrips_node.egg-info/top_level.txt
[12.647s] writing manifest file 'scrips_node.egg-info/SOURCES.txt'
[12.648s] reading manifest file 'scrips_node.egg-info/SOURCES.txt'
[12.651s] writing manifest file 'scrips_node.egg-info/SOURCES.txt'
[12.667s] running build_ext
[12.675s] Creating /home/carloso/ros2_ws_23_2/install/scrips_node/lib/python3.10/site-packages/scrips-node.egg-link (link to .)
[12.679s] 
[12.681s] Installed /home/carloso/ros2_ws_23_2/build/scrips_node
[12.681s] running install_data
[12.682s] creating /home/carloso/ros2_ws_23_2/install/scrips_node/share/ament_index
[12.682s] creating /home/carloso/ros2_ws_23_2/install/scrips_node/share/ament_index/resource_index
[12.682s] creating /home/carloso/ros2_ws_23_2/install/scrips_node/share/ament_index/resource_index/packages
[12.682s] copying resource/scrips_node -> /home/carloso/ros2_ws_23_2/install/scrips_node/share/ament_index/resource_index/packages
[12.682s] copying package.xml -> /home/carloso/ros2_ws_23_2/install/scrips_node/share/scrips_node
[13.140s] Invoked command in '/home/carloso/ros2_ws_23_2/build/scrips_node' returned '0': PYTHONPATH=/home/carloso/ros2_ws_23_2/build/scrips_node/prefix_override:/home/carloso/ros2_ws_23_2/install/scrips_node/lib/python3.10/site-packages:${PYTHONPATH} /usr/bin/python3 setup.py develop --editable --build-directory /home/carloso/ros2_ws_23_2/build/scrips_node/build --no-deps install_data
