[0.316s] DEBUG:colcon:Command line arguments: ['/usr/bin/colcon', 'build', '--symlink-install']
[0.316s] DEBUG:colcon:Parsed command line arguments: Namespace(log_base=None, log_level=None, verb_name='build', build_base='build', install_base='install', merge_install=False, symlink_install=True, test_result_base=None, continue_on_error=False, executor='parallel', parallel_workers=8, event_handlers=None, ignore_user_meta=False, metas=['./colcon.meta'], base_paths=['.'], packages_ignore=None, packages_ignore_regex=None, paths=None, packages_up_to=None, packages_up_to_regex=None, packages_above=None, packages_above_and_dependencies=None, packages_above_depth=None, packages_select_by_dep=None, packages_skip_by_dep=None, packages_skip_up_to=None, packages_select_build_failed=False, packages_skip_build_finished=False, packages_select_test_failures=False, packages_skip_test_passed=False, packages_select=None, packages_skip=None, packages_select_regex=None, packages_skip_regex=None, packages_start=None, packages_end=None, allow_overriding=[], cmake_args=None, cmake_target=None, cmake_target_skip_unavailable=False, cmake_clean_cache=False, cmake_clean_first=False, cmake_force_configure=False, ament_cmake_args=None, catkin_cmake_args=None, catkin_skip_building_tests=False, verb_parser=<colcon_defaults.argument_parser.defaults.DefaultArgumentsDecorator object at 0x7f1e05610df0>, verb_extension=<colcon_core.verb.build.BuildVerb object at 0x7f1e05fffca0>, main=<bound method BuildVerb.main of <colcon_core.verb.build.BuildVerb object at 0x7f1e05fffca0>>)
[0.339s] Level 1:colcon.colcon_core.package_discovery:discover_packages(colcon_meta) check parameters
[0.340s] Level 1:colcon.colcon_core.package_discovery:discover_packages(recursive) check parameters
[0.340s] Level 1:colcon.colcon_core.package_discovery:discover_packages(ignore) check parameters
[0.340s] Level 1:colcon.colcon_core.package_discovery:discover_packages(path) check parameters
[0.340s] Level 1:colcon.colcon_core.package_discovery:discover_packages(colcon_meta) discover
[0.340s] Level 1:colcon.colcon_core.package_discovery:discover_packages(recursive) discover
[0.340s] INFO:colcon.colcon_core.package_discovery:Crawling recursively for packages in '/home/carloso/ros2_ws_23_2'
[0.340s] Level 1:colcon.colcon_core.package_identification:_identify(.) by extensions ['ignore', 'ignore_ament_install']
[0.340s] Level 1:colcon.colcon_core.package_identification:_identify(.) by extension 'ignore'
[0.340s] Level 1:colcon.colcon_core.package_identification:_identify(.) by extension 'ignore_ament_install'
[0.340s] Level 1:colcon.colcon_core.package_identification:_identify(.) by extensions ['colcon_pkg']
[0.340s] Level 1:colcon.colcon_core.package_identification:_identify(.) by extension 'colcon_pkg'
[0.340s] Level 1:colcon.colcon_core.package_identification:_identify(.) by extensions ['colcon_meta']
[0.340s] Level 1:colcon.colcon_core.package_identification:_identify(.) by extension 'colcon_meta'
[0.340s] Level 1:colcon.colcon_core.package_identification:_identify(.) by extensions ['ros']
[0.340s] Level 1:colcon.colcon_core.package_identification:_identify(.) by extension 'ros'
[0.350s] Level 1:colcon.colcon_core.package_identification:_identify(.) by extensions ['cmake', 'python']
[0.350s] Level 1:colcon.colcon_core.package_identification:_identify(.) by extension 'cmake'
[0.350s] Level 1:colcon.colcon_core.package_identification:_identify(.) by extension 'python'
[0.350s] Level 1:colcon.colcon_core.package_identification:_identify(.) by extensions ['python_setup_py']
[0.350s] Level 1:colcon.colcon_core.package_identification:_identify(.) by extension 'python_setup_py'
[0.351s] Level 1:colcon.colcon_core.package_identification:_identify(build) by extensions ['ignore', 'ignore_ament_install']
[0.351s] Level 1:colcon.colcon_core.package_identification:_identify(build) by extension 'ignore'
[0.351s] Level 1:colcon.colcon_core.package_identification:_identify(build) ignored
[0.351s] Level 1:colcon.colcon_core.package_identification:_identify(install) by extensions ['ignore', 'ignore_ament_install']
[0.351s] Level 1:colcon.colcon_core.package_identification:_identify(install) by extension 'ignore'
[0.351s] Level 1:colcon.colcon_core.package_identification:_identify(install) ignored
[0.351s] Level 1:colcon.colcon_core.package_identification:_identify(log) by extensions ['ignore', 'ignore_ament_install']
[0.351s] Level 1:colcon.colcon_core.package_identification:_identify(log) by extension 'ignore'
[0.351s] Level 1:colcon.colcon_core.package_identification:_identify(log) ignored
[0.351s] Level 1:colcon.colcon_core.package_identification:_identify(src) by extensions ['ignore', 'ignore_ament_install']
[0.351s] Level 1:colcon.colcon_core.package_identification:_identify(src) by extension 'ignore'
[0.352s] Level 1:colcon.colcon_core.package_identification:_identify(src) by extension 'ignore_ament_install'
[0.352s] Level 1:colcon.colcon_core.package_identification:_identify(src) by extensions ['colcon_pkg']
[0.352s] Level 1:colcon.colcon_core.package_identification:_identify(src) by extension 'colcon_pkg'
[0.352s] Level 1:colcon.colcon_core.package_identification:_identify(src) by extensions ['colcon_meta']
[0.352s] Level 1:colcon.colcon_core.package_identification:_identify(src) by extension 'colcon_meta'
[0.352s] Level 1:colcon.colcon_core.package_identification:_identify(src) by extensions ['ros']
[0.352s] Level 1:colcon.colcon_core.package_identification:_identify(src) by extension 'ros'
[0.352s] Level 1:colcon.colcon_core.package_identification:_identify(src) by extensions ['cmake', 'python']
[0.352s] Level 1:colcon.colcon_core.package_identification:_identify(src) by extension 'cmake'
[0.352s] Level 1:colcon.colcon_core.package_identification:_identify(src) by extension 'python'
[0.352s] Level 1:colcon.colcon_core.package_identification:_identify(src) by extensions ['python_setup_py']
[0.352s] Level 1:colcon.colcon_core.package_identification:_identify(src) by extension 'python_setup_py'
[0.352s] Level 1:colcon.colcon_core.package_identification:_identify(src/f1_12th_simulator_g01) by extensions ['ignore', 'ignore_ament_install']
[0.352s] Level 1:colcon.colcon_core.package_identification:_identify(src/f1_12th_simulator_g01) by extension 'ignore'
[0.352s] Level 1:colcon.colcon_core.package_identification:_identify(src/f1_12th_simulator_g01) by extension 'ignore_ament_install'
[0.352s] Level 1:colcon.colcon_core.package_identification:_identify(src/f1_12th_simulator_g01) by extensions ['colcon_pkg']
[0.352s] Level 1:colcon.colcon_core.package_identification:_identify(src/f1_12th_simulator_g01) by extension 'colcon_pkg'
[0.352s] Level 1:colcon.colcon_core.package_identification:_identify(src/f1_12th_simulator_g01) by extensions ['colcon_meta']
[0.352s] Level 1:colcon.colcon_core.package_identification:_identify(src/f1_12th_simulator_g01) by extension 'colcon_meta'
[0.352s] Level 1:colcon.colcon_core.package_identification:_identify(src/f1_12th_simulator_g01) by extensions ['ros']
[0.352s] Level 1:colcon.colcon_core.package_identification:_identify(src/f1_12th_simulator_g01) by extension 'ros'
[0.355s] DEBUG:colcon.colcon_core.package_identification:Package 'src/f1_12th_simulator_g01' with type 'ros.ament_cmake' and name 'f1_12th_simulator_g01'
[0.355s] Level 1:colcon.colcon_core.package_identification:_identify(src/joy_tester) by extensions ['ignore', 'ignore_ament_install']
[0.355s] Level 1:colcon.colcon_core.package_identification:_identify(src/joy_tester) by extension 'ignore'
[0.355s] Level 1:colcon.colcon_core.package_identification:_identify(src/joy_tester) by extension 'ignore_ament_install'
[0.355s] Level 1:colcon.colcon_core.package_identification:_identify(src/joy_tester) by extensions ['colcon_pkg']
[0.355s] Level 1:colcon.colcon_core.package_identification:_identify(src/joy_tester) by extension 'colcon_pkg'
[0.355s] Level 1:colcon.colcon_core.package_identification:_identify(src/joy_tester) by extensions ['colcon_meta']
[0.355s] Level 1:colcon.colcon_core.package_identification:_identify(src/joy_tester) by extension 'colcon_meta'
[0.355s] Level 1:colcon.colcon_core.package_identification:_identify(src/joy_tester) by extensions ['ros']
[0.355s] Level 1:colcon.colcon_core.package_identification:_identify(src/joy_tester) by extension 'ros'
[0.356s] DEBUG:colcon.colcon_core.package_identification:Package 'src/joy_tester' with type 'ros.ament_python' and name 'joy_tester'
[0.356s] Level 1:colcon.colcon_core.package_identification:_identify(src/launch_pkg_gYY) by extensions ['ignore', 'ignore_ament_install']
[0.356s] Level 1:colcon.colcon_core.package_identification:_identify(src/launch_pkg_gYY) by extension 'ignore'
[0.356s] Level 1:colcon.colcon_core.package_identification:_identify(src/launch_pkg_gYY) by extension 'ignore_ament_install'
[0.356s] Level 1:colcon.colcon_core.package_identification:_identify(src/launch_pkg_gYY) by extensions ['colcon_pkg']
[0.356s] Level 1:colcon.colcon_core.package_identification:_identify(src/launch_pkg_gYY) by extension 'colcon_pkg'
[0.356s] Level 1:colcon.colcon_core.package_identification:_identify(src/launch_pkg_gYY) by extensions ['colcon_meta']
[0.356s] Level 1:colcon.colcon_core.package_identification:_identify(src/launch_pkg_gYY) by extension 'colcon_meta'
[0.356s] Level 1:colcon.colcon_core.package_identification:_identify(src/launch_pkg_gYY) by extensions ['ros']
[0.356s] Level 1:colcon.colcon_core.package_identification:_identify(src/launch_pkg_gYY) by extension 'ros'
[0.357s] DEBUG:colcon.colcon_core.package_identification:Package 'src/launch_pkg_gYY' with type 'ros.ament_python' and name 'launch_pkg_gYY'
[0.357s] Level 1:colcon.colcon_core.package_identification:_identify(src/scrips_node) by extensions ['ignore', 'ignore_ament_install']
[0.357s] Level 1:colcon.colcon_core.package_identification:_identify(src/scrips_node) by extension 'ignore'
[0.357s] Level 1:colcon.colcon_core.package_identification:_identify(src/scrips_node) by extension 'ignore_ament_install'
[0.357s] Level 1:colcon.colcon_core.package_identification:_identify(src/scrips_node) by extensions ['colcon_pkg']
[0.357s] Level 1:colcon.colcon_core.package_identification:_identify(src/scrips_node) by extension 'colcon_pkg'
[0.357s] Level 1:colcon.colcon_core.package_identification:_identify(src/scrips_node) by extensions ['colcon_meta']
[0.357s] Level 1:colcon.colcon_core.package_identification:_identify(src/scrips_node) by extension 'colcon_meta'
[0.357s] Level 1:colcon.colcon_core.package_identification:_identify(src/scrips_node) by extensions ['ros']
[0.357s] Level 1:colcon.colcon_core.package_identification:_identify(src/scrips_node) by extension 'ros'
[0.358s] DEBUG:colcon.colcon_core.package_identification:Package 'src/scrips_node' with type 'ros.ament_python' and name 'scrips_node'
[0.358s] Level 1:colcon.colcon_core.package_identification:_identify(src/sim_car) by extensions ['ignore', 'ignore_ament_install']
[0.359s] Level 1:colcon.colcon_core.package_identification:_identify(src/sim_car) by extension 'ignore'
[0.359s] Level 1:colcon.colcon_core.package_identification:_identify(src/sim_car) by extension 'ignore_ament_install'
[0.359s] Level 1:colcon.colcon_core.package_identification:_identify(src/sim_car) by extensions ['colcon_pkg']
[0.359s] Level 1:colcon.colcon_core.package_identification:_identify(src/sim_car) by extension 'colcon_pkg'
[0.359s] Level 1:colcon.colcon_core.package_identification:_identify(src/sim_car) by extensions ['colcon_meta']
[0.359s] Level 1:colcon.colcon_core.package_identification:_identify(src/sim_car) by extension 'colcon_meta'
[0.359s] Level 1:colcon.colcon_core.package_identification:_identify(src/sim_car) by extensions ['ros']
[0.359s] Level 1:colcon.colcon_core.package_identification:_identify(src/sim_car) by extension 'ros'
[0.359s] Level 1:colcon.colcon_core.package_identification:_identify(src/sim_car) by extensions ['cmake', 'python']
[0.359s] Level 1:colcon.colcon_core.package_identification:_identify(src/sim_car) by extension 'cmake'
[0.359s] Level 1:colcon.colcon_core.package_identification:_identify(src/sim_car) by extension 'python'
[0.359s] Level 1:colcon.colcon_core.package_identification:_identify(src/sim_car) by extensions ['python_setup_py']
[0.359s] Level 1:colcon.colcon_core.package_identification:_identify(src/sim_car) by extension 'python_setup_py'
[0.359s] Level 1:colcon.colcon_core.package_identification:_identify(src/sim_car/car_description) by extensions ['ignore', 'ignore_ament_install']
[0.359s] Level 1:colcon.colcon_core.package_identification:_identify(src/sim_car/car_description) by extension 'ignore'
[0.359s] Level 1:colcon.colcon_core.package_identification:_identify(src/sim_car/car_description) by extension 'ignore_ament_install'
[0.359s] Level 1:colcon.colcon_core.package_identification:_identify(src/sim_car/car_description) by extensions ['colcon_pkg']
[0.359s] Level 1:colcon.colcon_core.package_identification:_identify(src/sim_car/car_description) by extension 'colcon_pkg'
[0.359s] Level 1:colcon.colcon_core.package_identification:_identify(src/sim_car/car_description) by extensions ['colcon_meta']
[0.360s] Level 1:colcon.colcon_core.package_identification:_identify(src/sim_car/car_description) by extension 'colcon_meta'
[0.360s] Level 1:colcon.colcon_core.package_identification:_identify(src/sim_car/car_description) by extensions ['ros']
[0.360s] Level 1:colcon.colcon_core.package_identification:_identify(src/sim_car/car_description) by extension 'ros'
[0.360s] DEBUG:colcon.colcon_core.package_identification:Package 'src/sim_car/car_description' with type 'ros.ament_cmake' and name 'sim_car'
[0.360s] Level 1:colcon.colcon_core.package_identification:_identify(src/sim_car/car_gazebo_plugin) by extensions ['ignore', 'ignore_ament_install']
[0.360s] Level 1:colcon.colcon_core.package_identification:_identify(src/sim_car/car_gazebo_plugin) by extension 'ignore'
[0.360s] Level 1:colcon.colcon_core.package_identification:_identify(src/sim_car/car_gazebo_plugin) by extension 'ignore_ament_install'
[0.361s] Level 1:colcon.colcon_core.package_identification:_identify(src/sim_car/car_gazebo_plugin) by extensions ['colcon_pkg']
[0.361s] Level 1:colcon.colcon_core.package_identification:_identify(src/sim_car/car_gazebo_plugin) by extension 'colcon_pkg'
[0.361s] Level 1:colcon.colcon_core.package_identification:_identify(src/sim_car/car_gazebo_plugin) by extensions ['colcon_meta']
[0.361s] Level 1:colcon.colcon_core.package_identification:_identify(src/sim_car/car_gazebo_plugin) by extension 'colcon_meta'
[0.361s] Level 1:colcon.colcon_core.package_identification:_identify(src/sim_car/car_gazebo_plugin) by extensions ['ros']
[0.361s] Level 1:colcon.colcon_core.package_identification:_identify(src/sim_car/car_gazebo_plugin) by extension 'ros'
[0.361s] DEBUG:colcon.colcon_core.package_identification:Package 'src/sim_car/car_gazebo_plugin' with type 'ros.ament_cmake' and name 'car_gazebo_plugin'
[0.362s] Level 1:colcon.colcon_core.package_identification:_identify(src/sim_car/lxd) by extensions ['ignore', 'ignore_ament_install']
[0.362s] Level 1:colcon.colcon_core.package_identification:_identify(src/sim_car/lxd) by extension 'ignore'
[0.362s] Level 1:colcon.colcon_core.package_identification:_identify(src/sim_car/lxd) by extension 'ignore_ament_install'
[0.362s] Level 1:colcon.colcon_core.package_identification:_identify(src/sim_car/lxd) by extensions ['colcon_pkg']
[0.362s] Level 1:colcon.colcon_core.package_identification:_identify(src/sim_car/lxd) by extension 'colcon_pkg'
[0.362s] Level 1:colcon.colcon_core.package_identification:_identify(src/sim_car/lxd) by extensions ['colcon_meta']
[0.362s] Level 1:colcon.colcon_core.package_identification:_identify(src/sim_car/lxd) by extension 'colcon_meta'
[0.362s] Level 1:colcon.colcon_core.package_identification:_identify(src/sim_car/lxd) by extensions ['ros']
[0.362s] Level 1:colcon.colcon_core.package_identification:_identify(src/sim_car/lxd) by extension 'ros'
[0.362s] Level 1:colcon.colcon_core.package_identification:_identify(src/sim_car/lxd) by extensions ['cmake', 'python']
[0.362s] Level 1:colcon.colcon_core.package_identification:_identify(src/sim_car/lxd) by extension 'cmake'
[0.362s] Level 1:colcon.colcon_core.package_identification:_identify(src/sim_car/lxd) by extension 'python'
[0.362s] Level 1:colcon.colcon_core.package_identification:_identify(src/sim_car/lxd) by extensions ['python_setup_py']
[0.362s] Level 1:colcon.colcon_core.package_identification:_identify(src/sim_car/lxd) by extension 'python_setup_py'
[0.362s] Level 1:colcon.colcon_core.package_identification:_identify(src/sim_car/web) by extensions ['ignore', 'ignore_ament_install']
[0.362s] Level 1:colcon.colcon_core.package_identification:_identify(src/sim_car/web) by extension 'ignore'
[0.363s] Level 1:colcon.colcon_core.package_identification:_identify(src/sim_car/web) by extension 'ignore_ament_install'
[0.363s] Level 1:colcon.colcon_core.package_identification:_identify(src/sim_car/web) by extensions ['colcon_pkg']
[0.363s] Level 1:colcon.colcon_core.package_identification:_identify(src/sim_car/web) by extension 'colcon_pkg'
[0.363s] Level 1:colcon.colcon_core.package_identification:_identify(src/sim_car/web) by extensions ['colcon_meta']
[0.363s] Level 1:colcon.colcon_core.package_identification:_identify(src/sim_car/web) by extension 'colcon_meta'
[0.363s] Level 1:colcon.colcon_core.package_identification:_identify(src/sim_car/web) by extensions ['ros']
[0.363s] Level 1:colcon.colcon_core.package_identification:_identify(src/sim_car/web) by extension 'ros'
[0.363s] Level 1:colcon.colcon_core.package_identification:_identify(src/sim_car/web) by extensions ['cmake', 'python']
[0.363s] Level 1:colcon.colcon_core.package_identification:_identify(src/sim_car/web) by extension 'cmake'
[0.363s] Level 1:colcon.colcon_core.package_identification:_identify(src/sim_car/web) by extension 'python'
[0.363s] Level 1:colcon.colcon_core.package_identification:_identify(src/sim_car/web) by extensions ['python_setup_py']
[0.363s] Level 1:colcon.colcon_core.package_identification:_identify(src/sim_car/web) by extension 'python_setup_py'
[0.363s] Level 1:colcon.colcon_core.package_identification:_identify(src/turtle_move_pkg_gYY) by extensions ['ignore', 'ignore_ament_install']
[0.363s] Level 1:colcon.colcon_core.package_identification:_identify(src/turtle_move_pkg_gYY) by extension 'ignore'
[0.363s] Level 1:colcon.colcon_core.package_identification:_identify(src/turtle_move_pkg_gYY) by extension 'ignore_ament_install'
[0.363s] Level 1:colcon.colcon_core.package_identification:_identify(src/turtle_move_pkg_gYY) by extensions ['colcon_pkg']
[0.363s] Level 1:colcon.colcon_core.package_identification:_identify(src/turtle_move_pkg_gYY) by extension 'colcon_pkg'
[0.363s] Level 1:colcon.colcon_core.package_identification:_identify(src/turtle_move_pkg_gYY) by extensions ['colcon_meta']
[0.363s] Level 1:colcon.colcon_core.package_identification:_identify(src/turtle_move_pkg_gYY) by extension 'colcon_meta'
[0.363s] Level 1:colcon.colcon_core.package_identification:_identify(src/turtle_move_pkg_gYY) by extensions ['ros']
[0.363s] Level 1:colcon.colcon_core.package_identification:_identify(src/turtle_move_pkg_gYY) by extension 'ros'
[0.364s] DEBUG:colcon.colcon_core.package_identification:Package 'src/turtle_move_pkg_gYY' with type 'ros.ament_python' and name 'turtle_move_pkg_gYY'
[0.364s] Level 1:colcon.colcon_core.package_discovery:discover_packages(recursive) using defaults
[0.364s] Level 1:colcon.colcon_core.package_discovery:discover_packages(ignore) discover
[0.364s] Level 1:colcon.colcon_core.package_discovery:discover_packages(ignore) using defaults
[0.364s] Level 1:colcon.colcon_core.package_discovery:discover_packages(path) discover
[0.365s] Level 1:colcon.colcon_core.package_discovery:discover_packages(path) using defaults
[0.389s] Level 1:colcon.colcon_core.package_discovery:discover_packages(prefix_path) check parameters
[0.389s] Level 1:colcon.colcon_core.package_discovery:discover_packages(prefix_path) discover
[0.392s] DEBUG:colcon.colcon_installed_package_information.package_discovery:Found 7 installed packages in /home/carloso/ros2_ws_23_2/install
[0.395s] DEBUG:colcon.colcon_installed_package_information.package_discovery:Found 391 installed packages in /opt/ros/humble
[0.397s] Level 1:colcon.colcon_core.package_discovery:discover_packages(prefix_path) using defaults
[0.470s] Level 5:colcon.colcon_core.verb:set package 'car_gazebo_plugin' build argument 'cmake_args' from command line to 'None'
[0.470s] Level 5:colcon.colcon_core.verb:set package 'car_gazebo_plugin' build argument 'cmake_target' from command line to 'None'
[0.470s] Level 5:colcon.colcon_core.verb:set package 'car_gazebo_plugin' build argument 'cmake_target_skip_unavailable' from command line to 'False'
[0.470s] Level 5:colcon.colcon_core.verb:set package 'car_gazebo_plugin' build argument 'cmake_clean_cache' from command line to 'False'
[0.470s] Level 5:colcon.colcon_core.verb:set package 'car_gazebo_plugin' build argument 'cmake_clean_first' from command line to 'False'
[0.470s] Level 5:colcon.colcon_core.verb:set package 'car_gazebo_plugin' build argument 'cmake_force_configure' from command line to 'False'
[0.470s] Level 5:colcon.colcon_core.verb:set package 'car_gazebo_plugin' build argument 'ament_cmake_args' from command line to 'None'
[0.470s] Level 5:colcon.colcon_core.verb:set package 'car_gazebo_plugin' build argument 'catkin_cmake_args' from command line to 'None'
[0.470s] Level 5:colcon.colcon_core.verb:set package 'car_gazebo_plugin' build argument 'catkin_skip_building_tests' from command line to 'False'
[0.470s] DEBUG:colcon.colcon_core.verb:Building package 'car_gazebo_plugin' with the following arguments: {'ament_cmake_args': None, 'build_base': '/home/carloso/ros2_ws_23_2/build/car_gazebo_plugin', 'catkin_cmake_args': None, 'catkin_skip_building_tests': False, 'cmake_args': None, 'cmake_clean_cache': False, 'cmake_clean_first': False, 'cmake_force_configure': False, 'cmake_target': None, 'cmake_target_skip_unavailable': False, 'install_base': '/home/carloso/ros2_ws_23_2/install/car_gazebo_plugin', 'merge_install': False, 'path': '/home/carloso/ros2_ws_23_2/src/sim_car/car_gazebo_plugin', 'symlink_install': True, 'test_result_base': None}
[0.471s] Level 5:colcon.colcon_core.verb:set package 'f1_12th_simulator_g01' build argument 'cmake_args' from command line to 'None'
[0.471s] Level 5:colcon.colcon_core.verb:set package 'f1_12th_simulator_g01' build argument 'cmake_target' from command line to 'None'
[0.471s] Level 5:colcon.colcon_core.verb:set package 'f1_12th_simulator_g01' build argument 'cmake_target_skip_unavailable' from command line to 'False'
[0.471s] Level 5:colcon.colcon_core.verb:set package 'f1_12th_simulator_g01' build argument 'cmake_clean_cache' from command line to 'False'
[0.472s] Level 5:colcon.colcon_core.verb:set package 'f1_12th_simulator_g01' build argument 'cmake_clean_first' from command line to 'False'
[0.472s] Level 5:colcon.colcon_core.verb:set package 'f1_12th_simulator_g01' build argument 'cmake_force_configure' from command line to 'False'
[0.472s] Level 5:colcon.colcon_core.verb:set package 'f1_12th_simulator_g01' build argument 'ament_cmake_args' from command line to 'None'
[0.472s] Level 5:colcon.colcon_core.verb:set package 'f1_12th_simulator_g01' build argument 'catkin_cmake_args' from command line to 'None'
[0.472s] Level 5:colcon.colcon_core.verb:set package 'f1_12th_simulator_g01' build argument 'catkin_skip_building_tests' from command line to 'False'
[0.472s] DEBUG:colcon.colcon_core.verb:Building package 'f1_12th_simulator_g01' with the following arguments: {'ament_cmake_args': None, 'build_base': '/home/carloso/ros2_ws_23_2/build/f1_12th_simulator_g01', 'catkin_cmake_args': None, 'catkin_skip_building_tests': False, 'cmake_args': None, 'cmake_clean_cache': False, 'cmake_clean_first': False, 'cmake_force_configure': False, 'cmake_target': None, 'cmake_target_skip_unavailable': False, 'install_base': '/home/carloso/ros2_ws_23_2/install/f1_12th_simulator_g01', 'merge_install': False, 'path': '/home/carloso/ros2_ws_23_2/src/f1_12th_simulator_g01', 'symlink_install': True, 'test_result_base': None}
[0.472s] Level 5:colcon.colcon_core.verb:set package 'joy_tester' build argument 'cmake_args' from command line to 'None'
[0.473s] Level 5:colcon.colcon_core.verb:set package 'joy_tester' build argument 'cmake_target' from command line to 'None'
[0.473s] Level 5:colcon.colcon_core.verb:set package 'joy_tester' build argument 'cmake_target_skip_unavailable' from command line to 'False'
[0.473s] Level 5:colcon.colcon_core.verb:set package 'joy_tester' build argument 'cmake_clean_cache' from command line to 'False'
[0.473s] Level 5:colcon.colcon_core.verb:set package 'joy_tester' build argument 'cmake_clean_first' from command line to 'False'
[0.473s] Level 5:colcon.colcon_core.verb:set package 'joy_tester' build argument 'cmake_force_configure' from command line to 'False'
[0.473s] Level 5:colcon.colcon_core.verb:set package 'joy_tester' build argument 'ament_cmake_args' from command line to 'None'
[0.473s] Level 5:colcon.colcon_core.verb:set package 'joy_tester' build argument 'catkin_cmake_args' from command line to 'None'
[0.473s] Level 5:colcon.colcon_core.verb:set package 'joy_tester' build argument 'catkin_skip_building_tests' from command line to 'False'
[0.473s] DEBUG:colcon.colcon_core.verb:Building package 'joy_tester' with the following arguments: {'ament_cmake_args': None, 'build_base': '/home/carloso/ros2_ws_23_2/build/joy_tester', 'catkin_cmake_args': None, 'catkin_skip_building_tests': False, 'cmake_args': None, 'cmake_clean_cache': False, 'cmake_clean_first': False, 'cmake_force_configure': False, 'cmake_target': None, 'cmake_target_skip_unavailable': False, 'install_base': '/home/carloso/ros2_ws_23_2/install/joy_tester', 'merge_install': False, 'path': '/home/carloso/ros2_ws_23_2/src/joy_tester', 'symlink_install': True, 'test_result_base': None}
[0.474s] Level 5:colcon.colcon_core.verb:set package 'launch_pkg_gYY' build argument 'cmake_args' from command line to 'None'
[0.474s] Level 5:colcon.colcon_core.verb:set package 'launch_pkg_gYY' build argument 'cmake_target' from command line to 'None'
[0.474s] Level 5:colcon.colcon_core.verb:set package 'launch_pkg_gYY' build argument 'cmake_target_skip_unavailable' from command line to 'False'
[0.474s] Level 5:colcon.colcon_core.verb:set package 'launch_pkg_gYY' build argument 'cmake_clean_cache' from command line to 'False'
[0.474s] Level 5:colcon.colcon_core.verb:set package 'launch_pkg_gYY' build argument 'cmake_clean_first' from command line to 'False'
[0.474s] Level 5:colcon.colcon_core.verb:set package 'launch_pkg_gYY' build argument 'cmake_force_configure' from command line to 'False'
[0.474s] Level 5:colcon.colcon_core.verb:set package 'launch_pkg_gYY' build argument 'ament_cmake_args' from command line to 'None'
[0.474s] Level 5:colcon.colcon_core.verb:set package 'launch_pkg_gYY' build argument 'catkin_cmake_args' from command line to 'None'
[0.474s] Level 5:colcon.colcon_core.verb:set package 'launch_pkg_gYY' build argument 'catkin_skip_building_tests' from command line to 'False'
[0.474s] DEBUG:colcon.colcon_core.verb:Building package 'launch_pkg_gYY' with the following arguments: {'ament_cmake_args': None, 'build_base': '/home/carloso/ros2_ws_23_2/build/launch_pkg_gYY', 'catkin_cmake_args': None, 'catkin_skip_building_tests': False, 'cmake_args': None, 'cmake_clean_cache': False, 'cmake_clean_first': False, 'cmake_force_configure': False, 'cmake_target': None, 'cmake_target_skip_unavailable': False, 'install_base': '/home/carloso/ros2_ws_23_2/install/launch_pkg_gYY', 'merge_install': False, 'path': '/home/carloso/ros2_ws_23_2/src/launch_pkg_gYY', 'symlink_install': True, 'test_result_base': None}
[0.475s] Level 5:colcon.colcon_core.verb:set package 'scrips_node' build argument 'cmake_args' from command line to 'None'
[0.475s] Level 5:colcon.colcon_core.verb:set package 'scrips_node' build argument 'cmake_target' from command line to 'None'
[0.475s] Level 5:colcon.colcon_core.verb:set package 'scrips_node' build argument 'cmake_target_skip_unavailable' from command line to 'False'
[0.475s] Level 5:colcon.colcon_core.verb:set package 'scrips_node' build argument 'cmake_clean_cache' from command line to 'False'
[0.475s] Level 5:colcon.colcon_core.verb:set package 'scrips_node' build argument 'cmake_clean_first' from command line to 'False'
[0.475s] Level 5:colcon.colcon_core.verb:set package 'scrips_node' build argument 'cmake_force_configure' from command line to 'False'
[0.475s] Level 5:colcon.colcon_core.verb:set package 'scrips_node' build argument 'ament_cmake_args' from command line to 'None'
[0.475s] Level 5:colcon.colcon_core.verb:set package 'scrips_node' build argument 'catkin_cmake_args' from command line to 'None'
[0.475s] Level 5:colcon.colcon_core.verb:set package 'scrips_node' build argument 'catkin_skip_building_tests' from command line to 'False'
[0.475s] DEBUG:colcon.colcon_core.verb:Building package 'scrips_node' with the following arguments: {'ament_cmake_args': None, 'build_base': '/home/carloso/ros2_ws_23_2/build/scrips_node', 'catkin_cmake_args': None, 'catkin_skip_building_tests': False, 'cmake_args': None, 'cmake_clean_cache': False, 'cmake_clean_first': False, 'cmake_force_configure': False, 'cmake_target': None, 'cmake_target_skip_unavailable': False, 'install_base': '/home/carloso/ros2_ws_23_2/install/scrips_node', 'merge_install': False, 'path': '/home/carloso/ros2_ws_23_2/src/scrips_node', 'symlink_install': True, 'test_result_base': None}
[0.476s] Level 5:colcon.colcon_core.verb:set package 'sim_car' build argument 'cmake_args' from command line to 'None'
[0.476s] Level 5:colcon.colcon_core.verb:set package 'sim_car' build argument 'cmake_target' from command line to 'None'
[0.476s] Level 5:colcon.colcon_core.verb:set package 'sim_car' build argument 'cmake_target_skip_unavailable' from command line to 'False'
[0.476s] Level 5:colcon.colcon_core.verb:set package 'sim_car' build argument 'cmake_clean_cache' from command line to 'False'
[0.476s] Level 5:colcon.colcon_core.verb:set package 'sim_car' build argument 'cmake_clean_first' from command line to 'False'
[0.476s] Level 5:colcon.colcon_core.verb:set package 'sim_car' build argument 'cmake_force_configure' from command line to 'False'
[0.476s] Level 5:colcon.colcon_core.verb:set package 'sim_car' build argument 'ament_cmake_args' from command line to 'None'
[0.476s] Level 5:colcon.colcon_core.verb:set package 'sim_car' build argument 'catkin_cmake_args' from command line to 'None'
[0.476s] Level 5:colcon.colcon_core.verb:set package 'sim_car' build argument 'catkin_skip_building_tests' from command line to 'False'
[0.476s] DEBUG:colcon.colcon_core.verb:Building package 'sim_car' with the following arguments: {'ament_cmake_args': None, 'build_base': '/home/carloso/ros2_ws_23_2/build/sim_car', 'catkin_cmake_args': None, 'catkin_skip_building_tests': False, 'cmake_args': None, 'cmake_clean_cache': False, 'cmake_clean_first': False, 'cmake_force_configure': False, 'cmake_target': None, 'cmake_target_skip_unavailable': False, 'install_base': '/home/carloso/ros2_ws_23_2/install/sim_car', 'merge_install': False, 'path': '/home/carloso/ros2_ws_23_2/src/sim_car/car_description', 'symlink_install': True, 'test_result_base': None}
[0.477s] Level 5:colcon.colcon_core.verb:set package 'turtle_move_pkg_gYY' build argument 'cmake_args' from command line to 'None'
[0.477s] Level 5:colcon.colcon_core.verb:set package 'turtle_move_pkg_gYY' build argument 'cmake_target' from command line to 'None'
[0.477s] Level 5:colcon.colcon_core.verb:set package 'turtle_move_pkg_gYY' build argument 'cmake_target_skip_unavailable' from command line to 'False'
[0.477s] Level 5:colcon.colcon_core.verb:set package 'turtle_move_pkg_gYY' build argument 'cmake_clean_cache' from command line to 'False'
[0.477s] Level 5:colcon.colcon_core.verb:set package 'turtle_move_pkg_gYY' build argument 'cmake_clean_first' from command line to 'False'
[0.477s] Level 5:colcon.colcon_core.verb:set package 'turtle_move_pkg_gYY' build argument 'cmake_force_configure' from command line to 'False'
[0.477s] Level 5:colcon.colcon_core.verb:set package 'turtle_move_pkg_gYY' build argument 'ament_cmake_args' from command line to 'None'
[0.477s] Level 5:colcon.colcon_core.verb:set package 'turtle_move_pkg_gYY' build argument 'catkin_cmake_args' from command line to 'None'
[0.477s] Level 5:colcon.colcon_core.verb:set package 'turtle_move_pkg_gYY' build argument 'catkin_skip_building_tests' from command line to 'False'
[0.477s] DEBUG:colcon.colcon_core.verb:Building package 'turtle_move_pkg_gYY' with the following arguments: {'ament_cmake_args': None, 'build_base': '/home/carloso/ros2_ws_23_2/build/turtle_move_pkg_gYY', 'catkin_cmake_args': None, 'catkin_skip_building_tests': False, 'cmake_args': None, 'cmake_clean_cache': False, 'cmake_clean_first': False, 'cmake_force_configure': False, 'cmake_target': None, 'cmake_target_skip_unavailable': False, 'install_base': '/home/carloso/ros2_ws_23_2/install/turtle_move_pkg_gYY', 'merge_install': False, 'path': '/home/carloso/ros2_ws_23_2/src/turtle_move_pkg_gYY', 'symlink_install': True, 'test_result_base': None}
[0.478s] INFO:colcon.colcon_core.executor:Executing jobs using 'parallel' executor
[0.481s] DEBUG:colcon.colcon_parallel_executor.executor.parallel:run_until_complete
[0.481s] INFO:colcon.colcon_ros.task.ament_cmake.build:Building ROS package in '/home/carloso/ros2_ws_23_2/src/sim_car/car_gazebo_plugin' with build type 'ament_cmake'
[0.481s] INFO:colcon.colcon_cmake.task.cmake.build:Building CMake package in '/home/carloso/ros2_ws_23_2/src/sim_car/car_gazebo_plugin'
[0.485s] INFO:colcon.colcon_core.plugin_system:Skipping extension 'colcon_core.shell.bat': Not used on non-Windows systems
[0.486s] INFO:colcon.colcon_core.shell:Skip shell extension 'powershell' for command environment: Not usable outside of PowerShell
[0.486s] DEBUG:colcon.colcon_core.shell:Skip shell extension 'dsv' for command environment
[0.491s] INFO:colcon.colcon_ros.task.ament_cmake.build:Building ROS package in '/home/carloso/ros2_ws_23_2/src/f1_12th_simulator_g01' with build type 'ament_cmake'
[0.491s] INFO:colcon.colcon_cmake.task.cmake.build:Building CMake package in '/home/carloso/ros2_ws_23_2/src/f1_12th_simulator_g01'
[0.492s] INFO:colcon.colcon_core.shell:Skip shell extension 'powershell' for command environment: Not usable outside of PowerShell
[0.492s] DEBUG:colcon.colcon_core.shell:Skip shell extension 'dsv' for command environment
[0.498s] INFO:colcon.colcon_ros.task.ament_python.build:Building ROS package in '/home/carloso/ros2_ws_23_2/src/joy_tester' with build type 'ament_python'
[0.498s] Level 1:colcon.colcon_core.shell:create_environment_hook('joy_tester', 'ament_prefix_path')
[0.499s] INFO:colcon.colcon_core.shell:Creating environment hook '/home/carloso/ros2_ws_23_2/install/joy_tester/share/joy_tester/hook/ament_prefix_path.ps1'
[0.500s] INFO:colcon.colcon_core.shell:Creating environment descriptor '/home/carloso/ros2_ws_23_2/install/joy_tester/share/joy_tester/hook/ament_prefix_path.dsv'
[0.501s] INFO:colcon.colcon_core.shell:Creating environment hook '/home/carloso/ros2_ws_23_2/install/joy_tester/share/joy_tester/hook/ament_prefix_path.sh'
[0.502s] INFO:colcon.colcon_core.shell:Skip shell extension 'powershell' for command environment: Not usable outside of PowerShell
[0.502s] DEBUG:colcon.colcon_core.shell:Skip shell extension 'dsv' for command environment
[0.507s] INFO:colcon.colcon_ros.task.ament_python.build:Building ROS package in '/home/carloso/ros2_ws_23_2/src/launch_pkg_gYY' with build type 'ament_python'
[0.507s] Level 1:colcon.colcon_core.shell:create_environment_hook('launch_pkg_gYY', 'ament_prefix_path')
[0.509s] INFO:colcon.colcon_core.shell:Creating environment hook '/home/carloso/ros2_ws_23_2/install/launch_pkg_gYY/share/launch_pkg_gYY/hook/ament_prefix_path.ps1'
[0.510s] INFO:colcon.colcon_core.shell:Creating environment descriptor '/home/carloso/ros2_ws_23_2/install/launch_pkg_gYY/share/launch_pkg_gYY/hook/ament_prefix_path.dsv'
[0.510s] INFO:colcon.colcon_core.shell:Creating environment hook '/home/carloso/ros2_ws_23_2/install/launch_pkg_gYY/share/launch_pkg_gYY/hook/ament_prefix_path.sh'
[0.512s] INFO:colcon.colcon_core.shell:Skip shell extension 'powershell' for command environment: Not usable outside of PowerShell
[0.513s] DEBUG:colcon.colcon_core.shell:Skip shell extension 'dsv' for command environment
[0.518s] INFO:colcon.colcon_ros.task.ament_python.build:Building ROS package in '/home/carloso/ros2_ws_23_2/src/scrips_node' with build type 'ament_python'
[0.518s] Level 1:colcon.colcon_core.shell:create_environment_hook('scrips_node', 'ament_prefix_path')
[0.519s] INFO:colcon.colcon_core.shell:Creating environment hook '/home/carloso/ros2_ws_23_2/install/scrips_node/share/scrips_node/hook/ament_prefix_path.ps1'
[0.520s] INFO:colcon.colcon_core.shell:Creating environment descriptor '/home/carloso/ros2_ws_23_2/install/scrips_node/share/scrips_node/hook/ament_prefix_path.dsv'
[0.520s] INFO:colcon.colcon_core.shell:Creating environment hook '/home/carloso/ros2_ws_23_2/install/scrips_node/share/scrips_node/hook/ament_prefix_path.sh'
[0.522s] INFO:colcon.colcon_core.shell:Skip shell extension 'powershell' for command environment: Not usable outside of PowerShell
[0.522s] DEBUG:colcon.colcon_core.shell:Skip shell extension 'dsv' for command environment
[0.527s] INFO:colcon.colcon_ros.task.ament_cmake.build:Building ROS package in '/home/carloso/ros2_ws_23_2/src/sim_car/car_description' with build type 'ament_cmake'
[0.527s] INFO:colcon.colcon_cmake.task.cmake.build:Building CMake package in '/home/carloso/ros2_ws_23_2/src/sim_car/car_description'
[0.529s] INFO:colcon.colcon_core.shell:Skip shell extension 'powershell' for command environment: Not usable outside of PowerShell
[0.529s] DEBUG:colcon.colcon_core.shell:Skip shell extension 'dsv' for command environment
[0.533s] INFO:colcon.colcon_ros.task.ament_python.build:Building ROS package in '/home/carloso/ros2_ws_23_2/src/turtle_move_pkg_gYY' with build type 'ament_python'
[0.533s] Level 1:colcon.colcon_core.shell:create_environment_hook('turtle_move_pkg_gYY', 'ament_prefix_path')
[0.535s] INFO:colcon.colcon_core.shell:Creating environment hook '/home/carloso/ros2_ws_23_2/install/turtle_move_pkg_gYY/share/turtle_move_pkg_gYY/hook/ament_prefix_path.ps1'
[0.535s] INFO:colcon.colcon_core.shell:Creating environment descriptor '/home/carloso/ros2_ws_23_2/install/turtle_move_pkg_gYY/share/turtle_move_pkg_gYY/hook/ament_prefix_path.dsv'
[0.535s] INFO:colcon.colcon_core.shell:Creating environment hook '/home/carloso/ros2_ws_23_2/install/turtle_move_pkg_gYY/share/turtle_move_pkg_gYY/hook/ament_prefix_path.sh'
[0.537s] INFO:colcon.colcon_core.shell:Skip shell extension 'powershell' for command environment: Not usable outside of PowerShell
[0.537s] DEBUG:colcon.colcon_core.shell:Skip shell extension 'dsv' for command environment
[0.548s] DEBUG:colcon.colcon_core.event_handler.log_command:Invoking command in '/home/carloso/ros2_ws_23_2/build/car_gazebo_plugin': CMAKE_PREFIX_PATH=${CMAKE_PREFIX_PATH}:/home/carloso/ros2_ws_23_2/install/turtle_move_pkg_gYY:/home/carloso/ros2_ws_23_2/install/scrips_node:/home/carloso/ros2_ws_23_2/install/launch_pkg_gYY:/home/carloso/ros2_ws_23_2/install/joy_tester:/opt/ros/humble /usr/bin/cmake --build /home/carloso/ros2_ws_23_2/build/car_gazebo_plugin -- -j8 -l8
[0.551s] DEBUG:colcon.colcon_core.event_handler.log_command:Invoking command in '/home/carloso/ros2_ws_23_2/build/f1_12th_simulator_g01': CMAKE_PREFIX_PATH=${CMAKE_PREFIX_PATH}:/home/carloso/ros2_ws_23_2/install/turtle_move_pkg_gYY:/home/carloso/ros2_ws_23_2/install/scrips_node:/home/carloso/ros2_ws_23_2/install/launch_pkg_gYY:/home/carloso/ros2_ws_23_2/install/joy_tester:/opt/ros/humble /usr/bin/cmake --build /home/carloso/ros2_ws_23_2/build/f1_12th_simulator_g01 -- -j8 -l8
[0.829s] INFO:colcon.colcon_core.task.python.build:Building Python package in '/home/carloso/ros2_ws_23_2/src/joy_tester'
[0.831s] INFO:colcon.colcon_core.shell:Skip shell extension 'powershell' for command environment: Not usable outside of PowerShell
[0.831s] DEBUG:colcon.colcon_core.shell:Skip shell extension 'dsv' for command environment
[1.103s] INFO:colcon.colcon_core.task.python.build:Building Python package in '/home/carloso/ros2_ws_23_2/src/launch_pkg_gYY'
[1.104s] INFO:colcon.colcon_core.shell:Skip shell extension 'powershell' for command environment: Not usable outside of PowerShell
[1.104s] DEBUG:colcon.colcon_core.shell:Skip shell extension 'dsv' for command environment
[1.357s] INFO:colcon.colcon_core.task.python.build:Building Python package in '/home/carloso/ros2_ws_23_2/src/scrips_node'
[1.358s] INFO:colcon.colcon_core.shell:Skip shell extension 'powershell' for command environment: Not usable outside of PowerShell
[1.358s] DEBUG:colcon.colcon_core.shell:Skip shell extension 'dsv' for command environment
[1.368s] DEBUG:colcon.colcon_core.event_handler.log_command:Invoking command in '/home/carloso/ros2_ws_23_2/build/sim_car': CMAKE_PREFIX_PATH=${CMAKE_PREFIX_PATH}:/home/carloso/ros2_ws_23_2/install/turtle_move_pkg_gYY:/home/carloso/ros2_ws_23_2/install/scrips_node:/home/carloso/ros2_ws_23_2/install/launch_pkg_gYY:/home/carloso/ros2_ws_23_2/install/joy_tester:/opt/ros/humble /usr/bin/cmake --build /home/carloso/ros2_ws_23_2/build/sim_car -- -j8 -l8
[1.634s] INFO:colcon.colcon_core.task.python.build:Building Python package in '/home/carloso/ros2_ws_23_2/src/turtle_move_pkg_gYY'
[1.635s] INFO:colcon.colcon_core.shell:Skip shell extension 'powershell' for command environment: Not usable outside of PowerShell
[1.635s] DEBUG:colcon.colcon_core.shell:Skip shell extension 'dsv' for command environment
[1.642s] DEBUG:colcon.colcon_core.event_handler.log_command:Invoked command in '/home/carloso/ros2_ws_23_2/build/f1_12th_simulator_g01' returned '0': CMAKE_PREFIX_PATH=${CMAKE_PREFIX_PATH}:/home/carloso/ros2_ws_23_2/install/turtle_move_pkg_gYY:/home/carloso/ros2_ws_23_2/install/scrips_node:/home/carloso/ros2_ws_23_2/install/launch_pkg_gYY:/home/carloso/ros2_ws_23_2/install/joy_tester:/opt/ros/humble /usr/bin/cmake --build /home/carloso/ros2_ws_23_2/build/f1_12th_simulator_g01 -- -j8 -l8
[1.642s] DEBUG:colcon.colcon_core.event_handler.log_command:Invoked command in '/home/carloso/ros2_ws_23_2/build/car_gazebo_plugin' returned '0': CMAKE_PREFIX_PATH=${CMAKE_PREFIX_PATH}:/home/carloso/ros2_ws_23_2/install/turtle_move_pkg_gYY:/home/carloso/ros2_ws_23_2/install/scrips_node:/home/carloso/ros2_ws_23_2/install/launch_pkg_gYY:/home/carloso/ros2_ws_23_2/install/joy_tester:/opt/ros/humble /usr/bin/cmake --build /home/carloso/ros2_ws_23_2/build/car_gazebo_plugin -- -j8 -l8
[1.652s] DEBUG:colcon.colcon_core.event_handler.log_command:Invoked command in '/home/carloso/ros2_ws_23_2/build/sim_car' returned '0': CMAKE_PREFIX_PATH=${CMAKE_PREFIX_PATH}:/home/carloso/ros2_ws_23_2/install/turtle_move_pkg_gYY:/home/carloso/ros2_ws_23_2/install/scrips_node:/home/carloso/ros2_ws_23_2/install/launch_pkg_gYY:/home/carloso/ros2_ws_23_2/install/joy_tester:/opt/ros/humble /usr/bin/cmake --build /home/carloso/ros2_ws_23_2/build/sim_car -- -j8 -l8
[1.682s] DEBUG:colcon.colcon_core.event_handler.log_command:Invoking command in '/home/carloso/ros2_ws_23_2/build/f1_12th_simulator_g01': CMAKE_PREFIX_PATH=${CMAKE_PREFIX_PATH}:/home/carloso/ros2_ws_23_2/install/turtle_move_pkg_gYY:/home/carloso/ros2_ws_23_2/install/scrips_node:/home/carloso/ros2_ws_23_2/install/launch_pkg_gYY:/home/carloso/ros2_ws_23_2/install/joy_tester:/opt/ros/humble /usr/bin/cmake --install /home/carloso/ros2_ws_23_2/build/f1_12th_simulator_g01
[1.683s] DEBUG:colcon.colcon_core.event_handler.log_command:Invoking command in '/home/carloso/ros2_ws_23_2/build/car_gazebo_plugin': CMAKE_PREFIX_PATH=${CMAKE_PREFIX_PATH}:/home/carloso/ros2_ws_23_2/install/turtle_move_pkg_gYY:/home/carloso/ros2_ws_23_2/install/scrips_node:/home/carloso/ros2_ws_23_2/install/launch_pkg_gYY:/home/carloso/ros2_ws_23_2/install/joy_tester:/opt/ros/humble /usr/bin/cmake --install /home/carloso/ros2_ws_23_2/build/car_gazebo_plugin
[1.687s] DEBUG:colcon.colcon_core.event_handler.log_command:Invoking command in '/home/carloso/ros2_ws_23_2/build/sim_car': CMAKE_PREFIX_PATH=${CMAKE_PREFIX_PATH}:/home/carloso/ros2_ws_23_2/install/turtle_move_pkg_gYY:/home/carloso/ros2_ws_23_2/install/scrips_node:/home/carloso/ros2_ws_23_2/install/launch_pkg_gYY:/home/carloso/ros2_ws_23_2/install/joy_tester:/opt/ros/humble /usr/bin/cmake --install /home/carloso/ros2_ws_23_2/build/sim_car
[1.715s] Level 1:colcon.colcon_core.environment:create_environment_scripts_only(car_gazebo_plugin)
[1.725s] DEBUG:colcon.colcon_core.event_handler.log_command:Invoked command in '/home/carloso/ros2_ws_23_2/build/car_gazebo_plugin' returned '0': CMAKE_PREFIX_PATH=${CMAKE_PREFIX_PATH}:/home/carloso/ros2_ws_23_2/install/turtle_move_pkg_gYY:/home/carloso/ros2_ws_23_2/install/scrips_node:/home/carloso/ros2_ws_23_2/install/launch_pkg_gYY:/home/carloso/ros2_ws_23_2/install/joy_tester:/opt/ros/humble /usr/bin/cmake --install /home/carloso/ros2_ws_23_2/build/car_gazebo_plugin
[1.727s] Level 1:colcon.colcon_core.environment:checking '/home/carloso/ros2_ws_23_2/install/car_gazebo_plugin' for CMake module files
[1.728s] Level 1:colcon.colcon_core.environment:checking '/home/carloso/ros2_ws_23_2/install/car_gazebo_plugin' for CMake config files
[1.728s] Level 1:colcon.colcon_core.shell:create_environment_hook('car_gazebo_plugin', 'cmake_prefix_path')
[1.730s] INFO:colcon.colcon_core.shell:Creating environment hook '/home/carloso/ros2_ws_23_2/install/car_gazebo_plugin/share/car_gazebo_plugin/hook/cmake_prefix_path.ps1'
[1.731s] INFO:colcon.colcon_core.shell:Creating environment descriptor '/home/carloso/ros2_ws_23_2/install/car_gazebo_plugin/share/car_gazebo_plugin/hook/cmake_prefix_path.dsv'
[1.732s] INFO:colcon.colcon_core.shell:Creating environment hook '/home/carloso/ros2_ws_23_2/install/car_gazebo_plugin/share/car_gazebo_plugin/hook/cmake_prefix_path.sh'
[1.733s] Level 1:colcon.colcon_core.environment:checking '/home/carloso/ros2_ws_23_2/install/car_gazebo_plugin/bin'
[1.733s] Level 1:colcon.colcon_core.environment:checking '/home/carloso/ros2_ws_23_2/install/car_gazebo_plugin/lib/pkgconfig/car_gazebo_plugin.pc'
[1.733s] Level 1:colcon.colcon_core.environment:checking '/home/carloso/ros2_ws_23_2/install/car_gazebo_plugin/lib/python3.10/site-packages'
[1.734s] Level 1:colcon.colcon_core.environment:checking '/home/carloso/ros2_ws_23_2/install/car_gazebo_plugin/bin'
[1.736s] INFO:colcon.colcon_core.shell:Creating package script '/home/carloso/ros2_ws_23_2/install/car_gazebo_plugin/share/car_gazebo_plugin/package.ps1'
[1.737s] INFO:colcon.colcon_core.shell:Creating package descriptor '/home/carloso/ros2_ws_23_2/install/car_gazebo_plugin/share/car_gazebo_plugin/package.dsv'
[1.738s] INFO:colcon.colcon_core.shell:Creating package script '/home/carloso/ros2_ws_23_2/install/car_gazebo_plugin/share/car_gazebo_plugin/package.sh'
[1.740s] INFO:colcon.colcon_core.shell:Creating package script '/home/carloso/ros2_ws_23_2/install/car_gazebo_plugin/share/car_gazebo_plugin/package.bash'
[1.741s] INFO:colcon.colcon_core.shell:Creating package script '/home/carloso/ros2_ws_23_2/install/car_gazebo_plugin/share/car_gazebo_plugin/package.zsh'
[1.742s] Level 1:colcon.colcon_core.environment:create_file_with_runtime_dependencies(/home/carloso/ros2_ws_23_2/install/car_gazebo_plugin/share/colcon-core/packages/car_gazebo_plugin)
[1.744s] Level 1:colcon.colcon_core.environment:create_environment_scripts_only(f1_12th_simulator_g01)
[1.745s] DEBUG:colcon.colcon_core.event_handler.log_command:Invoked command in '/home/carloso/ros2_ws_23_2/build/f1_12th_simulator_g01' returned '0': CMAKE_PREFIX_PATH=${CMAKE_PREFIX_PATH}:/home/carloso/ros2_ws_23_2/install/turtle_move_pkg_gYY:/home/carloso/ros2_ws_23_2/install/scrips_node:/home/carloso/ros2_ws_23_2/install/launch_pkg_gYY:/home/carloso/ros2_ws_23_2/install/joy_tester:/opt/ros/humble /usr/bin/cmake --install /home/carloso/ros2_ws_23_2/build/f1_12th_simulator_g01
[1.748s] Level 1:colcon.colcon_core.environment:checking '/home/carloso/ros2_ws_23_2/install/f1_12th_simulator_g01' for CMake module files
[1.749s] Level 1:colcon.colcon_core.environment:checking '/home/carloso/ros2_ws_23_2/install/f1_12th_simulator_g01' for CMake config files
[1.749s] Level 1:colcon.colcon_core.shell:create_environment_hook('f1_12th_simulator_g01', 'cmake_prefix_path')
[1.754s] INFO:colcon.colcon_core.shell:Creating environment hook '/home/carloso/ros2_ws_23_2/install/f1_12th_simulator_g01/share/f1_12th_simulator_g01/hook/cmake_prefix_path.ps1'
[1.755s] INFO:colcon.colcon_core.shell:Creating environment descriptor '/home/carloso/ros2_ws_23_2/install/f1_12th_simulator_g01/share/f1_12th_simulator_g01/hook/cmake_prefix_path.dsv'
[1.755s] INFO:colcon.colcon_core.shell:Creating environment hook '/home/carloso/ros2_ws_23_2/install/f1_12th_simulator_g01/share/f1_12th_simulator_g01/hook/cmake_prefix_path.sh'
[1.756s] Level 1:colcon.colcon_core.environment:checking '/home/carloso/ros2_ws_23_2/install/f1_12th_simulator_g01/bin'
[1.756s] Level 1:colcon.colcon_core.environment:checking '/home/carloso/ros2_ws_23_2/install/f1_12th_simulator_g01/lib/pkgconfig/f1_12th_simulator_g01.pc'
[1.756s] Level 1:colcon.colcon_core.environment:checking '/home/carloso/ros2_ws_23_2/install/f1_12th_simulator_g01/lib/python3.10/site-packages'
[1.757s] Level 1:colcon.colcon_core.environment:checking '/home/carloso/ros2_ws_23_2/install/f1_12th_simulator_g01/bin'
[1.759s] INFO:colcon.colcon_core.shell:Creating package script '/home/carloso/ros2_ws_23_2/install/f1_12th_simulator_g01/share/f1_12th_simulator_g01/package.ps1'
[1.760s] INFO:colcon.colcon_core.shell:Creating package descriptor '/home/carloso/ros2_ws_23_2/install/f1_12th_simulator_g01/share/f1_12th_simulator_g01/package.dsv'
[1.761s] INFO:colcon.colcon_core.shell:Creating package script '/home/carloso/ros2_ws_23_2/install/f1_12th_simulator_g01/share/f1_12th_simulator_g01/package.sh'
[1.761s] INFO:colcon.colcon_core.shell:Creating package script '/home/carloso/ros2_ws_23_2/install/f1_12th_simulator_g01/share/f1_12th_simulator_g01/package.bash'
[1.761s] INFO:colcon.colcon_core.shell:Creating package script '/home/carloso/ros2_ws_23_2/install/f1_12th_simulator_g01/share/f1_12th_simulator_g01/package.zsh'
[1.762s] Level 1:colcon.colcon_core.environment:create_file_with_runtime_dependencies(/home/carloso/ros2_ws_23_2/install/f1_12th_simulator_g01/share/colcon-core/packages/f1_12th_simulator_g01)
[1.763s] Level 1:colcon.colcon_core.environment:create_environment_scripts_only(sim_car)
[1.764s] DEBUG:colcon.colcon_core.event_handler.log_command:Invoked command in '/home/carloso/ros2_ws_23_2/build/sim_car' returned '0': CMAKE_PREFIX_PATH=${CMAKE_PREFIX_PATH}:/home/carloso/ros2_ws_23_2/install/turtle_move_pkg_gYY:/home/carloso/ros2_ws_23_2/install/scrips_node:/home/carloso/ros2_ws_23_2/install/launch_pkg_gYY:/home/carloso/ros2_ws_23_2/install/joy_tester:/opt/ros/humble /usr/bin/cmake --install /home/carloso/ros2_ws_23_2/build/sim_car
[1.768s] Level 1:colcon.colcon_core.environment:checking '/home/carloso/ros2_ws_23_2/install/sim_car' for CMake module files
[1.769s] Level 1:colcon.colcon_core.environment:checking '/home/carloso/ros2_ws_23_2/install/sim_car' for CMake config files
[1.770s] Level 1:colcon.colcon_core.shell:create_environment_hook('sim_car', 'cmake_prefix_path')
[1.773s] INFO:colcon.colcon_core.shell:Creating environment hook '/home/carloso/ros2_ws_23_2/install/sim_car/share/sim_car/hook/cmake_prefix_path.ps1'
[1.773s] INFO:colcon.colcon_core.shell:Creating environment descriptor '/home/carloso/ros2_ws_23_2/install/sim_car/share/sim_car/hook/cmake_prefix_path.dsv'
[1.774s] INFO:colcon.colcon_core.shell:Creating environment hook '/home/carloso/ros2_ws_23_2/install/sim_car/share/sim_car/hook/cmake_prefix_path.sh'
[1.775s] Level 1:colcon.colcon_core.environment:checking '/home/carloso/ros2_ws_23_2/install/sim_car/lib'
[1.775s] Level 1:colcon.colcon_core.environment:checking '/home/carloso/ros2_ws_23_2/install/sim_car/bin'
[1.775s] Level 1:colcon.colcon_core.environment:checking '/home/carloso/ros2_ws_23_2/install/sim_car/lib/pkgconfig/sim_car.pc'
[1.775s] Level 1:colcon.colcon_core.environment:checking '/home/carloso/ros2_ws_23_2/install/sim_car/lib/python3.10/site-packages'
[1.776s] Level 1:colcon.colcon_core.environment:checking '/home/carloso/ros2_ws_23_2/install/sim_car/bin'
[1.779s] INFO:colcon.colcon_core.shell:Creating package script '/home/carloso/ros2_ws_23_2/install/sim_car/share/sim_car/package.ps1'
[1.779s] INFO:colcon.colcon_core.shell:Creating package descriptor '/home/carloso/ros2_ws_23_2/install/sim_car/share/sim_car/package.dsv'
[1.780s] INFO:colcon.colcon_core.shell:Creating package script '/home/carloso/ros2_ws_23_2/install/sim_car/share/sim_car/package.sh'
[1.781s] INFO:colcon.colcon_core.shell:Creating package script '/home/carloso/ros2_ws_23_2/install/sim_car/share/sim_car/package.bash'
[1.781s] INFO:colcon.colcon_core.shell:Creating package script '/home/carloso/ros2_ws_23_2/install/sim_car/share/sim_car/package.zsh'
[1.782s] Level 1:colcon.colcon_core.environment:create_file_with_runtime_dependencies(/home/carloso/ros2_ws_23_2/install/sim_car/share/colcon-core/packages/sim_car)
[1.786s] Level 1:colcon.colcon_core.environment:create_environment_scripts_only(car_gazebo_plugin)
[1.789s] Level 1:colcon.colcon_core.environment:checking '/home/carloso/ros2_ws_23_2/install/car_gazebo_plugin' for CMake module files
[1.790s] Level 1:colcon.colcon_core.environment:checking '/home/carloso/ros2_ws_23_2/install/car_gazebo_plugin' for CMake config files
[1.791s] Level 1:colcon.colcon_core.shell:create_environment_hook('car_gazebo_plugin', 'cmake_prefix_path')
[1.792s] INFO:colcon.colcon_core.shell:Creating environment hook '/home/carloso/ros2_ws_23_2/install/car_gazebo_plugin/share/car_gazebo_plugin/hook/cmake_prefix_path.ps1'
[1.793s] INFO:colcon.colcon_core.shell:Creating environment descriptor '/home/carloso/ros2_ws_23_2/install/car_gazebo_plugin/share/car_gazebo_plugin/hook/cmake_prefix_path.dsv'
[1.794s] INFO:colcon.colcon_core.shell:Creating environment hook '/home/carloso/ros2_ws_23_2/install/car_gazebo_plugin/share/car_gazebo_plugin/hook/cmake_prefix_path.sh'
[1.795s] Level 1:colcon.colcon_core.environment:checking '/home/carloso/ros2_ws_23_2/install/car_gazebo_plugin/bin'
[1.795s] Level 1:colcon.colcon_core.environment:checking '/home/carloso/ros2_ws_23_2/install/car_gazebo_plugin/lib/pkgconfig/car_gazebo_plugin.pc'
[1.795s] Level 1:colcon.colcon_core.environment:checking '/home/carloso/ros2_ws_23_2/install/car_gazebo_plugin/lib/python3.10/site-packages'
[1.795s] Level 1:colcon.colcon_core.environment:checking '/home/carloso/ros2_ws_23_2/install/car_gazebo_plugin/bin'
[1.797s] INFO:colcon.colcon_core.shell:Creating package script '/home/carloso/ros2_ws_23_2/install/car_gazebo_plugin/share/car_gazebo_plugin/package.ps1'
[1.798s] INFO:colcon.colcon_core.shell:Creating package descriptor '/home/carloso/ros2_ws_23_2/install/car_gazebo_plugin/share/car_gazebo_plugin/package.dsv'
[1.799s] INFO:colcon.colcon_core.shell:Creating package script '/home/carloso/ros2_ws_23_2/install/car_gazebo_plugin/share/car_gazebo_plugin/package.sh'
[1.799s] INFO:colcon.colcon_core.shell:Creating package script '/home/carloso/ros2_ws_23_2/install/car_gazebo_plugin/share/car_gazebo_plugin/package.bash'
[1.800s] INFO:colcon.colcon_core.shell:Creating package script '/home/carloso/ros2_ws_23_2/install/car_gazebo_plugin/share/car_gazebo_plugin/package.zsh'
[1.800s] Level 1:colcon.colcon_core.environment:create_file_with_runtime_dependencies(/home/carloso/ros2_ws_23_2/install/car_gazebo_plugin/share/colcon-core/packages/car_gazebo_plugin)
[1.804s] Level 1:colcon.colcon_core.environment:create_environment_scripts_only(f1_12th_simulator_g01)
[1.807s] Level 1:colcon.colcon_core.environment:checking '/home/carloso/ros2_ws_23_2/install/f1_12th_simulator_g01' for CMake module files
[1.807s] Level 1:colcon.colcon_core.environment:checking '/home/carloso/ros2_ws_23_2/install/f1_12th_simulator_g01' for CMake config files
[1.808s] Level 1:colcon.colcon_core.shell:create_environment_hook('f1_12th_simulator_g01', 'cmake_prefix_path')
[1.810s] INFO:colcon.colcon_core.shell:Creating environment hook '/home/carloso/ros2_ws_23_2/install/f1_12th_simulator_g01/share/f1_12th_simulator_g01/hook/cmake_prefix_path.ps1'
[1.811s] INFO:colcon.colcon_core.shell:Creating environment descriptor '/home/carloso/ros2_ws_23_2/install/f1_12th_simulator_g01/share/f1_12th_simulator_g01/hook/cmake_prefix_path.dsv'
[1.811s] INFO:colcon.colcon_core.shell:Creating environment hook '/home/carloso/ros2_ws_23_2/install/f1_12th_simulator_g01/share/f1_12th_simulator_g01/hook/cmake_prefix_path.sh'
[1.812s] Level 1:colcon.colcon_core.environment:checking '/home/carloso/ros2_ws_23_2/install/f1_12th_simulator_g01/bin'
[1.812s] Level 1:colcon.colcon_core.environment:checking '/home/carloso/ros2_ws_23_2/install/f1_12th_simulator_g01/lib/pkgconfig/f1_12th_simulator_g01.pc'
[1.812s] Level 1:colcon.colcon_core.environment:checking '/home/carloso/ros2_ws_23_2/install/f1_12th_simulator_g01/lib/python3.10/site-packages'
[1.812s] Level 1:colcon.colcon_core.environment:checking '/home/carloso/ros2_ws_23_2/install/f1_12th_simulator_g01/bin'
[1.814s] INFO:colcon.colcon_core.shell:Creating package script '/home/carloso/ros2_ws_23_2/install/f1_12th_simulator_g01/share/f1_12th_simulator_g01/package.ps1'
[1.815s] INFO:colcon.colcon_core.shell:Creating package descriptor '/home/carloso/ros2_ws_23_2/install/f1_12th_simulator_g01/share/f1_12th_simulator_g01/package.dsv'
[1.816s] INFO:colcon.colcon_core.shell:Creating package script '/home/carloso/ros2_ws_23_2/install/f1_12th_simulator_g01/share/f1_12th_simulator_g01/package.sh'
[1.816s] INFO:colcon.colcon_core.shell:Creating package script '/home/carloso/ros2_ws_23_2/install/f1_12th_simulator_g01/share/f1_12th_simulator_g01/package.bash'
[1.817s] INFO:colcon.colcon_core.shell:Creating package script '/home/carloso/ros2_ws_23_2/install/f1_12th_simulator_g01/share/f1_12th_simulator_g01/package.zsh'
[1.817s] Level 1:colcon.colcon_core.environment:create_file_with_runtime_dependencies(/home/carloso/ros2_ws_23_2/install/f1_12th_simulator_g01/share/colcon-core/packages/f1_12th_simulator_g01)
[1.821s] Level 1:colcon.colcon_core.environment:create_environment_scripts_only(sim_car)
[1.823s] Level 1:colcon.colcon_core.environment:checking '/home/carloso/ros2_ws_23_2/install/sim_car' for CMake module files
[1.824s] Level 1:colcon.colcon_core.environment:checking '/home/carloso/ros2_ws_23_2/install/sim_car' for CMake config files
[1.824s] Level 1:colcon.colcon_core.shell:create_environment_hook('sim_car', 'cmake_prefix_path')
[1.826s] INFO:colcon.colcon_core.shell:Creating environment hook '/home/carloso/ros2_ws_23_2/install/sim_car/share/sim_car/hook/cmake_prefix_path.ps1'
[1.827s] INFO:colcon.colcon_core.shell:Creating environment descriptor '/home/carloso/ros2_ws_23_2/install/sim_car/share/sim_car/hook/cmake_prefix_path.dsv'
[1.828s] INFO:colcon.colcon_core.shell:Creating environment hook '/home/carloso/ros2_ws_23_2/install/sim_car/share/sim_car/hook/cmake_prefix_path.sh'
[1.829s] Level 1:colcon.colcon_core.environment:checking '/home/carloso/ros2_ws_23_2/install/sim_car/lib'
[1.829s] Level 1:colcon.colcon_core.environment:checking '/home/carloso/ros2_ws_23_2/install/sim_car/bin'
[1.829s] Level 1:colcon.colcon_core.environment:checking '/home/carloso/ros2_ws_23_2/install/sim_car/lib/pkgconfig/sim_car.pc'
[1.829s] Level 1:colcon.colcon_core.environment:checking '/home/carloso/ros2_ws_23_2/install/sim_car/lib/python3.10/site-packages'
[1.830s] Level 1:colcon.colcon_core.environment:checking '/home/carloso/ros2_ws_23_2/install/sim_car/bin'
[1.832s] INFO:colcon.colcon_core.shell:Creating package script '/home/carloso/ros2_ws_23_2/install/sim_car/share/sim_car/package.ps1'
[1.833s] INFO:colcon.colcon_core.shell:Creating package descriptor '/home/carloso/ros2_ws_23_2/install/sim_car/share/sim_car/package.dsv'
[1.833s] INFO:colcon.colcon_core.shell:Creating package script '/home/carloso/ros2_ws_23_2/install/sim_car/share/sim_car/package.sh'
[1.834s] INFO:colcon.colcon_core.shell:Creating package script '/home/carloso/ros2_ws_23_2/install/sim_car/share/sim_car/package.bash'
[1.835s] INFO:colcon.colcon_core.shell:Creating package script '/home/carloso/ros2_ws_23_2/install/sim_car/share/sim_car/package.zsh'
[1.835s] Level 1:colcon.colcon_core.environment:create_file_with_runtime_dependencies(/home/carloso/ros2_ws_23_2/install/sim_car/share/colcon-core/packages/sim_car)
[2.125s] DEBUG:colcon.colcon_core.event_handler.log_command:Invoking command in '/home/carloso/ros2_ws_23_2/build/scrips_node': PYTHONPATH=/home/carloso/ros2_ws_23_2/build/scrips_node/prefix_override:/home/carloso/ros2_ws_23_2/install/scrips_node/lib/python3.10/site-packages:${PYTHONPATH} /usr/bin/python3 setup.py develop --editable --build-directory /home/carloso/ros2_ws_23_2/build/scrips_node/build --no-deps install_data
[2.128s] DEBUG:colcon.colcon_core.event_handler.log_command:Invoking command in '/home/carloso/ros2_ws_23_2/build/launch_pkg_gYY': PYTHONPATH=/home/carloso/ros2_ws_23_2/build/launch_pkg_gYY/prefix_override:/home/carloso/ros2_ws_23_2/install/launch_pkg_gYY/lib/python3.10/site-packages:${PYTHONPATH} /usr/bin/python3 setup.py develop --editable --build-directory /home/carloso/ros2_ws_23_2/build/launch_pkg_gYY/build --no-deps install_data
[2.141s] DEBUG:colcon.colcon_core.event_handler.log_command:Invoking command in '/home/carloso/ros2_ws_23_2/build/joy_tester': PYTHONPATH=/home/carloso/ros2_ws_23_2/build/joy_tester/prefix_override:/home/carloso/ros2_ws_23_2/install/joy_tester/lib/python3.10/site-packages:${PYTHONPATH} /usr/bin/python3 setup.py develop --editable --build-directory /home/carloso/ros2_ws_23_2/build/joy_tester/build --no-deps install_data
[2.153s] DEBUG:colcon.colcon_core.event_handler.log_command:Invoking command in '/home/carloso/ros2_ws_23_2/build/turtle_move_pkg_gYY': PYTHONPATH=/home/carloso/ros2_ws_23_2/build/turtle_move_pkg_gYY/prefix_override:/home/carloso/ros2_ws_23_2/install/turtle_move_pkg_gYY/lib/python3.10/site-packages:${PYTHONPATH} /usr/bin/python3 setup.py develop --editable --build-directory /home/carloso/ros2_ws_23_2/build/turtle_move_pkg_gYY/build --no-deps install_data
[2.674s] Level 1:colcon.colcon_core.shell:create_environment_hook('scrips_node', 'pythonpath_develop')
[2.676s] INFO:colcon.colcon_core.shell:Creating environment hook '/home/carloso/ros2_ws_23_2/build/scrips_node/share/scrips_node/hook/pythonpath_develop.ps1'
[2.677s] DEBUG:colcon.colcon_core.event_handler.log_command:Invoked command in '/home/carloso/ros2_ws_23_2/build/scrips_node' returned '0': PYTHONPATH=/home/carloso/ros2_ws_23_2/build/scrips_node/prefix_override:/home/carloso/ros2_ws_23_2/install/scrips_node/lib/python3.10/site-packages:${PYTHONPATH} /usr/bin/python3 setup.py develop --editable --build-directory /home/carloso/ros2_ws_23_2/build/scrips_node/build --no-deps install_data
[2.678s] INFO:colcon.colcon_core.shell:Creating environment descriptor '/home/carloso/ros2_ws_23_2/build/scrips_node/share/scrips_node/hook/pythonpath_develop.dsv'
[2.678s] INFO:colcon.colcon_core.shell:Creating environment hook '/home/carloso/ros2_ws_23_2/build/scrips_node/share/scrips_node/hook/pythonpath_develop.sh'
[2.681s] Level 1:colcon.colcon_core.environment:checking '/home/carloso/ros2_ws_23_2/install/scrips_node' for CMake module files
[2.682s] Level 1:colcon.colcon_core.environment:checking '/home/carloso/ros2_ws_23_2/install/scrips_node' for CMake config files
[2.682s] Level 1:colcon.colcon_core.environment:checking '/home/carloso/ros2_ws_23_2/install/scrips_node/lib'
[2.682s] Level 1:colcon.colcon_core.environment:checking '/home/carloso/ros2_ws_23_2/install/scrips_node/bin'
[2.683s] Level 1:colcon.colcon_core.environment:checking '/home/carloso/ros2_ws_23_2/install/scrips_node/lib/pkgconfig/scrips_node.pc'
[2.683s] Level 1:colcon.colcon_core.environment:checking '/home/carloso/ros2_ws_23_2/install/scrips_node/lib/python3.10/site-packages'
[2.683s] Level 1:colcon.colcon_core.shell:create_environment_hook('scrips_node', 'pythonpath')
[2.684s] INFO:colcon.colcon_core.shell:Creating environment hook '/home/carloso/ros2_ws_23_2/install/scrips_node/share/scrips_node/hook/pythonpath.ps1'
[2.685s] INFO:colcon.colcon_core.shell:Creating environment descriptor '/home/carloso/ros2_ws_23_2/install/scrips_node/share/scrips_node/hook/pythonpath.dsv'
[2.686s] INFO:colcon.colcon_core.shell:Creating environment hook '/home/carloso/ros2_ws_23_2/install/scrips_node/share/scrips_node/hook/pythonpath.sh'
[2.686s] Level 1:colcon.colcon_core.environment:checking '/home/carloso/ros2_ws_23_2/install/scrips_node/bin'
[2.686s] Level 1:colcon.colcon_core.environment:create_environment_scripts_only(scrips_node)
[2.688s] INFO:colcon.colcon_core.shell:Creating package script '/home/carloso/ros2_ws_23_2/install/scrips_node/share/scrips_node/package.ps1'
[2.689s] INFO:colcon.colcon_core.shell:Creating package descriptor '/home/carloso/ros2_ws_23_2/install/scrips_node/share/scrips_node/package.dsv'
[2.690s] INFO:colcon.colcon_core.shell:Creating package script '/home/carloso/ros2_ws_23_2/install/scrips_node/share/scrips_node/package.sh'
[2.690s] INFO:colcon.colcon_core.shell:Creating package script '/home/carloso/ros2_ws_23_2/install/scrips_node/share/scrips_node/package.bash'
[2.691s] INFO:colcon.colcon_core.shell:Creating package script '/home/carloso/ros2_ws_23_2/install/scrips_node/share/scrips_node/package.zsh'
[2.691s] Level 1:colcon.colcon_core.environment:create_file_with_runtime_dependencies(/home/carloso/ros2_ws_23_2/install/scrips_node/share/colcon-core/packages/scrips_node)
[2.696s] Level 1:colcon.colcon_core.shell:create_environment_hook('launch_pkg_gYY', 'pythonpath_develop')
[2.697s] INFO:colcon.colcon_core.shell:Creating environment hook '/home/carloso/ros2_ws_23_2/build/launch_pkg_gYY/share/launch_pkg_gYY/hook/pythonpath_develop.ps1'
[2.698s] DEBUG:colcon.colcon_core.event_handler.log_command:Invoked command in '/home/carloso/ros2_ws_23_2/build/launch_pkg_gYY' returned '0': PYTHONPATH=/home/carloso/ros2_ws_23_2/build/launch_pkg_gYY/prefix_override:/home/carloso/ros2_ws_23_2/install/launch_pkg_gYY/lib/python3.10/site-packages:${PYTHONPATH} /usr/bin/python3 setup.py develop --editable --build-directory /home/carloso/ros2_ws_23_2/build/launch_pkg_gYY/build --no-deps install_data
[2.699s] INFO:colcon.colcon_core.shell:Creating environment descriptor '/home/carloso/ros2_ws_23_2/build/launch_pkg_gYY/share/launch_pkg_gYY/hook/pythonpath_develop.dsv'
[2.699s] INFO:colcon.colcon_core.shell:Creating environment hook '/home/carloso/ros2_ws_23_2/build/launch_pkg_gYY/share/launch_pkg_gYY/hook/pythonpath_develop.sh'
[2.701s] Level 1:colcon.colcon_core.environment:checking '/home/carloso/ros2_ws_23_2/install/launch_pkg_gYY' for CMake module files
[2.702s] Level 1:colcon.colcon_core.environment:checking '/home/carloso/ros2_ws_23_2/install/launch_pkg_gYY' for CMake config files
[2.703s] Level 1:colcon.colcon_core.environment:checking '/home/carloso/ros2_ws_23_2/install/launch_pkg_gYY/lib'
[2.703s] Level 1:colcon.colcon_core.environment:checking '/home/carloso/ros2_ws_23_2/install/launch_pkg_gYY/bin'
[2.703s] Level 1:colcon.colcon_core.environment:checking '/home/carloso/ros2_ws_23_2/install/launch_pkg_gYY/lib/pkgconfig/launch_pkg_gYY.pc'
[2.703s] Level 1:colcon.colcon_core.environment:checking '/home/carloso/ros2_ws_23_2/install/launch_pkg_gYY/lib/python3.10/site-packages'
[2.703s] Level 1:colcon.colcon_core.shell:create_environment_hook('launch_pkg_gYY', 'pythonpath')
[2.704s] INFO:colcon.colcon_core.shell:Creating environment hook '/home/carloso/ros2_ws_23_2/install/launch_pkg_gYY/share/launch_pkg_gYY/hook/pythonpath.ps1'
[2.705s] INFO:colcon.colcon_core.shell:Creating environment descriptor '/home/carloso/ros2_ws_23_2/install/launch_pkg_gYY/share/launch_pkg_gYY/hook/pythonpath.dsv'
[2.705s] INFO:colcon.colcon_core.shell:Creating environment hook '/home/carloso/ros2_ws_23_2/install/launch_pkg_gYY/share/launch_pkg_gYY/hook/pythonpath.sh'
[2.706s] Level 1:colcon.colcon_core.environment:checking '/home/carloso/ros2_ws_23_2/install/launch_pkg_gYY/bin'
[2.706s] Level 1:colcon.colcon_core.environment:create_environment_scripts_only(launch_pkg_gYY)
[2.707s] INFO:colcon.colcon_core.shell:Creating package script '/home/carloso/ros2_ws_23_2/install/launch_pkg_gYY/share/launch_pkg_gYY/package.ps1'
[2.708s] INFO:colcon.colcon_core.shell:Creating package descriptor '/home/carloso/ros2_ws_23_2/install/launch_pkg_gYY/share/launch_pkg_gYY/package.dsv'
[2.708s] INFO:colcon.colcon_core.shell:Creating package script '/home/carloso/ros2_ws_23_2/install/launch_pkg_gYY/share/launch_pkg_gYY/package.sh'
[2.709s] INFO:colcon.colcon_core.shell:Creating package script '/home/carloso/ros2_ws_23_2/install/launch_pkg_gYY/share/launch_pkg_gYY/package.bash'
[2.709s] INFO:colcon.colcon_core.shell:Creating package script '/home/carloso/ros2_ws_23_2/install/launch_pkg_gYY/share/launch_pkg_gYY/package.zsh'
[2.709s] Level 1:colcon.colcon_core.environment:create_file_with_runtime_dependencies(/home/carloso/ros2_ws_23_2/install/launch_pkg_gYY/share/colcon-core/packages/launch_pkg_gYY)
[2.711s] Level 1:colcon.colcon_core.shell:create_environment_hook('joy_tester', 'pythonpath_develop')
[2.712s] INFO:colcon.colcon_core.shell:Creating environment hook '/home/carloso/ros2_ws_23_2/build/joy_tester/share/joy_tester/hook/pythonpath_develop.ps1'
[2.713s] DEBUG:colcon.colcon_core.event_handler.log_command:Invoked command in '/home/carloso/ros2_ws_23_2/build/joy_tester' returned '0': PYTHONPATH=/home/carloso/ros2_ws_23_2/build/joy_tester/prefix_override:/home/carloso/ros2_ws_23_2/install/joy_tester/lib/python3.10/site-packages:${PYTHONPATH} /usr/bin/python3 setup.py develop --editable --build-directory /home/carloso/ros2_ws_23_2/build/joy_tester/build --no-deps install_data
[2.713s] INFO:colcon.colcon_core.shell:Creating environment descriptor '/home/carloso/ros2_ws_23_2/build/joy_tester/share/joy_tester/hook/pythonpath_develop.dsv'
[2.713s] INFO:colcon.colcon_core.shell:Creating environment hook '/home/carloso/ros2_ws_23_2/build/joy_tester/share/joy_tester/hook/pythonpath_develop.sh'
[2.716s] Level 1:colcon.colcon_core.environment:checking '/home/carloso/ros2_ws_23_2/install/joy_tester' for CMake module files
[2.716s] Level 1:colcon.colcon_core.environment:checking '/home/carloso/ros2_ws_23_2/install/joy_tester' for CMake config files
[2.717s] Level 1:colcon.colcon_core.environment:checking '/home/carloso/ros2_ws_23_2/install/joy_tester/lib'
[2.717s] Level 1:colcon.colcon_core.environment:checking '/home/carloso/ros2_ws_23_2/install/joy_tester/bin'
[2.717s] Level 1:colcon.colcon_core.environment:checking '/home/carloso/ros2_ws_23_2/install/joy_tester/lib/pkgconfig/joy_tester.pc'
[2.717s] Level 1:colcon.colcon_core.environment:checking '/home/carloso/ros2_ws_23_2/install/joy_tester/lib/python3.10/site-packages'
[2.717s] Level 1:colcon.colcon_core.shell:create_environment_hook('joy_tester', 'pythonpath')
[2.719s] INFO:colcon.colcon_core.shell:Creating environment hook '/home/carloso/ros2_ws_23_2/install/joy_tester/share/joy_tester/hook/pythonpath.ps1'
[2.719s] INFO:colcon.colcon_core.shell:Creating environment descriptor '/home/carloso/ros2_ws_23_2/install/joy_tester/share/joy_tester/hook/pythonpath.dsv'
[2.720s] INFO:colcon.colcon_core.shell:Creating environment hook '/home/carloso/ros2_ws_23_2/install/joy_tester/share/joy_tester/hook/pythonpath.sh'
[2.720s] Level 1:colcon.colcon_core.environment:checking '/home/carloso/ros2_ws_23_2/install/joy_tester/bin'
[2.720s] Level 1:colcon.colcon_core.environment:create_environment_scripts_only(joy_tester)
[2.722s] INFO:colcon.colcon_core.shell:Creating package script '/home/carloso/ros2_ws_23_2/install/joy_tester/share/joy_tester/package.ps1'
[2.722s] INFO:colcon.colcon_core.shell:Creating package descriptor '/home/carloso/ros2_ws_23_2/install/joy_tester/share/joy_tester/package.dsv'
[2.722s] INFO:colcon.colcon_core.shell:Creating package script '/home/carloso/ros2_ws_23_2/install/joy_tester/share/joy_tester/package.sh'
[2.723s] INFO:colcon.colcon_core.shell:Creating package script '/home/carloso/ros2_ws_23_2/install/joy_tester/share/joy_tester/package.bash'
[2.723s] INFO:colcon.colcon_core.shell:Creating package script '/home/carloso/ros2_ws_23_2/install/joy_tester/share/joy_tester/package.zsh'
[2.723s] Level 1:colcon.colcon_core.environment:create_file_with_runtime_dependencies(/home/carloso/ros2_ws_23_2/install/joy_tester/share/colcon-core/packages/joy_tester)
[2.724s] Level 1:colcon.colcon_core.shell:create_environment_hook('turtle_move_pkg_gYY', 'pythonpath_develop')
[2.725s] INFO:colcon.colcon_core.shell:Creating environment hook '/home/carloso/ros2_ws_23_2/build/turtle_move_pkg_gYY/share/turtle_move_pkg_gYY/hook/pythonpath_develop.ps1'
[2.726s] INFO:colcon.colcon_core.shell:Creating environment descriptor '/home/carloso/ros2_ws_23_2/build/turtle_move_pkg_gYY/share/turtle_move_pkg_gYY/hook/pythonpath_develop.dsv'
[2.726s] DEBUG:colcon.colcon_core.event_handler.log_command:Invoked command in '/home/carloso/ros2_ws_23_2/build/turtle_move_pkg_gYY' returned '0': PYTHONPATH=/home/carloso/ros2_ws_23_2/build/turtle_move_pkg_gYY/prefix_override:/home/carloso/ros2_ws_23_2/install/turtle_move_pkg_gYY/lib/python3.10/site-packages:${PYTHONPATH} /usr/bin/python3 setup.py develop --editable --build-directory /home/carloso/ros2_ws_23_2/build/turtle_move_pkg_gYY/build --no-deps install_data
[2.726s] INFO:colcon.colcon_core.shell:Creating environment hook '/home/carloso/ros2_ws_23_2/build/turtle_move_pkg_gYY/share/turtle_move_pkg_gYY/hook/pythonpath_develop.sh'
[2.728s] Level 1:colcon.colcon_core.environment:checking '/home/carloso/ros2_ws_23_2/install/turtle_move_pkg_gYY' for CMake module files
[2.729s] Level 1:colcon.colcon_core.environment:checking '/home/carloso/ros2_ws_23_2/install/turtle_move_pkg_gYY' for CMake config files
[2.729s] Level 1:colcon.colcon_core.environment:checking '/home/carloso/ros2_ws_23_2/install/turtle_move_pkg_gYY/lib'
[2.729s] Level 1:colcon.colcon_core.environment:checking '/home/carloso/ros2_ws_23_2/install/turtle_move_pkg_gYY/bin'
[2.730s] Level 1:colcon.colcon_core.environment:checking '/home/carloso/ros2_ws_23_2/install/turtle_move_pkg_gYY/lib/pkgconfig/turtle_move_pkg_gYY.pc'
[2.730s] Level 1:colcon.colcon_core.environment:checking '/home/carloso/ros2_ws_23_2/install/turtle_move_pkg_gYY/lib/python3.10/site-packages'
[2.730s] Level 1:colcon.colcon_core.shell:create_environment_hook('turtle_move_pkg_gYY', 'pythonpath')
[2.731s] INFO:colcon.colcon_core.shell:Creating environment hook '/home/carloso/ros2_ws_23_2/install/turtle_move_pkg_gYY/share/turtle_move_pkg_gYY/hook/pythonpath.ps1'
[2.731s] INFO:colcon.colcon_core.shell:Creating environment descriptor '/home/carloso/ros2_ws_23_2/install/turtle_move_pkg_gYY/share/turtle_move_pkg_gYY/hook/pythonpath.dsv'
[2.732s] INFO:colcon.colcon_core.shell:Creating environment hook '/home/carloso/ros2_ws_23_2/install/turtle_move_pkg_gYY/share/turtle_move_pkg_gYY/hook/pythonpath.sh'
[2.732s] Level 1:colcon.colcon_core.environment:checking '/home/carloso/ros2_ws_23_2/install/turtle_move_pkg_gYY/bin'
[2.732s] Level 1:colcon.colcon_core.environment:create_environment_scripts_only(turtle_move_pkg_gYY)
[2.733s] INFO:colcon.colcon_core.shell:Creating package script '/home/carloso/ros2_ws_23_2/install/turtle_move_pkg_gYY/share/turtle_move_pkg_gYY/package.ps1'
[2.734s] INFO:colcon.colcon_core.shell:Creating package descriptor '/home/carloso/ros2_ws_23_2/install/turtle_move_pkg_gYY/share/turtle_move_pkg_gYY/package.dsv'
[2.734s] INFO:colcon.colcon_core.shell:Creating package script '/home/carloso/ros2_ws_23_2/install/turtle_move_pkg_gYY/share/turtle_move_pkg_gYY/package.sh'
[2.735s] INFO:colcon.colcon_core.shell:Creating package script '/home/carloso/ros2_ws_23_2/install/turtle_move_pkg_gYY/share/turtle_move_pkg_gYY/package.bash'
[2.735s] INFO:colcon.colcon_core.shell:Creating package script '/home/carloso/ros2_ws_23_2/install/turtle_move_pkg_gYY/share/turtle_move_pkg_gYY/package.zsh'
[2.735s] Level 1:colcon.colcon_core.environment:create_file_with_runtime_dependencies(/home/carloso/ros2_ws_23_2/install/turtle_move_pkg_gYY/share/colcon-core/packages/turtle_move_pkg_gYY)
[2.736s] DEBUG:colcon.colcon_parallel_executor.executor.parallel:closing loop
[2.736s] DEBUG:colcon.colcon_parallel_executor.executor.parallel:loop closed
[2.736s] DEBUG:colcon.colcon_parallel_executor.executor.parallel:run_until_complete finished with '0'
[2.736s] DEBUG:colcon.colcon_core.event_reactor:joining thread
[2.742s] INFO:colcon.colcon_core.plugin_system:Skipping extension 'colcon_notification.desktop_notification.terminal_notifier': Not used on non-Darwin systems
[2.742s] INFO:colcon.colcon_core.plugin_system:Skipping extension 'colcon_notification.desktop_notification.win32': Not used on non-Windows systems
[2.742s] INFO:colcon.colcon_notification.desktop_notification:Sending desktop notification using 'notify2'
[2.752s] DEBUG:colcon.colcon_core.event_reactor:joined thread
[2.754s] INFO:colcon.colcon_core.shell:Creating prefix script '/home/carloso/ros2_ws_23_2/install/local_setup.ps1'
[2.755s] INFO:colcon.colcon_core.shell:Creating prefix util module '/home/carloso/ros2_ws_23_2/install/_local_setup_util_ps1.py'
[2.756s] INFO:colcon.colcon_core.shell:Creating prefix chain script '/home/carloso/ros2_ws_23_2/install/setup.ps1'
[2.758s] INFO:colcon.colcon_core.shell:Creating prefix script '/home/carloso/ros2_ws_23_2/install/local_setup.sh'
[2.758s] INFO:colcon.colcon_core.shell:Creating prefix util module '/home/carloso/ros2_ws_23_2/install/_local_setup_util_sh.py'
[2.759s] INFO:colcon.colcon_core.shell:Creating prefix chain script '/home/carloso/ros2_ws_23_2/install/setup.sh'
[2.760s] INFO:colcon.colcon_core.shell:Creating prefix script '/home/carloso/ros2_ws_23_2/install/local_setup.bash'
[2.761s] INFO:colcon.colcon_core.shell:Creating prefix chain script '/home/carloso/ros2_ws_23_2/install/setup.bash'
[2.763s] INFO:colcon.colcon_core.shell:Creating prefix script '/home/carloso/ros2_ws_23_2/install/local_setup.zsh'
[2.763s] INFO:colcon.colcon_core.shell:Creating prefix chain script '/home/carloso/ros2_ws_23_2/install/setup.zsh'
