[1.877s] Invoking command in '/home/carloso/ros2_ws_23_2/build/launch_pkg_gYY': PYTHONPATH=/home/carloso/ros2_ws_23_2/build/launch_pkg_gYY/prefix_override:/home/carloso/ros2_ws_23_2/install/launch_pkg_gYY/lib/python3.10/site-packages:${PYTHONPATH} /usr/bin/python3 setup.py develop --editable --build-directory /home/carloso/ros2_ws_23_2/build/launch_pkg_gYY/build --no-deps install_data
[2.220s] running develop
[2.220s] /usr/lib/python3/dist-packages/setuptools/command/easy_install.py:158: EasyInstallDeprecationWarning: easy_install command is deprecated. Use build and pip and other standards-based tools.
[2.220s]   warnings.warn(
[2.223s] /usr/lib/python3/dist-packages/setuptools/command/install.py:34: SetuptoolsDeprecationWarning: setup.py install is deprecated. Use build and pip and other standards-based tools.
[2.223s]   warnings.warn(
[2.472s] running egg_info
[2.473s] writing launch_pkg_gYY.egg-info/PKG-INFO
[2.473s] writing dependency_links to launch_pkg_gYY.egg-info/dependency_links.txt
[2.476s] writing entry points to launch_pkg_gYY.egg-info/entry_points.txt
[2.476s] writing requirements to launch_pkg_gYY.egg-info/requires.txt
[2.477s] writing top-level names to launch_pkg_gYY.egg-info/top_level.txt
[2.477s] reading manifest file 'launch_pkg_gYY.egg-info/SOURCES.txt'
[2.478s] writing manifest file 'launch_pkg_gYY.egg-info/SOURCES.txt'
[2.479s] running build_ext
[2.484s] Creating /home/carloso/ros2_ws_23_2/install/launch_pkg_gYY/lib/python3.10/site-packages/launch-pkg-gYY.egg-link (link to .)
[2.484s] 
[2.485s] Installed /home/carloso/ros2_ws_23_2/build/launch_pkg_gYY
[2.485s] running install_data
[2.535s] Invoked command in '/home/carloso/ros2_ws_23_2/build/launch_pkg_gYY' returned '0': PYTHONPATH=/home/carloso/ros2_ws_23_2/build/launch_pkg_gYY/prefix_override:/home/carloso/ros2_ws_23_2/install/launch_pkg_gYY/lib/python3.10/site-packages:${PYTHONPATH} /usr/bin/python3 setup.py develop --editable --build-directory /home/carloso/ros2_ws_23_2/build/launch_pkg_gYY/build --no-deps install_data
