[0.944s] Invoking command in '/home/carloso/ros2_ws_23_2/build/turtle_move_pkg_gYY': PYTHONPATH=/home/carloso/ros2_ws_23_2/build/turtle_move_pkg_gYY/prefix_override:/home/carloso/ros2_ws_23_2/install/turtle_move_pkg_gYY/lib/python3.10/site-packages:${PYTHONPATH} /usr/bin/python3 setup.py develop --editable --build-directory /home/carloso/ros2_ws_23_2/build/turtle_move_pkg_gYY/build --no-deps install_data
[1.186s] running develop
[1.186s] /usr/lib/python3/dist-packages/setuptools/command/easy_install.py:158: EasyInstallDeprecationWarning: easy_install command is deprecated. Use build and pip and other standards-based tools.
[1.186s]   warnings.warn(
[1.187s] /usr/lib/python3/dist-packages/setuptools/command/install.py:34: SetuptoolsDeprecationWarning: setup.py install is deprecated. Use build and pip and other standards-based tools.
[1.188s]   warnings.warn(
[1.347s] running egg_info
[1.347s] writing turtle_move_pkg_gYY.egg-info/PKG-INFO
[1.348s] writing dependency_links to turtle_move_pkg_gYY.egg-info/dependency_links.txt
[1.348s] writing entry points to turtle_move_pkg_gYY.egg-info/entry_points.txt
[1.348s] writing requirements to turtle_move_pkg_gYY.egg-info/requires.txt
[1.348s] writing top-level names to turtle_move_pkg_gYY.egg-info/top_level.txt
[1.351s] reading manifest file 'turtle_move_pkg_gYY.egg-info/SOURCES.txt'
[1.351s] writing manifest file 'turtle_move_pkg_gYY.egg-info/SOURCES.txt'
[1.353s] running build_ext
[1.353s] Creating /home/carloso/ros2_ws_23_2/install/turtle_move_pkg_gYY/lib/python3.10/site-packages/turtle-move-pkg-gYY.egg-link (link to .)
[1.354s] Installing turtle_move_node_gYY script to /home/carloso/ros2_ws_23_2/install/turtle_move_pkg_gYY/lib/turtle_move_pkg_gYY
[1.354s] 
[1.354s] Installed /home/carloso/ros2_ws_23_2/build/turtle_move_pkg_gYY
[1.355s] running install_data
[1.392s] Invoked command in '/home/carloso/ros2_ws_23_2/build/turtle_move_pkg_gYY' returned '0': PYTHONPATH=/home/carloso/ros2_ws_23_2/build/turtle_move_pkg_gYY/prefix_override:/home/carloso/ros2_ws_23_2/install/turtle_move_pkg_gYY/lib/python3.10/site-packages:${PYTHONPATH} /usr/bin/python3 setup.py develop --editable --build-directory /home/carloso/ros2_ws_23_2/build/turtle_move_pkg_gYY/build --no-deps install_data
