[0.825s] Invoking command in '/home/carloso/ros2_ws_23_2/build/turtle_move_pkg_gYY': PYTHONPATH=/home/carloso/ros2_ws_23_2/build/turtle_move_pkg_gYY/prefix_override:/home/carloso/ros2_ws_23_2/install/turtle_move_pkg_gYY/lib/python3.10/site-packages:${PYTHONPATH} /usr/bin/python3 setup.py develop --editable --build-directory /home/carloso/ros2_ws_23_2/build/turtle_move_pkg_gYY/build --no-deps install_data
[1.057s] running develop
[1.057s] /usr/lib/python3/dist-packages/setuptools/command/easy_install.py:158: EasyInstallDeprecationWarning: easy_install command is deprecated. Use build and pip and other standards-based tools.
[1.057s]   warnings.warn(
[1.058s] /usr/lib/python3/dist-packages/setuptools/command/install.py:34: SetuptoolsDeprecationWarning: setup.py install is deprecated. Use build and pip and other standards-based tools.
[1.058s]   warnings.warn(
[1.216s] running egg_info
[1.217s] writing turtle_move_pkg_gYY.egg-info/PKG-INFO
[1.217s] writing dependency_links to turtle_move_pkg_gYY.egg-info/dependency_links.txt
[1.217s] writing entry points to turtle_move_pkg_gYY.egg-info/entry_points.txt
[1.218s] writing requirements to turtle_move_pkg_gYY.egg-info/requires.txt
[1.218s] writing top-level names to turtle_move_pkg_gYY.egg-info/top_level.txt
[1.220s] reading manifest file 'turtle_move_pkg_gYY.egg-info/SOURCES.txt'
[1.221s] writing manifest file 'turtle_move_pkg_gYY.egg-info/SOURCES.txt'
[1.223s] running build_ext
[1.223s] Creating /home/carloso/ros2_ws_23_2/install/turtle_move_pkg_gYY/lib/python3.10/site-packages/turtle-move-pkg-gYY.egg-link (link to .)
[1.224s] Installing turtle_move_node_gYY script to /home/carloso/ros2_ws_23_2/install/turtle_move_pkg_gYY/lib/turtle_move_pkg_gYY
[1.224s] 
[1.225s] Installed /home/carloso/ros2_ws_23_2/build/turtle_move_pkg_gYY
[1.225s] running install_data
[1.262s] Invoked command in '/home/carloso/ros2_ws_23_2/build/turtle_move_pkg_gYY' returned '0': PYTHONPATH=/home/carloso/ros2_ws_23_2/build/turtle_move_pkg_gYY/prefix_override:/home/carloso/ros2_ws_23_2/install/turtle_move_pkg_gYY/lib/python3.10/site-packages:${PYTHONPATH} /usr/bin/python3 setup.py develop --editable --build-directory /home/carloso/ros2_ws_23_2/build/turtle_move_pkg_gYY/build --no-deps install_data
