[0.118s] Invoking command in '/home/carloso/ros2_ws_23_2/build/f1_12th_simulator_g01': CMAKE_PREFIX_PATH=${CMAKE_PREFIX_PATH}:/home/carloso/ros2_ws_23_2/install/turtle_move_pkg_gYY:/home/carloso/ros2_ws_23_2/install/launch_pkg_gYY:/home/carloso/ros2_ws_23_2/install/joy_tester:/opt/ros/humble /usr/bin/cmake --build /home/carloso/ros2_ws_23_2/build/f1_12th_simulator_g01 -- -j8 -l8
[2.281s] Invoked command in '/home/carloso/ros2_ws_23_2/build/f1_12th_simulator_g01' returned '0': CMAKE_PREFIX_PATH=${CMAKE_PREFIX_PATH}:/home/carloso/ros2_ws_23_2/install/turtle_move_pkg_gYY:/home/carloso/ros2_ws_23_2/install/launch_pkg_gYY:/home/carloso/ros2_ws_23_2/install/joy_tester:/opt/ros/humble /usr/bin/cmake --build /home/carloso/ros2_ws_23_2/build/f1_12th_simulator_g01 -- -j8 -l8
[2.338s] Invoking command in '/home/carloso/ros2_ws_23_2/build/f1_12th_simulator_g01': CMAKE_PREFIX_PATH=${CMAKE_PREFIX_PATH}:/home/carloso/ros2_ws_23_2/install/turtle_move_pkg_gYY:/home/carloso/ros2_ws_23_2/install/launch_pkg_gYY:/home/carloso/ros2_ws_23_2/install/joy_tester:/opt/ros/humble /usr/bin/cmake --install /home/carloso/ros2_ws_23_2/build/f1_12th_simulator_g01
[2.352s] -- Install configuration: ""
[2.354s] -- Execute custom install script
[2.355s] -- Up-to-date symlink: /home/carloso/ros2_ws_23_2/install/f1_12th_simulator_g01/share/f1_12th_simulator_g01/config/empty.yaml
[2.356s] -- Up-to-date symlink: /home/carloso/ros2_ws_23_2/install/f1_12th_simulator_g01/share/f1_12th_simulator_g01/config/gazebo_params.yaml
[2.357s] -- Up-to-date symlink: /home/carloso/ros2_ws_23_2/install/f1_12th_simulator_g01/share/f1_12th_simulator_g01/config/joystick.yaml
[2.358s] -- Up-to-date symlink: /home/carloso/ros2_ws_23_2/install/f1_12th_simulator_g01/share/f1_12th_simulator_g01/config/mapper_params_online_async.yaml
[2.360s] -- Up-to-date symlink: /home/carloso/ros2_ws_23_2/install/f1_12th_simulator_g01/share/f1_12th_simulator_g01/config/my_controllers.yaml
[2.362s] -- Up-to-date symlink: /home/carloso/ros2_ws_23_2/install/f1_12th_simulator_g01/share/f1_12th_simulator_g01/description/gazebo_control.xacro
[2.364s] -- Up-to-date symlink: /home/carloso/ros2_ws_23_2/install/f1_12th_simulator_g01/share/f1_12th_simulator_g01/description/inertial_macros.xacro
[2.367s] -- Up-to-date symlink: /home/carloso/ros2_ws_23_2/install/f1_12th_simulator_g01/share/f1_12th_simulator_g01/description/lidar.xacro
[2.368s] -- Up-to-date symlink: /home/carloso/ros2_ws_23_2/install/f1_12th_simulator_g01/share/f1_12th_simulator_g01/description/properties.xacro
[2.369s] -- Up-to-date symlink: /home/carloso/ros2_ws_23_2/install/f1_12th_simulator_g01/share/f1_12th_simulator_g01/description/robot.urdf.xacro
[2.369s] -- Up-to-date symlink: /home/carloso/ros2_ws_23_2/install/f1_12th_simulator_g01/share/f1_12th_simulator_g01/description/robot_core.xacro
[2.369s] -- Up-to-date symlink: /home/carloso/ros2_ws_23_2/install/f1_12th_simulator_g01/share/f1_12th_simulator_g01/description/ros2_control.xacro
[2.369s] -- Up-to-date symlink: /home/carloso/ros2_ws_23_2/install/f1_12th_simulator_g01/share/f1_12th_simulator_g01/description/rviz_model.rviz
[2.369s] -- Up-to-date symlink: /home/carloso/ros2_ws_23_2/install/f1_12th_simulator_g01/share/f1_12th_simulator_g01/launch/joystick.launch.py
[2.370s] -- Up-to-date symlink: /home/carloso/ros2_ws_23_2/install/f1_12th_simulator_g01/share/f1_12th_simulator_g01/launch/launch_sim.launch.py
[2.370s] -- Up-to-date symlink: /home/carloso/ros2_ws_23_2/install/f1_12th_simulator_g01/share/f1_12th_simulator_g01/launch/rsp.launch.py
[2.370s] -- Up-to-date symlink: /home/carloso/ros2_ws_23_2/install/f1_12th_simulator_g01/share/f1_12th_simulator_g01/worlds/mundo1.world
[2.370s] -- Up-to-date symlink: /home/carloso/ros2_ws_23_2/install/f1_12th_simulator_g01/share/f1_12th_simulator_g01/worlds/mundo2.world
[2.371s] -- Up-to-date symlink: /home/carloso/ros2_ws_23_2/install/f1_12th_simulator_g01/share/ament_index/resource_index/package_run_dependencies/f1_12th_simulator_g01
[2.371s] -- Up-to-date symlink: /home/carloso/ros2_ws_23_2/install/f1_12th_simulator_g01/share/ament_index/resource_index/parent_prefix_path/f1_12th_simulator_g01
[2.371s] -- Up-to-date symlink: /home/carloso/ros2_ws_23_2/install/f1_12th_simulator_g01/share/f1_12th_simulator_g01/environment/ament_prefix_path.sh
[2.378s] -- Up-to-date symlink: /home/carloso/ros2_ws_23_2/install/f1_12th_simulator_g01/share/f1_12th_simulator_g01/environment/ament_prefix_path.dsv
[2.379s] -- Up-to-date symlink: /home/carloso/ros2_ws_23_2/install/f1_12th_simulator_g01/share/f1_12th_simulator_g01/environment/path.sh
[2.380s] -- Up-to-date symlink: /home/carloso/ros2_ws_23_2/install/f1_12th_simulator_g01/share/f1_12th_simulator_g01/environment/path.dsv
[2.380s] -- Up-to-date symlink: /home/carloso/ros2_ws_23_2/install/f1_12th_simulator_g01/share/f1_12th_simulator_g01/local_setup.bash
[2.380s] -- Up-to-date symlink: /home/carloso/ros2_ws_23_2/install/f1_12th_simulator_g01/share/f1_12th_simulator_g01/local_setup.sh
[2.381s] -- Up-to-date symlink: /home/carloso/ros2_ws_23_2/install/f1_12th_simulator_g01/share/f1_12th_simulator_g01/local_setup.zsh
[2.381s] -- Up-to-date symlink: /home/carloso/ros2_ws_23_2/install/f1_12th_simulator_g01/share/f1_12th_simulator_g01/local_setup.dsv
[2.381s] -- Symlinking: /home/carloso/ros2_ws_23_2/install/f1_12th_simulator_g01/share/f1_12th_simulator_g01/package.dsv
[2.401s] -- Up-to-date symlink: /home/carloso/ros2_ws_23_2/install/f1_12th_simulator_g01/share/ament_index/resource_index/packages/f1_12th_simulator_g01
[2.401s] -- Up-to-date symlink: /home/carloso/ros2_ws_23_2/install/f1_12th_simulator_g01/share/f1_12th_simulator_g01/cmake/f1_12th_simulator_g01Config.cmake
[2.402s] -- Up-to-date symlink: /home/carloso/ros2_ws_23_2/install/f1_12th_simulator_g01/share/f1_12th_simulator_g01/cmake/f1_12th_simulator_g01Config-version.cmake
[2.402s] -- Up-to-date symlink: /home/carloso/ros2_ws_23_2/install/f1_12th_simulator_g01/share/f1_12th_simulator_g01/package.xml
[2.419s] Invoked command in '/home/carloso/ros2_ws_23_2/build/f1_12th_simulator_g01' returned '0': CMAKE_PREFIX_PATH=${CMAKE_PREFIX_PATH}:/home/carloso/ros2_ws_23_2/install/turtle_move_pkg_gYY:/home/carloso/ros2_ws_23_2/install/launch_pkg_gYY:/home/carloso/ros2_ws_23_2/install/joy_tester:/opt/ros/humble /usr/bin/cmake --install /home/carloso/ros2_ws_23_2/build/f1_12th_simulator_g01
