[0.023s] Invoking command in '/home/carloso/ros2_ws_23_2/build/car_gazebo_plugin': CMAKE_PREFIX_PATH=${CMAKE_PREFIX_PATH}:/home/carloso/ros2_ws_23_2/install/turtle_move_pkg_gYY:/home/carloso/ros2_ws_23_2/install/launch_pkg_gYY:/home/carloso/ros2_ws_23_2/install/joy_tester:/opt/ros/humble /usr/bin/cmake /home/carloso/ros2_ws_23_2/src/sim_car/car_gazebo_plugin -DAMENT_CMAKE_SYMLINK_INSTALL=1 -DCMAKE_INSTALL_PREFIX=/home/carloso/ros2_ws_23_2/install/car_gazebo_plugin
[0.343s] -- The C compiler identification is GNU 11.4.0
[0.622s] -- The CXX compiler identification is GNU 11.4.0
[0.642s] -- Detecting C compiler ABI info
[0.794s] -- Detecting C compiler ABI info - done
[0.805s] -- Check for working C compiler: /usr/bin/cc - skipped
[0.805s] -- Detecting C compile features
[0.806s] -- Detecting C compile features - done
[0.809s] -- Detecting CXX compiler ABI info
[0.892s] -- Detecting CXX compiler ABI info - done
[0.905s] -- Check for working CXX compiler: /usr/bin/c++ - skipped
[0.906s] -- Detecting CXX compile features
[0.906s] -- Detecting CXX compile features - done
[0.919s] [33mCMake Warning (dev) at /usr/share/cmake-3.22/Modules/FindPackageHandleStandardArgs.cmake:438 (message):
[0.919s]   The package name passed to `find_package_handle_standard_args` (PkgConfig)
[0.920s]   does not match the name of the calling package (gazebo).  This can lead to
[0.920s]   problems in calling code that expects `find_package` result variables
[0.920s]   (e.g., `_FOUND`) to follow a certain pattern.
[0.920s] Call Stack (most recent call first):
[0.920s]   /usr/share/cmake-3.22/Modules/FindPkgConfig.cmake:99 (find_package_handle_standard_args)
[0.920s]   /usr/lib/x86_64-linux-gnu/cmake/gazebo/gazebo-config.cmake:72 (include)
[0.920s]   CMakeLists.txt:14 (find_package)
[0.920s] This warning is for project developers.  Use -Wno-dev to suppress it.
[0.920s] [0m
[0.921s] -- Found PkgConfig: /usr/bin/pkg-config (found version "0.29.2") 
[0.924s] -- Checking for module 'bullet>=2.82'
[0.942s] --   Found bullet, version 3.05
[1.050s] -- Found fcl: /usr/include (found suitable version "0.7.0", minimum required is "0.5.0") 
[1.098s] -- Found assimp: /usr/include (found version "5.2.0") 
[1.137s] -- Found DART: /usr/include (Required is at least version "6.6") found components: dart 
[1.473s] -- Found Boost: /usr/lib/x86_64-linux-gnu/cmake/Boost-1.74.0/BoostConfig.cmake (found suitable version "1.74.0", minimum required is "1.40.0") found components: thread system filesystem program_options regex iostreams date_time 
[1.511s] -- Found Protobuf: /usr/lib/x86_64-linux-gnu/libprotobuf.so (found version "3.12.4") 
[1.518s] -- Looking for ignition-math6 -- found version 6.12.0
[1.539s] -- Searching for dependencies of ignition-math6
[1.542s] -- Looking for OGRE...
[1.543s] -- OGRE_PREFIX_WATCH changed.
[1.549s] -- Checking for module 'OGRE'
[1.560s] --   Found OGRE, version 1.9.0
[1.592s] -- Found Ogre Ghadamon (1.9.0)
[1.603s] -- Found OGRE: optimized;/usr/lib/x86_64-linux-gnu/libOgreMain.so;debug;/usr/lib/x86_64-linux-gnu/libOgreMain.so
[1.612s] -- Looking for OGRE_Paging...
[1.617s] -- Found OGRE_Paging: optimized;/usr/lib/x86_64-linux-gnu/libOgrePaging.so;debug;/usr/lib/x86_64-linux-gnu/libOgrePaging.so
[1.617s] -- Looking for OGRE_Terrain...
[1.622s] -- Found OGRE_Terrain: optimized;/usr/lib/x86_64-linux-gnu/libOgreTerrain.so;debug;/usr/lib/x86_64-linux-gnu/libOgreTerrain.so
[1.622s] -- Looking for OGRE_Property...
[1.628s] -- Found OGRE_Property: optimized;/usr/lib/x86_64-linux-gnu/libOgreProperty.so;debug;/usr/lib/x86_64-linux-gnu/libOgreProperty.so
[1.628s] -- Looking for OGRE_RTShaderSystem...
[1.634s] -- Found OGRE_RTShaderSystem: optimized;/usr/lib/x86_64-linux-gnu/libOgreRTShaderSystem.so;debug;/usr/lib/x86_64-linux-gnu/libOgreRTShaderSystem.so
[1.634s] -- Looking for OGRE_Volume...
[1.641s] -- Found OGRE_Volume: optimized;/usr/lib/x86_64-linux-gnu/libOgreVolume.so;debug;/usr/lib/x86_64-linux-gnu/libOgreVolume.so
[1.641s] -- Looking for OGRE_Overlay...
[1.646s] -- Found OGRE_Overlay: optimized;/usr/lib/x86_64-linux-gnu/libOgreOverlay.so;debug;/usr/lib/x86_64-linux-gnu/libOgreOverlay.so
[1.772s] -- Looking for ignition-math6 -- found version 6.12.0
[1.775s] -- Looking for ignition-transport8 -- found version 8.2.1
[1.775s] -- Searching for dependencies of ignition-transport8
[1.794s] -- Found Protobuf: /usr/lib/x86_64-linux-gnu/libprotobuf.so (found suitable version "3.12.4", minimum required is "3") 
[1.806s] -- Config-file not installed for ZeroMQ -- checking for pkg-config
[1.811s] -- Checking for module 'libzmq >= 4'
[1.834s] --   Found libzmq , version 4.3.4
[1.870s] -- Found ZeroMQ: TRUE (Required is at least version "4") 
[1.876s] -- Checking for module 'uuid'
[1.888s] --   Found uuid, version 2.37.2
[1.921s] -- Found UUID: TRUE  
[1.923s] -- Looking for ignition-msgs5 -- found version 5.8.1
[1.923s] -- Searching for dependencies of ignition-msgs5
[1.943s] -- Looking for ignition-math6 -- found version 6.12.0
[1.949s] -- Checking for module 'tinyxml2'
[1.961s] --   Found tinyxml2, version 9.0.0
[1.992s] -- Looking for ignition-msgs5 -- found version 5.8.1
[1.997s] -- Looking for ignition-common3 -- found version 3.14.0
[1.997s] -- Searching for dependencies of ignition-common3
[1.998s] -- Looking for dlfcn.h - found
[1.998s] -- Looking for libdl - found
[2.000s] -- Found DL: TRUE  
[2.011s] -- Found tinyobjloader: /usr/lib/x86_64-linux-gnu/cmake/tinyobjloader/tinyobjloader-config.cmake (found version "2.0.0") 
[2.012s] -- Searching for <ignition-common3> component [graphics]
[2.014s] -- Looking for ignition-common3-graphics -- found version 3.14.0
[2.015s] -- Searching for dependencies of ignition-common3-graphics
[2.015s] -- Looking for ignition-math6 -- found version 6.12.0
[2.020s] -- Looking for ignition-fuel_tools4 -- found version 4.4.0
[2.020s] -- Searching for dependencies of ignition-fuel_tools4
[2.099s] -- Found CURL: /usr/lib/x86_64-linux-gnu/libcurl.so (found version "7.81.0")  
[2.110s] -- Checking for module 'jsoncpp'
[2.125s] --   Found jsoncpp, version 1.9.5
[2.156s] -- Found JSONCPP: TRUE  
[2.162s] -- Checking for module 'libzip'
[2.175s] --   Found libzip, version 1.7.3
[2.203s] -- Found ZIP: TRUE  
[2.203s] -- Looking for ignition-common3 -- found version 3.14.0
[2.204s] -- Looking for ignition-math6 -- found version 6.12.0
[2.204s] -- Looking for ignition-msgs5 -- found version 5.8.1
[2.213s] -- Found gazebo_ros: 3.7.0 (/opt/ros/humble/share/gazebo_ros/cmake)
[2.370s] -- Found Python3: /usr/bin/python3.10 (found version "3.10.12") found components: Interpreter 
[2.427s] -- Override CMake install command with custom implementation using symlinks instead of copying resources
[2.501s] -- Found rosidl_generator_c: 3.1.5 (/opt/ros/humble/share/rosidl_generator_c/cmake)
[2.507s] -- Found rosidl_adapter: 3.1.5 (/opt/ros/humble/share/rosidl_adapter/cmake)
[2.516s] -- Found rosidl_generator_cpp: 3.1.5 (/opt/ros/humble/share/rosidl_generator_cpp/cmake)
[2.533s] -- Using all available rosidl_typesupport_c: rosidl_typesupport_fastrtps_c;rosidl_typesupport_introspection_c
[2.555s] -- Using all available rosidl_typesupport_cpp: rosidl_typesupport_fastrtps_cpp;rosidl_typesupport_introspection_cpp
[2.636s] -- Found rmw_implementation_cmake: 6.1.1 (/opt/ros/humble/share/rmw_implementation_cmake/cmake)
[2.640s] -- Found rmw_fastrtps_cpp: 6.2.3 (/opt/ros/humble/share/rmw_fastrtps_cpp/cmake)
[2.746s] -- Found OpenSSL: /usr/lib/x86_64-linux-gnu/libcrypto.so (found version "3.0.2")  
[2.771s] -- Found FastRTPS: /opt/ros/humble/include  
[2.821s] -- Using RMW implementation 'rmw_fastrtps_cpp' as default
[2.832s] -- Found Threads: TRUE  
[3.000s] -- Gazebo version: 11.10
[3.000s] -- Checking for module 'tbb'
[3.012s] --   Found tbb, version 2021.5.0
[3.053s] -- Found gazebo_ros_pkgs: 3.7.0 (/opt/ros/humble/share/gazebo_ros_pkgs/cmake)
[3.056s] -- Found sensor_msgs: 4.2.3 (/opt/ros/humble/share/sensor_msgs/cmake)
[3.202s] -- Found nav_msgs: 4.2.3 (/opt/ros/humble/share/nav_msgs/cmake)
[3.295s] -- Found ackermann_msgs: 2.0.2 (/opt/ros/humble/share/ackermann_msgs/cmake)
[3.355s] -- Found tf2: 0.25.3 (/opt/ros/humble/share/tf2/cmake)
[3.375s] -- Found tf2_ros: 0.25.3 (/opt/ros/humble/share/tf2_ros/cmake)
[3.851s] -- Found ament_lint_auto: 0.12.7 (/opt/ros/humble/share/ament_lint_auto/cmake)
[3.911s] -- Configuring done
[3.986s] -- Generating done
[3.991s] -- Build files have been written to: /home/carloso/ros2_ws_23_2/build/car_gazebo_plugin
[4.006s] Invoked command in '/home/carloso/ros2_ws_23_2/build/car_gazebo_plugin' returned '0': CMAKE_PREFIX_PATH=${CMAKE_PREFIX_PATH}:/home/carloso/ros2_ws_23_2/install/turtle_move_pkg_gYY:/home/carloso/ros2_ws_23_2/install/launch_pkg_gYY:/home/carloso/ros2_ws_23_2/install/joy_tester:/opt/ros/humble /usr/bin/cmake /home/carloso/ros2_ws_23_2/src/sim_car/car_gazebo_plugin -DAMENT_CMAKE_SYMLINK_INSTALL=1 -DCMAKE_INSTALL_PREFIX=/home/carloso/ros2_ws_23_2/install/car_gazebo_plugin
[4.007s] Invoking command in '/home/carloso/ros2_ws_23_2/build/car_gazebo_plugin': CMAKE_PREFIX_PATH=${CMAKE_PREFIX_PATH}:/home/carloso/ros2_ws_23_2/install/turtle_move_pkg_gYY:/home/carloso/ros2_ws_23_2/install/launch_pkg_gYY:/home/carloso/ros2_ws_23_2/install/joy_tester:/opt/ros/humble /usr/bin/cmake --build /home/carloso/ros2_ws_23_2/build/car_gazebo_plugin -- -j8 -l8
[4.056s] [ 50%] [32mBuilding CXX object CMakeFiles/car_gazebo_plugin.dir/src/car_gazebo_plugin.cpp.o[0m
[27.704s] [100%] [32m[1mLinking CXX shared library libcar_gazebo_plugin.so[0m
[29.305s] [100%] Built target car_gazebo_plugin
[29.316s] Invoked command in '/home/carloso/ros2_ws_23_2/build/car_gazebo_plugin' returned '0': CMAKE_PREFIX_PATH=${CMAKE_PREFIX_PATH}:/home/carloso/ros2_ws_23_2/install/turtle_move_pkg_gYY:/home/carloso/ros2_ws_23_2/install/launch_pkg_gYY:/home/carloso/ros2_ws_23_2/install/joy_tester:/opt/ros/humble /usr/bin/cmake --build /home/carloso/ros2_ws_23_2/build/car_gazebo_plugin -- -j8 -l8
[29.342s] Invoking command in '/home/carloso/ros2_ws_23_2/build/car_gazebo_plugin': CMAKE_PREFIX_PATH=${CMAKE_PREFIX_PATH}:/home/carloso/ros2_ws_23_2/install/turtle_move_pkg_gYY:/home/carloso/ros2_ws_23_2/install/launch_pkg_gYY:/home/carloso/ros2_ws_23_2/install/joy_tester:/opt/ros/humble /usr/bin/cmake --install /home/carloso/ros2_ws_23_2/build/car_gazebo_plugin
[29.349s] -- Install configuration: ""
[29.350s] -- Execute custom install script
[29.350s] -- Symlinking: /home/carloso/ros2_ws_23_2/install/car_gazebo_plugin/share/car_gazebo_plugin/libcar_gazebo_plugin.so
[29.358s] -- Symlinking: /home/carloso/ros2_ws_23_2/install/car_gazebo_plugin/share/ament_index/resource_index/package_run_dependencies/car_gazebo_plugin
[29.366s] -- Symlinking: /home/carloso/ros2_ws_23_2/install/car_gazebo_plugin/share/ament_index/resource_index/parent_prefix_path/car_gazebo_plugin
[29.373s] -- Symlinking: /home/carloso/ros2_ws_23_2/install/car_gazebo_plugin/share/car_gazebo_plugin/environment/ament_prefix_path.sh
[29.381s] -- Symlinking: /home/carloso/ros2_ws_23_2/install/car_gazebo_plugin/share/car_gazebo_plugin/environment/ament_prefix_path.dsv
[29.388s] -- Symlinking: /home/carloso/ros2_ws_23_2/install/car_gazebo_plugin/share/car_gazebo_plugin/environment/path.sh
[29.396s] -- Symlinking: /home/carloso/ros2_ws_23_2/install/car_gazebo_plugin/share/car_gazebo_plugin/environment/path.dsv
[29.404s] -- Symlinking: /home/carloso/ros2_ws_23_2/install/car_gazebo_plugin/share/car_gazebo_plugin/local_setup.bash
[29.412s] -- Symlinking: /home/carloso/ros2_ws_23_2/install/car_gazebo_plugin/share/car_gazebo_plugin/local_setup.sh
[29.420s] -- Symlinking: /home/carloso/ros2_ws_23_2/install/car_gazebo_plugin/share/car_gazebo_plugin/local_setup.zsh
[29.429s] -- Symlinking: /home/carloso/ros2_ws_23_2/install/car_gazebo_plugin/share/car_gazebo_plugin/local_setup.dsv
[29.437s] -- Symlinking: /home/carloso/ros2_ws_23_2/install/car_gazebo_plugin/share/car_gazebo_plugin/package.dsv
[29.444s] -- Symlinking: /home/carloso/ros2_ws_23_2/install/car_gazebo_plugin/share/ament_index/resource_index/packages/car_gazebo_plugin
[29.452s] -- Symlinking: /home/carloso/ros2_ws_23_2/install/car_gazebo_plugin/share/car_gazebo_plugin/cmake/car_gazebo_pluginConfig.cmake
[29.460s] -- Symlinking: /home/carloso/ros2_ws_23_2/install/car_gazebo_plugin/share/car_gazebo_plugin/cmake/car_gazebo_pluginConfig-version.cmake
[29.467s] -- Symlinking: /home/carloso/ros2_ws_23_2/install/car_gazebo_plugin/share/car_gazebo_plugin/package.xml
[29.478s] Invoked command in '/home/carloso/ros2_ws_23_2/build/car_gazebo_plugin' returned '0': CMAKE_PREFIX_PATH=${CMAKE_PREFIX_PATH}:/home/carloso/ros2_ws_23_2/install/turtle_move_pkg_gYY:/home/carloso/ros2_ws_23_2/install/launch_pkg_gYY:/home/carloso/ros2_ws_23_2/install/joy_tester:/opt/ros/humble /usr/bin/cmake --install /home/carloso/ros2_ws_23_2/build/car_gazebo_plugin
