[3.222s] Invoking command in '/home/carloso/ros2_ws_23_2/build/sim_car': CMAKE_PREFIX_PATH=${CMAKE_PREFIX_PATH}:/home/carloso/ros2_ws_23_2/install/turtle_move_pkg_gYY:/home/carloso/ros2_ws_23_2/install/scrips_node:/home/carloso/ros2_ws_23_2/install/launch_pkg_gYY:/home/carloso/ros2_ws_23_2/install/joy_tester:/opt/ros/humble /usr/bin/cmake --build /home/carloso/ros2_ws_23_2/build/sim_car -- -j8 -l8
[4.262s] Invoked command in '/home/carloso/ros2_ws_23_2/build/sim_car' returned '0': CMAKE_PREFIX_PATH=${CMAKE_PREFIX_PATH}:/home/carloso/ros2_ws_23_2/install/turtle_move_pkg_gYY:/home/carloso/ros2_ws_23_2/install/scrips_node:/home/carloso/ros2_ws_23_2/install/launch_pkg_gYY:/home/carloso/ros2_ws_23_2/install/joy_tester:/opt/ros/humble /usr/bin/cmake --build /home/carloso/ros2_ws_23_2/build/sim_car -- -j8 -l8
[4.570s] Invoking command in '/home/carloso/ros2_ws_23_2/build/sim_car': CMAKE_PREFIX_PATH=${CMAKE_PREFIX_PATH}:/home/carloso/ros2_ws_23_2/install/turtle_move_pkg_gYY:/home/carloso/ros2_ws_23_2/install/scrips_node:/home/carloso/ros2_ws_23_2/install/launch_pkg_gYY:/home/carloso/ros2_ws_23_2/install/joy_tester:/opt/ros/humble /usr/bin/cmake --install /home/carloso/ros2_ws_23_2/build/sim_car
[4.668s] -- Install configuration: ""
[4.669s] -- Execute custom install script
[4.670s] -- Up-to-date symlink: /home/carloso/ros2_ws_23_2/install/sim_car/lib/sim_car//convert_xacro.py
[4.670s] -- Up-to-date symlink: /home/carloso/ros2_ws_23_2/install/sim_car/lib/sim_car//spawn_bot.py
[4.671s] -- Up-to-date symlink: /home/carloso/ros2_ws_23_2/install/sim_car/lib/sim_car//sentry.py
[4.684s] -- Up-to-date symlink: /home/carloso/ros2_ws_23_2/install/sim_car/share/sim_car//launch/all.launch.py
[4.685s] -- Up-to-date symlink: /home/carloso/ros2_ws_23_2/install/sim_car/share/sim_car//launch/blue2.py
[4.685s] -- Up-to-date symlink: /home/carloso/ros2_ws_23_2/install/sim_car/share/sim_car//launch/blue_launch.py
[4.686s] -- Up-to-date symlink: /home/carloso/ros2_ws_23_2/install/sim_car/share/sim_car//launch/bringup.launch.py
[4.687s] -- Up-to-date symlink: /home/carloso/ros2_ws_23_2/install/sim_car/share/sim_car//launch/bringup.launch2.py
[4.687s] -- Up-to-date symlink: /home/carloso/ros2_ws_23_2/install/sim_car/share/sim_car//launch/spawn_car.launch.py
[4.687s] -- Up-to-date symlink: /home/carloso/ros2_ws_23_2/install/sim_car/share/sim_car//launch/spawn_red_crash.launch.py
[4.688s] -- Up-to-date symlink: /home/carloso/ros2_ws_23_2/install/sim_car/share/sim_car//launch/spawn_world.launch.py
[4.688s] -- Up-to-date symlink: /home/carloso/ros2_ws_23_2/install/sim_car/share/sim_car//config/blue_params.yaml
[4.688s] -- Up-to-date symlink: /home/carloso/ros2_ws_23_2/install/sim_car/share/sim_car//config/nav2_params.yaml
[4.688s] -- Up-to-date symlink: /home/carloso/ros2_ws_23_2/install/sim_car/share/sim_car//config/red-crash.rviz
[4.688s] -- Up-to-date symlink: /home/carloso/ros2_ws_23_2/install/sim_car/share/sim_car//config/teleop_twist_joy.yaml
[4.688s] -- Up-to-date symlink: /home/carloso/ros2_ws_23_2/install/sim_car/share/sim_car//robot/car.urdf.xacro
[4.689s] -- Up-to-date symlink: /home/carloso/ros2_ws_23_2/install/sim_car/share/sim_car//robot/red_crash.urdf.xacro
[4.689s] -- Up-to-date symlink: /home/carloso/ros2_ws_23_2/install/sim_car/share/sim_car//worlds/empty.world
[4.689s] -- Up-to-date symlink: /home/carloso/ros2_ws_23_2/install/sim_car/share/sim_car//worlds/simple.world
[4.689s] -- Up-to-date symlink: /home/carloso/ros2_ws_23_2/install/sim_car/share/sim_car//worlds/simple_world_maps/map_1669268298.pgm
[4.689s] -- Up-to-date symlink: /home/carloso/ros2_ws_23_2/install/sim_car/share/sim_car//worlds/simple_world_maps/map_1669268298.yaml
[4.690s] -- Up-to-date symlink: /home/carloso/ros2_ws_23_2/install/sim_car/share/sim_car//worlds/simple_world_maps/map_1669312051.pgm
[4.690s] -- Up-to-date symlink: /home/carloso/ros2_ws_23_2/install/sim_car/share/sim_car//worlds/simple_world_maps/map_1669312051.yaml
[4.690s] -- Up-to-date symlink: /home/carloso/ros2_ws_23_2/install/sim_car/share/sim_car//scripts/convert_xacro.py
[4.690s] -- Up-to-date symlink: /home/carloso/ros2_ws_23_2/install/sim_car/share/sim_car//scripts/play.html
[4.690s] -- Up-to-date symlink: /home/carloso/ros2_ws_23_2/install/sim_car/share/sim_car//scripts/sentry.py
[4.690s] -- Up-to-date symlink: /home/carloso/ros2_ws_23_2/install/sim_car/share/sim_car//scripts/spawn_bot.py
[4.691s] -- Up-to-date symlink: /home/carloso/ros2_ws_23_2/install/sim_car/share/sim_car//params/intentionally_empty
[4.701s] -- Up-to-date symlink: /home/carloso/ros2_ws_23_2/install/sim_car/share/sim_car//behavior_trees/navigate_w_replanning_time2.xml
[4.701s] -- Up-to-date symlink: /home/carloso/ros2_ws_23_2/install/sim_car/share/ament_index/resource_index/package_run_dependencies/sim_car
[4.702s] -- Up-to-date symlink: /home/carloso/ros2_ws_23_2/install/sim_car/share/ament_index/resource_index/parent_prefix_path/sim_car
[4.702s] -- Up-to-date symlink: /home/carloso/ros2_ws_23_2/install/sim_car/share/sim_car/environment/ament_prefix_path.sh
[4.703s] -- Up-to-date symlink: /home/carloso/ros2_ws_23_2/install/sim_car/share/sim_car/environment/ament_prefix_path.dsv
[4.703s] -- Up-to-date symlink: /home/carloso/ros2_ws_23_2/install/sim_car/share/sim_car/environment/path.sh
[4.704s] -- Up-to-date symlink: /home/carloso/ros2_ws_23_2/install/sim_car/share/sim_car/environment/path.dsv
[4.704s] -- Up-to-date symlink: /home/carloso/ros2_ws_23_2/install/sim_car/share/sim_car/local_setup.bash
[4.705s] -- Up-to-date symlink: /home/carloso/ros2_ws_23_2/install/sim_car/share/sim_car/local_setup.sh
[4.706s] -- Up-to-date symlink: /home/carloso/ros2_ws_23_2/install/sim_car/share/sim_car/local_setup.zsh
[4.706s] -- Up-to-date symlink: /home/carloso/ros2_ws_23_2/install/sim_car/share/sim_car/local_setup.dsv
[4.707s] -- Symlinking: /home/carloso/ros2_ws_23_2/install/sim_car/share/sim_car/package.dsv
[4.739s] -- Up-to-date symlink: /home/carloso/ros2_ws_23_2/install/sim_car/share/ament_index/resource_index/packages/sim_car
[4.739s] -- Up-to-date symlink: /home/carloso/ros2_ws_23_2/install/sim_car/share/sim_car/cmake/sim_carConfig.cmake
[4.739s] -- Up-to-date symlink: /home/carloso/ros2_ws_23_2/install/sim_car/share/sim_car/cmake/sim_carConfig-version.cmake
[4.740s] -- Up-to-date symlink: /home/carloso/ros2_ws_23_2/install/sim_car/share/sim_car/package.xml
[4.741s] Invoked command in '/home/carloso/ros2_ws_23_2/build/sim_car' returned '0': CMAKE_PREFIX_PATH=${CMAKE_PREFIX_PATH}:/home/carloso/ros2_ws_23_2/install/turtle_move_pkg_gYY:/home/carloso/ros2_ws_23_2/install/scrips_node:/home/carloso/ros2_ws_23_2/install/launch_pkg_gYY:/home/carloso/ros2_ws_23_2/install/joy_tester:/opt/ros/humble /usr/bin/cmake --install /home/carloso/ros2_ws_23_2/build/sim_car
