[0.825s] Invoking command in '/home/carloso/ros2_ws_23_2/build/sim_car': CMAKE_PREFIX_PATH=${CMAKE_PREFIX_PATH}:/home/carloso/ros2_ws_23_2/install/turtle_move_pkg_gYY:/home/carloso/ros2_ws_23_2/install/scrips_node:/home/carloso/ros2_ws_23_2/install/launch_pkg_gYY:/home/carloso/ros2_ws_23_2/install/joy_tester:/opt/ros/humble /usr/bin/cmake --build /home/carloso/ros2_ws_23_2/build/sim_car -- -j8 -l8
[1.084s] Invoked command in '/home/carloso/ros2_ws_23_2/build/sim_car' returned '0': CMAKE_PREFIX_PATH=${CMAKE_PREFIX_PATH}:/home/carloso/ros2_ws_23_2/install/turtle_move_pkg_gYY:/home/carloso/ros2_ws_23_2/install/scrips_node:/home/carloso/ros2_ws_23_2/install/launch_pkg_gYY:/home/carloso/ros2_ws_23_2/install/joy_tester:/opt/ros/humble /usr/bin/cmake --build /home/carloso/ros2_ws_23_2/build/sim_car -- -j8 -l8
[1.134s] Invoking command in '/home/carloso/ros2_ws_23_2/build/sim_car': CMAKE_PREFIX_PATH=${CMAKE_PREFIX_PATH}:/home/carloso/ros2_ws_23_2/install/turtle_move_pkg_gYY:/home/carloso/ros2_ws_23_2/install/scrips_node:/home/carloso/ros2_ws_23_2/install/launch_pkg_gYY:/home/carloso/ros2_ws_23_2/install/joy_tester:/opt/ros/humble /usr/bin/cmake --install /home/carloso/ros2_ws_23_2/build/sim_car
[1.144s] -- Install configuration: ""
[1.150s] -- Execute custom install script
[1.151s] -- Up-to-date symlink: /home/carloso/ros2_ws_23_2/install/sim_car/lib/sim_car//convert_xacro.py
[1.151s] -- Up-to-date symlink: /home/carloso/ros2_ws_23_2/install/sim_car/lib/sim_car//spawn_bot.py
[1.151s] -- Up-to-date symlink: /home/carloso/ros2_ws_23_2/install/sim_car/lib/sim_car//sentry.py
[1.153s] -- Up-to-date symlink: /home/carloso/ros2_ws_23_2/install/sim_car/share/sim_car//launch/all.launch.py
[1.154s] -- Up-to-date symlink: /home/carloso/ros2_ws_23_2/install/sim_car/share/sim_car//launch/blue2.py
[1.155s] -- Up-to-date symlink: /home/carloso/ros2_ws_23_2/install/sim_car/share/sim_car//launch/blue_launch.py
[1.156s] -- Up-to-date symlink: /home/carloso/ros2_ws_23_2/install/sim_car/share/sim_car//launch/bringup.launch.py
[1.161s] -- Up-to-date symlink: /home/carloso/ros2_ws_23_2/install/sim_car/share/sim_car//launch/bringup.launch2.py
[1.163s] -- Up-to-date symlink: /home/carloso/ros2_ws_23_2/install/sim_car/share/sim_car//launch/spawn_car.launch.py
[1.167s] -- Up-to-date symlink: /home/carloso/ros2_ws_23_2/install/sim_car/share/sim_car//launch/spawn_red_crash.launch.py
[1.167s] -- Up-to-date symlink: /home/carloso/ros2_ws_23_2/install/sim_car/share/sim_car//launch/spawn_world.launch.py
[1.169s] -- Up-to-date symlink: /home/carloso/ros2_ws_23_2/install/sim_car/share/sim_car//config/blue_params.yaml
[1.175s] -- Up-to-date symlink: /home/carloso/ros2_ws_23_2/install/sim_car/share/sim_car//config/nav2_params.yaml
[1.177s] -- Up-to-date symlink: /home/carloso/ros2_ws_23_2/install/sim_car/share/sim_car//config/red-crash.rviz
[1.177s] -- Up-to-date symlink: /home/carloso/ros2_ws_23_2/install/sim_car/share/sim_car//config/teleop_twist_joy.yaml
[1.179s] -- Up-to-date symlink: /home/carloso/ros2_ws_23_2/install/sim_car/share/sim_car//robot/car.urdf.xacro
[1.179s] -- Up-to-date symlink: /home/carloso/ros2_ws_23_2/install/sim_car/share/sim_car//robot/red_crash.urdf.xacro
[1.181s] -- Up-to-date symlink: /home/carloso/ros2_ws_23_2/install/sim_car/share/sim_car//worlds/empty.world
[1.182s] -- Up-to-date symlink: /home/carloso/ros2_ws_23_2/install/sim_car/share/sim_car//worlds/simple.world
[1.187s] -- Up-to-date symlink: /home/carloso/ros2_ws_23_2/install/sim_car/share/sim_car//worlds/simple_world_maps/map_1669268298.pgm
[1.188s] -- Up-to-date symlink: /home/carloso/ros2_ws_23_2/install/sim_car/share/sim_car//worlds/simple_world_maps/map_1669268298.yaml
[1.188s] -- Up-to-date symlink: /home/carloso/ros2_ws_23_2/install/sim_car/share/sim_car//worlds/simple_world_maps/map_1669312051.pgm
[1.189s] -- Up-to-date symlink: /home/carloso/ros2_ws_23_2/install/sim_car/share/sim_car//worlds/simple_world_maps/map_1669312051.yaml
[1.189s] -- Up-to-date symlink: /home/carloso/ros2_ws_23_2/install/sim_car/share/sim_car//scripts/convert_xacro.py
[1.192s] -- Up-to-date symlink: /home/carloso/ros2_ws_23_2/install/sim_car/share/sim_car//scripts/play.html
[1.195s] -- Up-to-date symlink: /home/carloso/ros2_ws_23_2/install/sim_car/share/sim_car//scripts/sentry.py
[1.195s] -- Up-to-date symlink: /home/carloso/ros2_ws_23_2/install/sim_car/share/sim_car//scripts/spawn_bot.py
[1.196s] -- Up-to-date symlink: /home/carloso/ros2_ws_23_2/install/sim_car/share/sim_car//params/intentionally_empty
[1.196s] -- Up-to-date symlink: /home/carloso/ros2_ws_23_2/install/sim_car/share/sim_car//behavior_trees/navigate_w_replanning_time2.xml
[1.196s] -- Up-to-date symlink: /home/carloso/ros2_ws_23_2/install/sim_car/share/ament_index/resource_index/package_run_dependencies/sim_car
[1.196s] -- Up-to-date symlink: /home/carloso/ros2_ws_23_2/install/sim_car/share/ament_index/resource_index/parent_prefix_path/sim_car
[1.196s] -- Up-to-date symlink: /home/carloso/ros2_ws_23_2/install/sim_car/share/sim_car/environment/ament_prefix_path.sh
[1.196s] -- Up-to-date symlink: /home/carloso/ros2_ws_23_2/install/sim_car/share/sim_car/environment/ament_prefix_path.dsv
[1.197s] -- Up-to-date symlink: /home/carloso/ros2_ws_23_2/install/sim_car/share/sim_car/environment/path.sh
[1.197s] -- Up-to-date symlink: /home/carloso/ros2_ws_23_2/install/sim_car/share/sim_car/environment/path.dsv
[1.197s] -- Up-to-date symlink: /home/carloso/ros2_ws_23_2/install/sim_car/share/sim_car/local_setup.bash
[1.197s] -- Up-to-date symlink: /home/carloso/ros2_ws_23_2/install/sim_car/share/sim_car/local_setup.sh
[1.198s] -- Up-to-date symlink: /home/carloso/ros2_ws_23_2/install/sim_car/share/sim_car/local_setup.zsh
[1.199s] -- Up-to-date symlink: /home/carloso/ros2_ws_23_2/install/sim_car/share/sim_car/local_setup.dsv
[1.201s] -- Symlinking: /home/carloso/ros2_ws_23_2/install/sim_car/share/sim_car/package.dsv
[1.217s] -- Up-to-date symlink: /home/carloso/ros2_ws_23_2/install/sim_car/share/ament_index/resource_index/packages/sim_car
[1.218s] -- Up-to-date symlink: /home/carloso/ros2_ws_23_2/install/sim_car/share/sim_car/cmake/sim_carConfig.cmake
[1.218s] -- Up-to-date symlink: /home/carloso/ros2_ws_23_2/install/sim_car/share/sim_car/cmake/sim_carConfig-version.cmake
[1.219s] -- Up-to-date symlink: /home/carloso/ros2_ws_23_2/install/sim_car/share/sim_car/package.xml
[1.249s] Invoked command in '/home/carloso/ros2_ws_23_2/build/sim_car' returned '0': CMAKE_PREFIX_PATH=${CMAKE_PREFIX_PATH}:/home/carloso/ros2_ws_23_2/install/turtle_move_pkg_gYY:/home/carloso/ros2_ws_23_2/install/scrips_node:/home/carloso/ros2_ws_23_2/install/launch_pkg_gYY:/home/carloso/ros2_ws_23_2/install/joy_tester:/opt/ros/humble /usr/bin/cmake --install /home/carloso/ros2_ws_23_2/build/sim_car
